Using pre-set license
Built from '2021.3/staging' branch; Version is '2021.3.14f1 (eee1884e7226) revision 15655304'; Using compiler version '192829333'; Build Type 'Release'
OS: 'Windows 11  (10.0.22621) 64bit Professional' Language: 'en' Physical Memory: 24461 MB
BatchMode: 1, IsHumanControllingUs: 0, StartBugReporterOnCrash: 0, Is64bit: 1, IsPro: 1

COMMAND LINE ARGUMENTS:
C:\Program Files\Unity\Hub\Editor\2021.3.14f1\Editor\Unity.exe
-adb2
-batchMode
-noUpm
-name
AssetImportWorker2
-projectPath
G:/Transfer Stuff/GameDev/Unity/FantasyRPG/UnityFantasyRpg
-logFile
Logs/AssetImportWorker2.log
-srvPort
56419
Successfully changed project path to: G:/Transfer Stuff/GameDev/Unity/FantasyRPG/UnityFantasyRpg
G:/Transfer Stuff/GameDev/Unity/FantasyRPG/UnityFantasyRpg
[UnityMemory] Configuration Parameters - Can be set up in boot.config
    "memorysetup-bucket-allocator-granularity=16"
    "memorysetup-bucket-allocator-bucket-count=8"
    "memorysetup-bucket-allocator-block-size=33554432"
    "memorysetup-bucket-allocator-block-count=8"
    "memorysetup-main-allocator-block-size=16777216"
    "memorysetup-thread-allocator-block-size=16777216"
    "memorysetup-gfx-main-allocator-block-size=16777216"
    "memorysetup-gfx-thread-allocator-block-size=16777216"
    "memorysetup-cache-allocator-block-size=4194304"
    "memorysetup-typetree-allocator-block-size=2097152"
    "memorysetup-profiler-bucket-allocator-granularity=16"
    "memorysetup-profiler-bucket-allocator-bucket-count=8"
    "memorysetup-profiler-bucket-allocator-block-size=33554432"
    "memorysetup-profiler-bucket-allocator-block-count=8"
    "memorysetup-profiler-allocator-block-size=16777216"
    "memorysetup-profiler-editor-allocator-block-size=1048576"
    "memorysetup-temp-allocator-size-main=16777216"
    "memorysetup-job-temp-allocator-block-size=2097152"
    "memorysetup-job-temp-allocator-block-size-background=1048576"
    "memorysetup-job-temp-allocator-reduction-small-platforms=262144"
    "memorysetup-temp-allocator-size-background-worker=32768"
    "memorysetup-temp-allocator-size-job-worker=262144"
    "memorysetup-temp-allocator-size-preload-manager=33554432"
    "memorysetup-temp-allocator-size-nav-mesh-worker=65536"
    "memorysetup-temp-allocator-size-audio-worker=65536"
    "memorysetup-temp-allocator-size-cloud-worker=32768"
    "memorysetup-temp-allocator-size-gi-baking-worker=262144"
    "memorysetup-temp-allocator-size-gfx=262144"
Refreshing native plugins compatible for Editor in 87.09 ms, found 3 plugins.
Preloading 0 native plugins for Editor in 0.00 ms.
Initialize engine version: 2021.3.14f1 (eee1884e7226)
[Subsystems] Discovering subsystems at path C:/Program Files/Unity/Hub/Editor/2021.3.14f1/Editor/Data/Resources/UnitySubsystems
[Subsystems] Discovering subsystems at path G:/Transfer Stuff/GameDev/Unity/FantasyRPG/UnityFantasyRpg/Assets
GfxDevice: creating device client; threaded=0; jobified=0
Direct3D:
    Version:  Direct3D 11.0 [level 11.1]
    Renderer: NVIDIA GeForce RTX 3060 (ID=0x2487)
    Vendor:   NVIDIA
    VRAM:     12124 MB
    Driver:   31.0.15.2849
Initialize mono
Mono path[0] = 'C:/Program Files/Unity/Hub/Editor/2021.3.14f1/Editor/Data/Managed'
Mono path[1] = 'C:/Program Files/Unity/Hub/Editor/2021.3.14f1/Editor/Data/MonoBleedingEdge/lib/mono/unityjit-win32'
Mono config path = 'C:/Program Files/Unity/Hub/Editor/2021.3.14f1/Editor/Data/MonoBleedingEdge/etc'
Using monoOptions --debugger-agent=transport=dt_socket,embedding=1,server=y,suspend=n,address=127.0.0.1:56780
Begin MonoManager ReloadAssembly
Registering precompiled unity dll's ...
Register platform support module: C:/Program Files/Unity/Hub/Editor/2021.3.14f1/Editor/Data/PlaybackEngines/WindowsStandaloneSupport/UnityEditor.WindowsStandalone.Extensions.dll
Registered in 0.005186 seconds.
Native extension for WindowsStandalone target not found
Refreshing native plugins compatible for Editor in 59.20 ms, found 3 plugins.
Preloading 0 native plugins for Editor in 0.00 ms.
Mono: successfully reloaded assembly
- Completed reload, in  0.639 seconds
Domain Reload Profiling:
	ReloadAssembly (639ms)
		BeginReloadAssembly (109ms)
			ExecutionOrderSort (0ms)
			DisableScriptedObjects (0ms)
			BackupInstance (0ms)
			ReleaseScriptingObjects (0ms)
			CreateAndSetChildDomain (1ms)
		EndReloadAssembly (427ms)
			LoadAssemblies (106ms)
			RebuildTransferFunctionScriptingTraits (0ms)
			SetupTypeCache (117ms)
			ReleaseScriptCaches (0ms)
			RebuildScriptCaches (22ms)
			SetupLoadedEditorAssemblies (239ms)
				LogAssemblyErrors (0ms)
				InitializePlatformSupportModulesInManaged (7ms)
				SetLoadedEditorAssemblies (0ms)
				RefreshPlugins (59ms)
				BeforeProcessingInitializeOnLoad (1ms)
				ProcessInitializeOnLoadAttributes (129ms)
				ProcessInitializeOnLoadMethodAttributes (42ms)
				AfterProcessingInitializeOnLoad (0ms)
				EditorAssembliesLoaded (0ms)
			ExecutionOrderSort2 (0ms)
			AwakeInstancesAfterBackupRestoration (0ms)
Platform modules already initialized, skipping
Registering precompiled user dll's ...
Registered in 0.003600 seconds.
Begin MonoManager ReloadAssembly
Symbol file LoadedFromMemory doesn't match image G:\Transfer Stuff\GameDev\Unity\FantasyRPG\UnityFantasyRpg\Library\PackageCache\com.unity.visualscripting@1.7.8\Editor\VisualScripting.Core\Dependencies\YamlDotNet\Unity.VisualScripting.YamlDotNet.dll
Symbol file LoadedFromMemory doesn't match image G:\Transfer Stuff\GameDev\Unity\FantasyRPG\UnityFantasyRpg\Library\PackageCache\com.unity.visualscripting@1.7.8\Editor\VisualScripting.Core\Dependencies\DotNetZip\Unity.VisualScripting.IonicZip.dll
Native extension for WindowsStandalone target not found
Refreshing native plugins compatible for Editor in 0.64 ms, found 3 plugins.
Preloading 0 native plugins for Editor in 0.00 ms.
Mono: successfully reloaded assembly
- Completed reload, in  1.060 seconds
Domain Reload Profiling:
	ReloadAssembly (1061ms)
		BeginReloadAssembly (104ms)
			ExecutionOrderSort (0ms)
			DisableScriptedObjects (4ms)
			BackupInstance (0ms)
			ReleaseScriptingObjects (0ms)
			CreateAndSetChildDomain (23ms)
		EndReloadAssembly (871ms)
			LoadAssemblies (92ms)
			RebuildTransferFunctionScriptingTraits (0ms)
			SetupTypeCache (352ms)
			ReleaseScriptCaches (1ms)
			RebuildScriptCaches (57ms)
			SetupLoadedEditorAssemblies (335ms)
				LogAssemblyErrors (0ms)
				InitializePlatformSupportModulesInManaged (4ms)
				SetLoadedEditorAssemblies (0ms)
				RefreshPlugins (1ms)
				BeforeProcessingInitializeOnLoad (68ms)
				ProcessInitializeOnLoadAttributes (231ms)
				ProcessInitializeOnLoadMethodAttributes (21ms)
				AfterProcessingInitializeOnLoad (8ms)
				EditorAssembliesLoaded (0ms)
			ExecutionOrderSort2 (0ms)
			AwakeInstancesAfterBackupRestoration (5ms)
Platform modules already initialized, skipping
========================================================================
Worker process is ready to serve import requests
Launched and connected shader compiler UnityShaderCompiler.exe after 0.07 seconds
Refreshing native plugins compatible for Editor in 1.80 ms, found 3 plugins.
Preloading 0 native plugins for Editor in 0.00 ms.
Unloading 3625 Unused Serialized files (Serialized files now loaded: 0)
Unloading 38 unused Assets / (129.7 KB). Loaded Objects now: 4111.
Memory consumption went from 145.9 MB to 145.8 MB.
Total: 5.228400 ms (FindLiveObjects: 0.620400 ms CreateObjectMapping: 0.145600 ms MarkObjects: 4.284100 ms  DeleteObjects: 0.177300 ms)

AssetImportParameters requested are different than current active one (requested -> active):
  custom:video-decoder-ogg-theora: a1e56fd34408186e4bbccfd4996cb3dc -> 
  custom:container-muxer-webm: aa71ff27fc2769a1b78a27578f13a17b -> 
  custom:container-demuxer-webm: 4f35f7cbe854078d1ac9338744f61a02 -> 
  custom:video-encoder-webm-vp8: eb34c28f22e8b96e1ab97ce403110664 -> 
  custom:video-codec-MediaFoundation-h265: 746d11721c4dcdbdad8f713fa42b33f4 -> 
  custom:audio-encoder-webm-vorbis: bf7c407c2cedff20999df2af8eb42d56 -> 
  custom:framework-win-MediaFoundation: 216162199b28c13a410421893ffa2e32 -> 
  custom:container-demuxer-ogg: 62fdf1f143b41e24485cea50d1cbac27 -> 
  custom:video-decoder-webm-vp8: 9c59270c3fd7afecdb556c50c9e8de78 -> 
  custom:audio-decoder-ogg-vorbis: bf7c407c2cedff20999df2af8eb42d56 -> 
========================================================================
Received Import Request.
  Time since last request: 33143.156296 seconds.
  path: Assets/Materials/RedGlow.mat
  artifactKey: Guid(caddc3301315c404183ae8dd9abdd8a5) Importer(815301076,1909f56bfc062723c751e8b465ee728b)
Start importing Assets/Materials/RedGlow.mat using Guid(caddc3301315c404183ae8dd9abdd8a5) Importer(815301076,1909f56bfc062723c751e8b465ee728b)  -> (artifact id: '4449a3f8f98960c57eb046617219e890') in 0.100999 seconds 
========================================================================
Received Import Request.
  Time since last request: 1.787122 seconds.
  path: Assets/Materials/Materials/Chain2bn.mat
  artifactKey: Guid(8fedabc44aec37e499a02069135afb60) Importer(815301076,1909f56bfc062723c751e8b465ee728b)
Start importing Assets/Materials/Materials/Chain2bn.mat using Guid(8fedabc44aec37e499a02069135afb60) Importer(815301076,1909f56bfc062723c751e8b465ee728b)  -> (artifact id: 'f1cacc2c0c5e4ac85038d05ec18a300e') in 0.203553 seconds 
========================================================================
Received Import Request.
  Time since last request: 0.000020 seconds.
  path: Assets/Materials/Materials/MagicCircle31bcg.mat
  artifactKey: Guid(484ca6693678d664092bcb9f49cb9e01) Importer(815301076,1909f56bfc062723c751e8b465ee728b)
Start importing Assets/Materials/Materials/MagicCircle31bcg.mat using Guid(484ca6693678d664092bcb9f49cb9e01) Importer(815301076,1909f56bfc062723c751e8b465ee728b)  -> (artifact id: '00f63c17a39143aae09af2aa86442599') in 0.099323 seconds 
========================================================================
Received Import Request.
  Time since last request: 0.000029 seconds.
  path: Assets/Materials/Materials/Noise43cg.mat
  artifactKey: Guid(eef6f45e3dfeeb049a3da5e2e52af88d) Importer(815301076,1909f56bfc062723c751e8b465ee728b)
Start importing Assets/Materials/Materials/Noise43cg.mat using Guid(eef6f45e3dfeeb049a3da5e2e52af88d) Importer(815301076,1909f56bfc062723c751e8b465ee728b)  -> (artifact id: '45efe0d7b7b76c7c49e400a2793d03cf') in 0.018155 seconds 
========================================================================
Received Import Request.
  Time since last request: 0.460015 seconds.
  path: Assets/Materials/Materials/Smoke17cg.mat
  artifactKey: Guid(a8d1ced3bd870b3499bb6dc042645b30) Importer(815301076,1909f56bfc062723c751e8b465ee728b)
Start importing Assets/Materials/Materials/Smoke17cg.mat using Guid(a8d1ced3bd870b3499bb6dc042645b30) Importer(815301076,1909f56bfc062723c751e8b465ee728b)  -> (artifact id: 'ae39dc2520e4edd837f92f6320fed4a9') in 0.012660 seconds 
========================================================================
Received Import Request.
  Time since last request: 0.000022 seconds.
  path: Assets/Materials/Materials/Trail5cg.mat
  artifactKey: Guid(ddd740a226795f745aa95910d90d15ab) Importer(815301076,1909f56bfc062723c751e8b465ee728b)
Start importing Assets/Materials/Materials/Trail5cg.mat using Guid(ddd740a226795f745aa95910d90d15ab) Importer(815301076,1909f56bfc062723c751e8b465ee728b)  -> (artifact id: '24eed35fac85e85c8efbc668279ef07f') in 0.008839 seconds 
========================================================================
Received Import Request.
  Time since last request: 0.000314 seconds.
  path: Assets/Materials/Materials/Trail22cg.mat
  artifactKey: Guid(7154a27ca4f209047bbd02657bbbc16c) Importer(815301076,1909f56bfc062723c751e8b465ee728b)
Start importing Assets/Materials/Materials/Trail22cg.mat using Guid(7154a27ca4f209047bbd02657bbbc16c) Importer(815301076,1909f56bfc062723c751e8b465ee728b)  -> (artifact id: 'df519fbe676169f7cea3c1ba92659c87') in 0.015660 seconds 
========================================================================
Received Import Request.
  Time since last request: 3.306541 seconds.
  path: Assets/Hovl Studio/Resources/Textures/Gradient10.png
  artifactKey: Guid(f7f9d0eccf5f76a4db7fc1591cadcf34) Importer(815301076,1909f56bfc062723c751e8b465ee728b)
Start importing Assets/Hovl Studio/Resources/Textures/Gradient10.png using Guid(f7f9d0eccf5f76a4db7fc1591cadcf34) Importer(815301076,1909f56bfc062723c751e8b465ee728b)  -> (artifact id: '1839cde4097c61765d4e861735112605') in 0.035587 seconds 
========================================================================
Received Import Request.
  Time since last request: 30.020186 seconds.
  path: Assets/Toon Fantasy Nature/Textures/TFF_Atlas_Lights_1A_D.psd
  artifactKey: Guid(31e1e361d493e7f4683ef681e743210b) Importer(815301076,1909f56bfc062723c751e8b465ee728b)
Start importing Assets/Toon Fantasy Nature/Textures/TFF_Atlas_Lights_1A_D.psd using Guid(31e1e361d493e7f4683ef681e743210b) Importer(815301076,1909f56bfc062723c751e8b465ee728b)  -> (artifact id: '411f7d00bf5dd438a2287170539484be') in 0.022800 seconds 
========================================================================
Received Import Request.
  Time since last request: 21.647253 seconds.
  path: Assets/Prefabs/Character_Rock_Golem.prefab
  artifactKey: Guid(4f1cf08998c7b7e47a90748dd33272c4) Importer(815301076,1909f56bfc062723c751e8b465ee728b)
Start importing Assets/Prefabs/Character_Rock_Golem.prefab using Guid(4f1cf08998c7b7e47a90748dd33272c4) Importer(815301076,1909f56bfc062723c751e8b465ee728b)  -> (artifact id: '632408e19fc93f19f41777b000698992') in 0.107593 seconds 
========================================================================
Received Import Request.
  Time since last request: 34.301992 seconds.
  path: Assets/Toon Fantasy Nature/Models/TFF_Aspen_Tree_03B.fbx
  artifactKey: Guid(4d06956837a9ea7498fdf8264d6f7f6d) Importer(815301076,1909f56bfc062723c751e8b465ee728b)
Start importing Assets/Toon Fantasy Nature/Models/TFF_Aspen_Tree_03B.fbx using Guid(4d06956837a9ea7498fdf8264d6f7f6d) Importer(815301076,1909f56bfc062723c751e8b465ee728b)  -> (artifact id: 'cd1aa7913251fcde1d18a2f646078e04') in 0.343433 seconds 
========================================================================
Received Import Request.
  Time since last request: 66.077373 seconds.
  path: Assets/Objects/Vegetation/Water Plants/TFF_Glowing_Lilly_02C.prefab
  artifactKey: Guid(2d8c706b49c1bfc47b2bd4da23ba32d9) Importer(815301076,1909f56bfc062723c751e8b465ee728b)
Start importing Assets/Objects/Vegetation/Water Plants/TFF_Glowing_Lilly_02C.prefab using Guid(2d8c706b49c1bfc47b2bd4da23ba32d9) Importer(815301076,1909f56bfc062723c751e8b465ee728b)  -> (artifact id: 'd31508e106ce4f963c72ed6fcbdb8466') in 0.031670 seconds 
========================================================================
Received Import Request.
  Time since last request: 4.480653 seconds.
  path: Assets/Objects/Vegetation/Plants/TFF_Reed_03A.prefab
  artifactKey: Guid(e769abb834733e84eaa63a53112e20fd) Importer(815301076,1909f56bfc062723c751e8b465ee728b)
Start importing Assets/Objects/Vegetation/Plants/TFF_Reed_03A.prefab using Guid(e769abb834733e84eaa63a53112e20fd) Importer(815301076,1909f56bfc062723c751e8b465ee728b)  -> (artifact id: '820750dc438a2b2e4aaa6a73beaf3e8e') in 0.011823 seconds 
========================================================================
Received Import Request.
  Time since last request: 26.809874 seconds.
  path: Assets/Animations/Golem Animation/jump attack.fbx
  artifactKey: Guid(abebd0e0902c74d40ac0367dbf1ecc35) Importer(815301076,1909f56bfc062723c751e8b465ee728b)
Start importing Assets/Animations/Golem Animation/jump attack.fbx using Guid(abebd0e0902c74d40ac0367dbf1ecc35) Importer(815301076,1909f56bfc062723c751e8b465ee728b)  -> (artifact id: '543f29db6ce191cd33bc9a975e1bb306') in 0.008214 seconds 
========================================================================
Received Import Request.
  Time since last request: 5.071504 seconds.
  path: Assets/Hovl Studio/AAA Projectiles Vol 1/Prefabs/Projectiles(transform)/Projectile 14.prefab
  artifactKey: Guid(30a2224334c85244595f52a7a83227d1) Importer(815301076,1909f56bfc062723c751e8b465ee728b)
Start importing Assets/Hovl Studio/AAA Projectiles Vol 1/Prefabs/Projectiles(transform)/Projectile 14.prefab using Guid(30a2224334c85244595f52a7a83227d1) Importer(815301076,1909f56bfc062723c751e8b465ee728b)  -> (artifact id: 'e55528331af5d015d4cd94e2a5bb7d12') in 0.016869 seconds 
========================================================================
Received Import Request.
  Time since last request: 0.012872 seconds.
  path: Assets/PolygonDungeon/Models/CollisionConvex/SM_Prop_Barrel_Broken_01_Convex.asset
  artifactKey: Guid(ea1bc360b3db13948857c6c094a436bf) Importer(815301076,1909f56bfc062723c751e8b465ee728b)
Start importing Assets/PolygonDungeon/Models/CollisionConvex/SM_Prop_Barrel_Broken_01_Convex.asset using Guid(ea1bc360b3db13948857c6c094a436bf) Importer(815301076,1909f56bfc062723c751e8b465ee728b)  -> (artifact id: 'f26410b8c2e1858e8a4e2a917ab824a9') in 0.048342 seconds 
========================================================================
Received Import Request.
  Time since last request: 0.000017 seconds.
  path: Assets/PolygonDungeon/Models/SM_Prop_Crate_Wood_01.fbx
  artifactKey: Guid(29884fa09a9f4ba4182a8c6c0198cc49) Importer(815301076,1909f56bfc062723c751e8b465ee728b)
Start importing Assets/PolygonDungeon/Models/SM_Prop_Crate_Wood_01.fbx using Guid(29884fa09a9f4ba4182a8c6c0198cc49) Importer(815301076,1909f56bfc062723c751e8b465ee728b)  -> (artifact id: 'b2a9c771cde1d99581af8e24cd70becb') in 0.041926 seconds 
========================================================================
Received Import Request.
  Time since last request: 5.092243 seconds.
  path: Assets/Hovl Studio/3D Lasers Pack/Prefabs/Laser beam 9.prefab
  artifactKey: Guid(7ebc3741ac6927149872ca7c601b09d4) Importer(815301076,1909f56bfc062723c751e8b465ee728b)
Start importing Assets/Hovl Studio/3D Lasers Pack/Prefabs/Laser beam 9.prefab using Guid(7ebc3741ac6927149872ca7c601b09d4) Importer(815301076,1909f56bfc062723c751e8b465ee728b)  -> (artifact id: 'bea8b301eb5772b85dbecdadc439ecaa') in 0.013709 seconds 
========================================================================
Received Import Request.
  Time since last request: 43.073739 seconds.
  path: Assets/Sounds/GoblinSounds/Dagger woosh 2.wav
  artifactKey: Guid(b9968ad2cb4d9414697c3097ca5e0934) Importer(815301076,1909f56bfc062723c751e8b465ee728b)
Start importing Assets/Sounds/GoblinSounds/Dagger woosh 2.wav using Guid(b9968ad2cb4d9414697c3097ca5e0934) Importer(815301076,1909f56bfc062723c751e8b465ee728b)  -> (artifact id: '04817e0d2cb0a8c65d42be052ac4492b') in 0.044049 seconds 
========================================================================
Received Import Request.
  Time since last request: 0.000024 seconds.
  path: Assets/Sounds/GoblinSounds/Dagger woosh 10.wav
  artifactKey: Guid(43c3671552988984786de32d72fb7119) Importer(815301076,1909f56bfc062723c751e8b465ee728b)
Start importing Assets/Sounds/GoblinSounds/Dagger woosh 10.wav using Guid(43c3671552988984786de32d72fb7119) Importer(815301076,1909f56bfc062723c751e8b465ee728b)  -> (artifact id: 'd5fb6bbcad9060ae14b175037b281adb') in 0.062360 seconds 
========================================================================
Received Import Request.
  Time since last request: 16.882665 seconds.
  path: Assets/Toon Fantasy Nature/Particles/TFF_Fire_01A.prefab
  artifactKey: Guid(1524b724e50071f47a7d0b92a6948368) Importer(815301076,1909f56bfc062723c751e8b465ee728b)
Start importing Assets/Toon Fantasy Nature/Particles/TFF_Fire_01A.prefab using Guid(1524b724e50071f47a7d0b92a6948368) Importer(815301076,1909f56bfc062723c751e8b465ee728b)  -> (artifact id: 'a080c13d5d82e6fc41342f60fda7eced') in 0.016705 seconds 
========================================================================
Received Prepare
Registering precompiled user dll's ...
Registered in 0.004521 seconds.
Begin MonoManager ReloadAssembly
Symbol file LoadedFromMemory doesn't match image G:\Transfer Stuff\GameDev\Unity\FantasyRPG\UnityFantasyRpg\Library\PackageCache\com.unity.visualscripting@1.7.8\Editor\VisualScripting.Core\Dependencies\YamlDotNet\Unity.VisualScripting.YamlDotNet.dll
Symbol file LoadedFromMemory doesn't match image G:\Transfer Stuff\GameDev\Unity\FantasyRPG\UnityFantasyRpg\Library\PackageCache\com.unity.visualscripting@1.7.8\Editor\VisualScripting.Core\Dependencies\DotNetZip\Unity.VisualScripting.IonicZip.dll
Native extension for WindowsStandalone target not found
Refreshing native plugins compatible for Editor in 0.68 ms, found 3 plugins.
Preloading 0 native plugins for Editor in 0.00 ms.
Mono: successfully reloaded assembly
- Completed reload, in  0.869 seconds
Domain Reload Profiling:
	ReloadAssembly (870ms)
		BeginReloadAssembly (130ms)
			ExecutionOrderSort (0ms)
			DisableScriptedObjects (3ms)
			BackupInstance (0ms)
			ReleaseScriptingObjects (0ms)
			CreateAndSetChildDomain (41ms)
		EndReloadAssembly (653ms)
			LoadAssemblies (82ms)
			RebuildTransferFunctionScriptingTraits (0ms)
			SetupTypeCache (186ms)
			ReleaseScriptCaches (2ms)
			RebuildScriptCaches (36ms)
			SetupLoadedEditorAssemblies (314ms)
				LogAssemblyErrors (0ms)
				InitializePlatformSupportModulesInManaged (11ms)
				SetLoadedEditorAssemblies (0ms)
				RefreshPlugins (1ms)
				BeforeProcessingInitializeOnLoad (53ms)
				ProcessInitializeOnLoadAttributes (215ms)
				ProcessInitializeOnLoadMethodAttributes (26ms)
				AfterProcessingInitializeOnLoad (8ms)
				EditorAssembliesLoaded (0ms)
			ExecutionOrderSort2 (0ms)
			AwakeInstancesAfterBackupRestoration (5ms)
Platform modules already initialized, skipping
Refreshing native plugins compatible for Editor in 3.36 ms, found 3 plugins.
Preloading 0 native plugins for Editor in 0.00 ms.
Unloading 3593 Unused Serialized files (Serialized files now loaded: 0)
Unloading 19 unused Assets / (95.3 KB). Loaded Objects now: 4177.
Memory consumption went from 160.6 MB to 160.5 MB.
Total: 5.319600 ms (FindLiveObjects: 0.626400 ms CreateObjectMapping: 0.140500 ms MarkObjects: 4.495000 ms  DeleteObjects: 0.056100 ms)

AssetImportParameters requested are different than current active one (requested -> active):
  custom:video-decoder-ogg-theora: a1e56fd34408186e4bbccfd4996cb3dc -> 
  custom:container-muxer-webm: aa71ff27fc2769a1b78a27578f13a17b -> 
  custom:container-demuxer-webm: 4f35f7cbe854078d1ac9338744f61a02 -> 
  custom:video-encoder-webm-vp8: eb34c28f22e8b96e1ab97ce403110664 -> 
  custom:video-codec-MediaFoundation-h265: 746d11721c4dcdbdad8f713fa42b33f4 -> 
  custom:audio-encoder-webm-vorbis: bf7c407c2cedff20999df2af8eb42d56 -> 
  custom:framework-win-MediaFoundation: 216162199b28c13a410421893ffa2e32 -> 
  custom:container-demuxer-ogg: 62fdf1f143b41e24485cea50d1cbac27 -> 
  custom:video-decoder-webm-vp8: 9c59270c3fd7afecdb556c50c9e8de78 -> 
  custom:audio-decoder-ogg-vorbis: bf7c407c2cedff20999df2af8eb42d56 -> 
========================================================================
Received Prepare
Registering precompiled user dll's ...
Registered in 0.003803 seconds.
Begin MonoManager ReloadAssembly
Symbol file LoadedFromMemory doesn't match image G:\Transfer Stuff\GameDev\Unity\FantasyRPG\UnityFantasyRpg\Library\PackageCache\com.unity.visualscripting@1.7.8\Editor\VisualScripting.Core\Dependencies\YamlDotNet\Unity.VisualScripting.YamlDotNet.dll
Symbol file LoadedFromMemory doesn't match image G:\Transfer Stuff\GameDev\Unity\FantasyRPG\UnityFantasyRpg\Library\PackageCache\com.unity.visualscripting@1.7.8\Editor\VisualScripting.Core\Dependencies\DotNetZip\Unity.VisualScripting.IonicZip.dll
Native extension for WindowsStandalone target not found
Refreshing native plugins compatible for Editor in 0.81 ms, found 3 plugins.
Preloading 0 native plugins for Editor in 0.00 ms.
Mono: successfully reloaded assembly
- Completed reload, in  0.817 seconds
Domain Reload Profiling:
	ReloadAssembly (818ms)
		BeginReloadAssembly (129ms)
			ExecutionOrderSort (0ms)
			DisableScriptedObjects (4ms)
			BackupInstance (0ms)
			ReleaseScriptingObjects (0ms)
			CreateAndSetChildDomain (38ms)
		EndReloadAssembly (609ms)
			LoadAssemblies (94ms)
			RebuildTransferFunctionScriptingTraits (0ms)
			SetupTypeCache (199ms)
			ReleaseScriptCaches (1ms)
			RebuildScriptCaches (33ms)
			SetupLoadedEditorAssemblies (262ms)
				LogAssemblyErrors (0ms)
				InitializePlatformSupportModulesInManaged (10ms)
				SetLoadedEditorAssemblies (0ms)
				RefreshPlugins (1ms)
				BeforeProcessingInitializeOnLoad (51ms)
				ProcessInitializeOnLoadAttributes (174ms)
				ProcessInitializeOnLoadMethodAttributes (19ms)
				AfterProcessingInitializeOnLoad (6ms)
				EditorAssembliesLoaded (0ms)
			ExecutionOrderSort2 (0ms)
			AwakeInstancesAfterBackupRestoration (6ms)
Platform modules already initialized, skipping
Refreshing native plugins compatible for Editor in 2.93 ms, found 3 plugins.
Preloading 0 native plugins for Editor in 0.00 ms.
Unloading 3593 Unused Serialized files (Serialized files now loaded: 0)
Unloading 19 unused Assets / (95.3 KB). Loaded Objects now: 4192.
Memory consumption went from 160.6 MB to 160.5 MB.
Total: 5.016100 ms (FindLiveObjects: 0.601900 ms CreateObjectMapping: 0.173400 ms MarkObjects: 4.187500 ms  DeleteObjects: 0.051800 ms)

AssetImportParameters requested are different than current active one (requested -> active):
  custom:video-decoder-ogg-theora: a1e56fd34408186e4bbccfd4996cb3dc -> 
  custom:container-muxer-webm: aa71ff27fc2769a1b78a27578f13a17b -> 
  custom:container-demuxer-webm: 4f35f7cbe854078d1ac9338744f61a02 -> 
  custom:video-encoder-webm-vp8: eb34c28f22e8b96e1ab97ce403110664 -> 
  custom:video-codec-MediaFoundation-h265: 746d11721c4dcdbdad8f713fa42b33f4 -> 
  custom:audio-encoder-webm-vorbis: bf7c407c2cedff20999df2af8eb42d56 -> 
  custom:framework-win-MediaFoundation: 216162199b28c13a410421893ffa2e32 -> 
  custom:container-demuxer-ogg: 62fdf1f143b41e24485cea50d1cbac27 -> 
  custom:video-decoder-webm-vp8: 9c59270c3fd7afecdb556c50c9e8de78 -> 
  custom:audio-decoder-ogg-vorbis: bf7c407c2cedff20999df2af8eb42d56 -> 
========================================================================
Received Import Request.
  Time since last request: 48.296264 seconds.
  path: Assets/Images/fog.png
  artifactKey: Guid(d50da90e8e4d227479f7b2c3082c1eb5) Importer(815301076,1909f56bfc062723c751e8b465ee728b)
Start importing Assets/Images/fog.png using Guid(d50da90e8e4d227479f7b2c3082c1eb5) Importer(815301076,1909f56bfc062723c751e8b465ee728b)  -> (artifact id: '60f9743038082ff91c6ee48e431214a5') in 0.075531 seconds 
========================================================================
Received Import Request.
  Time since last request: 0.000017 seconds.
  path: Assets/Images/two-coins.png
  artifactKey: Guid(8c47ba041e8eafc45993aebba4865bdc) Importer(815301076,1909f56bfc062723c751e8b465ee728b)
Start importing Assets/Images/two-coins.png using Guid(8c47ba041e8eafc45993aebba4865bdc) Importer(815301076,1909f56bfc062723c751e8b465ee728b)  -> (artifact id: '2d7d2c8cc7cb23bf1e9969c25384e5b6') in 0.024180 seconds 
========================================================================
Received Import Request.
  Time since last request: 3.155125 seconds.
  path: Assets/Hovl Studio/Magic circles/Prefabs/Magic circle 6.prefab
  artifactKey: Guid(be9c39cbc79c30349b1067bae216e1ef) Importer(815301076,1909f56bfc062723c751e8b465ee728b)
Start importing Assets/Hovl Studio/Magic circles/Prefabs/Magic circle 6.prefab using Guid(be9c39cbc79c30349b1067bae216e1ef) Importer(815301076,1909f56bfc062723c751e8b465ee728b)  -> (artifact id: '473694fe5a3d015f15fbe1f8a0d41876') in 0.045098 seconds 
========================================================================
Received Import Request.
  Time since last request: 41.835500 seconds.
  path: Assets/Hovl Studio/AOE Magic spells Vol.1/Prefabs/Heal.prefab
  artifactKey: Guid(721cfe8018b2cd04abd0748143d2a312) Importer(815301076,1909f56bfc062723c751e8b465ee728b)
Start importing Assets/Hovl Studio/AOE Magic spells Vol.1/Prefabs/Heal.prefab using Guid(721cfe8018b2cd04abd0748143d2a312) Importer(815301076,1909f56bfc062723c751e8b465ee728b)  -> (artifact id: '26e5452444f7615a141af7cd7169bd1c') in 0.017246 seconds 
========================================================================
Received Import Request.
  Time since last request: 0.000029 seconds.
  path: Assets/Hovl Studio/AOE Magic spells Vol.1/Prefabs/Meteor hit.prefab
  artifactKey: Guid(39e6808e995d14e46aae8b87bde2a278) Importer(815301076,1909f56bfc062723c751e8b465ee728b)
Start importing Assets/Hovl Studio/AOE Magic spells Vol.1/Prefabs/Meteor hit.prefab using Guid(39e6808e995d14e46aae8b87bde2a278) Importer(815301076,1909f56bfc062723c751e8b465ee728b)  -> (artifact id: 'e705ef489aeee534b3dab1f956c89e0e') in 0.018468 seconds 
========================================================================
Received Import Request.
  Time since last request: 14.988358 seconds.
  path: Assets/Hovl Studio/AAA Projectiles Vol 1/Prefabs/Flash 14.prefab
  artifactKey: Guid(058c6c6f7bee2fc45a91fbdb528a9035) Importer(815301076,1909f56bfc062723c751e8b465ee728b)
Start importing Assets/Hovl Studio/AAA Projectiles Vol 1/Prefabs/Flash 14.prefab using Guid(058c6c6f7bee2fc45a91fbdb528a9035) Importer(815301076,1909f56bfc062723c751e8b465ee728b)  -> (artifact id: '6211c0d724bd31ffda5cfe1a250facd6') in 0.012719 seconds 
========================================================================
Received Import Request.
  Time since last request: 24.775627 seconds.
  path: Assets/Hovl Studio/Resources/Models/CylindricalCone2.fbx
  artifactKey: Guid(b2f8b571d854cfc42962427536e286b9) Importer(815301076,1909f56bfc062723c751e8b465ee728b)
Start importing Assets/Hovl Studio/Resources/Models/CylindricalCone2.fbx using Guid(b2f8b571d854cfc42962427536e286b9) Importer(815301076,1909f56bfc062723c751e8b465ee728b)  -> (artifact id: '663e6c177bd22a9dd842154986d00a44') in 0.060466 seconds 
========================================================================
Received Import Request.
  Time since last request: 2.621887 seconds.
  path: Assets/Hovl Studio/Resources/Sounds/Skill 2.wav
  artifactKey: Guid(f2e58036cd78a674e994db153e191210) Importer(815301076,1909f56bfc062723c751e8b465ee728b)
Start importing Assets/Hovl Studio/Resources/Sounds/Skill 2.wav using Guid(f2e58036cd78a674e994db153e191210) Importer(815301076,1909f56bfc062723c751e8b465ee728b)  -> (artifact id: '9d19211567c1bfde9b4bb5151135e2d5') in 0.010736 seconds 
========================================================================
Received Import Request.
  Time since last request: 0.535404 seconds.
  path: Assets/Hovl Studio/Resources/Textures/Circle89.png
  artifactKey: Guid(009752f10c9d8f94fbdedf3b366ca5b1) Importer(815301076,1909f56bfc062723c751e8b465ee728b)
Start importing Assets/Hovl Studio/Resources/Textures/Circle89.png using Guid(009752f10c9d8f94fbdedf3b366ca5b1) Importer(815301076,1909f56bfc062723c751e8b465ee728b)  -> (artifact id: '1745e559f7164706c9062e27852385a6') in 0.011105 seconds 
========================================================================
Received Import Request.
  Time since last request: 0.013508 seconds.
  path: Assets/Hovl Studio/Resources/Textures/Dagger2.png
  artifactKey: Guid(577f7d7386a228f489ca3443dc8f3182) Importer(815301076,1909f56bfc062723c751e8b465ee728b)
Start importing Assets/Hovl Studio/Resources/Textures/Dagger2.png using Guid(577f7d7386a228f489ca3443dc8f3182) Importer(815301076,1909f56bfc062723c751e8b465ee728b)  -> (artifact id: '8139ef60eee7a92f916c1c868c9085ff') in 0.013449 seconds 
========================================================================
Received Import Request.
  Time since last request: 0.000018 seconds.
  path: Assets/Hovl Studio/Resources/Textures/Smoke.png
  artifactKey: Guid(190f03e800924ac45966dff7ad924828) Importer(815301076,1909f56bfc062723c751e8b465ee728b)
Start importing Assets/Hovl Studio/Resources/Textures/Smoke.png using Guid(190f03e800924ac45966dff7ad924828) Importer(815301076,1909f56bfc062723c751e8b465ee728b)  -> (artifact id: '21af90dca84c88c6bb4cb5a6d61bb4e9') in 0.046067 seconds 
========================================================================
Received Import Request.
  Time since last request: 0.000020 seconds.
  path: Assets/Hovl Studio/Resources/Textures/Mask27.2.png
  artifactKey: Guid(26309deabc521494e91f584a98fe2585) Importer(815301076,1909f56bfc062723c751e8b465ee728b)
Start importing Assets/Hovl Studio/Resources/Textures/Mask27.2.png using Guid(26309deabc521494e91f584a98fe2585) Importer(815301076,1909f56bfc062723c751e8b465ee728b)  -> (artifact id: '1c0f2be5a8bc88f96d953a5e09a7809a') in 0.044267 seconds 
========================================================================
Received Import Request.
  Time since last request: 0.000027 seconds.
  path: Assets/Hovl Studio/Resources/Textures/Point5.png
  artifactKey: Guid(02b9b18c4238f2345b649081568ea51f) Importer(815301076,1909f56bfc062723c751e8b465ee728b)
Start importing Assets/Hovl Studio/Resources/Textures/Point5.png using Guid(02b9b18c4238f2345b649081568ea51f) Importer(815301076,1909f56bfc062723c751e8b465ee728b)  -> (artifact id: '8a405b755c918efb12bfb4e7eb7c329b') in 0.061606 seconds 
========================================================================
Received Import Request.
  Time since last request: 0.000017 seconds.
  path: Assets/Hovl Studio/Resources/Textures/Gradient15.png
  artifactKey: Guid(680ed321f94f60744a581c7a50bf07ba) Importer(815301076,1909f56bfc062723c751e8b465ee728b)
Start importing Assets/Hovl Studio/Resources/Textures/Gradient15.png using Guid(680ed321f94f60744a581c7a50bf07ba) Importer(815301076,1909f56bfc062723c751e8b465ee728b)  -> (artifact id: 'a7223df11b59ba2d7e6d4054e29a7197') in 0.011246 seconds 
========================================================================
Received Import Request.
  Time since last request: 0.000019 seconds.
  path: Assets/Hovl Studio/Resources/Textures/Gradient5.png
  artifactKey: Guid(475148f624c505341850123b44186528) Importer(815301076,1909f56bfc062723c751e8b465ee728b)
Start importing Assets/Hovl Studio/Resources/Textures/Gradient5.png using Guid(475148f624c505341850123b44186528) Importer(815301076,1909f56bfc062723c751e8b465ee728b)  -> (artifact id: 'ed93fe71e26c03beefa7719337544ccc') in 0.021071 seconds 
========================================================================
Received Import Request.
  Time since last request: 0.000021 seconds.
  path: Assets/Hovl Studio/Resources/Textures/Gradient3r.png
  artifactKey: Guid(ed3a5efebe958ba429d350e04f14d1ab) Importer(815301076,1909f56bfc062723c751e8b465ee728b)
Start importing Assets/Hovl Studio/Resources/Textures/Gradient3r.png using Guid(ed3a5efebe958ba429d350e04f14d1ab) Importer(815301076,1909f56bfc062723c751e8b465ee728b)  -> (artifact id: 'fac6ff4da9f6f3a5b25c0d832dc6a562') in 0.009045 seconds 
========================================================================
Received Prepare
Registering precompiled user dll's ...
Registered in 0.005091 seconds.
Begin MonoManager ReloadAssembly
Symbol file LoadedFromMemory doesn't match image G:\Transfer Stuff\GameDev\Unity\FantasyRPG\UnityFantasyRpg\Library\PackageCache\com.unity.visualscripting@1.7.8\Editor\VisualScripting.Core\Dependencies\YamlDotNet\Unity.VisualScripting.YamlDotNet.dll
Symbol file LoadedFromMemory doesn't match image G:\Transfer Stuff\GameDev\Unity\FantasyRPG\UnityFantasyRpg\Library\PackageCache\com.unity.visualscripting@1.7.8\Editor\VisualScripting.Core\Dependencies\DotNetZip\Unity.VisualScripting.IonicZip.dll
Native extension for WindowsStandalone target not found
Refreshing native plugins compatible for Editor in 0.78 ms, found 3 plugins.
Preloading 0 native plugins for Editor in 0.00 ms.
Mono: successfully reloaded assembly
- Completed reload, in  0.813 seconds
Domain Reload Profiling:
	ReloadAssembly (813ms)
		BeginReloadAssembly (132ms)
			ExecutionOrderSort (0ms)
			DisableScriptedObjects (3ms)
			BackupInstance (0ms)
			ReleaseScriptingObjects (0ms)
			CreateAndSetChildDomain (40ms)
		EndReloadAssembly (603ms)
			LoadAssemblies (92ms)
			RebuildTransferFunctionScriptingTraits (0ms)
			SetupTypeCache (194ms)
			ReleaseScriptCaches (2ms)
			RebuildScriptCaches (35ms)
			SetupLoadedEditorAssemblies (261ms)
				LogAssemblyErrors (0ms)
				InitializePlatformSupportModulesInManaged (9ms)
				SetLoadedEditorAssemblies (0ms)
				RefreshPlugins (1ms)
				BeforeProcessingInitializeOnLoad (48ms)
				ProcessInitializeOnLoadAttributes (173ms)
				ProcessInitializeOnLoadMethodAttributes (21ms)
				AfterProcessingInitializeOnLoad (9ms)
				EditorAssembliesLoaded (0ms)
			ExecutionOrderSort2 (0ms)
			AwakeInstancesAfterBackupRestoration (6ms)
Platform modules already initialized, skipping
Refreshing native plugins compatible for Editor in 2.95 ms, found 3 plugins.
Preloading 0 native plugins for Editor in 0.00 ms.
Unloading 3593 Unused Serialized files (Serialized files now loaded: 0)
Unloading 21 unused Assets / (96.3 KB). Loaded Objects now: 4213.
Memory consumption went from 160.6 MB to 160.6 MB.
Total: 4.785200 ms (FindLiveObjects: 0.564500 ms CreateObjectMapping: 0.109800 ms MarkObjects: 4.014900 ms  DeleteObjects: 0.094900 ms)

AssetImportParameters requested are different than current active one (requested -> active):
  custom:video-decoder-ogg-theora: a1e56fd34408186e4bbccfd4996cb3dc -> 
  custom:container-muxer-webm: aa71ff27fc2769a1b78a27578f13a17b -> 
  custom:container-demuxer-webm: 4f35f7cbe854078d1ac9338744f61a02 -> 
  custom:video-encoder-webm-vp8: eb34c28f22e8b96e1ab97ce403110664 -> 
  custom:video-codec-MediaFoundation-h265: 746d11721c4dcdbdad8f713fa42b33f4 -> 
  custom:audio-encoder-webm-vorbis: bf7c407c2cedff20999df2af8eb42d56 -> 
  custom:framework-win-MediaFoundation: 216162199b28c13a410421893ffa2e32 -> 
  custom:container-demuxer-ogg: 62fdf1f143b41e24485cea50d1cbac27 -> 
  custom:video-decoder-webm-vp8: 9c59270c3fd7afecdb556c50c9e8de78 -> 
  custom:audio-decoder-ogg-vorbis: bf7c407c2cedff20999df2af8eb42d56 -> 
========================================================================
Received Prepare
Registering precompiled user dll's ...
Registered in 0.003825 seconds.
Begin MonoManager ReloadAssembly
Symbol file LoadedFromMemory doesn't match image G:\Transfer Stuff\GameDev\Unity\FantasyRPG\UnityFantasyRpg\Library\PackageCache\com.unity.visualscripting@1.7.8\Editor\VisualScripting.Core\Dependencies\YamlDotNet\Unity.VisualScripting.YamlDotNet.dll
Symbol file LoadedFromMemory doesn't match image G:\Transfer Stuff\GameDev\Unity\FantasyRPG\UnityFantasyRpg\Library\PackageCache\com.unity.visualscripting@1.7.8\Editor\VisualScripting.Core\Dependencies\DotNetZip\Unity.VisualScripting.IonicZip.dll
Native extension for WindowsStandalone target not found
Refreshing native plugins compatible for Editor in 0.76 ms, found 3 plugins.
Preloading 0 native plugins for Editor in 0.00 ms.
Mono: successfully reloaded assembly
- Completed reload, in  0.823 seconds
Domain Reload Profiling:
	ReloadAssembly (824ms)
		BeginReloadAssembly (143ms)
			ExecutionOrderSort (0ms)
			DisableScriptedObjects (4ms)
			BackupInstance (0ms)
			ReleaseScriptingObjects (0ms)
			CreateAndSetChildDomain (44ms)
		EndReloadAssembly (601ms)
			LoadAssemblies (92ms)
			RebuildTransferFunctionScriptingTraits (0ms)
			SetupTypeCache (202ms)
			ReleaseScriptCaches (2ms)
			RebuildScriptCaches (32ms)
			SetupLoadedEditorAssemblies (261ms)
				LogAssemblyErrors (0ms)
				InitializePlatformSupportModulesInManaged (9ms)
				SetLoadedEditorAssemblies (0ms)
				RefreshPlugins (1ms)
				BeforeProcessingInitializeOnLoad (48ms)
				ProcessInitializeOnLoadAttributes (175ms)
				ProcessInitializeOnLoadMethodAttributes (20ms)
				AfterProcessingInitializeOnLoad (8ms)
				EditorAssembliesLoaded (0ms)
			ExecutionOrderSort2 (0ms)
			AwakeInstancesAfterBackupRestoration (5ms)
Platform modules already initialized, skipping
Refreshing native plugins compatible for Editor in 3.26 ms, found 3 plugins.
Preloading 0 native plugins for Editor in 0.00 ms.
Unloading 3593 Unused Serialized files (Serialized files now loaded: 0)
Unloading 19 unused Assets / (95.4 KB). Loaded Objects now: 4228.
Memory consumption went from 160.6 MB to 160.5 MB.
Total: 5.648300 ms (FindLiveObjects: 0.598100 ms CreateObjectMapping: 0.314500 ms MarkObjects: 4.672800 ms  DeleteObjects: 0.061200 ms)

AssetImportParameters requested are different than current active one (requested -> active):
  custom:video-decoder-ogg-theora: a1e56fd34408186e4bbccfd4996cb3dc -> 
  custom:container-muxer-webm: aa71ff27fc2769a1b78a27578f13a17b -> 
  custom:container-demuxer-webm: 4f35f7cbe854078d1ac9338744f61a02 -> 
  custom:video-encoder-webm-vp8: eb34c28f22e8b96e1ab97ce403110664 -> 
  custom:video-codec-MediaFoundation-h265: 746d11721c4dcdbdad8f713fa42b33f4 -> 
  custom:audio-encoder-webm-vorbis: bf7c407c2cedff20999df2af8eb42d56 -> 
  custom:framework-win-MediaFoundation: 216162199b28c13a410421893ffa2e32 -> 
  custom:container-demuxer-ogg: 62fdf1f143b41e24485cea50d1cbac27 -> 
  custom:video-decoder-webm-vp8: 9c59270c3fd7afecdb556c50c9e8de78 -> 
  custom:audio-decoder-ogg-vorbis: bf7c407c2cedff20999df2af8eb42d56 -> 
========================================================================
Received Import Request.
  Time since last request: 65.499071 seconds.
  path: Assets/GrassFlowers/Textures/GrassFlowers/grassFlower03.tga
  artifactKey: Guid(c6bde8cacfa93444fa98152cb9e36815) Importer(815301076,1909f56bfc062723c751e8b465ee728b)
Start importing Assets/GrassFlowers/Textures/GrassFlowers/grassFlower03.tga using Guid(c6bde8cacfa93444fa98152cb9e36815) Importer(815301076,1909f56bfc062723c751e8b465ee728b)  -> (artifact id: 'eed9af5fc4685faee451ce2998cd7e36') in 0.033869 seconds 
========================================================================
Received Import Request.
  Time since last request: 62.298403 seconds.
  path: Assets/PolygonDungeon/Models/SM_Item_Potion_06.fbx
  artifactKey: Guid(a229d7bd34f27694d8fdbff9563a40e7) Importer(815301076,1909f56bfc062723c751e8b465ee728b)
Start importing Assets/PolygonDungeon/Models/SM_Item_Potion_06.fbx using Guid(a229d7bd34f27694d8fdbff9563a40e7) Importer(815301076,1909f56bfc062723c751e8b465ee728b)  -> (artifact id: '079757d23bef2c1d386e718f4525f712') in 0.047263 seconds 
========================================================================
Received Import Request.
  Time since last request: 0.000020 seconds.
  path: Assets/PolygonDungeon/Models/SM_Prop_Gem_01.fbx
  artifactKey: Guid(10ab4713f3d47bb40996da91e7d3fef2) Importer(815301076,1909f56bfc062723c751e8b465ee728b)
Start importing Assets/PolygonDungeon/Models/SM_Prop_Gem_01.fbx using Guid(10ab4713f3d47bb40996da91e7d3fef2) Importer(815301076,1909f56bfc062723c751e8b465ee728b)  -> (artifact id: '1b3deab25144f01294326e4519dcdf99') in 0.057564 seconds 
========================================================================
Received Import Request.
  Time since last request: 0.000020 seconds.
  path: Assets/PolygonDungeon/Models/SM_Prop_Gem_04.fbx
  artifactKey: Guid(71183abc9739c314bb689ec1056a006f) Importer(815301076,1909f56bfc062723c751e8b465ee728b)
Start importing Assets/PolygonDungeon/Models/SM_Prop_Gem_04.fbx using Guid(71183abc9739c314bb689ec1056a006f) Importer(815301076,1909f56bfc062723c751e8b465ee728b)  -> (artifact id: '96fcec220609c7eeefbad04d254e3afe') in 0.021801 seconds 
========================================================================
Received Import Request.
  Time since last request: 0.000017 seconds.
  path: Assets/PolygonDungeon/Models/SM_Wep_Greatsword_Round_01.fbx
  artifactKey: Guid(d7525610871b2c647b24f4aa65c6ce89) Importer(815301076,1909f56bfc062723c751e8b465ee728b)
Start importing Assets/PolygonDungeon/Models/SM_Wep_Greatsword_Round_01.fbx using Guid(d7525610871b2c647b24f4aa65c6ce89) Importer(815301076,1909f56bfc062723c751e8b465ee728b)  -> (artifact id: '29b358e48ee39df32edfa0b3255b7147') in 0.018442 seconds 
========================================================================
Received Import Request.
  Time since last request: 0.000023 seconds.
  path: Assets/PolygonDungeon/Models/SM_Prop_Tech_Chamber_Skeleton_01.fbx
  artifactKey: Guid(e5668e5bd9018e34aabc04672855dfeb) Importer(815301076,1909f56bfc062723c751e8b465ee728b)
Start importing Assets/PolygonDungeon/Models/SM_Prop_Tech_Chamber_Skeleton_01.fbx using Guid(e5668e5bd9018e34aabc04672855dfeb) Importer(815301076,1909f56bfc062723c751e8b465ee728b)  -> (artifact id: '462ad156ba4961c286a430dbe1eb33f5') in 0.025768 seconds 
========================================================================
Received Import Request.
  Time since last request: 0.000020 seconds.
  path: Assets/PolygonDungeon/Models/SM_Wep_Shield_Gravestone_01.fbx
  artifactKey: Guid(9efe6c1e827977d4d983dc59ee86ae5f) Importer(815301076,1909f56bfc062723c751e8b465ee728b)
Start importing Assets/PolygonDungeon/Models/SM_Wep_Shield_Gravestone_01.fbx using Guid(9efe6c1e827977d4d983dc59ee86ae5f) Importer(815301076,1909f56bfc062723c751e8b465ee728b)  -> (artifact id: 'fbb509acc44b998f6f8c222ca3ad210a') in 0.014953 seconds 
========================================================================
Received Import Request.
  Time since last request: 0.000032 seconds.
  path: Assets/PolygonDungeon/Models/SM_Prop_Metal_Fence_01.fbx
  artifactKey: Guid(7a6c14eef1ccb824aa63ec26e42523b9) Importer(815301076,1909f56bfc062723c751e8b465ee728b)
Start importing Assets/PolygonDungeon/Models/SM_Prop_Metal_Fence_01.fbx using Guid(7a6c14eef1ccb824aa63ec26e42523b9) Importer(815301076,1909f56bfc062723c751e8b465ee728b)  -> (artifact id: 'f0df5d2b8e26e4d15dd0870d97bf60c7') in 0.013153 seconds 
========================================================================
Received Import Request.
  Time since last request: 0.000016 seconds.
  path: Assets/PolygonDungeon/Models/SM_Wep_Goblin_Shiv_Stone_01.fbx
  artifactKey: Guid(88ed8fc05b0c7154aa95054f8746c449) Importer(815301076,1909f56bfc062723c751e8b465ee728b)
Start importing Assets/PolygonDungeon/Models/SM_Wep_Goblin_Shiv_Stone_01.fbx using Guid(88ed8fc05b0c7154aa95054f8746c449) Importer(815301076,1909f56bfc062723c751e8b465ee728b)  -> (artifact id: '281f29600c97a5adda1b6119031ce704') in 0.012529 seconds 
========================================================================
Received Import Request.
  Time since last request: 0.000019 seconds.
  path: Assets/PolygonDungeon/Models/SM_Prop_Vase_Broken_03.fbx
  artifactKey: Guid(bf000be206055fd4ea024c8478ab0a13) Importer(815301076,1909f56bfc062723c751e8b465ee728b)
Start importing Assets/PolygonDungeon/Models/SM_Prop_Vase_Broken_03.fbx using Guid(bf000be206055fd4ea024c8478ab0a13) Importer(815301076,1909f56bfc062723c751e8b465ee728b)  -> (artifact id: '6824aec70828e68cab912bab1206adfb') in 0.016962 seconds 
========================================================================
Received Import Request.
  Time since last request: 0.000022 seconds.
  path: Assets/PolygonDungeon/Models/SM_Wep_Goblin_Shiv_Bone_01.fbx
  artifactKey: Guid(a4b4d142c05432e4c87ee4cc252b416e) Importer(815301076,1909f56bfc062723c751e8b465ee728b)
Start importing Assets/PolygonDungeon/Models/SM_Wep_Goblin_Shiv_Bone_01.fbx using Guid(a4b4d142c05432e4c87ee4cc252b416e) Importer(815301076,1909f56bfc062723c751e8b465ee728b)  -> (artifact id: '05abb5ad341e0b351de930679c876b92') in 0.014487 seconds 
========================================================================
Received Import Request.
  Time since last request: 0.000017 seconds.
  path: Assets/PolygonDungeon/Models/SM_Prop_Minecart_01.fbx
  artifactKey: Guid(7a8aba712492c9a42936b58aeb11b21d) Importer(815301076,1909f56bfc062723c751e8b465ee728b)
Start importing Assets/PolygonDungeon/Models/SM_Prop_Minecart_01.fbx using Guid(7a8aba712492c9a42936b58aeb11b21d) Importer(815301076,1909f56bfc062723c751e8b465ee728b)  -> (artifact id: '7f5163a76dfed46cd9dd9b057e730b29') in 0.032225 seconds 
========================================================================
Received Import Request.
  Time since last request: 0.000019 seconds.
  path: Assets/PolygonDungeon/Models/SM_Prop_Gem_03.fbx
  artifactKey: Guid(a731b4fa2d7bb1e4c9edaf10b0fc8278) Importer(815301076,1909f56bfc062723c751e8b465ee728b)
Start importing Assets/PolygonDungeon/Models/SM_Prop_Gem_03.fbx using Guid(a731b4fa2d7bb1e4c9edaf10b0fc8278) Importer(815301076,1909f56bfc062723c751e8b465ee728b)  -> (artifact id: 'd461ae008c4d56d7d0088434e56142ca') in 0.027055 seconds 
========================================================================
Received Import Request.
  Time since last request: 0.000019 seconds.
  path: Assets/PolygonDungeon/Models/SM_Prop_Goblin_Tent_03.fbx
  artifactKey: Guid(ef81401153dca824bad7624ce0bc52a3) Importer(815301076,1909f56bfc062723c751e8b465ee728b)
Start importing Assets/PolygonDungeon/Models/SM_Prop_Goblin_Tent_03.fbx using Guid(ef81401153dca824bad7624ce0bc52a3) Importer(815301076,1909f56bfc062723c751e8b465ee728b)  -> (artifact id: 'fb216565896fdcb125e71a10b48ed7a9') in 0.015272 seconds 
========================================================================
Received Import Request.
  Time since last request: 0.000016 seconds.
  path: Assets/PolygonDungeon/Models/SM_Prop_Goblin_Branch_03.fbx
  artifactKey: Guid(8ef09ffec587d354ca5bbb6ace75aefc) Importer(815301076,1909f56bfc062723c751e8b465ee728b)
Start importing Assets/PolygonDungeon/Models/SM_Prop_Goblin_Branch_03.fbx using Guid(8ef09ffec587d354ca5bbb6ace75aefc) Importer(815301076,1909f56bfc062723c751e8b465ee728b)  -> (artifact id: '07986ade225740e0c65a845d6f837590') in 0.019814 seconds 
========================================================================
Received Import Request.
  Time since last request: 0.000017 seconds.
  path: Assets/PolygonDungeon/Models/SM_Prop_Goblin_Rotisserie_Meat_01.fbx
  artifactKey: Guid(66d5e0a5ec2729447bb1059b94c08bb6) Importer(815301076,1909f56bfc062723c751e8b465ee728b)
Start importing Assets/PolygonDungeon/Models/SM_Prop_Goblin_Rotisserie_Meat_01.fbx using Guid(66d5e0a5ec2729447bb1059b94c08bb6) Importer(815301076,1909f56bfc062723c751e8b465ee728b)  -> (artifact id: '6448fe73443a100c6afbc61225ce9fd2') in 0.012451 seconds 
========================================================================
Received Import Request.
  Time since last request: 0.000018 seconds.
  path: Assets/PolygonDungeon/Models/SM_Prop_Gem_02.fbx
  artifactKey: Guid(fdfedd4b2a8a45247b636a02b4dc9726) Importer(815301076,1909f56bfc062723c751e8b465ee728b)
Start importing Assets/PolygonDungeon/Models/SM_Prop_Gem_02.fbx using Guid(fdfedd4b2a8a45247b636a02b4dc9726) Importer(815301076,1909f56bfc062723c751e8b465ee728b)  -> (artifact id: '035686df4a0c5159515631815318fa8d') in 0.013841 seconds 
========================================================================
Received Import Request.
  Time since last request: 2.329565 seconds.
  path: Assets/PolygonDungeon/Models/SM_Env_BonePile_Small_01.fbx
  artifactKey: Guid(c5643a9aefeb1064d938e2dcf3cde818) Importer(815301076,1909f56bfc062723c751e8b465ee728b)
Start importing Assets/PolygonDungeon/Models/SM_Env_BonePile_Small_01.fbx using Guid(c5643a9aefeb1064d938e2dcf3cde818) Importer(815301076,1909f56bfc062723c751e8b465ee728b)  -> (artifact id: '7dfdfce44a6a45b6c01f2e0a6f3b4f90') in 0.011978 seconds 
========================================================================
Received Import Request.
  Time since last request: 0.000022 seconds.
  path: Assets/PolygonDungeon/Models/SM_Env_Statue_01.fbx
  artifactKey: Guid(94c02e341a5a9b246b895bd1190878d0) Importer(815301076,1909f56bfc062723c751e8b465ee728b)
Start importing Assets/PolygonDungeon/Models/SM_Env_Statue_01.fbx using Guid(94c02e341a5a9b246b895bd1190878d0) Importer(815301076,1909f56bfc062723c751e8b465ee728b)  -> (artifact id: '27ce1b6194065f8d6cf967d4bbc631fc') in 0.011577 seconds 
========================================================================
Received Import Request.
  Time since last request: 0.000019 seconds.
  path: Assets/PolygonDungeon/Models/SM_Env_Door_Large_Frame_02.fbx
  artifactKey: Guid(f157eb1bc6eba664796e3911c2caa28d) Importer(815301076,1909f56bfc062723c751e8b465ee728b)
Start importing Assets/PolygonDungeon/Models/SM_Env_Door_Large_Frame_02.fbx using Guid(f157eb1bc6eba664796e3911c2caa28d) Importer(815301076,1909f56bfc062723c751e8b465ee728b)  -> (artifact id: '88d79e438324140143b96cf1c57a6239') in 0.012180 seconds 
========================================================================
Received Import Request.
  Time since last request: 0.000019 seconds.
  path: Assets/PolygonDungeon/Models/SM_Env_Entrance_Crypt_01.fbx
  artifactKey: Guid(5ac1505de94519f47a9c996212b0b2bc) Importer(815301076,1909f56bfc062723c751e8b465ee728b)
Start importing Assets/PolygonDungeon/Models/SM_Env_Entrance_Crypt_01.fbx using Guid(5ac1505de94519f47a9c996212b0b2bc) Importer(815301076,1909f56bfc062723c751e8b465ee728b)  -> (artifact id: 'db588cbeed3fc71fbaf0085e9cad6ba3') in 0.013790 seconds 
========================================================================
Received Import Request.
  Time since last request: 0.000022 seconds.
  path: Assets/PolygonDungeon/Models/SM_Env_DoorDouble_Round_01.fbx
  artifactKey: Guid(589c270fb8fc65d40aa230cf97205357) Importer(815301076,1909f56bfc062723c751e8b465ee728b)
Start importing Assets/PolygonDungeon/Models/SM_Env_DoorDouble_Round_01.fbx using Guid(589c270fb8fc65d40aa230cf97205357) Importer(815301076,1909f56bfc062723c751e8b465ee728b)  -> (artifact id: '80cbfb636887971a0f31ac8735ba94bb') in 0.013722 seconds 
========================================================================
Received Import Request.
  Time since last request: 0.000017 seconds.
  path: Assets/PolygonDungeon/Models/SM_Env_Pillar_Broken_Pile_02.fbx
  artifactKey: Guid(98869d0c83de0d74aa9dc14a5c2f1009) Importer(815301076,1909f56bfc062723c751e8b465ee728b)
Start importing Assets/PolygonDungeon/Models/SM_Env_Pillar_Broken_Pile_02.fbx using Guid(98869d0c83de0d74aa9dc14a5c2f1009) Importer(815301076,1909f56bfc062723c751e8b465ee728b)  -> (artifact id: '1cd922a1169414037ccf8e06a497e0f4') in 0.014142 seconds 
========================================================================
Received Import Request.
  Time since last request: 0.000022 seconds.
  path: Assets/PolygonDungeon/Models/SM_Env_Cave_Background_Corner_01_DoubleSided.fbx
  artifactKey: Guid(897074145e07b384aa647cba8e6ace18) Importer(815301076,1909f56bfc062723c751e8b465ee728b)
Start importing Assets/PolygonDungeon/Models/SM_Env_Cave_Background_Corner_01_DoubleSided.fbx using Guid(897074145e07b384aa647cba8e6ace18) Importer(815301076,1909f56bfc062723c751e8b465ee728b)  -> (artifact id: '3da306fb0ed10302435bcd6407754a8a') in 0.016772 seconds 
========================================================================
Received Import Request.
  Time since last request: 0.000051 seconds.
  path: Assets/PolygonDungeon/Models/SM_Env_Door_01.fbx
  artifactKey: Guid(ba797f433dc0b224689d56daba37dfeb) Importer(815301076,1909f56bfc062723c751e8b465ee728b)
Start importing Assets/PolygonDungeon/Models/SM_Env_Door_01.fbx using Guid(ba797f433dc0b224689d56daba37dfeb) Importer(815301076,1909f56bfc062723c751e8b465ee728b)  -> (artifact id: '7fa9652fb30bae266b547da7b45bac00') in 0.019065 seconds 
========================================================================
Received Import Request.
  Time since last request: 0.000043 seconds.
  path: Assets/PolygonDungeon/Models/SM_Env_Rubble_Pebbles_01.fbx
  artifactKey: Guid(3f8f0120dfeef6440b0acc86edb08b23) Importer(815301076,1909f56bfc062723c751e8b465ee728b)
Start importing Assets/PolygonDungeon/Models/SM_Env_Rubble_Pebbles_01.fbx using Guid(3f8f0120dfeef6440b0acc86edb08b23) Importer(815301076,1909f56bfc062723c751e8b465ee728b)  -> (artifact id: '9d8407cc7ec188b46b942cf9cade8577') in 0.018206 seconds 
========================================================================
Received Import Request.
  Time since last request: 0.000027 seconds.
  path: Assets/PolygonDungeon/Models/SM_Env_Gem_Large_02.fbx
  artifactKey: Guid(9fe3563b526814144a68172330adc29d) Importer(815301076,1909f56bfc062723c751e8b465ee728b)
Start importing Assets/PolygonDungeon/Models/SM_Env_Gem_Large_02.fbx using Guid(9fe3563b526814144a68172330adc29d) Importer(815301076,1909f56bfc062723c751e8b465ee728b)  -> (artifact id: 'c9e1b57ba7dc7a6a5f02ea7c8b43afe8') in 0.017163 seconds 
========================================================================
Received Import Request.
  Time since last request: 0.000039 seconds.
  path: Assets/PolygonDungeon/Models/SM_Env_Rubble_Pebbles_02.fbx
  artifactKey: Guid(b3a450a4ec013da46938d18b10f8f98e) Importer(815301076,1909f56bfc062723c751e8b465ee728b)
Start importing Assets/PolygonDungeon/Models/SM_Env_Rubble_Pebbles_02.fbx using Guid(b3a450a4ec013da46938d18b10f8f98e) Importer(815301076,1909f56bfc062723c751e8b465ee728b)  -> (artifact id: '6980ecb300a186898fe4ca73e23422a8') in 0.017712 seconds 
========================================================================
Received Import Request.
  Time since last request: 0.000052 seconds.
  path: Assets/PolygonDungeon/Models/SM_Env_MineTunnel_Straight_01.fbx
  artifactKey: Guid(e834bf10a9bd0024aa3dab8e91dfffc4) Importer(815301076,1909f56bfc062723c751e8b465ee728b)
Start importing Assets/PolygonDungeon/Models/SM_Env_MineTunnel_Straight_01.fbx using Guid(e834bf10a9bd0024aa3dab8e91dfffc4) Importer(815301076,1909f56bfc062723c751e8b465ee728b)  -> (artifact id: 'b9757ce2edc62ae29c957982c8f03b68') in 0.018352 seconds 
========================================================================
Received Import Request.
  Time since last request: 0.000040 seconds.
  path: Assets/PolygonDungeon/Models/SM_Env_Stalagmite_05.fbx
  artifactKey: Guid(14a9dffbcc5d42e428243a311458f2b7) Importer(815301076,1909f56bfc062723c751e8b465ee728b)
Start importing Assets/PolygonDungeon/Models/SM_Env_Stalagmite_05.fbx using Guid(14a9dffbcc5d42e428243a311458f2b7) Importer(815301076,1909f56bfc062723c751e8b465ee728b)  -> (artifact id: '6f70156706cac6de59da788982b6b043') in 0.017274 seconds 
========================================================================
Received Import Request.
  Time since last request: 0.000029 seconds.
  path: Assets/PolygonDungeon/Models/SM_Env_Pillar_Broken_02.fbx
  artifactKey: Guid(63a9b63c12da0d24c86cd73204e2f854) Importer(815301076,1909f56bfc062723c751e8b465ee728b)
Start importing Assets/PolygonDungeon/Models/SM_Env_Pillar_Broken_02.fbx using Guid(63a9b63c12da0d24c86cd73204e2f854) Importer(815301076,1909f56bfc062723c751e8b465ee728b)  -> (artifact id: '178016f66d659ad8234010693e7a4f32') in 0.017918 seconds 
========================================================================
Received Import Request.
  Time since last request: 0.000025 seconds.
  path: Assets/PolygonDungeon/Models/SM_Env_Stairs_Large_02.fbx
  artifactKey: Guid(9d655de0413f47a48ae51a124148c63c) Importer(815301076,1909f56bfc062723c751e8b465ee728b)
Start importing Assets/PolygonDungeon/Models/SM_Env_Stairs_Large_02.fbx using Guid(9d655de0413f47a48ae51a124148c63c) Importer(815301076,1909f56bfc062723c751e8b465ee728b)  -> (artifact id: '1eee63f16cd33e0ddd4334ff376e9a59') in 0.025628 seconds 
========================================================================
Received Import Request.
  Time since last request: 0.000037 seconds.
  path: Assets/PolygonDungeon/Models/SM_Env_Tiles_03.fbx
  artifactKey: Guid(05bd78eb357b31247bfe5315833c0f84) Importer(815301076,1909f56bfc062723c751e8b465ee728b)
Start importing Assets/PolygonDungeon/Models/SM_Env_Tiles_03.fbx using Guid(05bd78eb357b31247bfe5315833c0f84) Importer(815301076,1909f56bfc062723c751e8b465ee728b)  -> (artifact id: 'f68af12fd11b39a578e5b28751bebaac') in 0.018234 seconds 
========================================================================
Received Import Request.
  Time since last request: 0.000032 seconds.
  path: Assets/PolygonDungeon/Models/SM_Env_Cave_01_DoubleSided.fbx
  artifactKey: Guid(0becea949976dd744992d0bb2ec055d2) Importer(815301076,1909f56bfc062723c751e8b465ee728b)
Start importing Assets/PolygonDungeon/Models/SM_Env_Cave_01_DoubleSided.fbx using Guid(0becea949976dd744992d0bb2ec055d2) Importer(815301076,1909f56bfc062723c751e8b465ee728b)  -> (artifact id: 'ff3c5a3e7bee69f555a02f4298a6e4b4') in 0.017073 seconds 
========================================================================
Received Import Request.
  Time since last request: 0.000053 seconds.
  path: Assets/PolygonDungeon/Models/SM_Env_Door_Frame_Round_01.fbx
  artifactKey: Guid(0f26e08c252f5a14fb4725f9bc1851bb) Importer(815301076,1909f56bfc062723c751e8b465ee728b)
Start importing Assets/PolygonDungeon/Models/SM_Env_Door_Frame_Round_01.fbx using Guid(0f26e08c252f5a14fb4725f9bc1851bb) Importer(815301076,1909f56bfc062723c751e8b465ee728b)  -> (artifact id: 'fb493200581a8c94de5939884fdf1e8f') in 0.019724 seconds 
========================================================================
Received Import Request.
  Time since last request: 0.000031 seconds.
  path: Assets/PolygonDungeon/Models/SM_Env_Door_Large_Stone_01.fbx
  artifactKey: Guid(2c75d8a6415b8534298740e21d5e15ac) Importer(815301076,1909f56bfc062723c751e8b465ee728b)
Start importing Assets/PolygonDungeon/Models/SM_Env_Door_Large_Stone_01.fbx using Guid(2c75d8a6415b8534298740e21d5e15ac) Importer(815301076,1909f56bfc062723c751e8b465ee728b)  -> (artifact id: 'fa45876b0d044493b017501c3846b441') in 0.017191 seconds 
========================================================================
Received Prepare
Registering precompiled user dll's ...
Registered in 0.003263 seconds.
Begin MonoManager ReloadAssembly
Symbol file LoadedFromMemory doesn't match image G:\Transfer Stuff\GameDev\Unity\FantasyRPG\UnityFantasyRpg\Library\PackageCache\com.unity.visualscripting@1.7.8\Editor\VisualScripting.Core\Dependencies\YamlDotNet\Unity.VisualScripting.YamlDotNet.dll
Symbol file LoadedFromMemory doesn't match image G:\Transfer Stuff\GameDev\Unity\FantasyRPG\UnityFantasyRpg\Library\PackageCache\com.unity.visualscripting@1.7.8\Editor\VisualScripting.Core\Dependencies\DotNetZip\Unity.VisualScripting.IonicZip.dll
Native extension for WindowsStandalone target not found
Refreshing native plugins compatible for Editor in 0.86 ms, found 3 plugins.
Preloading 0 native plugins for Editor in 0.00 ms.
Mono: successfully reloaded assembly
- Completed reload, in  0.850 seconds
Domain Reload Profiling:
	ReloadAssembly (851ms)
		BeginReloadAssembly (134ms)
			ExecutionOrderSort (0ms)
			DisableScriptedObjects (3ms)
			BackupInstance (0ms)
			ReleaseScriptingObjects (0ms)
			CreateAndSetChildDomain (43ms)
		EndReloadAssembly (640ms)
			LoadAssemblies (99ms)
			RebuildTransferFunctionScriptingTraits (0ms)
			SetupTypeCache (218ms)
			ReleaseScriptCaches (1ms)
			RebuildScriptCaches (34ms)
			SetupLoadedEditorAssemblies (264ms)
				LogAssemblyErrors (0ms)
				InitializePlatformSupportModulesInManaged (9ms)
				SetLoadedEditorAssemblies (1ms)
				RefreshPlugins (1ms)
				BeforeProcessingInitializeOnLoad (49ms)
				ProcessInitializeOnLoadAttributes (177ms)
				ProcessInitializeOnLoadMethodAttributes (20ms)
				AfterProcessingInitializeOnLoad (6ms)
				EditorAssembliesLoaded (0ms)
			ExecutionOrderSort2 (0ms)
			AwakeInstancesAfterBackupRestoration (4ms)
Platform modules already initialized, skipping
Refreshing native plugins compatible for Editor in 2.75 ms, found 3 plugins.
Preloading 0 native plugins for Editor in 0.00 ms.
Unloading 3593 Unused Serialized files (Serialized files now loaded: 0)
Unloading 19 unused Assets / (95.3 KB). Loaded Objects now: 4243.
Memory consumption went from 160.7 MB to 160.7 MB.
Total: 5.066600 ms (FindLiveObjects: 0.527800 ms CreateObjectMapping: 0.112300 ms MarkObjects: 4.376800 ms  DeleteObjects: 0.048600 ms)

AssetImportParameters requested are different than current active one (requested -> active):
  custom:video-decoder-ogg-theora: a1e56fd34408186e4bbccfd4996cb3dc -> 
  custom:container-muxer-webm: aa71ff27fc2769a1b78a27578f13a17b -> 
  custom:container-demuxer-webm: 4f35f7cbe854078d1ac9338744f61a02 -> 
  custom:video-encoder-webm-vp8: eb34c28f22e8b96e1ab97ce403110664 -> 
  custom:video-codec-MediaFoundation-h265: 746d11721c4dcdbdad8f713fa42b33f4 -> 
  custom:audio-encoder-webm-vorbis: bf7c407c2cedff20999df2af8eb42d56 -> 
  custom:framework-win-MediaFoundation: 216162199b28c13a410421893ffa2e32 -> 
  custom:container-demuxer-ogg: 62fdf1f143b41e24485cea50d1cbac27 -> 
  custom:video-decoder-webm-vp8: 9c59270c3fd7afecdb556c50c9e8de78 -> 
  custom:audio-decoder-ogg-vorbis: bf7c407c2cedff20999df2af8eb42d56 -> 
========================================================================
Received Import Request.
  Time since last request: 36.663147 seconds.
  path: Assets/Sounds/Forest Night Time 2.wav
  artifactKey: Guid(c76d75f1454ce804aa511d4ba5aeaa88) Importer(815301076,1909f56bfc062723c751e8b465ee728b)
Start importing Assets/Sounds/Forest Night Time 2.wav using Guid(c76d75f1454ce804aa511d4ba5aeaa88) Importer(815301076,1909f56bfc062723c751e8b465ee728b)  -> (artifact id: '8e558154b05b564af9fde474ca16d51f') in 0.037671 seconds 
========================================================================
Received Import Request.
  Time since last request: 43.943583 seconds.
  path: Assets/Prefabs/Character_Goblin_Shaman 1.prefab
  artifactKey: Guid(f2afc4bd67bf104488110858a6c155fe) Importer(815301076,1909f56bfc062723c751e8b465ee728b)
Start importing Assets/Prefabs/Character_Goblin_Shaman 1.prefab using Guid(f2afc4bd67bf104488110858a6c155fe) Importer(815301076,1909f56bfc062723c751e8b465ee728b)  -> (artifact id: '2e178472d5b86146b95ba1efc00a4bce') in 0.146657 seconds 
========================================================================
Received Import Request.
  Time since last request: 0.000023 seconds.
  path: Assets/Prefabs/Character_Tormented_Soul.prefab
  artifactKey: Guid(abd394d0083c25f48b6ac2f02b220ee5) Importer(815301076,1909f56bfc062723c751e8b465ee728b)
Start importing Assets/Prefabs/Character_Tormented_Soul.prefab using Guid(abd394d0083c25f48b6ac2f02b220ee5) Importer(815301076,1909f56bfc062723c751e8b465ee728b)  -> (artifact id: '3d9e5c3b2ac4d48ea4f03a759a5b3e0d') in 0.081416 seconds 
========================================================================
Received Import Request.
  Time since last request: 0.000022 seconds.
  path: Assets/Prefabs/Character_Goblin_WarChief.prefab
  artifactKey: Guid(a27f01cecc3372c4bb81e0217ac16f10) Importer(815301076,1909f56bfc062723c751e8b465ee728b)
Start importing Assets/Prefabs/Character_Goblin_WarChief.prefab using Guid(a27f01cecc3372c4bb81e0217ac16f10) Importer(815301076,1909f56bfc062723c751e8b465ee728b)  -> (artifact id: '6a20936aed0e26071bd66a3b4a96878b') in 0.033626 seconds 
========================================================================
Received Prepare
Registering precompiled user dll's ...
Registered in 0.002894 seconds.
Begin MonoManager ReloadAssembly
Symbol file LoadedFromMemory doesn't match image G:\Transfer Stuff\GameDev\Unity\FantasyRPG\UnityFantasyRpg\Library\PackageCache\com.unity.visualscripting@1.7.8\Editor\VisualScripting.Core\Dependencies\YamlDotNet\Unity.VisualScripting.YamlDotNet.dll
Symbol file LoadedFromMemory doesn't match image G:\Transfer Stuff\GameDev\Unity\FantasyRPG\UnityFantasyRpg\Library\PackageCache\com.unity.visualscripting@1.7.8\Editor\VisualScripting.Core\Dependencies\DotNetZip\Unity.VisualScripting.IonicZip.dll
Native extension for WindowsStandalone target not found
Refreshing native plugins compatible for Editor in 1.29 ms, found 3 plugins.
Preloading 0 native plugins for Editor in 0.00 ms.
Mono: successfully reloaded assembly
- Completed reload, in  0.764 seconds
Domain Reload Profiling:
	ReloadAssembly (765ms)
		BeginReloadAssembly (117ms)
			ExecutionOrderSort (0ms)
			DisableScriptedObjects (3ms)
			BackupInstance (0ms)
			ReleaseScriptingObjects (0ms)
			CreateAndSetChildDomain (39ms)
		EndReloadAssembly (571ms)
			LoadAssemblies (75ms)
			RebuildTransferFunctionScriptingTraits (0ms)
			SetupTypeCache (179ms)
			ReleaseScriptCaches (2ms)
			RebuildScriptCaches (32ms)
			SetupLoadedEditorAssemblies (260ms)
				LogAssemblyErrors (0ms)
				InitializePlatformSupportModulesInManaged (10ms)
				SetLoadedEditorAssemblies (1ms)
				RefreshPlugins (1ms)
				BeforeProcessingInitializeOnLoad (49ms)
				ProcessInitializeOnLoadAttributes (172ms)
				ProcessInitializeOnLoadMethodAttributes (20ms)
				AfterProcessingInitializeOnLoad (8ms)
				EditorAssembliesLoaded (0ms)
			ExecutionOrderSort2 (0ms)
			AwakeInstancesAfterBackupRestoration (5ms)
Platform modules already initialized, skipping
Refreshing native plugins compatible for Editor in 2.95 ms, found 3 plugins.
Preloading 0 native plugins for Editor in 0.00 ms.
Unloading 3593 Unused Serialized files (Serialized files now loaded: 0)
Unloading 21 unused Assets / (96.2 KB). Loaded Objects now: 4258.
Memory consumption went from 161.3 MB to 161.2 MB.
Total: 5.206200 ms (FindLiveObjects: 0.666000 ms CreateObjectMapping: 0.118300 ms MarkObjects: 4.289600 ms  DeleteObjects: 0.130800 ms)

AssetImportParameters requested are different than current active one (requested -> active):
  custom:video-decoder-ogg-theora: a1e56fd34408186e4bbccfd4996cb3dc -> 
  custom:container-muxer-webm: aa71ff27fc2769a1b78a27578f13a17b -> 
  custom:container-demuxer-webm: 4f35f7cbe854078d1ac9338744f61a02 -> 
  custom:video-encoder-webm-vp8: eb34c28f22e8b96e1ab97ce403110664 -> 
  custom:video-codec-MediaFoundation-h265: 746d11721c4dcdbdad8f713fa42b33f4 -> 
  custom:audio-encoder-webm-vorbis: bf7c407c2cedff20999df2af8eb42d56 -> 
  custom:framework-win-MediaFoundation: 216162199b28c13a410421893ffa2e32 -> 
  custom:container-demuxer-ogg: 62fdf1f143b41e24485cea50d1cbac27 -> 
  custom:video-decoder-webm-vp8: 9c59270c3fd7afecdb556c50c9e8de78 -> 
  custom:audio-decoder-ogg-vorbis: bf7c407c2cedff20999df2af8eb42d56 -> 
Editor requested this worker to shutdown with reason: Scaling down because of idle timeout
AssetImportWorker is now disconnected from the server
Process exiting
Exiting without the bug reporter. Application will terminate with return code 0