Using pre-set license
Built from '2021.3/staging' branch; Version is '2021.3.14f1 (eee1884e7226) revision 15655304'; Using compiler version '192829333'; Build Type 'Release'
OS: 'Windows 11  (10.0.22621) 64bit Professional' Language: 'en' Physical Memory: 24461 MB
BatchMode: 1, IsHumanControllingUs: 0, StartBugReporterOnCrash: 0, Is64bit: 1, IsPro: 1

COMMAND LINE ARGUMENTS:
C:\Program Files\Unity\Hub\Editor\2021.3.14f1\Editor\Unity.exe
-adb2
-batchMode
-noUpm
-name
AssetImportWorker39
-projectPath
G:/Transfer Stuff/GameDev/Unity/FantasyRPG/UnityFantasyRpg
-logFile
Logs/AssetImportWorker39.log
-srvPort
64560
Successfully changed project path to: G:/Transfer Stuff/GameDev/Unity/FantasyRPG/UnityFantasyRpg
G:/Transfer Stuff/GameDev/Unity/FantasyRPG/UnityFantasyRpg
[UnityMemory] Configuration Parameters - Can be set up in boot.config
    "memorysetup-bucket-allocator-granularity=16"
    "memorysetup-bucket-allocator-bucket-count=8"
    "memorysetup-bucket-allocator-block-size=33554432"
    "memorysetup-bucket-allocator-block-count=8"
    "memorysetup-main-allocator-block-size=16777216"
    "memorysetup-thread-allocator-block-size=16777216"
    "memorysetup-gfx-main-allocator-block-size=16777216"
    "memorysetup-gfx-thread-allocator-block-size=16777216"
    "memorysetup-cache-allocator-block-size=4194304"
    "memorysetup-typetree-allocator-block-size=2097152"
    "memorysetup-profiler-bucket-allocator-granularity=16"
    "memorysetup-profiler-bucket-allocator-bucket-count=8"
    "memorysetup-profiler-bucket-allocator-block-size=33554432"
    "memorysetup-profiler-bucket-allocator-block-count=8"
    "memorysetup-profiler-allocator-block-size=16777216"
    "memorysetup-profiler-editor-allocator-block-size=1048576"
    "memorysetup-temp-allocator-size-main=16777216"
    "memorysetup-job-temp-allocator-block-size=2097152"
    "memorysetup-job-temp-allocator-block-size-background=1048576"
    "memorysetup-job-temp-allocator-reduction-small-platforms=262144"
    "memorysetup-temp-allocator-size-background-worker=32768"
    "memorysetup-temp-allocator-size-job-worker=262144"
    "memorysetup-temp-allocator-size-preload-manager=33554432"
    "memorysetup-temp-allocator-size-nav-mesh-worker=65536"
    "memorysetup-temp-allocator-size-audio-worker=65536"
    "memorysetup-temp-allocator-size-cloud-worker=32768"
    "memorysetup-temp-allocator-size-gi-baking-worker=262144"
    "memorysetup-temp-allocator-size-gfx=262144"
Refreshing native plugins compatible for Editor in 76.42 ms, found 3 plugins.
Preloading 0 native plugins for Editor in 0.00 ms.
Initialize engine version: 2021.3.14f1 (eee1884e7226)
[Subsystems] Discovering subsystems at path C:/Program Files/Unity/Hub/Editor/2021.3.14f1/Editor/Data/Resources/UnitySubsystems
[Subsystems] Discovering subsystems at path G:/Transfer Stuff/GameDev/Unity/FantasyRPG/UnityFantasyRpg/Assets
GfxDevice: creating device client; threaded=0; jobified=0
Direct3D:
    Version:  Direct3D 11.0 [level 11.1]
    Renderer: NVIDIA GeForce RTX 3060 (ID=0x2487)
    Vendor:   NVIDIA
    VRAM:     12124 MB
    Driver:   31.0.15.2686
Initialize mono
Mono path[0] = 'C:/Program Files/Unity/Hub/Editor/2021.3.14f1/Editor/Data/Managed'
Mono path[1] = 'C:/Program Files/Unity/Hub/Editor/2021.3.14f1/Editor/Data/MonoBleedingEdge/lib/mono/unityjit-win32'
Mono config path = 'C:/Program Files/Unity/Hub/Editor/2021.3.14f1/Editor/Data/MonoBleedingEdge/etc'
Using monoOptions --debugger-agent=transport=dt_socket,embedding=1,server=y,suspend=n,address=127.0.0.1:56980
Begin MonoManager ReloadAssembly
Registering precompiled unity dll's ...
Register platform support module: C:/Program Files/Unity/Hub/Editor/2021.3.14f1/Editor/Data/PlaybackEngines/WindowsStandaloneSupport/UnityEditor.WindowsStandalone.Extensions.dll
Registered in 0.003848 seconds.
Native extension for WindowsStandalone target not found
Refreshing native plugins compatible for Editor in 79.70 ms, found 3 plugins.
Preloading 0 native plugins for Editor in 0.00 ms.
Mono: successfully reloaded assembly
- Completed reload, in  0.483 seconds
Domain Reload Profiling:
	ReloadAssembly (484ms)
		BeginReloadAssembly (52ms)
			ExecutionOrderSort (0ms)
			DisableScriptedObjects (0ms)
			BackupInstance (0ms)
			ReleaseScriptingObjects (0ms)
			CreateAndSetChildDomain (1ms)
		EndReloadAssembly (355ms)
			LoadAssemblies (50ms)
			RebuildTransferFunctionScriptingTraits (0ms)
			SetupTypeCache (70ms)
			ReleaseScriptCaches (0ms)
			RebuildScriptCaches (19ms)
			SetupLoadedEditorAssemblies (226ms)
				LogAssemblyErrors (0ms)
				InitializePlatformSupportModulesInManaged (6ms)
				SetLoadedEditorAssemblies (0ms)
				RefreshPlugins (80ms)
				BeforeProcessingInitializeOnLoad (1ms)
				ProcessInitializeOnLoadAttributes (105ms)
				ProcessInitializeOnLoadMethodAttributes (34ms)
				AfterProcessingInitializeOnLoad (0ms)
				EditorAssembliesLoaded (0ms)
			ExecutionOrderSort2 (0ms)
			AwakeInstancesAfterBackupRestoration (0ms)
Platform modules already initialized, skipping
Registering precompiled user dll's ...
Registered in 0.002890 seconds.
Begin MonoManager ReloadAssembly
Symbol file LoadedFromMemory doesn't match image G:\Transfer Stuff\GameDev\Unity\FantasyRPG\UnityFantasyRpg\Library\PackageCache\com.unity.visualscripting@1.7.8\Editor\VisualScripting.Core\Dependencies\YamlDotNet\Unity.VisualScripting.YamlDotNet.dll
Symbol file LoadedFromMemory doesn't match image G:\Transfer Stuff\GameDev\Unity\FantasyRPG\UnityFantasyRpg\Library\PackageCache\com.unity.visualscripting@1.7.8\Editor\VisualScripting.Core\Dependencies\DotNetZip\Unity.VisualScripting.IonicZip.dll
Native extension for WindowsStandalone target not found
Refreshing native plugins compatible for Editor in 1.04 ms, found 3 plugins.
Preloading 0 native plugins for Editor in 0.00 ms.
Mono: successfully reloaded assembly
- Completed reload, in  0.736 seconds
Domain Reload Profiling:
	ReloadAssembly (737ms)
		BeginReloadAssembly (84ms)
			ExecutionOrderSort (0ms)
			DisableScriptedObjects (4ms)
			BackupInstance (0ms)
			ReleaseScriptingObjects (0ms)
			CreateAndSetChildDomain (18ms)
		EndReloadAssembly (568ms)
			LoadAssemblies (56ms)
			RebuildTransferFunctionScriptingTraits (0ms)
			SetupTypeCache (171ms)
			ReleaseScriptCaches (1ms)
			RebuildScriptCaches (36ms)
			SetupLoadedEditorAssemblies (275ms)
				LogAssemblyErrors (0ms)
				InitializePlatformSupportModulesInManaged (4ms)
				SetLoadedEditorAssemblies (0ms)
				RefreshPlugins (1ms)
				BeforeProcessingInitializeOnLoad (65ms)
				ProcessInitializeOnLoadAttributes (178ms)
				ProcessInitializeOnLoadMethodAttributes (20ms)
				AfterProcessingInitializeOnLoad (6ms)
				EditorAssembliesLoaded (0ms)
			ExecutionOrderSort2 (0ms)
			AwakeInstancesAfterBackupRestoration (5ms)
Platform modules already initialized, skipping
========================================================================
Worker process is ready to serve import requests
Launched and connected shader compiler UnityShaderCompiler.exe after 0.04 seconds
Refreshing native plugins compatible for Editor in 1.15 ms, found 3 plugins.
Preloading 0 native plugins for Editor in 0.00 ms.
Unloading 3385 Unused Serialized files (Serialized files now loaded: 0)
Unloading 27 unused Assets / (114.2 KB). Loaded Objects now: 3863.
Memory consumption went from 137.9 MB to 137.8 MB.
Total: 2.842800 ms (FindLiveObjects: 0.196500 ms CreateObjectMapping: 0.106500 ms MarkObjects: 2.440800 ms  DeleteObjects: 0.098300 ms)

AssetImportParameters requested are different than current active one (requested -> active):
  custom:video-decoder-ogg-theora: a1e56fd34408186e4bbccfd4996cb3dc -> 
  custom:container-muxer-webm: aa71ff27fc2769a1b78a27578f13a17b -> 
  custom:container-demuxer-webm: 4f35f7cbe854078d1ac9338744f61a02 -> 
  custom:video-encoder-webm-vp8: eb34c28f22e8b96e1ab97ce403110664 -> 
  custom:video-codec-MediaFoundation-h265: 746d11721c4dcdbdad8f713fa42b33f4 -> 
  custom:audio-encoder-webm-vorbis: bf7c407c2cedff20999df2af8eb42d56 -> 
  custom:framework-win-MediaFoundation: 216162199b28c13a410421893ffa2e32 -> 
  custom:container-demuxer-ogg: 62fdf1f143b41e24485cea50d1cbac27 -> 
  custom:video-decoder-webm-vp8: 9c59270c3fd7afecdb556c50c9e8de78 -> 
  custom:audio-decoder-ogg-vorbis: bf7c407c2cedff20999df2af8eb42d56 -> 
========================================================================
Received Import Request.
  Time since last request: 906344.318557 seconds.
  path: Assets/PolygonDungeon/Models
  artifactKey: Guid(9834b25ae44a63e4eaf98992868aef73) Importer(815301076,1909f56bfc062723c751e8b465ee728b)
Start importing Assets/PolygonDungeon/Models using Guid(9834b25ae44a63e4eaf98992868aef73) Importer(815301076,1909f56bfc062723c751e8b465ee728b)  -> (artifact id: 'b9ae51863a5d2d5de6d7c9d70f00ea65') in 0.011186 seconds 
========================================================================
Received Import Request.
  Time since last request: 0.072583 seconds.
  path: Assets/PolygonDungeon/Models/FX_CubePivot.fbx
  artifactKey: Guid(0731b2ab7b5255640a6ab9e8f2c9d9e4) Importer(815301076,1909f56bfc062723c751e8b465ee728b)
Start importing Assets/PolygonDungeon/Models/FX_CubePivot.fbx using Guid(0731b2ab7b5255640a6ab9e8f2c9d9e4) Importer(815301076,1909f56bfc062723c751e8b465ee728b)  -> (artifact id: 'ad76158ecd962a932ece837c6c12e574') in 0.109719 seconds 
========================================================================
Received Import Request.
  Time since last request: 0.000016 seconds.
  path: Assets/PolygonDungeon/Models/SM_Env_Ceiling_Stone_Curved_03.fbx
  artifactKey: Guid(e480dece8acdb314fb47e36cccf48174) Importer(815301076,1909f56bfc062723c751e8b465ee728b)
Start importing Assets/PolygonDungeon/Models/SM_Env_Ceiling_Stone_Curved_03.fbx using Guid(e480dece8acdb314fb47e36cccf48174) Importer(815301076,1909f56bfc062723c751e8b465ee728b)  -> (artifact id: '36f4fec8e193e3be45c3a9eb086b0b90') in 0.010931 seconds 
========================================================================
Received Import Request.
  Time since last request: 0.000017 seconds.
  path: Assets/PolygonDungeon/Models/SM_Env_Bone_Spike_03.fbx
  artifactKey: Guid(c6e3cdfc26ed2f64c8f0bed3b37cda1c) Importer(815301076,1909f56bfc062723c751e8b465ee728b)
Start importing Assets/PolygonDungeon/Models/SM_Env_Bone_Spike_03.fbx using Guid(c6e3cdfc26ed2f64c8f0bed3b37cda1c) Importer(815301076,1909f56bfc062723c751e8b465ee728b)  -> (artifact id: 'c65be4aac8c4472e6b5a56d75f7d3d53') in 0.012572 seconds 
========================================================================
Received Import Request.
  Time since last request: 0.000018 seconds.
  path: Assets/PolygonDungeon/Models/SM_Env_Cave_Background_Corner_02.fbx
  artifactKey: Guid(fa0789dcf9776f447b25f3f442f0ac8f) Importer(815301076,1909f56bfc062723c751e8b465ee728b)
Start importing Assets/PolygonDungeon/Models/SM_Env_Cave_Background_Corner_02.fbx using Guid(fa0789dcf9776f447b25f3f442f0ac8f) Importer(815301076,1909f56bfc062723c751e8b465ee728b)  -> (artifact id: 'f2750759e6916e6efb4c55c5651d6001') in 0.014028 seconds 
========================================================================
Received Import Request.
  Time since last request: 0.000022 seconds.
  path: Assets/PolygonDungeon/Models/SM_Env_Cave_01.fbx
  artifactKey: Guid(7c634b6228d434c4bbd8e4e3115c15fb) Importer(815301076,1909f56bfc062723c751e8b465ee728b)
Start importing Assets/PolygonDungeon/Models/SM_Env_Cave_01.fbx using Guid(7c634b6228d434c4bbd8e4e3115c15fb) Importer(815301076,1909f56bfc062723c751e8b465ee728b)  -> (artifact id: '6a98589ecbb131e512f3499a76eb18d6') in 0.011196 seconds 
========================================================================
Received Import Request.
  Time since last request: 0.000026 seconds.
  path: Assets/PolygonDungeon/Models/SM_Env_Bone_Skull_Jaw_02.fbx
  artifactKey: Guid(62da51da1d6ae6f48acbdd21411cfded) Importer(815301076,1909f56bfc062723c751e8b465ee728b)
Start importing Assets/PolygonDungeon/Models/SM_Env_Bone_Skull_Jaw_02.fbx using Guid(62da51da1d6ae6f48acbdd21411cfded) Importer(815301076,1909f56bfc062723c751e8b465ee728b)  -> (artifact id: '6ff57c1ee8259c23a72e52f66a2d7e3d') in 0.013074 seconds 
========================================================================
Received Import Request.
  Time since last request: 0.000018 seconds.
  path: Assets/PolygonDungeon/Models/SM_Env_Bone_Rigcage_01.fbx
  artifactKey: Guid(19943a3f2b30bc74c80b50dc1c4a11f1) Importer(815301076,1909f56bfc062723c751e8b465ee728b)
Start importing Assets/PolygonDungeon/Models/SM_Env_Bone_Rigcage_01.fbx using Guid(19943a3f2b30bc74c80b50dc1c4a11f1) Importer(815301076,1909f56bfc062723c751e8b465ee728b)  -> (artifact id: '4bd3bc20ea5cb6824de667ea160423c5') in 0.012759 seconds 
========================================================================
Received Import Request.
  Time since last request: 0.000015 seconds.
  path: Assets/PolygonDungeon/Models/SM_Env_BonePile_Small_02.fbx
  artifactKey: Guid(bfedc0212f3a9074b98f3789de5ee652) Importer(815301076,1909f56bfc062723c751e8b465ee728b)
Start importing Assets/PolygonDungeon/Models/SM_Env_BonePile_Small_02.fbx using Guid(bfedc0212f3a9074b98f3789de5ee652) Importer(815301076,1909f56bfc062723c751e8b465ee728b)  -> (artifact id: 'cf1bc808dd7a38e23da3b741d2b453dd') in 0.011007 seconds 
========================================================================
Received Import Request.
  Time since last request: 0.000016 seconds.
  path: Assets/PolygonDungeon/Models/SM_Env_Cave_Curved_01_DoubleSided.fbx
  artifactKey: Guid(2e08abfe3bf4d8d40a0e61064e85d059) Importer(815301076,1909f56bfc062723c751e8b465ee728b)
Start importing Assets/PolygonDungeon/Models/SM_Env_Cave_Curved_01_DoubleSided.fbx using Guid(2e08abfe3bf4d8d40a0e61064e85d059) Importer(815301076,1909f56bfc062723c751e8b465ee728b)  -> (artifact id: '422f28c0e3104368648c8a25c67a78c7') in 0.013913 seconds 
========================================================================
Received Import Request.
  Time since last request: 0.000016 seconds.
  path: Assets/PolygonDungeon/Models/SM_Env_Bone_Tail_01.fbx
  artifactKey: Guid(d74c4a693f15d264b84c2af734c03284) Importer(815301076,1909f56bfc062723c751e8b465ee728b)
Start importing Assets/PolygonDungeon/Models/SM_Env_Bone_Tail_01.fbx using Guid(d74c4a693f15d264b84c2af734c03284) Importer(815301076,1909f56bfc062723c751e8b465ee728b)  -> (artifact id: '42899f25d971879fff920a3551a5a88b') in 0.012503 seconds 
========================================================================
Received Import Request.
  Time since last request: 0.000021 seconds.
  path: Assets/PolygonDungeon/Models/SM_Env_Cave_Roof_01.fbx
  artifactKey: Guid(7e873ddadd5c52f479745c50aeb21a3c) Importer(815301076,1909f56bfc062723c751e8b465ee728b)
Start importing Assets/PolygonDungeon/Models/SM_Env_Cave_Roof_01.fbx using Guid(7e873ddadd5c52f479745c50aeb21a3c) Importer(815301076,1909f56bfc062723c751e8b465ee728b)  -> (artifact id: 'a2c7af1a90909ac253fc77ba9f318579') in 0.012198 seconds 
========================================================================
Received Import Request.
  Time since last request: 0.000014 seconds.
  path: Assets/PolygonDungeon/Models/SM_Env_Cave_Large_01.fbx
  artifactKey: Guid(7603938fb2ab6ae43a65bc6afd557a10) Importer(815301076,1909f56bfc062723c751e8b465ee728b)
Start importing Assets/PolygonDungeon/Models/SM_Env_Cave_Large_01.fbx using Guid(7603938fb2ab6ae43a65bc6afd557a10) Importer(815301076,1909f56bfc062723c751e8b465ee728b)  -> (artifact id: 'c8129adf3de6372bf11cc3c5e3e878d1') in 0.012136 seconds 
========================================================================
Received Import Request.
  Time since last request: 0.000016 seconds.
  path: Assets/PolygonDungeon/Models/SM_Env_Cave_Background_Corner_02_DoubleSided.fbx
  artifactKey: Guid(412554d96cf39e740a496f22ce4a2285) Importer(815301076,1909f56bfc062723c751e8b465ee728b)
Start importing Assets/PolygonDungeon/Models/SM_Env_Cave_Background_Corner_02_DoubleSided.fbx using Guid(412554d96cf39e740a496f22ce4a2285) Importer(815301076,1909f56bfc062723c751e8b465ee728b)  -> (artifact id: '66c35c978eecae0e34b9f8c7b1cc1ec8') in 0.018377 seconds 
========================================================================
Received Import Request.
  Time since last request: 0.000019 seconds.
  path: Assets/PolygonDungeon/Models/SM_Env_Brick_Rubble_05.fbx
  artifactKey: Guid(10ac9ef77cf43c146b5132ba220ab697) Importer(815301076,1909f56bfc062723c751e8b465ee728b)
Start importing Assets/PolygonDungeon/Models/SM_Env_Brick_Rubble_05.fbx using Guid(10ac9ef77cf43c146b5132ba220ab697) Importer(815301076,1909f56bfc062723c751e8b465ee728b)  -> (artifact id: 'cffb6b7b2cccaa7bf60b2c9d18a7e358') in 0.027500 seconds 
========================================================================
Received Import Request.
  Time since last request: 0.000018 seconds.
  path: Assets/PolygonDungeon/Models/SM_Env_Ceiling_Stone_Curved_Corner_02.fbx
  artifactKey: Guid(b6901767108dc474b8872708908215d9) Importer(815301076,1909f56bfc062723c751e8b465ee728b)
Start importing Assets/PolygonDungeon/Models/SM_Env_Ceiling_Stone_Curved_Corner_02.fbx using Guid(b6901767108dc474b8872708908215d9) Importer(815301076,1909f56bfc062723c751e8b465ee728b)  -> (artifact id: '9dd98ae37dae4534d5ca68be56560742') in 0.010175 seconds 
========================================================================
Received Import Request.
  Time since last request: 0.000017 seconds.
  path: Assets/PolygonDungeon/Models/SM_Env_Ceiling_Stone_Flat_03.fbx
  artifactKey: Guid(b8d66b45fa3a51c4f82a9d95650e0a41) Importer(815301076,1909f56bfc062723c751e8b465ee728b)
Start importing Assets/PolygonDungeon/Models/SM_Env_Ceiling_Stone_Flat_03.fbx using Guid(b8d66b45fa3a51c4f82a9d95650e0a41) Importer(815301076,1909f56bfc062723c751e8b465ee728b)  -> (artifact id: 'a29032aa31b1ca7eae42e2463429108f') in 0.009808 seconds 
========================================================================
Received Import Request.
  Time since last request: 0.000018 seconds.
  path: Assets/PolygonDungeon/Models/SM_Env_Bone_Horn_01.fbx
  artifactKey: Guid(cd3dd821db706e747a71b0f22f733d67) Importer(815301076,1909f56bfc062723c751e8b465ee728b)
Start importing Assets/PolygonDungeon/Models/SM_Env_Bone_Horn_01.fbx using Guid(cd3dd821db706e747a71b0f22f733d67) Importer(815301076,1909f56bfc062723c751e8b465ee728b)  -> (artifact id: '2ca6ece55b1b30ded9ea0e507124b932') in 0.013802 seconds 
========================================================================
Received Import Request.
  Time since last request: 0.000017 seconds.
  path: Assets/PolygonDungeon/Models/SM_Env_Brick_Rubble_03.fbx
  artifactKey: Guid(31dd5b537e767de4d90ccb89fca2db5a) Importer(815301076,1909f56bfc062723c751e8b465ee728b)
Start importing Assets/PolygonDungeon/Models/SM_Env_Brick_Rubble_03.fbx using Guid(31dd5b537e767de4d90ccb89fca2db5a) Importer(815301076,1909f56bfc062723c751e8b465ee728b)  -> (artifact id: '4212efe917176b70d75406c4009f6f8b') in 0.013858 seconds 
========================================================================
Received Import Request.
  Time since last request: 0.000031 seconds.
  path: Assets/PolygonDungeon/Models/SM_Env_Cave_01_DoubleSided.fbx
  artifactKey: Guid(0becea949976dd744992d0bb2ec055d2) Importer(815301076,1909f56bfc062723c751e8b465ee728b)
Start importing Assets/PolygonDungeon/Models/SM_Env_Cave_01_DoubleSided.fbx using Guid(0becea949976dd744992d0bb2ec055d2) Importer(815301076,1909f56bfc062723c751e8b465ee728b)  -> (artifact id: 'ff3c5a3e7bee69f555a02f4298a6e4b4') in 0.011224 seconds 
========================================================================
Received Import Request.
  Time since last request: 0.000018 seconds.
  path: Assets/PolygonDungeon/Models/SM_Env_Bone_Spike_05.fbx
  artifactKey: Guid(f470da0aedb05a34b89ef29129f178ea) Importer(815301076,1909f56bfc062723c751e8b465ee728b)
Start importing Assets/PolygonDungeon/Models/SM_Env_Bone_Spike_05.fbx using Guid(f470da0aedb05a34b89ef29129f178ea) Importer(815301076,1909f56bfc062723c751e8b465ee728b)  -> (artifact id: '129066bdd74fa19ebae4c6354ac7e642') in 0.010307 seconds 
========================================================================
Received Import Request.
  Time since last request: 0.000016 seconds.
  path: Assets/PolygonDungeon/Models/SM_Env_Bone_Rib_02.fbx
  artifactKey: Guid(ae97822bfabac824a9e8d3b23272e392) Importer(815301076,1909f56bfc062723c751e8b465ee728b)
Start importing Assets/PolygonDungeon/Models/SM_Env_Bone_Rib_02.fbx using Guid(ae97822bfabac824a9e8d3b23272e392) Importer(815301076,1909f56bfc062723c751e8b465ee728b)  -> (artifact id: 'bd27387d9ce5722871d060a881961164') in 0.011020 seconds 
========================================================================
Received Import Request.
  Time since last request: 0.000016 seconds.
  path: Assets/PolygonDungeon/Models/SM_Env_Ceiling_Stone_Curved_02.fbx
  artifactKey: Guid(317593ff900554749aff43cc5dec78cc) Importer(815301076,1909f56bfc062723c751e8b465ee728b)
Start importing Assets/PolygonDungeon/Models/SM_Env_Ceiling_Stone_Curved_02.fbx using Guid(317593ff900554749aff43cc5dec78cc) Importer(815301076,1909f56bfc062723c751e8b465ee728b)  -> (artifact id: 'b27a3f9b94e688d57c2a391f63a709bf') in 0.021329 seconds 
========================================================================
Received Import Request.
  Time since last request: 0.000018 seconds.
  path: Assets/PolygonDungeon/Models/SM_Env_Alter_01.fbx
  artifactKey: Guid(45bced3c8edd88e4eaf44a68ca76c9f2) Importer(815301076,1909f56bfc062723c751e8b465ee728b)
Start importing Assets/PolygonDungeon/Models/SM_Env_Alter_01.fbx using Guid(45bced3c8edd88e4eaf44a68ca76c9f2) Importer(815301076,1909f56bfc062723c751e8b465ee728b)  -> (artifact id: 'bf29dc896a3eece6fc71dec98baa3494') in 0.017149 seconds 
========================================================================
Received Import Request.
  Time since last request: 0.000022 seconds.
  path: Assets/PolygonDungeon/Models/SM_Env_Ceiling_Stone_Flat_02.fbx
  artifactKey: Guid(91fa721a429345a418c481a5c5758159) Importer(815301076,1909f56bfc062723c751e8b465ee728b)
Start importing Assets/PolygonDungeon/Models/SM_Env_Ceiling_Stone_Flat_02.fbx using Guid(91fa721a429345a418c481a5c5758159) Importer(815301076,1909f56bfc062723c751e8b465ee728b)  -> (artifact id: '54b6459e1d70da823657bf5ee16bb30f') in 0.013444 seconds 
========================================================================
Received Import Request.
  Time since last request: 0.000020 seconds.
  path: Assets/PolygonDungeon/Models/SM_Env_Brick_Rubble_04.fbx
  artifactKey: Guid(9cab76665b24bd746b755b7fc05129b2) Importer(815301076,1909f56bfc062723c751e8b465ee728b)
Start importing Assets/PolygonDungeon/Models/SM_Env_Brick_Rubble_04.fbx using Guid(9cab76665b24bd746b755b7fc05129b2) Importer(815301076,1909f56bfc062723c751e8b465ee728b)  -> (artifact id: 'ce721603c9e10433af10f738d15031ed') in 0.017841 seconds 
========================================================================
Received Import Request.
  Time since last request: 0.000019 seconds.
  path: Assets/PolygonDungeon/Models/SM_Env_Background_Black_01.fbx
  artifactKey: Guid(5809542b383228840ba73e886d87ae73) Importer(815301076,1909f56bfc062723c751e8b465ee728b)
Start importing Assets/PolygonDungeon/Models/SM_Env_Background_Black_01.fbx using Guid(5809542b383228840ba73e886d87ae73) Importer(815301076,1909f56bfc062723c751e8b465ee728b)  -> (artifact id: '6793d259aab193873586b857c411768b') in 0.014005 seconds 
========================================================================
Received Import Request.
  Time since last request: 0.000034 seconds.
  path: Assets/PolygonDungeon/Models/SM_Env_Cave_02.fbx
  artifactKey: Guid(4cc77233a18dce54682dfa5c3335a27c) Importer(815301076,1909f56bfc062723c751e8b465ee728b)
Start importing Assets/PolygonDungeon/Models/SM_Env_Cave_02.fbx using Guid(4cc77233a18dce54682dfa5c3335a27c) Importer(815301076,1909f56bfc062723c751e8b465ee728b)  -> (artifact id: 'ea771dc81093243de3ab3d61003070b3') in 0.014086 seconds 
========================================================================
Received Import Request.
  Time since last request: 0.000024 seconds.
  path: Assets/PolygonDungeon/Models/SM_Env_Cave_Large_Corner_01_DoubleSided.fbx
  artifactKey: Guid(6e7ab42a416f7b9459720c395118538a) Importer(815301076,1909f56bfc062723c751e8b465ee728b)
Start importing Assets/PolygonDungeon/Models/SM_Env_Cave_Large_Corner_01_DoubleSided.fbx using Guid(6e7ab42a416f7b9459720c395118538a) Importer(815301076,1909f56bfc062723c751e8b465ee728b)  -> (artifact id: 'e26dc8c8f3c70e077daf6a8c02357224') in 0.014909 seconds 
========================================================================
Received Import Request.
  Time since last request: 0.000024 seconds.
  path: Assets/PolygonDungeon/Models/SM_Env_Cave_Background_02_DoubleSided.fbx
  artifactKey: Guid(e08263bee1d5edd4b9dd6aef1f952001) Importer(815301076,1909f56bfc062723c751e8b465ee728b)
Start importing Assets/PolygonDungeon/Models/SM_Env_Cave_Background_02_DoubleSided.fbx using Guid(e08263bee1d5edd4b9dd6aef1f952001) Importer(815301076,1909f56bfc062723c751e8b465ee728b)  -> (artifact id: '7aeba996e8ebb5623470ac45f42e363d') in 0.012273 seconds 
========================================================================
Received Import Request.
  Time since last request: 0.000025 seconds.
  path: Assets/PolygonDungeon/Models/SM_Env_Cave_02_DoubleSided.fbx
  artifactKey: Guid(66c223b55425d1342a8181f9282a9532) Importer(815301076,1909f56bfc062723c751e8b465ee728b)
Start importing Assets/PolygonDungeon/Models/SM_Env_Cave_02_DoubleSided.fbx using Guid(66c223b55425d1342a8181f9282a9532) Importer(815301076,1909f56bfc062723c751e8b465ee728b)  -> (artifact id: 'cca58ba9b4c9c36441cc0d5ccfb9ade7') in 0.012514 seconds 
========================================================================
Received Import Request.
  Time since last request: 0.000037 seconds.
  path: Assets/PolygonDungeon/Models/SM_Env_Basement_Ceiling_01.fbx
  artifactKey: Guid(dc2f8777bc3bf92479b83b7a4267fa31) Importer(815301076,1909f56bfc062723c751e8b465ee728b)
Start importing Assets/PolygonDungeon/Models/SM_Env_Basement_Ceiling_01.fbx using Guid(dc2f8777bc3bf92479b83b7a4267fa31) Importer(815301076,1909f56bfc062723c751e8b465ee728b)  -> (artifact id: '340fd1cdaec7626137b683aaadfbf745') in 0.013769 seconds 
========================================================================
Received Import Request.
  Time since last request: 0.000018 seconds.
  path: Assets/PolygonDungeon/Models/SM_Env_Cave_Large_Corner_01.fbx
  artifactKey: Guid(1ba12c891e37ce3419e5734a52f3b742) Importer(815301076,1909f56bfc062723c751e8b465ee728b)
Start importing Assets/PolygonDungeon/Models/SM_Env_Cave_Large_Corner_01.fbx using Guid(1ba12c891e37ce3419e5734a52f3b742) Importer(815301076,1909f56bfc062723c751e8b465ee728b)  -> (artifact id: '41cfe40e2e2f335b6416db113078abd0') in 0.015215 seconds 
========================================================================
Received Import Request.
  Time since last request: 0.000017 seconds.
  path: Assets/PolygonDungeon/Models/SM_Arrow_01.fbx
  artifactKey: Guid(1fac0970bac25574ebb8fa1e625d4a4b) Importer(815301076,1909f56bfc062723c751e8b465ee728b)
Start importing Assets/PolygonDungeon/Models/SM_Arrow_01.fbx using Guid(1fac0970bac25574ebb8fa1e625d4a4b) Importer(815301076,1909f56bfc062723c751e8b465ee728b)  -> (artifact id: '40ee5658ef620818941d7513eb0dcf55') in 0.011260 seconds 
========================================================================
Received Import Request.
  Time since last request: 0.000021 seconds.
  path: Assets/PolygonDungeon/Models/SM_Env_Bone_Spike_02.fbx
  artifactKey: Guid(43bdb4625ad2bb84c95449bd9a4e3878) Importer(815301076,1909f56bfc062723c751e8b465ee728b)
Start importing Assets/PolygonDungeon/Models/SM_Env_Bone_Spike_02.fbx using Guid(43bdb4625ad2bb84c95449bd9a4e3878) Importer(815301076,1909f56bfc062723c751e8b465ee728b)  -> (artifact id: 'eef7ecf4e12ff45b4f7a988724a0bae5') in 0.012077 seconds 
========================================================================
Received Import Request.
  Time since last request: 0.000017 seconds.
  path: Assets/PolygonDungeon/Models/SM_Env_Cave_Curved_Corner_01_DoubleSided.fbx
  artifactKey: Guid(f4b3526f1a14c9e43a8ebb99e6d36693) Importer(815301076,1909f56bfc062723c751e8b465ee728b)
Start importing Assets/PolygonDungeon/Models/SM_Env_Cave_Curved_Corner_01_DoubleSided.fbx using Guid(f4b3526f1a14c9e43a8ebb99e6d36693) Importer(815301076,1909f56bfc062723c751e8b465ee728b)  -> (artifact id: '4cbaca0c8392453793ab6cc0d4ed34a4') in 0.011292 seconds 
========================================================================
Received Import Request.
  Time since last request: 0.000017 seconds.
  path: Assets/PolygonDungeon/Models/SM_Env_Cave_Background_02.fbx
  artifactKey: Guid(a783a1013ce065c448205cc30c638255) Importer(815301076,1909f56bfc062723c751e8b465ee728b)
Start importing Assets/PolygonDungeon/Models/SM_Env_Cave_Background_02.fbx using Guid(a783a1013ce065c448205cc30c638255) Importer(815301076,1909f56bfc062723c751e8b465ee728b)  -> (artifact id: '36b05adf112d553bb9d20d787299a35d') in 0.011629 seconds 
========================================================================
Received Import Request.
  Time since last request: 0.000018 seconds.
  path: Assets/PolygonDungeon/Models/SM_Env_BonePile_01.fbx
  artifactKey: Guid(b89ef59607bc8c8478705cc0ceadc89f) Importer(815301076,1909f56bfc062723c751e8b465ee728b)
Start importing Assets/PolygonDungeon/Models/SM_Env_BonePile_01.fbx using Guid(b89ef59607bc8c8478705cc0ceadc89f) Importer(815301076,1909f56bfc062723c751e8b465ee728b)  -> (artifact id: '73e8289e62108991ded42df30853e09f') in 0.011529 seconds 
========================================================================
Received Import Request.
  Time since last request: 0.000015 seconds.
  path: Assets/PolygonDungeon/Models/SM_Env_Basement_Support_Beam_Bolt_01.fbx
  artifactKey: Guid(5520596120e19624ea3e7e7691785dc6) Importer(815301076,1909f56bfc062723c751e8b465ee728b)
Start importing Assets/PolygonDungeon/Models/SM_Env_Basement_Support_Beam_Bolt_01.fbx using Guid(5520596120e19624ea3e7e7691785dc6) Importer(815301076,1909f56bfc062723c751e8b465ee728b)  -> (artifact id: '66534f28fe730c26683d9150db8bba99') in 0.011267 seconds 
========================================================================
Received Import Request.
  Time since last request: 8.007050 seconds.
  path: Assets/Hovl Studio/AAA Projectiles Vol 1/Prefabs/Projectiles 2D/2D Projectile 5.prefab
  artifactKey: Guid(a72b0584d93ed0f4fa614a9e4d8346a1) Importer(815301076,1909f56bfc062723c751e8b465ee728b)
Start importing Assets/Hovl Studio/AAA Projectiles Vol 1/Prefabs/Projectiles 2D/2D Projectile 5.prefab using Guid(a72b0584d93ed0f4fa614a9e4d8346a1) Importer(815301076,1909f56bfc062723c751e8b465ee728b)  -> (artifact id: '67ec5aa371b2cb831e0e0b9087d19f45') in 0.033612 seconds 
========================================================================
Received Import Request.
  Time since last request: 0.000020 seconds.
  path: Assets/Hovl Studio/AAA Projectiles Vol 1/Prefabs/Projectiles 2D/2D Projectile 21.prefab
  artifactKey: Guid(b5142b50d0087484da65aa5c35349656) Importer(815301076,1909f56bfc062723c751e8b465ee728b)
Start importing Assets/Hovl Studio/AAA Projectiles Vol 1/Prefabs/Projectiles 2D/2D Projectile 21.prefab using Guid(b5142b50d0087484da65aa5c35349656) Importer(815301076,1909f56bfc062723c751e8b465ee728b)  -> (artifact id: '5f59196a564cc984b9fe339065e4c775') in 0.015698 seconds 
========================================================================
Received Import Request.
  Time since last request: 0.000023 seconds.
  path: Assets/Hovl Studio/AAA Projectiles Vol 1/Prefabs/Projectiles 2D/2D Projectile 13.prefab
  artifactKey: Guid(9218cc77664e9974899dffd7fb026ade) Importer(815301076,1909f56bfc062723c751e8b465ee728b)
Start importing Assets/Hovl Studio/AAA Projectiles Vol 1/Prefabs/Projectiles 2D/2D Projectile 13.prefab using Guid(9218cc77664e9974899dffd7fb026ade) Importer(815301076,1909f56bfc062723c751e8b465ee728b)  -> (artifact id: '34ee40cffb40b9b31f68b91bc60e8e4e') in 0.021563 seconds 
========================================================================
Received Import Request.
  Time since last request: 0.000023 seconds.
  path: Assets/Hovl Studio/AAA Projectiles Vol 1/Prefabs/Projectiles 2D/2D Projectile 25.prefab
  artifactKey: Guid(0a3674a698518694c809dd4c9c589796) Importer(815301076,1909f56bfc062723c751e8b465ee728b)
Start importing Assets/Hovl Studio/AAA Projectiles Vol 1/Prefabs/Projectiles 2D/2D Projectile 25.prefab using Guid(0a3674a698518694c809dd4c9c589796) Importer(815301076,1909f56bfc062723c751e8b465ee728b)  -> (artifact id: 'abbc955e46a5965eed08d244103e79a3') in 0.027406 seconds 
========================================================================
Received Import Request.
  Time since last request: 0.000033 seconds.
  path: Assets/Hovl Studio/Resources/Materials/Arrow4bcg.mat
  artifactKey: Guid(019b803e1daea22428f18493a7672ea0) Importer(815301076,1909f56bfc062723c751e8b465ee728b)
Start importing Assets/Hovl Studio/Resources/Materials/Arrow4bcg.mat using Guid(019b803e1daea22428f18493a7672ea0) Importer(815301076,1909f56bfc062723c751e8b465ee728b)  -> (artifact id: 'f2516b7e3b49bc69f9392e2b09219468') in 0.021064 seconds 
========================================================================
Received Import Request.
  Time since last request: 0.000019 seconds.
  path: Assets/Hovl Studio/AAA Projectiles Vol 1/Prefabs/Projectiles 2D/2D Projectile 18.prefab
  artifactKey: Guid(0dc5d7207c20d6b4ab08f4ef524bdfc4) Importer(815301076,1909f56bfc062723c751e8b465ee728b)
Start importing Assets/Hovl Studio/AAA Projectiles Vol 1/Prefabs/Projectiles 2D/2D Projectile 18.prefab using Guid(0dc5d7207c20d6b4ab08f4ef524bdfc4) Importer(815301076,1909f56bfc062723c751e8b465ee728b)  -> (artifact id: '7ebf484c07ca5cc11da113ff32121911') in 0.025413 seconds 
========================================================================
Received Import Request.
  Time since last request: 0.000051 seconds.
  path: Assets/Hovl Studio/AAA Projectiles Vol 1/Prefabs/Projectiles 2D/2D Projectile 14.prefab
  artifactKey: Guid(7a4531df8185dbb468525ab8cdfae099) Importer(815301076,1909f56bfc062723c751e8b465ee728b)
Start importing Assets/Hovl Studio/AAA Projectiles Vol 1/Prefabs/Projectiles 2D/2D Projectile 14.prefab using Guid(7a4531df8185dbb468525ab8cdfae099) Importer(815301076,1909f56bfc062723c751e8b465ee728b)  -> (artifact id: 'cd66bdd03c076a606544e54abb7dd96f') in 0.022381 seconds 
========================================================================
Received Import Request.
  Time since last request: 0.000033 seconds.
  path: Assets/Hovl Studio/AAA Projectiles Vol 1/Prefabs/Projectiles 2D/2D Projectile 9.prefab
  artifactKey: Guid(c0ddb623e2878c94190a0546149028c8) Importer(815301076,1909f56bfc062723c751e8b465ee728b)
Start importing Assets/Hovl Studio/AAA Projectiles Vol 1/Prefabs/Projectiles 2D/2D Projectile 9.prefab using Guid(c0ddb623e2878c94190a0546149028c8) Importer(815301076,1909f56bfc062723c751e8b465ee728b)  -> (artifact id: '8bf230ca2f3bb85a8274868e2d5a5257') in 0.032494 seconds 
========================================================================
Received Import Request.
  Time since last request: 0.000043 seconds.
  path: Assets/Hovl Studio/Resources/Models/CenterPlate.fbx
  artifactKey: Guid(65c0eaceac438ba448e60919b3678586) Importer(815301076,1909f56bfc062723c751e8b465ee728b)
Start importing Assets/Hovl Studio/Resources/Models/CenterPlate.fbx using Guid(65c0eaceac438ba448e60919b3678586) Importer(815301076,1909f56bfc062723c751e8b465ee728b)  -> (artifact id: 'd687257432b382a4001db87feba5a495') in 0.014266 seconds 
========================================================================
Received Import Request.
  Time since last request: 2.093468 seconds.
  path: Assets/PolygonDungeon/Prefabs/Characters/Character_Goblin_WarChief.prefab
  artifactKey: Guid(388fa61abd880a549864058f895c8045) Importer(815301076,1909f56bfc062723c751e8b465ee728b)
Start importing Assets/PolygonDungeon/Prefabs/Characters/Character_Goblin_WarChief.prefab using Guid(388fa61abd880a549864058f895c8045) Importer(815301076,1909f56bfc062723c751e8b465ee728b)  -> (artifact id: '28657b62fa8eede460faefc0854a43b6') in 0.111824 seconds 
========================================================================
Received Import Request.
  Time since last request: 0.000021 seconds.
  path: Assets/PolygonDungeon/Materials/Dungeons_Material_Characters_01.mat
  artifactKey: Guid(1a64cf0a23f83924f9debcb452685f6f) Importer(815301076,1909f56bfc062723c751e8b465ee728b)
Start importing Assets/PolygonDungeon/Materials/Dungeons_Material_Characters_01.mat using Guid(1a64cf0a23f83924f9debcb452685f6f) Importer(815301076,1909f56bfc062723c751e8b465ee728b)  -> (artifact id: 'cef19e3905958d58d867cd158de9631d') in 0.015886 seconds 
Editor requested this worker to shutdown with reason: Scaling down because of idle timeout
AssetImportWorker is now disconnected from the server
Process exiting
Exiting without the bug reporter. Application will terminate with return code 0