Using pre-set license
Built from '2021.3/staging' branch; Version is '2021.3.14f1 (eee1884e7226) revision 15655304'; Using compiler version '192829333'; Build Type 'Release'
OS: 'Windows 11  (10.0.22621) 64bit Professional' Language: 'en' Physical Memory: 24461 MB
BatchMode: 1, IsHumanControllingUs: 0, StartBugReporterOnCrash: 0, Is64bit: 1, IsPro: 1

COMMAND LINE ARGUMENTS:
C:\Program Files\Unity\Hub\Editor\2021.3.14f1\Editor\Unity.exe
-adb2
-batchMode
-noUpm
-name
AssetImportWorker40
-projectPath
G:/Transfer Stuff/GameDev/Unity/FantasyRPG/UnityFantasyRpg
-logFile
Logs/AssetImportWorker40.log
-srvPort
64560
Successfully changed project path to: G:/Transfer Stuff/GameDev/Unity/FantasyRPG/UnityFantasyRpg
G:/Transfer Stuff/GameDev/Unity/FantasyRPG/UnityFantasyRpg
[UnityMemory] Configuration Parameters - Can be set up in boot.config
    "memorysetup-bucket-allocator-granularity=16"
    "memorysetup-bucket-allocator-bucket-count=8"
    "memorysetup-bucket-allocator-block-size=33554432"
    "memorysetup-bucket-allocator-block-count=8"
    "memorysetup-main-allocator-block-size=16777216"
    "memorysetup-thread-allocator-block-size=16777216"
    "memorysetup-gfx-main-allocator-block-size=16777216"
    "memorysetup-gfx-thread-allocator-block-size=16777216"
    "memorysetup-cache-allocator-block-size=4194304"
    "memorysetup-typetree-allocator-block-size=2097152"
    "memorysetup-profiler-bucket-allocator-granularity=16"
    "memorysetup-profiler-bucket-allocator-bucket-count=8"
    "memorysetup-profiler-bucket-allocator-block-size=33554432"
    "memorysetup-profiler-bucket-allocator-block-count=8"
    "memorysetup-profiler-allocator-block-size=16777216"
    "memorysetup-profiler-editor-allocator-block-size=1048576"
    "memorysetup-temp-allocator-size-main=16777216"
    "memorysetup-job-temp-allocator-block-size=2097152"
    "memorysetup-job-temp-allocator-block-size-background=1048576"
    "memorysetup-job-temp-allocator-reduction-small-platforms=262144"
    "memorysetup-temp-allocator-size-background-worker=32768"
    "memorysetup-temp-allocator-size-job-worker=262144"
    "memorysetup-temp-allocator-size-preload-manager=33554432"
    "memorysetup-temp-allocator-size-nav-mesh-worker=65536"
    "memorysetup-temp-allocator-size-audio-worker=65536"
    "memorysetup-temp-allocator-size-cloud-worker=32768"
    "memorysetup-temp-allocator-size-gi-baking-worker=262144"
    "memorysetup-temp-allocator-size-gfx=262144"
Refreshing native plugins compatible for Editor in 84.25 ms, found 3 plugins.
Preloading 0 native plugins for Editor in 0.00 ms.
Initialize engine version: 2021.3.14f1 (eee1884e7226)
[Subsystems] Discovering subsystems at path C:/Program Files/Unity/Hub/Editor/2021.3.14f1/Editor/Data/Resources/UnitySubsystems
[Subsystems] Discovering subsystems at path G:/Transfer Stuff/GameDev/Unity/FantasyRPG/UnityFantasyRpg/Assets
GfxDevice: creating device client; threaded=0; jobified=0
Direct3D:
    Version:  Direct3D 11.0 [level 11.1]
    Renderer: NVIDIA GeForce RTX 3060 (ID=0x2487)
    Vendor:   NVIDIA
    VRAM:     12124 MB
    Driver:   31.0.15.2686
Initialize mono
Mono path[0] = 'C:/Program Files/Unity/Hub/Editor/2021.3.14f1/Editor/Data/Managed'
Mono path[1] = 'C:/Program Files/Unity/Hub/Editor/2021.3.14f1/Editor/Data/MonoBleedingEdge/lib/mono/unityjit-win32'
Mono config path = 'C:/Program Files/Unity/Hub/Editor/2021.3.14f1/Editor/Data/MonoBleedingEdge/etc'
Using monoOptions --debugger-agent=transport=dt_socket,embedding=1,server=y,suspend=n,address=127.0.0.1:56360
Begin MonoManager ReloadAssembly
Registering precompiled unity dll's ...
Register platform support module: C:/Program Files/Unity/Hub/Editor/2021.3.14f1/Editor/Data/PlaybackEngines/WindowsStandaloneSupport/UnityEditor.WindowsStandalone.Extensions.dll
Registered in 0.004067 seconds.
Native extension for WindowsStandalone target not found
Refreshing native plugins compatible for Editor in 79.47 ms, found 3 plugins.
Preloading 0 native plugins for Editor in 0.00 ms.
Mono: successfully reloaded assembly
- Completed reload, in  0.488 seconds
Domain Reload Profiling:
	ReloadAssembly (488ms)
		BeginReloadAssembly (55ms)
			ExecutionOrderSort (0ms)
			DisableScriptedObjects (0ms)
			BackupInstance (0ms)
			ReleaseScriptingObjects (0ms)
			CreateAndSetChildDomain (1ms)
		EndReloadAssembly (353ms)
			LoadAssemblies (53ms)
			RebuildTransferFunctionScriptingTraits (0ms)
			SetupTypeCache (71ms)
			ReleaseScriptCaches (0ms)
			RebuildScriptCaches (19ms)
			SetupLoadedEditorAssemblies (224ms)
				LogAssemblyErrors (0ms)
				InitializePlatformSupportModulesInManaged (5ms)
				SetLoadedEditorAssemblies (0ms)
				RefreshPlugins (80ms)
				BeforeProcessingInitializeOnLoad (1ms)
				ProcessInitializeOnLoadAttributes (104ms)
				ProcessInitializeOnLoadMethodAttributes (33ms)
				AfterProcessingInitializeOnLoad (0ms)
				EditorAssembliesLoaded (0ms)
			ExecutionOrderSort2 (0ms)
			AwakeInstancesAfterBackupRestoration (0ms)
Platform modules already initialized, skipping
Registering precompiled user dll's ...
Registered in 0.003044 seconds.
Begin MonoManager ReloadAssembly
Symbol file LoadedFromMemory doesn't match image G:\Transfer Stuff\GameDev\Unity\FantasyRPG\UnityFantasyRpg\Library\PackageCache\com.unity.visualscripting@1.7.8\Editor\VisualScripting.Core\Dependencies\YamlDotNet\Unity.VisualScripting.YamlDotNet.dll
Symbol file LoadedFromMemory doesn't match image G:\Transfer Stuff\GameDev\Unity\FantasyRPG\UnityFantasyRpg\Library\PackageCache\com.unity.visualscripting@1.7.8\Editor\VisualScripting.Core\Dependencies\DotNetZip\Unity.VisualScripting.IonicZip.dll
Native extension for WindowsStandalone target not found
Refreshing native plugins compatible for Editor in 1.09 ms, found 3 plugins.
Preloading 0 native plugins for Editor in 0.00 ms.
Mono: successfully reloaded assembly
- Completed reload, in  0.773 seconds
Domain Reload Profiling:
	ReloadAssembly (773ms)
		BeginReloadAssembly (89ms)
			ExecutionOrderSort (0ms)
			DisableScriptedObjects (4ms)
			BackupInstance (0ms)
			ReleaseScriptingObjects (0ms)
			CreateAndSetChildDomain (19ms)
		EndReloadAssembly (595ms)
			LoadAssemblies (62ms)
			RebuildTransferFunctionScriptingTraits (0ms)
			SetupTypeCache (191ms)
			ReleaseScriptCaches (1ms)
			RebuildScriptCaches (37ms)
			SetupLoadedEditorAssemblies (279ms)
				LogAssemblyErrors (0ms)
				InitializePlatformSupportModulesInManaged (4ms)
				SetLoadedEditorAssemblies (0ms)
				RefreshPlugins (1ms)
				BeforeProcessingInitializeOnLoad (68ms)
				ProcessInitializeOnLoadAttributes (180ms)
				ProcessInitializeOnLoadMethodAttributes (19ms)
				AfterProcessingInitializeOnLoad (6ms)
				EditorAssembliesLoaded (0ms)
			ExecutionOrderSort2 (0ms)
			AwakeInstancesAfterBackupRestoration (5ms)
Platform modules already initialized, skipping
========================================================================
Worker process is ready to serve import requests
Launched and connected shader compiler UnityShaderCompiler.exe after 0.04 seconds
Refreshing native plugins compatible for Editor in 0.84 ms, found 3 plugins.
Preloading 0 native plugins for Editor in 0.00 ms.
Unloading 3385 Unused Serialized files (Serialized files now loaded: 0)
Unloading 27 unused Assets / (114.2 KB). Loaded Objects now: 3863.
Memory consumption went from 137.9 MB to 137.8 MB.
Total: 4.593500 ms (FindLiveObjects: 0.332100 ms CreateObjectMapping: 0.080500 ms MarkObjects: 4.053300 ms  DeleteObjects: 0.126900 ms)

AssetImportParameters requested are different than current active one (requested -> active):
  custom:video-decoder-ogg-theora: a1e56fd34408186e4bbccfd4996cb3dc -> 
  custom:container-muxer-webm: aa71ff27fc2769a1b78a27578f13a17b -> 
  custom:container-demuxer-webm: 4f35f7cbe854078d1ac9338744f61a02 -> 
  custom:video-encoder-webm-vp8: eb34c28f22e8b96e1ab97ce403110664 -> 
  custom:video-codec-MediaFoundation-h265: 746d11721c4dcdbdad8f713fa42b33f4 -> 
  custom:audio-encoder-webm-vorbis: bf7c407c2cedff20999df2af8eb42d56 -> 
  custom:framework-win-MediaFoundation: 216162199b28c13a410421893ffa2e32 -> 
  custom:container-demuxer-ogg: 62fdf1f143b41e24485cea50d1cbac27 -> 
  custom:video-decoder-webm-vp8: 9c59270c3fd7afecdb556c50c9e8de78 -> 
  custom:audio-decoder-ogg-vorbis: bf7c407c2cedff20999df2af8eb42d56 -> 
========================================================================
Received Import Request.
  Time since last request: 906344.407427 seconds.
  path: Assets/PolygonDungeon/Models/FX_CubePivot_Mesh.fbx
  artifactKey: Guid(39507b9ce3ffc4948b27dfdb77a84488) Importer(815301076,1909f56bfc062723c751e8b465ee728b)
Start importing Assets/PolygonDungeon/Models/FX_CubePivot_Mesh.fbx using Guid(39507b9ce3ffc4948b27dfdb77a84488) Importer(815301076,1909f56bfc062723c751e8b465ee728b)  -> (artifact id: '0f7f98233625afeec50cddb60c31299d') in 0.112603 seconds 
========================================================================
Received Import Request.
  Time since last request: 0.000021 seconds.
  path: Assets/PolygonDungeon/Models/SM_Env_Bone_Spine_03.fbx
  artifactKey: Guid(bbe0af02b8c4e8c4d816a772117e8f7e) Importer(815301076,1909f56bfc062723c751e8b465ee728b)
Start importing Assets/PolygonDungeon/Models/SM_Env_Bone_Spine_03.fbx using Guid(bbe0af02b8c4e8c4d816a772117e8f7e) Importer(815301076,1909f56bfc062723c751e8b465ee728b)  -> (artifact id: '056761ca39d69835cfa147c3d869f381') in 0.016151 seconds 
========================================================================
Received Import Request.
  Time since last request: 0.000030 seconds.
  path: Assets/PolygonDungeon/Models/SM_Env_Bone_Spine_01.fbx
  artifactKey: Guid(f0ae0b8a6f2cc444b9e21d50398c458b) Importer(815301076,1909f56bfc062723c751e8b465ee728b)
Start importing Assets/PolygonDungeon/Models/SM_Env_Bone_Spine_01.fbx using Guid(f0ae0b8a6f2cc444b9e21d50398c458b) Importer(815301076,1909f56bfc062723c751e8b465ee728b)  -> (artifact id: '7785512af568765802fec56e2fe926f8') in 0.020676 seconds 
========================================================================
Received Import Request.
  Time since last request: 0.000023 seconds.
  path: Assets/PolygonDungeon/Models/SM_Env_Bone_Spike_04.fbx
  artifactKey: Guid(1c543ee314cac96418be055bb8644623) Importer(815301076,1909f56bfc062723c751e8b465ee728b)
Start importing Assets/PolygonDungeon/Models/SM_Env_Bone_Spike_04.fbx using Guid(1c543ee314cac96418be055bb8644623) Importer(815301076,1909f56bfc062723c751e8b465ee728b)  -> (artifact id: '3e6619dc4dbe573167fa50b1a4890812') in 0.020452 seconds 
========================================================================
Received Import Request.
  Time since last request: 0.000031 seconds.
  path: Assets/PolygonDungeon/Models/SM_Env_Basement_Support_Pole_01.fbx
  artifactKey: Guid(f7c39f54d608c2143b4e9886011e3e05) Importer(815301076,1909f56bfc062723c751e8b465ee728b)
Start importing Assets/PolygonDungeon/Models/SM_Env_Basement_Support_Pole_01.fbx using Guid(f7c39f54d608c2143b4e9886011e3e05) Importer(815301076,1909f56bfc062723c751e8b465ee728b)  -> (artifact id: 'b5010efd6c4fb790b8560bebbf162147') in 0.014722 seconds 
========================================================================
Received Import Request.
  Time since last request: 0.000017 seconds.
  path: Assets/PolygonDungeon/Models/SM_Env_Bone_Spike_01.fbx
  artifactKey: Guid(42a9642fffa0845468cea26dad0d1f67) Importer(815301076,1909f56bfc062723c751e8b465ee728b)
Start importing Assets/PolygonDungeon/Models/SM_Env_Bone_Spike_01.fbx using Guid(42a9642fffa0845468cea26dad0d1f67) Importer(815301076,1909f56bfc062723c751e8b465ee728b)  -> (artifact id: 'cec84f850b3432126d9f51764b342bcd') in 0.012249 seconds 
========================================================================
Received Import Request.
  Time since last request: 0.000016 seconds.
  path: Assets/PolygonDungeon/Models/SM_Env_Cave_Background_01_DoubleSided.fbx
  artifactKey: Guid(7cf402dfbf99bc84f818ecd535cac3ae) Importer(815301076,1909f56bfc062723c751e8b465ee728b)
Start importing Assets/PolygonDungeon/Models/SM_Env_Cave_Background_01_DoubleSided.fbx using Guid(7cf402dfbf99bc84f818ecd535cac3ae) Importer(815301076,1909f56bfc062723c751e8b465ee728b)  -> (artifact id: 'b6c004a4c4de78ab8aef6e24708681fa') in 0.017556 seconds 
========================================================================
Received Import Request.
  Time since last request: 0.000018 seconds.
  path: Assets/PolygonDungeon/Models/SM_Env_Bone_Spine_02.fbx
  artifactKey: Guid(9a8c4e1ebba3fde42831206b2b8eb0ac) Importer(815301076,1909f56bfc062723c751e8b465ee728b)
Start importing Assets/PolygonDungeon/Models/SM_Env_Bone_Spine_02.fbx using Guid(9a8c4e1ebba3fde42831206b2b8eb0ac) Importer(815301076,1909f56bfc062723c751e8b465ee728b)  -> (artifact id: 'a032aa665fa7289fe67d10df2d36ea87') in 0.012915 seconds 
========================================================================
Received Import Request.
  Time since last request: 0.000017 seconds.
  path: Assets/PolygonDungeon/Models/SM_Env_Bone_Skull_01.fbx
  artifactKey: Guid(6fcce90750f14824b879587aec3b40d9) Importer(815301076,1909f56bfc062723c751e8b465ee728b)
Start importing Assets/PolygonDungeon/Models/SM_Env_Bone_Skull_01.fbx using Guid(6fcce90750f14824b879587aec3b40d9) Importer(815301076,1909f56bfc062723c751e8b465ee728b)  -> (artifact id: '93e14a2f41a0534c3c30945482dfcaab') in 0.018705 seconds 
========================================================================
Received Import Request.
  Time since last request: 0.000019 seconds.
  path: Assets/PolygonDungeon/Models/SM_Env_Bone_Cracked_02.fbx
  artifactKey: Guid(b0602e4838f64e84fa7cb653b6f94d2c) Importer(815301076,1909f56bfc062723c751e8b465ee728b)
Start importing Assets/PolygonDungeon/Models/SM_Env_Bone_Cracked_02.fbx using Guid(b0602e4838f64e84fa7cb653b6f94d2c) Importer(815301076,1909f56bfc062723c751e8b465ee728b)  -> (artifact id: '825f9767ff32560ec98312110d7eaa1f') in 0.013558 seconds 
========================================================================
Received Import Request.
  Time since last request: 0.000022 seconds.
  path: Assets/PolygonDungeon/Models/SM_Env_Cave_Background_Corner_01.fbx
  artifactKey: Guid(4d4e1bb442717e3409b3d1846eca0046) Importer(815301076,1909f56bfc062723c751e8b465ee728b)
Start importing Assets/PolygonDungeon/Models/SM_Env_Cave_Background_Corner_01.fbx using Guid(4d4e1bb442717e3409b3d1846eca0046) Importer(815301076,1909f56bfc062723c751e8b465ee728b)  -> (artifact id: '09df130fef60683ed09cc99b838bb433') in 0.012886 seconds 
========================================================================
Received Import Request.
  Time since last request: 0.000022 seconds.
  path: Assets/PolygonDungeon/Models/SM_Env_Cave_Background_01.fbx
  artifactKey: Guid(db977564bc03c6047b4975337f776177) Importer(815301076,1909f56bfc062723c751e8b465ee728b)
Start importing Assets/PolygonDungeon/Models/SM_Env_Cave_Background_01.fbx using Guid(db977564bc03c6047b4975337f776177) Importer(815301076,1909f56bfc062723c751e8b465ee728b)  -> (artifact id: '929e0a5dda8e780b27c14d5d3ca4cde0') in 0.025678 seconds 
========================================================================
Received Import Request.
  Time since last request: 0.000018 seconds.
  path: Assets/PolygonDungeon/Models/SM_Env_Ceiling_Stone_Flat_01.fbx
  artifactKey: Guid(f917cb4f97193bb488ccec2d7af4a4cd) Importer(815301076,1909f56bfc062723c751e8b465ee728b)
Start importing Assets/PolygonDungeon/Models/SM_Env_Ceiling_Stone_Flat_01.fbx using Guid(f917cb4f97193bb488ccec2d7af4a4cd) Importer(815301076,1909f56bfc062723c751e8b465ee728b)  -> (artifact id: '4d71d7ed95a39b78846a519c010e6718') in 0.010351 seconds 
========================================================================
Received Import Request.
  Time since last request: 0.000017 seconds.
  path: Assets/PolygonDungeon/Models/SM_Env_Bone_Skull_Jaw_01.fbx
  artifactKey: Guid(026e3e32e3e018e43b956b1f4a068f6c) Importer(815301076,1909f56bfc062723c751e8b465ee728b)
Start importing Assets/PolygonDungeon/Models/SM_Env_Bone_Skull_Jaw_01.fbx using Guid(026e3e32e3e018e43b956b1f4a068f6c) Importer(815301076,1909f56bfc062723c751e8b465ee728b)  -> (artifact id: '29a8d4bd88dbf1e8f324769d54c3627a') in 0.011284 seconds 
========================================================================
Received Import Request.
  Time since last request: 0.000014 seconds.
  path: Assets/PolygonDungeon/Models/SM_Env_Brick_Rubble_01.fbx
  artifactKey: Guid(aaadccc7bc3ae3a4891e4010e04df585) Importer(815301076,1909f56bfc062723c751e8b465ee728b)
Start importing Assets/PolygonDungeon/Models/SM_Env_Brick_Rubble_01.fbx using Guid(aaadccc7bc3ae3a4891e4010e04df585) Importer(815301076,1909f56bfc062723c751e8b465ee728b)  -> (artifact id: 'f7f3a9d989ee7edc3a6a57db3d23298e') in 0.009848 seconds 
========================================================================
Received Import Request.
  Time since last request: 0.000018 seconds.
  path: Assets/PolygonDungeon/Models/SM_Env_Bone_Skull_02.fbx
  artifactKey: Guid(2610e21efccca4046bb0754c40de5a5c) Importer(815301076,1909f56bfc062723c751e8b465ee728b)
Start importing Assets/PolygonDungeon/Models/SM_Env_Bone_Skull_02.fbx using Guid(2610e21efccca4046bb0754c40de5a5c) Importer(815301076,1909f56bfc062723c751e8b465ee728b)  -> (artifact id: '9736bcb0f1288084bf767c10e047c403') in 0.014132 seconds 
========================================================================
Received Import Request.
  Time since last request: 0.000021 seconds.
  path: Assets/PolygonDungeon/Models/SM_Env_Cave_Large_01_DoubleSided.fbx
  artifactKey: Guid(f040b3f137cc8a94e826ca5e9053c58e) Importer(815301076,1909f56bfc062723c751e8b465ee728b)
Start importing Assets/PolygonDungeon/Models/SM_Env_Cave_Large_01_DoubleSided.fbx using Guid(f040b3f137cc8a94e826ca5e9053c58e) Importer(815301076,1909f56bfc062723c751e8b465ee728b)  -> (artifact id: '67a97e76ecfb55adcecbab2e134297e6') in 0.010060 seconds 
========================================================================
Received Import Request.
  Time since last request: 0.000026 seconds.
  path: Assets/PolygonDungeon/Models/SM_Env_BonePile_02.fbx
  artifactKey: Guid(f4106ba9953cea94d8555d111eeb953f) Importer(815301076,1909f56bfc062723c751e8b465ee728b)
Start importing Assets/PolygonDungeon/Models/SM_Env_BonePile_02.fbx using Guid(f4106ba9953cea94d8555d111eeb953f) Importer(815301076,1909f56bfc062723c751e8b465ee728b)  -> (artifact id: 'f939f65371f6603abff663383ea419a9') in 0.010461 seconds 
========================================================================
Received Import Request.
  Time since last request: 0.000015 seconds.
  path: Assets/PolygonDungeon/Models/SM_Env_BonePile_03.fbx
  artifactKey: Guid(4b8270749fe56c1469fb49940852f38b) Importer(815301076,1909f56bfc062723c751e8b465ee728b)
Start importing Assets/PolygonDungeon/Models/SM_Env_BonePile_03.fbx using Guid(4b8270749fe56c1469fb49940852f38b) Importer(815301076,1909f56bfc062723c751e8b465ee728b)  -> (artifact id: '9a6d8067df519935242e4b4df771ced9') in 0.012618 seconds 
========================================================================
Received Import Request.
  Time since last request: 0.000018 seconds.
  path: Assets/PolygonDungeon/Models/SM_Env_Ceiling_Stone_Curved_End_01.fbx
  artifactKey: Guid(738225dea9b09ee41b6a48d8b9c00e38) Importer(815301076,1909f56bfc062723c751e8b465ee728b)
Start importing Assets/PolygonDungeon/Models/SM_Env_Ceiling_Stone_Curved_End_01.fbx using Guid(738225dea9b09ee41b6a48d8b9c00e38) Importer(815301076,1909f56bfc062723c751e8b465ee728b)  -> (artifact id: 'aebcfa0a3a13e5a895dc5d8db500dce3') in 0.024089 seconds 
========================================================================
Received Import Request.
  Time since last request: 0.000021 seconds.
  path: Assets/PolygonDungeon/Models/SM_Env_Ceiling_Stone_Curved_01.fbx
  artifactKey: Guid(73223791454a5fb4991a45f96c4fd7d4) Importer(815301076,1909f56bfc062723c751e8b465ee728b)
Start importing Assets/PolygonDungeon/Models/SM_Env_Ceiling_Stone_Curved_01.fbx using Guid(73223791454a5fb4991a45f96c4fd7d4) Importer(815301076,1909f56bfc062723c751e8b465ee728b)  -> (artifact id: '68ddb14ad233f48802e2342289632429') in 0.013077 seconds 
========================================================================
Received Import Request.
  Time since last request: 0.000019 seconds.
  path: Assets/PolygonDungeon/Models/SM_Env_Ceiling_Stone_Curved_Corner_01.fbx
  artifactKey: Guid(67df862c6cb27e14d89f3a8462db345b) Importer(815301076,1909f56bfc062723c751e8b465ee728b)
Start importing Assets/PolygonDungeon/Models/SM_Env_Ceiling_Stone_Curved_Corner_01.fbx using Guid(67df862c6cb27e14d89f3a8462db345b) Importer(815301076,1909f56bfc062723c751e8b465ee728b)  -> (artifact id: 'e65ca7986aaead04870bd007e7aacae1') in 0.014430 seconds 
========================================================================
Received Import Request.
  Time since last request: 0.000019 seconds.
  path: Assets/PolygonDungeon/Models/SM_Env_Brick_Rubble_06.fbx
  artifactKey: Guid(e7c95b40c60d9e34aa016dec8e800ff6) Importer(815301076,1909f56bfc062723c751e8b465ee728b)
Start importing Assets/PolygonDungeon/Models/SM_Env_Brick_Rubble_06.fbx using Guid(e7c95b40c60d9e34aa016dec8e800ff6) Importer(815301076,1909f56bfc062723c751e8b465ee728b)  -> (artifact id: '600d81861de58fab7cbda88642700db6') in 0.018121 seconds 
========================================================================
Received Import Request.
  Time since last request: 0.000018 seconds.
  path: Assets/PolygonDungeon/Models/SM_Env_Cave_Roof_01_DoubleSided.fbx
  artifactKey: Guid(d8b4e844838809f4788c2d5720fa5f61) Importer(815301076,1909f56bfc062723c751e8b465ee728b)
Start importing Assets/PolygonDungeon/Models/SM_Env_Cave_Roof_01_DoubleSided.fbx using Guid(d8b4e844838809f4788c2d5720fa5f61) Importer(815301076,1909f56bfc062723c751e8b465ee728b)  -> (artifact id: 'd1ece8df87da7e169bc86576c77914da') in 0.013894 seconds 
========================================================================
Received Import Request.
  Time since last request: 0.000037 seconds.
  path: Assets/PolygonDungeon/Models/SM_Env_Bone_Cracked_01.fbx
  artifactKey: Guid(5ac7c4d536f69ec48bb9b9bc98f12547) Importer(815301076,1909f56bfc062723c751e8b465ee728b)
Start importing Assets/PolygonDungeon/Models/SM_Env_Bone_Cracked_01.fbx using Guid(5ac7c4d536f69ec48bb9b9bc98f12547) Importer(815301076,1909f56bfc062723c751e8b465ee728b)  -> (artifact id: '99f5dab1bd740c6f35b370375c1af1cc') in 0.013155 seconds 
========================================================================
Received Import Request.
  Time since last request: 0.000026 seconds.
  path: Assets/PolygonDungeon/Models/SM_Env_Cave_Background_Corner_01_DoubleSided.fbx
  artifactKey: Guid(897074145e07b384aa647cba8e6ace18) Importer(815301076,1909f56bfc062723c751e8b465ee728b)
Start importing Assets/PolygonDungeon/Models/SM_Env_Cave_Background_Corner_01_DoubleSided.fbx using Guid(897074145e07b384aa647cba8e6ace18) Importer(815301076,1909f56bfc062723c751e8b465ee728b)  -> (artifact id: '3da306fb0ed10302435bcd6407754a8a') in 0.014828 seconds 
========================================================================
Received Import Request.
  Time since last request: 0.000023 seconds.
  path: Assets/PolygonDungeon/Models/SM_Env_Ceiling_Arch_01.fbx
  artifactKey: Guid(6b303928afee7554ca752923b200372f) Importer(815301076,1909f56bfc062723c751e8b465ee728b)
Start importing Assets/PolygonDungeon/Models/SM_Env_Ceiling_Arch_01.fbx using Guid(6b303928afee7554ca752923b200372f) Importer(815301076,1909f56bfc062723c751e8b465ee728b)  -> (artifact id: 'bd2a4ac87982d02c66e00b7c6728eab6') in 0.011544 seconds 
========================================================================
Received Import Request.
  Time since last request: 0.000019 seconds.
  path: Assets/PolygonDungeon/Models/SM_Env_BonePile_Small_01.fbx
  artifactKey: Guid(c5643a9aefeb1064d938e2dcf3cde818) Importer(815301076,1909f56bfc062723c751e8b465ee728b)
Start importing Assets/PolygonDungeon/Models/SM_Env_BonePile_Small_01.fbx using Guid(c5643a9aefeb1064d938e2dcf3cde818) Importer(815301076,1909f56bfc062723c751e8b465ee728b)  -> (artifact id: '7dfdfce44a6a45b6c01f2e0a6f3b4f90') in 0.012560 seconds 
========================================================================
Received Import Request.
  Time since last request: 0.000033 seconds.
  path: Assets/PolygonDungeon/Models/FX_Ring_Mesh.fbx
  artifactKey: Guid(49ca538ce209a82448b832a3d0c09ba3) Importer(815301076,1909f56bfc062723c751e8b465ee728b)
Start importing Assets/PolygonDungeon/Models/FX_Ring_Mesh.fbx using Guid(49ca538ce209a82448b832a3d0c09ba3) Importer(815301076,1909f56bfc062723c751e8b465ee728b)  -> (artifact id: '32bfbd132569bf4e8be52795b1d2a8bf') in 0.013332 seconds 
========================================================================
Received Import Request.
  Time since last request: 0.000028 seconds.
  path: Assets/PolygonDungeon/Models/SM_Env_Cave_Curved_Corner_01.fbx
  artifactKey: Guid(0cf4a3a6341cf4d408b265dba48b3436) Importer(815301076,1909f56bfc062723c751e8b465ee728b)
Start importing Assets/PolygonDungeon/Models/SM_Env_Cave_Curved_Corner_01.fbx using Guid(0cf4a3a6341cf4d408b265dba48b3436) Importer(815301076,1909f56bfc062723c751e8b465ee728b)  -> (artifact id: '72e183f2ab235ec99caf6c990fdfba48') in 0.015362 seconds 
========================================================================
Received Import Request.
  Time since last request: 0.000019 seconds.
  path: Assets/PolygonDungeon/Models/SM_Env_Basement_Support_Beam_01.fbx
  artifactKey: Guid(516241baa408124479e5bf82d2ccc3f2) Importer(815301076,1909f56bfc062723c751e8b465ee728b)
Start importing Assets/PolygonDungeon/Models/SM_Env_Basement_Support_Beam_01.fbx using Guid(516241baa408124479e5bf82d2ccc3f2) Importer(815301076,1909f56bfc062723c751e8b465ee728b)  -> (artifact id: '0e413a33b2f287b4d285d10163da4028') in 0.011091 seconds 
========================================================================
Received Import Request.
  Time since last request: 0.000019 seconds.
  path: Assets/PolygonDungeon/Models/SM_Env_Bone_Ribs_01.fbx
  artifactKey: Guid(016e3aff664d4af47a055463cf5250d0) Importer(815301076,1909f56bfc062723c751e8b465ee728b)
Start importing Assets/PolygonDungeon/Models/SM_Env_Bone_Ribs_01.fbx using Guid(016e3aff664d4af47a055463cf5250d0) Importer(815301076,1909f56bfc062723c751e8b465ee728b)  -> (artifact id: 'a5bdb135aa4bf7390d5a103f7f60af61') in 0.011830 seconds 
========================================================================
Received Import Request.
  Time since last request: 0.000018 seconds.
  path: Assets/PolygonDungeon/Models/SM_Env_Cave_Curved_01.fbx
  artifactKey: Guid(171478899b83afc42a5271571cd9e8d6) Importer(815301076,1909f56bfc062723c751e8b465ee728b)
Start importing Assets/PolygonDungeon/Models/SM_Env_Cave_Curved_01.fbx using Guid(171478899b83afc42a5271571cd9e8d6) Importer(815301076,1909f56bfc062723c751e8b465ee728b)  -> (artifact id: '6c45a4dcb8b387b767ff2dbdb7525bc4') in 0.011695 seconds 
========================================================================
Received Import Request.
  Time since last request: 0.000016 seconds.
  path: Assets/PolygonDungeon/Models/SM_Env_Brick_Rubble_02.fbx
  artifactKey: Guid(ffae0fc54a16e5b41bf9a944b073f495) Importer(815301076,1909f56bfc062723c751e8b465ee728b)
Start importing Assets/PolygonDungeon/Models/SM_Env_Brick_Rubble_02.fbx using Guid(ffae0fc54a16e5b41bf9a944b073f495) Importer(815301076,1909f56bfc062723c751e8b465ee728b)  -> (artifact id: '330e95bb23005f34f50539278aa394ff') in 0.011498 seconds 
========================================================================
Received Import Request.
  Time since last request: 0.000022 seconds.
  path: Assets/PolygonDungeon/Models/SM_Env_Bone_Rib_01.fbx
  artifactKey: Guid(ed8c7e8aab639a0409efa9ec1618974a) Importer(815301076,1909f56bfc062723c751e8b465ee728b)
Start importing Assets/PolygonDungeon/Models/SM_Env_Bone_Rib_01.fbx using Guid(ed8c7e8aab639a0409efa9ec1618974a) Importer(815301076,1909f56bfc062723c751e8b465ee728b)  -> (artifact id: '2d43d4de40c780a8037349038e435700') in 0.011340 seconds 
========================================================================
Received Import Request.
  Time since last request: 8.023063 seconds.
  path: Assets/Hovl Studio/AAA Projectiles Vol 1/Prefabs/Projectiles 2D/2D Projectile 7.prefab
  artifactKey: Guid(2056b5f1031df8044a22500b4631ddb7) Importer(815301076,1909f56bfc062723c751e8b465ee728b)
Start importing Assets/Hovl Studio/AAA Projectiles Vol 1/Prefabs/Projectiles 2D/2D Projectile 7.prefab using Guid(2056b5f1031df8044a22500b4631ddb7) Importer(815301076,1909f56bfc062723c751e8b465ee728b)  -> (artifact id: '090e9ccbdc8662568d5af408f48bf3a8') in 0.063421 seconds 
========================================================================
Received Import Request.
  Time since last request: 0.000023 seconds.
  path: Assets/Hovl Studio/Resources/Materials/Chain3bn.mat
  artifactKey: Guid(5646dde4d7f35fa4f9d21c9d25705549) Importer(815301076,1909f56bfc062723c751e8b465ee728b)
Start importing Assets/Hovl Studio/Resources/Materials/Chain3bn.mat using Guid(5646dde4d7f35fa4f9d21c9d25705549) Importer(815301076,1909f56bfc062723c751e8b465ee728b)  -> (artifact id: '4502f65e8f105959097cc4e78326872c') in 0.163494 seconds 
========================================================================
Received Import Request.
  Time since last request: 0.000061 seconds.
  path: Assets/Hovl Studio/Resources/Materials/Arrow6bcg.mat
  artifactKey: Guid(ed60593b91fad7941812dc8476fa8d7a) Importer(815301076,1909f56bfc062723c751e8b465ee728b)
Start importing Assets/Hovl Studio/Resources/Materials/Arrow6bcg.mat using Guid(ed60593b91fad7941812dc8476fa8d7a) Importer(815301076,1909f56bfc062723c751e8b465ee728b)  -> (artifact id: '9ce89960e441472bd54b2050ad27b614') in 0.011005 seconds 
========================================================================
Received Import Request.
  Time since last request: 0.000034 seconds.
  path: Assets/Hovl Studio/AAA Projectiles Vol 1/Prefabs/Projectiles 2D/2D Projectile 23.prefab
  artifactKey: Guid(afecf7b07a75c184aa62893e5187cc88) Importer(815301076,1909f56bfc062723c751e8b465ee728b)
Start importing Assets/Hovl Studio/AAA Projectiles Vol 1/Prefabs/Projectiles 2D/2D Projectile 23.prefab using Guid(afecf7b07a75c184aa62893e5187cc88) Importer(815301076,1909f56bfc062723c751e8b465ee728b)  -> (artifact id: '00eb9793c93c86309688debf13006d0d') in 0.014916 seconds 
========================================================================
Received Import Request.
  Time since last request: 2.089918 seconds.
  path: Assets/PolygonDungeon/Prefabs/Characters/Character_Goblin_Warrior_Male.prefab
  artifactKey: Guid(8cd752dc36d412b4bba2efd06775153a) Importer(815301076,1909f56bfc062723c751e8b465ee728b)
Start importing Assets/PolygonDungeon/Prefabs/Characters/Character_Goblin_Warrior_Male.prefab using Guid(8cd752dc36d412b4bba2efd06775153a) Importer(815301076,1909f56bfc062723c751e8b465ee728b)  -> (artifact id: '13f22171e4e5a315d6b836be095fb116') in 0.097584 seconds 
========================================================================
Received Import Request.
  Time since last request: 0.000030 seconds.
  path: Assets/PolygonDungeon/Prefabs/Characters/Character_Skeleton_Soldier_01.prefab
  artifactKey: Guid(2ea27af6ead886c4d93bb53d28c6c25b) Importer(815301076,1909f56bfc062723c751e8b465ee728b)
Start importing Assets/PolygonDungeon/Prefabs/Characters/Character_Skeleton_Soldier_01.prefab using Guid(2ea27af6ead886c4d93bb53d28c6c25b) Importer(815301076,1909f56bfc062723c751e8b465ee728b)  -> (artifact id: '1154e1fc7cfc0aedfd61d6f94f651d17') in 0.037570 seconds 
Editor requested this worker to shutdown with reason: Scaling down because of idle timeout
AssetImportWorker is now disconnected from the server
Process exiting
Exiting without the bug reporter. Application will terminate with return code 0