Using pre-set license
Built from '2021.3/staging' branch; Version is '2021.3.14f1 (eee1884e7226) revision 15655304'; Using compiler version '192829333'; Build Type 'Release'
OS: 'Windows 11  (10.0.22621) 64bit Professional' Language: 'en' Physical Memory: 24461 MB
BatchMode: 1, IsHumanControllingUs: 0, StartBugReporterOnCrash: 0, Is64bit: 1, IsPro: 1

COMMAND LINE ARGUMENTS:
C:\Program Files\Unity\Hub\Editor\2021.3.14f1\Editor\Unity.exe
-adb2
-batchMode
-noUpm
-name
AssetImportWorker45
-projectPath
G:/Transfer Stuff/GameDev/Unity/FantasyRPG/UnityFantasyRpg
-logFile
Logs/AssetImportWorker45.log
-srvPort
64560
Successfully changed project path to: G:/Transfer Stuff/GameDev/Unity/FantasyRPG/UnityFantasyRpg
G:/Transfer Stuff/GameDev/Unity/FantasyRPG/UnityFantasyRpg
[UnityMemory] Configuration Parameters - Can be set up in boot.config
    "memorysetup-bucket-allocator-granularity=16"
    "memorysetup-bucket-allocator-bucket-count=8"
    "memorysetup-bucket-allocator-block-size=33554432"
    "memorysetup-bucket-allocator-block-count=8"
    "memorysetup-main-allocator-block-size=16777216"
    "memorysetup-thread-allocator-block-size=16777216"
    "memorysetup-gfx-main-allocator-block-size=16777216"
    "memorysetup-gfx-thread-allocator-block-size=16777216"
    "memorysetup-cache-allocator-block-size=4194304"
    "memorysetup-typetree-allocator-block-size=2097152"
    "memorysetup-profiler-bucket-allocator-granularity=16"
    "memorysetup-profiler-bucket-allocator-bucket-count=8"
    "memorysetup-profiler-bucket-allocator-block-size=33554432"
    "memorysetup-profiler-bucket-allocator-block-count=8"
    "memorysetup-profiler-allocator-block-size=16777216"
    "memorysetup-profiler-editor-allocator-block-size=1048576"
    "memorysetup-temp-allocator-size-main=16777216"
    "memorysetup-job-temp-allocator-block-size=2097152"
    "memorysetup-job-temp-allocator-block-size-background=1048576"
    "memorysetup-job-temp-allocator-reduction-small-platforms=262144"
    "memorysetup-temp-allocator-size-background-worker=32768"
    "memorysetup-temp-allocator-size-job-worker=262144"
    "memorysetup-temp-allocator-size-preload-manager=33554432"
    "memorysetup-temp-allocator-size-nav-mesh-worker=65536"
    "memorysetup-temp-allocator-size-audio-worker=65536"
    "memorysetup-temp-allocator-size-cloud-worker=32768"
    "memorysetup-temp-allocator-size-gi-baking-worker=262144"
    "memorysetup-temp-allocator-size-gfx=262144"
Refreshing native plugins compatible for Editor in 82.61 ms, found 3 plugins.
Preloading 0 native plugins for Editor in 0.00 ms.
Initialize engine version: 2021.3.14f1 (eee1884e7226)
[Subsystems] Discovering subsystems at path C:/Program Files/Unity/Hub/Editor/2021.3.14f1/Editor/Data/Resources/UnitySubsystems
[Subsystems] Discovering subsystems at path G:/Transfer Stuff/GameDev/Unity/FantasyRPG/UnityFantasyRpg/Assets
GfxDevice: creating device client; threaded=0; jobified=0
Direct3D:
    Version:  Direct3D 11.0 [level 11.1]
    Renderer: NVIDIA GeForce RTX 3060 (ID=0x2487)
    Vendor:   NVIDIA
    VRAM:     12124 MB
    Driver:   31.0.15.2686
Initialize mono
Mono path[0] = 'C:/Program Files/Unity/Hub/Editor/2021.3.14f1/Editor/Data/Managed'
Mono path[1] = 'C:/Program Files/Unity/Hub/Editor/2021.3.14f1/Editor/Data/MonoBleedingEdge/lib/mono/unityjit-win32'
Mono config path = 'C:/Program Files/Unity/Hub/Editor/2021.3.14f1/Editor/Data/MonoBleedingEdge/etc'
Using monoOptions --debugger-agent=transport=dt_socket,embedding=1,server=y,suspend=n,address=127.0.0.1:56376
Begin MonoManager ReloadAssembly
Registering precompiled unity dll's ...
Register platform support module: C:/Program Files/Unity/Hub/Editor/2021.3.14f1/Editor/Data/PlaybackEngines/WindowsStandaloneSupport/UnityEditor.WindowsStandalone.Extensions.dll
Registered in 0.005846 seconds.
Native extension for WindowsStandalone target not found
Refreshing native plugins compatible for Editor in 75.65 ms, found 3 plugins.
Preloading 0 native plugins for Editor in 0.00 ms.
Mono: successfully reloaded assembly
- Completed reload, in  0.511 seconds
Domain Reload Profiling:
	ReloadAssembly (511ms)
		BeginReloadAssembly (67ms)
			ExecutionOrderSort (0ms)
			DisableScriptedObjects (0ms)
			BackupInstance (0ms)
			ReleaseScriptingObjects (0ms)
			CreateAndSetChildDomain (1ms)
		EndReloadAssembly (356ms)
			LoadAssemblies (64ms)
			RebuildTransferFunctionScriptingTraits (0ms)
			SetupTypeCache (74ms)
			ReleaseScriptCaches (0ms)
			RebuildScriptCaches (19ms)
			SetupLoadedEditorAssemblies (223ms)
				LogAssemblyErrors (0ms)
				InitializePlatformSupportModulesInManaged (6ms)
				SetLoadedEditorAssemblies (0ms)
				RefreshPlugins (76ms)
				BeforeProcessingInitializeOnLoad (1ms)
				ProcessInitializeOnLoadAttributes (107ms)
				ProcessInitializeOnLoadMethodAttributes (34ms)
				AfterProcessingInitializeOnLoad (0ms)
				EditorAssembliesLoaded (0ms)
			ExecutionOrderSort2 (0ms)
			AwakeInstancesAfterBackupRestoration (0ms)
Platform modules already initialized, skipping
Registering precompiled user dll's ...
Registered in 0.003602 seconds.
Begin MonoManager ReloadAssembly
Symbol file LoadedFromMemory doesn't match image G:\Transfer Stuff\GameDev\Unity\FantasyRPG\UnityFantasyRpg\Library\PackageCache\com.unity.visualscripting@1.7.8\Editor\VisualScripting.Core\Dependencies\YamlDotNet\Unity.VisualScripting.YamlDotNet.dll
Symbol file LoadedFromMemory doesn't match image G:\Transfer Stuff\GameDev\Unity\FantasyRPG\UnityFantasyRpg\Library\PackageCache\com.unity.visualscripting@1.7.8\Editor\VisualScripting.Core\Dependencies\DotNetZip\Unity.VisualScripting.IonicZip.dll
Native extension for WindowsStandalone target not found
Refreshing native plugins compatible for Editor in 0.96 ms, found 3 plugins.
Preloading 0 native plugins for Editor in 0.00 ms.
Mono: successfully reloaded assembly
- Completed reload, in  0.763 seconds
Domain Reload Profiling:
	ReloadAssembly (763ms)
		BeginReloadAssembly (95ms)
			ExecutionOrderSort (0ms)
			DisableScriptedObjects (5ms)
			BackupInstance (0ms)
			ReleaseScriptingObjects (0ms)
			CreateAndSetChildDomain (22ms)
		EndReloadAssembly (585ms)
			LoadAssemblies (65ms)
			RebuildTransferFunctionScriptingTraits (0ms)
			SetupTypeCache (184ms)
			ReleaseScriptCaches (1ms)
			RebuildScriptCaches (36ms)
			SetupLoadedEditorAssemblies (276ms)
				LogAssemblyErrors (0ms)
				InitializePlatformSupportModulesInManaged (4ms)
				SetLoadedEditorAssemblies (0ms)
				RefreshPlugins (1ms)
				BeforeProcessingInitializeOnLoad (64ms)
				ProcessInitializeOnLoadAttributes (181ms)
				ProcessInitializeOnLoadMethodAttributes (20ms)
				AfterProcessingInitializeOnLoad (6ms)
				EditorAssembliesLoaded (0ms)
			ExecutionOrderSort2 (0ms)
			AwakeInstancesAfterBackupRestoration (4ms)
Platform modules already initialized, skipping
========================================================================
Worker process is ready to serve import requests
Launched and connected shader compiler UnityShaderCompiler.exe after 0.04 seconds
Refreshing native plugins compatible for Editor in 2.69 ms, found 3 plugins.
Preloading 0 native plugins for Editor in 0.00 ms.
Unloading 3385 Unused Serialized files (Serialized files now loaded: 0)
Unloading 27 unused Assets / (114.2 KB). Loaded Objects now: 3863.
Memory consumption went from 137.9 MB to 137.8 MB.
Total: 5.753500 ms (FindLiveObjects: 0.663000 ms CreateObjectMapping: 0.132400 ms MarkObjects: 4.758600 ms  DeleteObjects: 0.197200 ms)

AssetImportParameters requested are different than current active one (requested -> active):
  custom:video-decoder-ogg-theora: a1e56fd34408186e4bbccfd4996cb3dc -> 
  custom:container-muxer-webm: aa71ff27fc2769a1b78a27578f13a17b -> 
  custom:container-demuxer-webm: 4f35f7cbe854078d1ac9338744f61a02 -> 
  custom:video-encoder-webm-vp8: eb34c28f22e8b96e1ab97ce403110664 -> 
  custom:video-codec-MediaFoundation-h265: 746d11721c4dcdbdad8f713fa42b33f4 -> 
  custom:audio-encoder-webm-vorbis: bf7c407c2cedff20999df2af8eb42d56 -> 
  custom:framework-win-MediaFoundation: 216162199b28c13a410421893ffa2e32 -> 
  custom:container-demuxer-ogg: 62fdf1f143b41e24485cea50d1cbac27 -> 
  custom:video-decoder-webm-vp8: 9c59270c3fd7afecdb556c50c9e8de78 -> 
  custom:audio-decoder-ogg-vorbis: bf7c407c2cedff20999df2af8eb42d56 -> 
========================================================================
Received Import Request.
  Time since last request: 906353.196257 seconds.
  path: Assets/Hovl Studio/AAA Projectiles Vol 1/Prefabs/Projectiles 2D/2D Projectile 1.prefab
  artifactKey: Guid(ca5824498d345274c9b259632f7755f0) Importer(815301076,1909f56bfc062723c751e8b465ee728b)
Start importing Assets/Hovl Studio/AAA Projectiles Vol 1/Prefabs/Projectiles 2D/2D Projectile 1.prefab using Guid(ca5824498d345274c9b259632f7755f0) Importer(815301076,1909f56bfc062723c751e8b465ee728b)  -> (artifact id: '7ac5479da8181505330f47a742950621') in 0.143941 seconds 
========================================================================
Received Import Request.
  Time since last request: 0.000024 seconds.
  path: Assets/Hovl Studio/AAA Projectiles Vol 1/Prefabs/Projectiles 2D/2D Projectile 17.prefab
  artifactKey: Guid(6a9f6dd49fc2acf409d12adb8fe3e3b1) Importer(815301076,1909f56bfc062723c751e8b465ee728b)
Start importing Assets/Hovl Studio/AAA Projectiles Vol 1/Prefabs/Projectiles 2D/2D Projectile 17.prefab using Guid(6a9f6dd49fc2acf409d12adb8fe3e3b1) Importer(815301076,1909f56bfc062723c751e8b465ee728b)  -> (artifact id: '801bccd05fc0cbdedf6a98575a488bd7') in 0.033478 seconds 
========================================================================
Received Import Request.
  Time since last request: 0.000024 seconds.
  path: Assets/Hovl Studio/Resources/Materials/Chain2bn.mat
  artifactKey: Guid(8fedabc44aec37e499a02069135afb60) Importer(815301076,1909f56bfc062723c751e8b465ee728b)
Start importing Assets/Hovl Studio/Resources/Materials/Chain2bn.mat using Guid(8fedabc44aec37e499a02069135afb60) Importer(815301076,1909f56bfc062723c751e8b465ee728b)  -> (artifact id: 'f1cacc2c0c5e4ac85038d05ec18a300e') in 0.142286 seconds 
========================================================================
Received Import Request.
  Time since last request: 2.027688 seconds.
  path: Assets/PolygonDungeon/Prefabs/Characters/Character_Ghost_02.prefab
  artifactKey: Guid(5eb5272116a5d0548840121eb9bb813d) Importer(815301076,1909f56bfc062723c751e8b465ee728b)
Start importing Assets/PolygonDungeon/Prefabs/Characters/Character_Ghost_02.prefab using Guid(5eb5272116a5d0548840121eb9bb813d) Importer(815301076,1909f56bfc062723c751e8b465ee728b)  -> (artifact id: '1c5f83b474414a0f325c203002a45ea2') in 0.122641 seconds 
========================================================================
Received Import Request.
  Time since last request: 0.000032 seconds.
  path: Assets/PolygonDungeon/Prefabs/Characters/Character_Skeleton_Soldier_02.prefab
  artifactKey: Guid(c26833473ce06df4ba5631fd7a4b98bc) Importer(815301076,1909f56bfc062723c751e8b465ee728b)
Start importing Assets/PolygonDungeon/Prefabs/Characters/Character_Skeleton_Soldier_02.prefab using Guid(c26833473ce06df4ba5631fd7a4b98bc) Importer(815301076,1909f56bfc062723c751e8b465ee728b)  -> (artifact id: '0f5baec55964ae27bd76cb9e2bf8be66') in 0.034315 seconds 
========================================================================
Received Import Request.
  Time since last request: 1.450474 seconds.
  path: Assets/PolygonDungeon/Prefabs/Characters
  artifactKey: Guid(a3867745e2c0fde4fb1b6797e4e47a9d) Importer(815301076,1909f56bfc062723c751e8b465ee728b)
Start importing Assets/PolygonDungeon/Prefabs/Characters using Guid(a3867745e2c0fde4fb1b6797e4e47a9d) Importer(815301076,1909f56bfc062723c751e8b465ee728b)  -> (artifact id: 'f9981650d0b21aea543c829fd9ec6715') in 0.001386 seconds 
========================================================================
Received Import Request.
  Time since last request: 81.723003 seconds.
  path: Assets/Toon Fantasy Nature/Animations
  artifactKey: Guid(513780ffee59a294588e80ea45cfc8eb) Importer(815301076,1909f56bfc062723c751e8b465ee728b)
Start importing Assets/Toon Fantasy Nature/Animations using Guid(513780ffee59a294588e80ea45cfc8eb) Importer(815301076,1909f56bfc062723c751e8b465ee728b)  -> (artifact id: 'd59a86962559ca25d58be5eca2923a1f') in 0.005024 seconds 
========================================================================
Received Import Request.
  Time since last request: 28.014191 seconds.
  path: Assets/PolygonDungeon/Models/CollisionConvex/SM_Arrow_01_Convex.asset
  artifactKey: Guid(9e202335f926bb24a96b8e2ce79d5c8e) Importer(815301076,1909f56bfc062723c751e8b465ee728b)
Start importing Assets/PolygonDungeon/Models/CollisionConvex/SM_Arrow_01_Convex.asset using Guid(9e202335f926bb24a96b8e2ce79d5c8e) Importer(815301076,1909f56bfc062723c751e8b465ee728b)  -> (artifact id: '43bf9cffabc955f90370dccf3a59c3d8') in 0.016147 seconds 
========================================================================
Received Import Request.
  Time since last request: 0.002140 seconds.
  path: Assets/PolygonDungeon/Models/CollisionConvex/SM_Env_Basement_Support_Beam_01_Convex.asset
  artifactKey: Guid(02d2c75a4570d134ead2e542c7036a0f) Importer(815301076,1909f56bfc062723c751e8b465ee728b)
Start importing Assets/PolygonDungeon/Models/CollisionConvex/SM_Env_Basement_Support_Beam_01_Convex.asset using Guid(02d2c75a4570d134ead2e542c7036a0f) Importer(815301076,1909f56bfc062723c751e8b465ee728b)  -> (artifact id: 'd1720395419310a4146a6ad2c0cf8a2a') in 0.008801 seconds 
========================================================================
Received Import Request.
  Time since last request: 0.003580 seconds.
  path: Assets/PolygonDungeon/Models/CollisionConvex/SM_Env_Bone_Cracked_02_Convex.asset
  artifactKey: Guid(d861f85276db94c448d86d83a9348645) Importer(815301076,1909f56bfc062723c751e8b465ee728b)
Start importing Assets/PolygonDungeon/Models/CollisionConvex/SM_Env_Bone_Cracked_02_Convex.asset using Guid(d861f85276db94c448d86d83a9348645) Importer(815301076,1909f56bfc062723c751e8b465ee728b)  -> (artifact id: 'c11d9d896b49f2ef13638d6e3448ea0c') in 0.009320 seconds 
========================================================================
Received Import Request.
  Time since last request: 0.001602 seconds.
  path: Assets/PolygonDungeon/Models/CollisionConvex/SM_Env_Bone_Ribs_01_Convex.asset
  artifactKey: Guid(df1bf8d6f43f0684e849b05e5e45f82e) Importer(815301076,1909f56bfc062723c751e8b465ee728b)
Start importing Assets/PolygonDungeon/Models/CollisionConvex/SM_Env_Bone_Ribs_01_Convex.asset using Guid(df1bf8d6f43f0684e849b05e5e45f82e) Importer(815301076,1909f56bfc062723c751e8b465ee728b)  -> (artifact id: '1afaf79197e223918f18ab964b1d5c80') in 0.008714 seconds 
========================================================================
Received Import Request.
  Time since last request: 0.000017 seconds.
  path: Assets/PolygonDungeon/Models/CollisionConvex/SM_Env_Bone_Spike_04_Convex.asset
  artifactKey: Guid(1c5d77a7dbab64e429df83e0e59957ae) Importer(815301076,1909f56bfc062723c751e8b465ee728b)
Start importing Assets/PolygonDungeon/Models/CollisionConvex/SM_Env_Bone_Spike_04_Convex.asset using Guid(1c5d77a7dbab64e429df83e0e59957ae) Importer(815301076,1909f56bfc062723c751e8b465ee728b)  -> (artifact id: '3464cc5f03fdafa09266ee7e8ad843d1') in 0.008591 seconds 
========================================================================
Received Import Request.
  Time since last request: 0.000016 seconds.
  path: Assets/PolygonDungeon/Models/CollisionConvex/SM_Env_Ceiling_Stone_Curved_Corner_01_Convex 1.asset
  artifactKey: Guid(e28b127cecf383f4e8ae873f61e43ef1) Importer(815301076,1909f56bfc062723c751e8b465ee728b)
Start importing Assets/PolygonDungeon/Models/CollisionConvex/SM_Env_Ceiling_Stone_Curved_Corner_01_Convex 1.asset using Guid(e28b127cecf383f4e8ae873f61e43ef1) Importer(815301076,1909f56bfc062723c751e8b465ee728b)  -> (artifact id: '5665dc57f344208ce73c89622db32a9a') in 0.016181 seconds 
========================================================================
Received Import Request.
  Time since last request: 0.000017 seconds.
  path: Assets/PolygonDungeon/Models/CollisionConvex/SM_Env_Ceiling_Stone_Curved_03_Convex 1.asset
  artifactKey: Guid(4fdfe461b4c421a4897838bcee781617) Importer(815301076,1909f56bfc062723c751e8b465ee728b)
Start importing Assets/PolygonDungeon/Models/CollisionConvex/SM_Env_Ceiling_Stone_Curved_03_Convex 1.asset using Guid(4fdfe461b4c421a4897838bcee781617) Importer(815301076,1909f56bfc062723c751e8b465ee728b)  -> (artifact id: '477660855092eb959e3705e151055be4') in 0.010868 seconds 
========================================================================
Received Import Request.
  Time since last request: 0.000013 seconds.
  path: Assets/PolygonDungeon/Models/CollisionConvex/SM_Env_Ceiling_Stone_Curved_Corner_01_Convex.asset
  artifactKey: Guid(5b1abff66c68d8846849c58b5d1399d5) Importer(815301076,1909f56bfc062723c751e8b465ee728b)
Start importing Assets/PolygonDungeon/Models/CollisionConvex/SM_Env_Ceiling_Stone_Curved_Corner_01_Convex.asset using Guid(5b1abff66c68d8846849c58b5d1399d5) Importer(815301076,1909f56bfc062723c751e8b465ee728b)  -> (artifact id: 'a602160a0a2ca0512ae3e03323943deb') in 0.007336 seconds 
========================================================================
Received Import Request.
  Time since last request: 0.000018 seconds.
  path: Assets/PolygonDungeon/Models/CollisionConvex/SM_Env_BonePile_03_Convex.asset
  artifactKey: Guid(23dd56af094beac4fabd2f4a2c95d717) Importer(815301076,1909f56bfc062723c751e8b465ee728b)
Start importing Assets/PolygonDungeon/Models/CollisionConvex/SM_Env_BonePile_03_Convex.asset using Guid(23dd56af094beac4fabd2f4a2c95d717) Importer(815301076,1909f56bfc062723c751e8b465ee728b)  -> (artifact id: 'a74f35bc4715c8e61690c46b326fc7bd') in 0.007210 seconds 
========================================================================
Received Import Request.
  Time since last request: 0.000022 seconds.
  path: Assets/PolygonDungeon/Models/CollisionConvex/SM_Env_Ceiling_Stone_Curved_02_Convex 2.asset
  artifactKey: Guid(ca40928a73a6d4a4784b6864c4468f8c) Importer(815301076,1909f56bfc062723c751e8b465ee728b)
Start importing Assets/PolygonDungeon/Models/CollisionConvex/SM_Env_Ceiling_Stone_Curved_02_Convex 2.asset using Guid(ca40928a73a6d4a4784b6864c4468f8c) Importer(815301076,1909f56bfc062723c751e8b465ee728b)  -> (artifact id: '9e2036e6e9db1daf9990da80a7099eca') in 0.015522 seconds 
========================================================================
Received Import Request.
  Time since last request: 0.000046 seconds.
  path: Assets/PolygonDungeon/Models/CollisionConvex/SM_Env_Bone_Tail_01_Convex 1.asset
  artifactKey: Guid(7acda401179b3ed49a0d3b37bb21ad90) Importer(815301076,1909f56bfc062723c751e8b465ee728b)
Start importing Assets/PolygonDungeon/Models/CollisionConvex/SM_Env_Bone_Tail_01_Convex 1.asset using Guid(7acda401179b3ed49a0d3b37bb21ad90) Importer(815301076,1909f56bfc062723c751e8b465ee728b)  -> (artifact id: '8235b86ff069452f13b703a690ecdf3b') in 0.018486 seconds 
========================================================================
Received Import Request.
  Time since last request: 0.000018 seconds.
  path: Assets/PolygonDungeon/Models/CollisionConvex/SM_Env_BonePile_01_Convex.asset
  artifactKey: Guid(3070292779e3e9d4baf519f69bec94a9) Importer(815301076,1909f56bfc062723c751e8b465ee728b)
Start importing Assets/PolygonDungeon/Models/CollisionConvex/SM_Env_BonePile_01_Convex.asset using Guid(3070292779e3e9d4baf519f69bec94a9) Importer(815301076,1909f56bfc062723c751e8b465ee728b)  -> (artifact id: '041ef5c1bf36f3d30a263dfc76cf8fa9') in 0.008604 seconds 
========================================================================
Received Import Request.
  Time since last request: 0.000017 seconds.
  path: Assets/PolygonDungeon/Models/CollisionConvex/SM_Env_Basement_Ceiling_01_Convex.asset
  artifactKey: Guid(d10fcaefadd30a14a837348f8edaa484) Importer(815301076,1909f56bfc062723c751e8b465ee728b)
Start importing Assets/PolygonDungeon/Models/CollisionConvex/SM_Env_Basement_Ceiling_01_Convex.asset using Guid(d10fcaefadd30a14a837348f8edaa484) Importer(815301076,1909f56bfc062723c751e8b465ee728b)  -> (artifact id: 'e219a2f61838902c00b200eb3a0bb265') in 0.007670 seconds 
========================================================================
Received Import Request.
  Time since last request: 0.000016 seconds.
  path: Assets/PolygonDungeon/Models/CollisionConvex/SM_Env_Bone_Rigcage_01_Convex.asset
  artifactKey: Guid(f12b6ef0f9507b3458449dc4be464dde) Importer(815301076,1909f56bfc062723c751e8b465ee728b)
Start importing Assets/PolygonDungeon/Models/CollisionConvex/SM_Env_Bone_Rigcage_01_Convex.asset using Guid(f12b6ef0f9507b3458449dc4be464dde) Importer(815301076,1909f56bfc062723c751e8b465ee728b)  -> (artifact id: 'b8a663ff40d58b74fc5e0be71c118ec5') in 0.009570 seconds 
========================================================================
Received Import Request.
  Time since last request: 0.000018 seconds.
  path: Assets/PolygonDungeon/Models/CollisionConvex/SM_Env_Bone_Spike_01_Convex.asset
  artifactKey: Guid(6f8a6abb89230804c9e7cec86cc4882f) Importer(815301076,1909f56bfc062723c751e8b465ee728b)
Start importing Assets/PolygonDungeon/Models/CollisionConvex/SM_Env_Bone_Spike_01_Convex.asset using Guid(6f8a6abb89230804c9e7cec86cc4882f) Importer(815301076,1909f56bfc062723c751e8b465ee728b)  -> (artifact id: 'bfe0024a53a25ec5d3da0acbf66e5fcc') in 0.009072 seconds 
========================================================================
Received Import Request.
  Time since last request: 0.000020 seconds.
  path: Assets/PolygonDungeon/Models/CollisionConvex/SM_Env_Ceiling_Stone_Flat_06_Convex.asset
  artifactKey: Guid(16d86fe917f144348b126f0fbafc2b33) Importer(815301076,1909f56bfc062723c751e8b465ee728b)
Start importing Assets/PolygonDungeon/Models/CollisionConvex/SM_Env_Ceiling_Stone_Flat_06_Convex.asset using Guid(16d86fe917f144348b126f0fbafc2b33) Importer(815301076,1909f56bfc062723c751e8b465ee728b)  -> (artifact id: 'daac415277f127a33c16cea96d0627c5') in 0.008004 seconds 
========================================================================
Received Import Request.
  Time since last request: 0.000016 seconds.
  path: Assets/PolygonDungeon/Models/CollisionConvex/SM_Env_BonePile_Small_02_Convex.asset
  artifactKey: Guid(c5e825c8e925bc943945b4168ee1d2de) Importer(815301076,1909f56bfc062723c751e8b465ee728b)
Start importing Assets/PolygonDungeon/Models/CollisionConvex/SM_Env_BonePile_Small_02_Convex.asset using Guid(c5e825c8e925bc943945b4168ee1d2de) Importer(815301076,1909f56bfc062723c751e8b465ee728b)  -> (artifact id: 'c16c3be2fc2345af6e5aa62c75a55ed4') in 0.007809 seconds 
========================================================================
Received Import Request.
  Time since last request: 0.000018 seconds.
  path: Assets/PolygonDungeon/Models/CollisionConvex/SM_Env_Bone_Rib_02_Convex.asset
  artifactKey: Guid(865de6b827c545e45b11836dd8833e63) Importer(815301076,1909f56bfc062723c751e8b465ee728b)
Start importing Assets/PolygonDungeon/Models/CollisionConvex/SM_Env_Bone_Rib_02_Convex.asset using Guid(865de6b827c545e45b11836dd8833e63) Importer(815301076,1909f56bfc062723c751e8b465ee728b)  -> (artifact id: 'c0297ed18a49aec397e72ebf22135bb4') in 0.009221 seconds 
========================================================================
Received Import Request.
  Time since last request: 0.000018 seconds.
  path: Assets/PolygonDungeon/Models/CollisionConvex/SM_Env_Ceiling_Stone_Stairs_01_Convex.asset
  artifactKey: Guid(798c1ef5bbbe61845934ae2a978ace0f) Importer(815301076,1909f56bfc062723c751e8b465ee728b)
Start importing Assets/PolygonDungeon/Models/CollisionConvex/SM_Env_Ceiling_Stone_Stairs_01_Convex.asset using Guid(798c1ef5bbbe61845934ae2a978ace0f) Importer(815301076,1909f56bfc062723c751e8b465ee728b)  -> (artifact id: '6243f99615d61a5e5d4810df09ae9935') in 0.008695 seconds 
========================================================================
Received Import Request.
  Time since last request: 0.000018 seconds.
  path: Assets/PolygonDungeon/Models/CollisionConvex/SM_Env_Door_Large_Frame_02_Convex 2.asset
  artifactKey: Guid(1427966c4212d30488eea5bfadd5f0de) Importer(815301076,1909f56bfc062723c751e8b465ee728b)
Start importing Assets/PolygonDungeon/Models/CollisionConvex/SM_Env_Door_Large_Frame_02_Convex 2.asset using Guid(1427966c4212d30488eea5bfadd5f0de) Importer(815301076,1909f56bfc062723c751e8b465ee728b)  -> (artifact id: '06011bf3c32601aad7904c8c44888136') in 0.016185 seconds 
========================================================================
Received Import Request.
  Time since last request: 0.000019 seconds.
  path: Assets/PolygonDungeon/Models/CollisionConvex/SM_Env_Bone_Horn_01_Convex.asset
  artifactKey: Guid(7267419c21aaab44dbde8a90946dc352) Importer(815301076,1909f56bfc062723c751e8b465ee728b)
Start importing Assets/PolygonDungeon/Models/CollisionConvex/SM_Env_Bone_Horn_01_Convex.asset using Guid(7267419c21aaab44dbde8a90946dc352) Importer(815301076,1909f56bfc062723c751e8b465ee728b)  -> (artifact id: 'd639544113d005c5eb4556e863623647') in 0.008699 seconds 
========================================================================
Received Import Request.
  Time since last request: 0.000019 seconds.
  path: Assets/PolygonDungeon/Models/CollisionConvex/SM_Env_Ceiling_Stone_Curved_03_Convex 2.asset
  artifactKey: Guid(d15232a8fb4663c48b9ab00979d0c361) Importer(815301076,1909f56bfc062723c751e8b465ee728b)
Start importing Assets/PolygonDungeon/Models/CollisionConvex/SM_Env_Ceiling_Stone_Curved_03_Convex 2.asset using Guid(d15232a8fb4663c48b9ab00979d0c361) Importer(815301076,1909f56bfc062723c751e8b465ee728b)  -> (artifact id: '2b025697ca72a964b3ef40a059e77208') in 0.014615 seconds 
========================================================================
Received Import Request.
  Time since last request: 0.000016 seconds.
  path: Assets/PolygonDungeon/Models/CollisionConvex/SM_Env_Ceiling_Stone_Pillar_02_Convex.asset
  artifactKey: Guid(d6b58381066029c4f9287f494eb6dd1f) Importer(815301076,1909f56bfc062723c751e8b465ee728b)
Start importing Assets/PolygonDungeon/Models/CollisionConvex/SM_Env_Ceiling_Stone_Pillar_02_Convex.asset using Guid(d6b58381066029c4f9287f494eb6dd1f) Importer(815301076,1909f56bfc062723c751e8b465ee728b)  -> (artifact id: '600c9285d37017a82630d2e3e28d765d') in 0.007619 seconds 
========================================================================
Received Import Request.
  Time since last request: 0.000017 seconds.
  path: Assets/PolygonDungeon/Models/CollisionConvex/SM_Env_Bone_Skull_01_Convex.asset
  artifactKey: Guid(88805e04407059c43ba01e0473af7c38) Importer(815301076,1909f56bfc062723c751e8b465ee728b)
Start importing Assets/PolygonDungeon/Models/CollisionConvex/SM_Env_Bone_Skull_01_Convex.asset using Guid(88805e04407059c43ba01e0473af7c38) Importer(815301076,1909f56bfc062723c751e8b465ee728b)  -> (artifact id: '873ad71887b1ff6bb76d0f3f4c0c9bc7') in 0.007782 seconds 
========================================================================
Received Import Request.
  Time since last request: 0.000020 seconds.
  path: Assets/PolygonDungeon/Models/CollisionConvex/SM_Env_Bone_Skull_Jaw_02_Convex.asset
  artifactKey: Guid(e4f3ad25d2cc83b489148d73e530c9b8) Importer(815301076,1909f56bfc062723c751e8b465ee728b)
Start importing Assets/PolygonDungeon/Models/CollisionConvex/SM_Env_Bone_Skull_Jaw_02_Convex.asset using Guid(e4f3ad25d2cc83b489148d73e530c9b8) Importer(815301076,1909f56bfc062723c751e8b465ee728b)  -> (artifact id: 'a5a6045b314279e5074ec24f3964e433') in 0.007927 seconds 
========================================================================
Received Import Request.
  Time since last request: 0.000023 seconds.
  path: Assets/PolygonDungeon/Models/CollisionConvex/SM_Env_Bone_Spine_01_Convex 1.asset
  artifactKey: Guid(d660cf67a0df89243a0e6eaae651e4f4) Importer(815301076,1909f56bfc062723c751e8b465ee728b)
Start importing Assets/PolygonDungeon/Models/CollisionConvex/SM_Env_Bone_Spine_01_Convex 1.asset using Guid(d660cf67a0df89243a0e6eaae651e4f4) Importer(815301076,1909f56bfc062723c751e8b465ee728b)  -> (artifact id: '2f528d8cadbd58728284475377be7fbc') in 0.016436 seconds 
========================================================================
Received Import Request.
  Time since last request: 0.000020 seconds.
  path: Assets/PolygonDungeon/Models/CollisionConvex/SM_Env_Bone_Rib_02_Convex 1.asset
  artifactKey: Guid(47e479d4a1f500443b1b8a335c83b811) Importer(815301076,1909f56bfc062723c751e8b465ee728b)
Start importing Assets/PolygonDungeon/Models/CollisionConvex/SM_Env_Bone_Rib_02_Convex 1.asset using Guid(47e479d4a1f500443b1b8a335c83b811) Importer(815301076,1909f56bfc062723c751e8b465ee728b)  -> (artifact id: '8ad95d9b3e7ae45df33805bacaccd372') in 0.011524 seconds 
========================================================================
Received Import Request.
  Time since last request: 0.000017 seconds.
  path: Assets/PolygonDungeon/Models/CollisionConvex/SM_Env_Bone_Spine_03_Convex.asset
  artifactKey: Guid(1a74779124c20884294b255a1e07c220) Importer(815301076,1909f56bfc062723c751e8b465ee728b)
Start importing Assets/PolygonDungeon/Models/CollisionConvex/SM_Env_Bone_Spine_03_Convex.asset using Guid(1a74779124c20884294b255a1e07c220) Importer(815301076,1909f56bfc062723c751e8b465ee728b)  -> (artifact id: '7109f288ccf6ee1c3a6e5ec580067d32') in 0.008101 seconds 
========================================================================
Received Import Request.
  Time since last request: 0.000016 seconds.
  path: Assets/PolygonDungeon/Models/CollisionConvex/SM_Env_Bone_Rib_01_Convex 1.asset
  artifactKey: Guid(c7b9b0add6764a94ab2411c7acc60512) Importer(815301076,1909f56bfc062723c751e8b465ee728b)
Start importing Assets/PolygonDungeon/Models/CollisionConvex/SM_Env_Bone_Rib_01_Convex 1.asset using Guid(c7b9b0add6764a94ab2411c7acc60512) Importer(815301076,1909f56bfc062723c751e8b465ee728b)  -> (artifact id: '9d84f1e7177dbee921abecfc55afe197') in 0.011318 seconds 
========================================================================
Received Import Request.
  Time since last request: 0.000018 seconds.
  path: Assets/PolygonDungeon/Models/CollisionConvex/SM_Env_Door_Large_Frame_02_Convex 4.asset
  artifactKey: Guid(a659479fedf8b8e46acf8f8ff3bbc078) Importer(815301076,1909f56bfc062723c751e8b465ee728b)
Start importing Assets/PolygonDungeon/Models/CollisionConvex/SM_Env_Door_Large_Frame_02_Convex 4.asset using Guid(a659479fedf8b8e46acf8f8ff3bbc078) Importer(815301076,1909f56bfc062723c751e8b465ee728b)  -> (artifact id: 'ed9880e65c840dd809c9f3773e6a2f5d') in 0.021351 seconds 
========================================================================
Received Import Request.
  Time since last request: 0.000017 seconds.
  path: Assets/PolygonDungeon/Models/CollisionConvex/SM_Env_Door_Large_Frame_02_Convex 3.asset
  artifactKey: Guid(a4c380726ca757a4eb065c7c91ffdfa0) Importer(815301076,1909f56bfc062723c751e8b465ee728b)
Start importing Assets/PolygonDungeon/Models/CollisionConvex/SM_Env_Door_Large_Frame_02_Convex 3.asset using Guid(a4c380726ca757a4eb065c7c91ffdfa0) Importer(815301076,1909f56bfc062723c751e8b465ee728b)  -> (artifact id: '846055ad0f856427cd4544c4b44a5897') in 0.017622 seconds 
========================================================================
Received Import Request.
  Time since last request: 0.000019 seconds.
  path: Assets/PolygonDungeon/Models/CollisionConvex/SM_Env_Bone_Ribs_01_Convex 1.asset
  artifactKey: Guid(c5e3c0a8c8700d7419287de739461e7a) Importer(815301076,1909f56bfc062723c751e8b465ee728b)
Start importing Assets/PolygonDungeon/Models/CollisionConvex/SM_Env_Bone_Ribs_01_Convex 1.asset using Guid(c5e3c0a8c8700d7419287de739461e7a) Importer(815301076,1909f56bfc062723c751e8b465ee728b)  -> (artifact id: '79243bbef4dea65ee1ac7a55e213d7e0') in 0.023406 seconds 
========================================================================
Received Import Request.
  Time since last request: 0.000021 seconds.
  path: Assets/PolygonDungeon/Models/CollisionConvex/SM_Env_Ceiling_Stone_Flat_07_Convex.asset
  artifactKey: Guid(665864f470080ff47990fb76c9e01b25) Importer(815301076,1909f56bfc062723c751e8b465ee728b)
Start importing Assets/PolygonDungeon/Models/CollisionConvex/SM_Env_Ceiling_Stone_Flat_07_Convex.asset using Guid(665864f470080ff47990fb76c9e01b25) Importer(815301076,1909f56bfc062723c751e8b465ee728b)  -> (artifact id: '347472f92d73375ebc92f598d9c1b8b7') in 0.012116 seconds 
========================================================================
Received Import Request.
  Time since last request: 0.000024 seconds.
  path: Assets/PolygonDungeon/Models/CollisionConvex/SM_Env_Bone_Spine_01_Convex 2.asset
  artifactKey: Guid(883333ffd91281c41bc3c9d2514cb344) Importer(815301076,1909f56bfc062723c751e8b465ee728b)
Start importing Assets/PolygonDungeon/Models/CollisionConvex/SM_Env_Bone_Spine_01_Convex 2.asset using Guid(883333ffd91281c41bc3c9d2514cb344) Importer(815301076,1909f56bfc062723c751e8b465ee728b)  -> (artifact id: '3a45ab7521de072ec4bd87032f99eedf') in 0.019250 seconds 
========================================================================
Received Import Request.
  Time since last request: 0.000022 seconds.
  path: Assets/PolygonDungeon/Models/CollisionConvex/SM_Env_Ceiling_Stone_Flat_04_Convex.asset
  artifactKey: Guid(1039622c6d2b81045bf0905b4e72bc60) Importer(815301076,1909f56bfc062723c751e8b465ee728b)
Start importing Assets/PolygonDungeon/Models/CollisionConvex/SM_Env_Ceiling_Stone_Flat_04_Convex.asset using Guid(1039622c6d2b81045bf0905b4e72bc60) Importer(815301076,1909f56bfc062723c751e8b465ee728b)  -> (artifact id: '058abeb344fde1a4b2ecac5ba1e114f1') in 0.009210 seconds 
========================================================================
Received Prepare
Registering precompiled user dll's ...
Registered in 0.003097 seconds.
Begin MonoManager ReloadAssembly
Symbol file LoadedFromMemory doesn't match image G:\Transfer Stuff\GameDev\Unity\FantasyRPG\UnityFantasyRpg\Library\PackageCache\com.unity.visualscripting@1.7.8\Editor\VisualScripting.Core\Dependencies\YamlDotNet\Unity.VisualScripting.YamlDotNet.dll
Symbol file LoadedFromMemory doesn't match image G:\Transfer Stuff\GameDev\Unity\FantasyRPG\UnityFantasyRpg\Library\PackageCache\com.unity.visualscripting@1.7.8\Editor\VisualScripting.Core\Dependencies\DotNetZip\Unity.VisualScripting.IonicZip.dll
Native extension for WindowsStandalone target not found
Refreshing native plugins compatible for Editor in 1.29 ms, found 3 plugins.
Preloading 0 native plugins for Editor in 0.00 ms.
Mono: successfully reloaded assembly
- Completed reload, in  0.796 seconds
Domain Reload Profiling:
	ReloadAssembly (797ms)
		BeginReloadAssembly (129ms)
			ExecutionOrderSort (0ms)
			DisableScriptedObjects (3ms)
			BackupInstance (0ms)
			ReleaseScriptingObjects (0ms)
			CreateAndSetChildDomain (41ms)
		EndReloadAssembly (596ms)
			LoadAssemblies (79ms)
			RebuildTransferFunctionScriptingTraits (0ms)
			SetupTypeCache (188ms)
			ReleaseScriptCaches (1ms)
			RebuildScriptCaches (32ms)
			SetupLoadedEditorAssemblies (272ms)
				LogAssemblyErrors (0ms)
				InitializePlatformSupportModulesInManaged (9ms)
				SetLoadedEditorAssemblies (0ms)
				RefreshPlugins (1ms)
				BeforeProcessingInitializeOnLoad (51ms)
				ProcessInitializeOnLoadAttributes (183ms)
				ProcessInitializeOnLoadMethodAttributes (21ms)
				AfterProcessingInitializeOnLoad (6ms)
				EditorAssembliesLoaded (0ms)
			ExecutionOrderSort2 (0ms)
			AwakeInstancesAfterBackupRestoration (4ms)
Platform modules already initialized, skipping
Refreshing native plugins compatible for Editor in 4.44 ms, found 3 plugins.
Preloading 0 native plugins for Editor in 0.00 ms.
Unloading 3521 Unused Serialized files (Serialized files now loaded: 0)
Unloading 22 unused Assets / (174.8 KB). Loaded Objects now: 4081.
Memory consumption went from 159.1 MB to 158.9 MB.
Total: 16.014400 ms (FindLiveObjects: 0.605300 ms CreateObjectMapping: 0.313800 ms MarkObjects: 14.841400 ms  DeleteObjects: 0.252000 ms)

AssetImportParameters requested are different than current active one (requested -> active):
  custom:video-decoder-ogg-theora: a1e56fd34408186e4bbccfd4996cb3dc -> 
  custom:container-muxer-webm: aa71ff27fc2769a1b78a27578f13a17b -> 
  custom:container-demuxer-webm: 4f35f7cbe854078d1ac9338744f61a02 -> 
  custom:video-encoder-webm-vp8: eb34c28f22e8b96e1ab97ce403110664 -> 
  custom:video-codec-MediaFoundation-h265: 746d11721c4dcdbdad8f713fa42b33f4 -> 
  custom:audio-encoder-webm-vorbis: bf7c407c2cedff20999df2af8eb42d56 -> 
  custom:framework-win-MediaFoundation: 216162199b28c13a410421893ffa2e32 -> 
  custom:container-demuxer-ogg: 62fdf1f143b41e24485cea50d1cbac27 -> 
  custom:video-decoder-webm-vp8: 9c59270c3fd7afecdb556c50c9e8de78 -> 
  custom:audio-decoder-ogg-vorbis: bf7c407c2cedff20999df2af8eb42d56 -> 
Editor requested this worker to shutdown with reason: Scaling down because of idle timeout
AssetImportWorker is now disconnected from the server
Process exiting
Exiting without the bug reporter. Application will terminate with return code 0