Using pre-set license
Built from '2021.3/staging' branch; Version is '2021.3.14f1 (eee1884e7226) revision 15655304'; Using compiler version '192829333'; Build Type 'Release'
OS: 'Windows 11  (10.0.22621) 64bit Professional' Language: 'en' Physical Memory: 24461 MB
BatchMode: 1, IsHumanControllingUs: 0, StartBugReporterOnCrash: 0, Is64bit: 1, IsPro: 1

COMMAND LINE ARGUMENTS:
C:\Program Files\Unity\Hub\Editor\2021.3.14f1\Editor\Unity.exe
-adb2
-batchMode
-noUpm
-name
AssetImportWorker63
-projectPath
G:/Transfer Stuff/GameDev/Unity/FantasyRPG/UnityFantasyRpg
-logFile
Logs/AssetImportWorker63.log
-srvPort
64560
Successfully changed project path to: G:/Transfer Stuff/GameDev/Unity/FantasyRPG/UnityFantasyRpg
G:/Transfer Stuff/GameDev/Unity/FantasyRPG/UnityFantasyRpg
[UnityMemory] Configuration Parameters - Can be set up in boot.config
    "memorysetup-bucket-allocator-granularity=16"
    "memorysetup-bucket-allocator-bucket-count=8"
    "memorysetup-bucket-allocator-block-size=33554432"
    "memorysetup-bucket-allocator-block-count=8"
    "memorysetup-main-allocator-block-size=16777216"
    "memorysetup-thread-allocator-block-size=16777216"
    "memorysetup-gfx-main-allocator-block-size=16777216"
    "memorysetup-gfx-thread-allocator-block-size=16777216"
    "memorysetup-cache-allocator-block-size=4194304"
    "memorysetup-typetree-allocator-block-size=2097152"
    "memorysetup-profiler-bucket-allocator-granularity=16"
    "memorysetup-profiler-bucket-allocator-bucket-count=8"
    "memorysetup-profiler-bucket-allocator-block-size=33554432"
    "memorysetup-profiler-bucket-allocator-block-count=8"
    "memorysetup-profiler-allocator-block-size=16777216"
    "memorysetup-profiler-editor-allocator-block-size=1048576"
    "memorysetup-temp-allocator-size-main=16777216"
    "memorysetup-job-temp-allocator-block-size=2097152"
    "memorysetup-job-temp-allocator-block-size-background=1048576"
    "memorysetup-job-temp-allocator-reduction-small-platforms=262144"
    "memorysetup-temp-allocator-size-background-worker=32768"
    "memorysetup-temp-allocator-size-job-worker=262144"
    "memorysetup-temp-allocator-size-preload-manager=33554432"
    "memorysetup-temp-allocator-size-nav-mesh-worker=65536"
    "memorysetup-temp-allocator-size-audio-worker=65536"
    "memorysetup-temp-allocator-size-cloud-worker=32768"
    "memorysetup-temp-allocator-size-gi-baking-worker=262144"
    "memorysetup-temp-allocator-size-gfx=262144"
Refreshing native plugins compatible for Editor in 78.01 ms, found 3 plugins.
Preloading 0 native plugins for Editor in 0.00 ms.
Initialize engine version: 2021.3.14f1 (eee1884e7226)
[Subsystems] Discovering subsystems at path C:/Program Files/Unity/Hub/Editor/2021.3.14f1/Editor/Data/Resources/UnitySubsystems
[Subsystems] Discovering subsystems at path G:/Transfer Stuff/GameDev/Unity/FantasyRPG/UnityFantasyRpg/Assets
GfxDevice: creating device client; threaded=0; jobified=0
Direct3D:
    Version:  Direct3D 11.0 [level 11.1]
    Renderer: NVIDIA GeForce RTX 3060 (ID=0x2487)
    Vendor:   NVIDIA
    VRAM:     12124 MB
    Driver:   31.0.15.2686
Initialize mono
Mono path[0] = 'C:/Program Files/Unity/Hub/Editor/2021.3.14f1/Editor/Data/Managed'
Mono path[1] = 'C:/Program Files/Unity/Hub/Editor/2021.3.14f1/Editor/Data/MonoBleedingEdge/lib/mono/unityjit-win32'
Mono config path = 'C:/Program Files/Unity/Hub/Editor/2021.3.14f1/Editor/Data/MonoBleedingEdge/etc'
Using monoOptions --debugger-agent=transport=dt_socket,embedding=1,server=y,suspend=n,address=127.0.0.1:56680
Begin MonoManager ReloadAssembly
Registering precompiled unity dll's ...
Register platform support module: C:/Program Files/Unity/Hub/Editor/2021.3.14f1/Editor/Data/PlaybackEngines/WindowsStandaloneSupport/UnityEditor.WindowsStandalone.Extensions.dll
Registered in 0.003934 seconds.
Native extension for WindowsStandalone target not found
Refreshing native plugins compatible for Editor in 76.93 ms, found 3 plugins.
Preloading 0 native plugins for Editor in 0.00 ms.
Mono: successfully reloaded assembly
- Completed reload, in  0.472 seconds
Domain Reload Profiling:
	ReloadAssembly (472ms)
		BeginReloadAssembly (53ms)
			ExecutionOrderSort (0ms)
			DisableScriptedObjects (0ms)
			BackupInstance (0ms)
			ReleaseScriptingObjects (0ms)
			CreateAndSetChildDomain (1ms)
		EndReloadAssembly (342ms)
			LoadAssemblies (52ms)
			RebuildTransferFunctionScriptingTraits (0ms)
			SetupTypeCache (68ms)
			ReleaseScriptCaches (0ms)
			RebuildScriptCaches (18ms)
			SetupLoadedEditorAssemblies (219ms)
				LogAssemblyErrors (0ms)
				InitializePlatformSupportModulesInManaged (5ms)
				SetLoadedEditorAssemblies (0ms)
				RefreshPlugins (77ms)
				BeforeProcessingInitializeOnLoad (1ms)
				ProcessInitializeOnLoadAttributes (102ms)
				ProcessInitializeOnLoadMethodAttributes (33ms)
				AfterProcessingInitializeOnLoad (0ms)
				EditorAssembliesLoaded (0ms)
			ExecutionOrderSort2 (0ms)
			AwakeInstancesAfterBackupRestoration (0ms)
Platform modules already initialized, skipping
Registering precompiled user dll's ...
Registered in 0.002855 seconds.
Begin MonoManager ReloadAssembly
Symbol file LoadedFromMemory doesn't match image G:\Transfer Stuff\GameDev\Unity\FantasyRPG\UnityFantasyRpg\Library\PackageCache\com.unity.visualscripting@1.7.8\Editor\VisualScripting.Core\Dependencies\YamlDotNet\Unity.VisualScripting.YamlDotNet.dll
Symbol file LoadedFromMemory doesn't match image G:\Transfer Stuff\GameDev\Unity\FantasyRPG\UnityFantasyRpg\Library\PackageCache\com.unity.visualscripting@1.7.8\Editor\VisualScripting.Core\Dependencies\DotNetZip\Unity.VisualScripting.IonicZip.dll
Native extension for WindowsStandalone target not found
Refreshing native plugins compatible for Editor in 0.91 ms, found 3 plugins.
Preloading 0 native plugins for Editor in 0.00 ms.
Mono: successfully reloaded assembly
- Completed reload, in  0.868 seconds
Domain Reload Profiling:
	ReloadAssembly (869ms)
		BeginReloadAssembly (85ms)
			ExecutionOrderSort (0ms)
			DisableScriptedObjects (4ms)
			BackupInstance (0ms)
			ReleaseScriptingObjects (0ms)
			CreateAndSetChildDomain (19ms)
		EndReloadAssembly (700ms)
			LoadAssemblies (60ms)
			RebuildTransferFunctionScriptingTraits (0ms)
			SetupTypeCache (215ms)
			ReleaseScriptCaches (1ms)
			RebuildScriptCaches (52ms)
			SetupLoadedEditorAssemblies (331ms)
				LogAssemblyErrors (0ms)
				InitializePlatformSupportModulesInManaged (5ms)
				SetLoadedEditorAssemblies (0ms)
				RefreshPlugins (1ms)
				BeforeProcessingInitializeOnLoad (69ms)
				ProcessInitializeOnLoadAttributes (226ms)
				ProcessInitializeOnLoadMethodAttributes (22ms)
				AfterProcessingInitializeOnLoad (7ms)
				EditorAssembliesLoaded (0ms)
			ExecutionOrderSort2 (0ms)
			AwakeInstancesAfterBackupRestoration (5ms)
Platform modules already initialized, skipping
========================================================================
Worker process is ready to serve import requests
Launched and connected shader compiler UnityShaderCompiler.exe after 0.08 seconds
Refreshing native plugins compatible for Editor in 1.46 ms, found 3 plugins.
Preloading 0 native plugins for Editor in 0.00 ms.
Unloading 3545 Unused Serialized files (Serialized files now loaded: 0)
Unloading 40 unused Assets / (185.6 KB). Loaded Objects now: 4022.
Memory consumption went from 143.8 MB to 143.6 MB.
Total: 4.523400 ms (FindLiveObjects: 0.319900 ms CreateObjectMapping: 0.092300 ms MarkObjects: 3.937100 ms  DeleteObjects: 0.173300 ms)

AssetImportParameters requested are different than current active one (requested -> active):
  custom:video-decoder-ogg-theora: a1e56fd34408186e4bbccfd4996cb3dc -> 
  custom:container-muxer-webm: aa71ff27fc2769a1b78a27578f13a17b -> 
  custom:container-demuxer-webm: 4f35f7cbe854078d1ac9338744f61a02 -> 
  custom:video-encoder-webm-vp8: eb34c28f22e8b96e1ab97ce403110664 -> 
  custom:video-codec-MediaFoundation-h265: 746d11721c4dcdbdad8f713fa42b33f4 -> 
  custom:audio-encoder-webm-vorbis: bf7c407c2cedff20999df2af8eb42d56 -> 
  custom:framework-win-MediaFoundation: 216162199b28c13a410421893ffa2e32 -> 
  custom:container-demuxer-ogg: 62fdf1f143b41e24485cea50d1cbac27 -> 
  custom:video-decoder-webm-vp8: 9c59270c3fd7afecdb556c50c9e8de78 -> 
  custom:audio-decoder-ogg-vorbis: bf7c407c2cedff20999df2af8eb42d56 -> 
========================================================================
Received Import Request.
  Time since last request: 907578.636212 seconds.
  path: Assets/Animations/Playercharacter.controller
  artifactKey: Guid(ce77ce943279ff441920ee146932ac2b) Importer(815301076,1909f56bfc062723c751e8b465ee728b)
Start importing Assets/Animations/Playercharacter.controller using Guid(ce77ce943279ff441920ee146932ac2b) Importer(815301076,1909f56bfc062723c751e8b465ee728b)  -> (artifact id: 'c48e628feeaf5e2f89886c28310feb9e') in 0.031656 seconds 
========================================================================
Received Prepare
Registering precompiled user dll's ...
Registered in 0.002959 seconds.
Begin MonoManager ReloadAssembly
Symbol file LoadedFromMemory doesn't match image G:\Transfer Stuff\GameDev\Unity\FantasyRPG\UnityFantasyRpg\Library\PackageCache\com.unity.visualscripting@1.7.8\Editor\VisualScripting.Core\Dependencies\YamlDotNet\Unity.VisualScripting.YamlDotNet.dll
Symbol file LoadedFromMemory doesn't match image G:\Transfer Stuff\GameDev\Unity\FantasyRPG\UnityFantasyRpg\Library\PackageCache\com.unity.visualscripting@1.7.8\Editor\VisualScripting.Core\Dependencies\DotNetZip\Unity.VisualScripting.IonicZip.dll
Native extension for WindowsStandalone target not found
Refreshing native plugins compatible for Editor in 0.93 ms, found 3 plugins.
Preloading 0 native plugins for Editor in 0.00 ms.
Mono: successfully reloaded assembly
- Completed reload, in  0.736 seconds
Domain Reload Profiling:
	ReloadAssembly (737ms)
		BeginReloadAssembly (111ms)
			ExecutionOrderSort (0ms)
			DisableScriptedObjects (3ms)
			BackupInstance (0ms)
			ReleaseScriptingObjects (0ms)
			CreateAndSetChildDomain (33ms)
		EndReloadAssembly (558ms)
			LoadAssemblies (70ms)
			RebuildTransferFunctionScriptingTraits (0ms)
			SetupTypeCache (177ms)
			ReleaseScriptCaches (1ms)
			RebuildScriptCaches (30ms)
			SetupLoadedEditorAssemblies (257ms)
				LogAssemblyErrors (0ms)
				InitializePlatformSupportModulesInManaged (9ms)
				SetLoadedEditorAssemblies (0ms)
				RefreshPlugins (1ms)
				BeforeProcessingInitializeOnLoad (47ms)
				ProcessInitializeOnLoadAttributes (174ms)
				ProcessInitializeOnLoadMethodAttributes (20ms)
				AfterProcessingInitializeOnLoad (6ms)
				EditorAssembliesLoaded (0ms)
			ExecutionOrderSort2 (0ms)
			AwakeInstancesAfterBackupRestoration (4ms)
Platform modules already initialized, skipping
Refreshing native plugins compatible for Editor in 3.47 ms, found 3 plugins.
Preloading 0 native plugins for Editor in 0.00 ms.
Unloading 3521 Unused Serialized files (Serialized files now loaded: 0)
Unloading 21 unused Assets / (152.7 KB). Loaded Objects now: 4038.
Memory consumption went from 141.7 MB to 141.6 MB.
Total: 3.239500 ms (FindLiveObjects: 0.298600 ms CreateObjectMapping: 0.080400 ms MarkObjects: 2.743000 ms  DeleteObjects: 0.116900 ms)

AssetImportParameters requested are different than current active one (requested -> active):
  custom:video-decoder-ogg-theora: a1e56fd34408186e4bbccfd4996cb3dc -> 
  custom:container-muxer-webm: aa71ff27fc2769a1b78a27578f13a17b -> 
  custom:container-demuxer-webm: 4f35f7cbe854078d1ac9338744f61a02 -> 
  custom:video-encoder-webm-vp8: eb34c28f22e8b96e1ab97ce403110664 -> 
  custom:video-codec-MediaFoundation-h265: 746d11721c4dcdbdad8f713fa42b33f4 -> 
  custom:audio-encoder-webm-vorbis: bf7c407c2cedff20999df2af8eb42d56 -> 
  custom:framework-win-MediaFoundation: 216162199b28c13a410421893ffa2e32 -> 
  custom:container-demuxer-ogg: 62fdf1f143b41e24485cea50d1cbac27 -> 
  custom:video-decoder-webm-vp8: 9c59270c3fd7afecdb556c50c9e8de78 -> 
  custom:audio-decoder-ogg-vorbis: bf7c407c2cedff20999df2af8eb42d56 -> 
========================================================================
Received Import Request.
  Time since last request: 219.430052 seconds.
  path: Assets/Animations/draw sword 1.fbx
  artifactKey: Guid(7bd3bb05120749b48bf7a3fdc6198ecc) Importer(815301076,1909f56bfc062723c751e8b465ee728b)
Start importing Assets/Animations/draw sword 1.fbx using Guid(7bd3bb05120749b48bf7a3fdc6198ecc) Importer(815301076,1909f56bfc062723c751e8b465ee728b)  -> (artifact id: 'a92718d63b8d475839769ff4b376efc7') in 0.033781 seconds 
========================================================================
Received Import Request.
  Time since last request: 0.000023 seconds.
  path: Assets/Animations/sword and shield attack (4).fbx
  artifactKey: Guid(3ce420538b052b44bb279e872561b588) Importer(815301076,1909f56bfc062723c751e8b465ee728b)
Start importing Assets/Animations/sword and shield attack (4).fbx using Guid(3ce420538b052b44bb279e872561b588) Importer(815301076,1909f56bfc062723c751e8b465ee728b)  -> (artifact id: 'a18198ec1a6600a591d4d5cd894be447') in 0.007332 seconds 
========================================================================
Received Import Request.
  Time since last request: 0.002715 seconds.
  path: Assets/Animations/sword and shield casting (2).fbx
  artifactKey: Guid(758ac921b1730aa4da564a806bd73bef) Importer(815301076,1909f56bfc062723c751e8b465ee728b)
Start importing Assets/Animations/sword and shield casting (2).fbx using Guid(758ac921b1730aa4da564a806bd73bef) Importer(815301076,1909f56bfc062723c751e8b465ee728b)  -> (artifact id: 'bac49512240712715daec7ff8e65ed7f') in 0.009149 seconds 
========================================================================
Received Import Request.
  Time since last request: 0.000029 seconds.
  path: Assets/Animations/sword and shield slash (2).fbx
  artifactKey: Guid(610160344b04e954dbd24481dd3d31df) Importer(815301076,1909f56bfc062723c751e8b465ee728b)
Start importing Assets/Animations/sword and shield slash (2).fbx using Guid(610160344b04e954dbd24481dd3d31df) Importer(815301076,1909f56bfc062723c751e8b465ee728b)  -> (artifact id: 'a64cbfd804bf84a9b7ad41e5ee8f80c8') in 0.008581 seconds 
========================================================================
Received Import Request.
  Time since last request: 0.000024 seconds.
  path: Assets/Animations/sword and shield idle (4).fbx
  artifactKey: Guid(685d0d5433ced854cb30db3b31325d3e) Importer(815301076,1909f56bfc062723c751e8b465ee728b)
Start importing Assets/Animations/sword and shield idle (4).fbx using Guid(685d0d5433ced854cb30db3b31325d3e) Importer(815301076,1909f56bfc062723c751e8b465ee728b)  -> (artifact id: '13fbe9c0d1ede534eae9a2675809d22a') in 0.006423 seconds 
========================================================================
Received Import Request.
  Time since last request: 0.000025 seconds.
  path: Assets/Animations/sword and shield crouching.fbx
  artifactKey: Guid(800eaff069817114fbd2f1c07a54832d) Importer(815301076,1909f56bfc062723c751e8b465ee728b)
Start importing Assets/Animations/sword and shield crouching.fbx using Guid(800eaff069817114fbd2f1c07a54832d) Importer(815301076,1909f56bfc062723c751e8b465ee728b)  -> (artifact id: 'f61852d8d87eed350cbe26075da5d0fd') in 0.006460 seconds 
========================================================================
Received Import Request.
  Time since last request: 0.000017 seconds.
  path: Assets/Animations/sheath sword 1.fbx
  artifactKey: Guid(bbf129a62d921a14a8fea7a3ee99eb25) Importer(815301076,1909f56bfc062723c751e8b465ee728b)
Start importing Assets/Animations/sheath sword 1.fbx using Guid(bbf129a62d921a14a8fea7a3ee99eb25) Importer(815301076,1909f56bfc062723c751e8b465ee728b)  -> (artifact id: '24d87664e0373bf211f8ee629de8111a') in 0.006224 seconds 
========================================================================
Received Import Request.
  Time since last request: 0.000020 seconds.
  path: Assets/Animations/sword and shield impact.fbx
  artifactKey: Guid(283146263bdc1dd4294def89d1e00867) Importer(815301076,1909f56bfc062723c751e8b465ee728b)
Start importing Assets/Animations/sword and shield impact.fbx using Guid(283146263bdc1dd4294def89d1e00867) Importer(815301076,1909f56bfc062723c751e8b465ee728b)  -> (artifact id: 'fc9a9ce7b0a5eb5a706539fa3599659c') in 0.006954 seconds 
========================================================================
Received Import Request.
  Time since last request: 0.000026 seconds.
  path: Assets/Animations/sword and shield strafe (2).fbx
  artifactKey: Guid(8ee68f74654a8594890527c92827aedf) Importer(815301076,1909f56bfc062723c751e8b465ee728b)
Start importing Assets/Animations/sword and shield strafe (2).fbx using Guid(8ee68f74654a8594890527c92827aedf) Importer(815301076,1909f56bfc062723c751e8b465ee728b)  -> (artifact id: '5a555361b3a0c97074482ae3db7a3c85') in 0.005026 seconds 
========================================================================
Received Import Request.
  Time since last request: 0.000024 seconds.
  path: Assets/Animations/sword and shield block (2).fbx
  artifactKey: Guid(8766709949104ac45bb71a895a401939) Importer(815301076,1909f56bfc062723c751e8b465ee728b)
Start importing Assets/Animations/sword and shield block (2).fbx using Guid(8766709949104ac45bb71a895a401939) Importer(815301076,1909f56bfc062723c751e8b465ee728b)  -> (artifact id: 'f84283e4c0bb32b9ee30d8b294cdf1d9') in 0.005452 seconds 
========================================================================
Received Import Request.
  Time since last request: 0.000029 seconds.
  path: Assets/Animations/sword and shield attack.fbx
  artifactKey: Guid(ca6cdefbf3e305043ad51e22dc4c571a) Importer(815301076,1909f56bfc062723c751e8b465ee728b)
Start importing Assets/Animations/sword and shield attack.fbx using Guid(ca6cdefbf3e305043ad51e22dc4c571a) Importer(815301076,1909f56bfc062723c751e8b465ee728b)  -> (artifact id: 'd4d68c01f572c53c50599a22952e0dca') in 0.006883 seconds 
========================================================================
Received Import Request.
  Time since last request: 0.000012 seconds.
  path: Assets/Animations/sword and shield idle (2).fbx
  artifactKey: Guid(7bc2064875a14bd42a7e4ddc0c023773) Importer(815301076,1909f56bfc062723c751e8b465ee728b)
Start importing Assets/Animations/sword and shield idle (2).fbx using Guid(7bc2064875a14bd42a7e4ddc0c023773) Importer(815301076,1909f56bfc062723c751e8b465ee728b)  -> (artifact id: '2c0dbd7c38e9f40aab441fa5c79f0595') in 0.006032 seconds 
========================================================================
Received Import Request.
  Time since last request: 0.000015 seconds.
  path: Assets/Animations/sword and shield jump (2).fbx
  artifactKey: Guid(e804d4693f05e1f42b5f589b16ab0eea) Importer(815301076,1909f56bfc062723c751e8b465ee728b)
Start importing Assets/Animations/sword and shield jump (2).fbx using Guid(e804d4693f05e1f42b5f589b16ab0eea) Importer(815301076,1909f56bfc062723c751e8b465ee728b)  -> (artifact id: 'bb3ce211aa46a38f14d0d89afc2857b7') in 0.006894 seconds 
========================================================================
Received Import Request.
  Time since last request: 0.000020 seconds.
  path: Assets/Animations/sword and shield crouch block (2).fbx
  artifactKey: Guid(a807c97f33a0f9b439a571a6ac4656d0) Importer(815301076,1909f56bfc062723c751e8b465ee728b)
Start importing Assets/Animations/sword and shield crouch block (2).fbx using Guid(a807c97f33a0f9b439a571a6ac4656d0) Importer(815301076,1909f56bfc062723c751e8b465ee728b)  -> (artifact id: '27e528f89309d3d6d81c1c2f6d7173db') in 0.006115 seconds 
========================================================================
Received Import Request.
  Time since last request: 0.000021 seconds.
  path: Assets/Animations/sword and shield crouching (3).fbx
  artifactKey: Guid(8c231efd5a2e4884687aea0d8b39313c) Importer(815301076,1909f56bfc062723c751e8b465ee728b)
Start importing Assets/Animations/sword and shield crouching (3).fbx using Guid(8c231efd5a2e4884687aea0d8b39313c) Importer(815301076,1909f56bfc062723c751e8b465ee728b)  -> (artifact id: '20ed5bde879fe18ca0dafb1ec90a5824') in 0.006200 seconds 
========================================================================
Received Import Request.
  Time since last request: 0.000037 seconds.
  path: Assets/Animations/sword and shield death.fbx
  artifactKey: Guid(d9076fe6fdbf546448a943195fa13a1a) Importer(815301076,1909f56bfc062723c751e8b465ee728b)
Start importing Assets/Animations/sword and shield death.fbx using Guid(d9076fe6fdbf546448a943195fa13a1a) Importer(815301076,1909f56bfc062723c751e8b465ee728b)  -> (artifact id: '65fb83d77925f3e12b16b835e90b16c7') in 0.003735 seconds 
========================================================================
Received Import Request.
  Time since last request: 0.000021 seconds.
  path: Assets/Animations/sword and shield crouch block idle.fbx
  artifactKey: Guid(25a06f6825bad164198a677213093413) Importer(815301076,1909f56bfc062723c751e8b465ee728b)
Start importing Assets/Animations/sword and shield crouch block idle.fbx using Guid(25a06f6825bad164198a677213093413) Importer(815301076,1909f56bfc062723c751e8b465ee728b)  -> (artifact id: '824c0407083fcd17537672c230694567') in 0.006939 seconds 
========================================================================
Received Import Request.
  Time since last request: 0.000017 seconds.
  path: Assets/Animations/sword and shield impact (3).fbx
  artifactKey: Guid(a88e0f6a8a78b5e4bae5b1a3bc070a95) Importer(815301076,1909f56bfc062723c751e8b465ee728b)
Start importing Assets/Animations/sword and shield impact (3).fbx using Guid(a88e0f6a8a78b5e4bae5b1a3bc070a95) Importer(815301076,1909f56bfc062723c751e8b465ee728b)  -> (artifact id: '5c58347cee2d3908ddf9a65b0c000ced') in 0.005838 seconds 
========================================================================
Received Import Request.
  Time since last request: 0.000023 seconds.
  path: Assets/Animations/sword and shield attack (2).fbx
  artifactKey: Guid(cc2b4cc329a83304d8bbe38c572f207a) Importer(815301076,1909f56bfc062723c751e8b465ee728b)
Start importing Assets/Animations/sword and shield attack (2).fbx using Guid(cc2b4cc329a83304d8bbe38c572f207a) Importer(815301076,1909f56bfc062723c751e8b465ee728b)  -> (artifact id: '6caca9145b498023b93d950d7bd85da1') in 0.006690 seconds 
========================================================================
Received Import Request.
  Time since last request: 0.000018 seconds.
  path: Assets/Animations/sword and shield crouching (2).fbx
  artifactKey: Guid(a2620af6701efdf429af1d1432065fbb) Importer(815301076,1909f56bfc062723c751e8b465ee728b)
Start importing Assets/Animations/sword and shield crouching (2).fbx using Guid(a2620af6701efdf429af1d1432065fbb) Importer(815301076,1909f56bfc062723c751e8b465ee728b)  -> (artifact id: '0a37902908eb620d00c186ec941135d4') in 0.006444 seconds 
========================================================================
Received Import Request.
  Time since last request: 0.000031 seconds.
  path: Assets/Animations/sword and shield jump.fbx
  artifactKey: Guid(4b378e61f2738c747836c8ae19f506a2) Importer(815301076,1909f56bfc062723c751e8b465ee728b)
Start importing Assets/Animations/sword and shield jump.fbx using Guid(4b378e61f2738c747836c8ae19f506a2) Importer(815301076,1909f56bfc062723c751e8b465ee728b)  -> (artifact id: '25e88044c0fd90f18aea0b3a6073205f') in 0.006138 seconds 
========================================================================
Received Import Request.
  Time since last request: 0.000023 seconds.
  path: Assets/Animations/sword and shield crouch.fbx
  artifactKey: Guid(891917e2e7e3e0e48afa4137a18d7990) Importer(815301076,1909f56bfc062723c751e8b465ee728b)
Start importing Assets/Animations/sword and shield crouch.fbx using Guid(891917e2e7e3e0e48afa4137a18d7990) Importer(815301076,1909f56bfc062723c751e8b465ee728b)  -> (artifact id: '61cb10d83db2e2cbebaa0bdb45b90c6c') in 0.007744 seconds 
========================================================================
Received Import Request.
  Time since last request: 0.000020 seconds.
  path: Assets/Animations/sword and shield walk.fbx
  artifactKey: Guid(40158d4ff769ddb4c8eb698f5c8bb6e0) Importer(815301076,1909f56bfc062723c751e8b465ee728b)
Start importing Assets/Animations/sword and shield walk.fbx using Guid(40158d4ff769ddb4c8eb698f5c8bb6e0) Importer(815301076,1909f56bfc062723c751e8b465ee728b)  -> (artifact id: 'e3727e055816c2abffb566a606efa06d') in 0.008092 seconds 
========================================================================
Received Import Request.
  Time since last request: 0.000023 seconds.
  path: Assets/Animations/sword and shield slash (3).fbx
  artifactKey: Guid(73d8eb65a9a9eb742a9bd8c8f5b13523) Importer(815301076,1909f56bfc062723c751e8b465ee728b)
Start importing Assets/Animations/sword and shield slash (3).fbx using Guid(73d8eb65a9a9eb742a9bd8c8f5b13523) Importer(815301076,1909f56bfc062723c751e8b465ee728b)  -> (artifact id: '1b9c6294947853d7cf18994e9609b666') in 0.007809 seconds 
========================================================================
Received Import Request.
  Time since last request: 0.000022 seconds.
  path: Assets/Animations/sword and shield impact (2).fbx
  artifactKey: Guid(2efeb611f6a3c274e84f832c02c97ad4) Importer(815301076,1909f56bfc062723c751e8b465ee728b)
Start importing Assets/Animations/sword and shield impact (2).fbx using Guid(2efeb611f6a3c274e84f832c02c97ad4) Importer(815301076,1909f56bfc062723c751e8b465ee728b)  -> (artifact id: 'a7b14fccd3570226d07e58ff4ef6f7e5') in 0.007000 seconds 
Editor requested this worker to shutdown with reason: Scaling down because of idle timeout
AssetImportWorker is now disconnected from the server
Process exiting
Exiting without the bug reporter. Application will terminate with return code 0