Using pre-set license
Built from '2021.3/staging' branch; Version is '2021.3.14f1 (eee1884e7226) revision 15655304'; Using compiler version '192829333'; Build Type 'Release'
OS: 'Windows 11  (10.0.22621) 64bit Professional' Language: 'en' Physical Memory: 24461 MB
BatchMode: 1, IsHumanControllingUs: 0, StartBugReporterOnCrash: 0, Is64bit: 1, IsPro: 1

COMMAND LINE ARGUMENTS:
C:\Program Files\Unity\Hub\Editor\2021.3.14f1\Editor\Unity.exe
-adb2
-batchMode
-noUpm
-name
AssetImportWorker12
-projectPath
G:/Transfer Stuff/GameDev/Unity/FantasyRPG/UnityFantasyRpg
-logFile
Logs/AssetImportWorker12.log
-srvPort
58349
Successfully changed project path to: G:/Transfer Stuff/GameDev/Unity/FantasyRPG/UnityFantasyRpg
G:/Transfer Stuff/GameDev/Unity/FantasyRPG/UnityFantasyRpg
[UnityMemory] Configuration Parameters - Can be set up in boot.config
    "memorysetup-bucket-allocator-granularity=16"
    "memorysetup-bucket-allocator-bucket-count=8"
    "memorysetup-bucket-allocator-block-size=33554432"
    "memorysetup-bucket-allocator-block-count=8"
    "memorysetup-main-allocator-block-size=16777216"
    "memorysetup-thread-allocator-block-size=16777216"
    "memorysetup-gfx-main-allocator-block-size=16777216"
    "memorysetup-gfx-thread-allocator-block-size=16777216"
    "memorysetup-cache-allocator-block-size=4194304"
    "memorysetup-typetree-allocator-block-size=2097152"
    "memorysetup-profiler-bucket-allocator-granularity=16"
    "memorysetup-profiler-bucket-allocator-bucket-count=8"
    "memorysetup-profiler-bucket-allocator-block-size=33554432"
    "memorysetup-profiler-bucket-allocator-block-count=8"
    "memorysetup-profiler-allocator-block-size=16777216"
    "memorysetup-profiler-editor-allocator-block-size=1048576"
    "memorysetup-temp-allocator-size-main=16777216"
    "memorysetup-job-temp-allocator-block-size=2097152"
    "memorysetup-job-temp-allocator-block-size-background=1048576"
    "memorysetup-job-temp-allocator-reduction-small-platforms=262144"
    "memorysetup-temp-allocator-size-background-worker=32768"
    "memorysetup-temp-allocator-size-job-worker=262144"
    "memorysetup-temp-allocator-size-preload-manager=33554432"
    "memorysetup-temp-allocator-size-nav-mesh-worker=65536"
    "memorysetup-temp-allocator-size-audio-worker=65536"
    "memorysetup-temp-allocator-size-cloud-worker=32768"
    "memorysetup-temp-allocator-size-gi-baking-worker=262144"
    "memorysetup-temp-allocator-size-gfx=262144"
Refreshing native plugins compatible for Editor in 83.23 ms, found 3 plugins.
Preloading 0 native plugins for Editor in 0.00 ms.
Initialize engine version: 2021.3.14f1 (eee1884e7226)
[Subsystems] Discovering subsystems at path C:/Program Files/Unity/Hub/Editor/2021.3.14f1/Editor/Data/Resources/UnitySubsystems
[Subsystems] Discovering subsystems at path G:/Transfer Stuff/GameDev/Unity/FantasyRPG/UnityFantasyRpg/Assets
GfxDevice: creating device client; threaded=0; jobified=0
Direct3D:
    Version:  Direct3D 11.0 [level 11.1]
    Renderer: NVIDIA GeForce RTX 3060 (ID=0x2487)
    Vendor:   NVIDIA
    VRAM:     12124 MB
    Driver:   31.0.15.2686
Initialize mono
Mono path[0] = 'C:/Program Files/Unity/Hub/Editor/2021.3.14f1/Editor/Data/Managed'
Mono path[1] = 'C:/Program Files/Unity/Hub/Editor/2021.3.14f1/Editor/Data/MonoBleedingEdge/lib/mono/unityjit-win32'
Mono config path = 'C:/Program Files/Unity/Hub/Editor/2021.3.14f1/Editor/Data/MonoBleedingEdge/etc'
Using monoOptions --debugger-agent=transport=dt_socket,embedding=1,server=y,suspend=n,address=127.0.0.1:56788
Begin MonoManager ReloadAssembly
Registering precompiled unity dll's ...
Register platform support module: C:/Program Files/Unity/Hub/Editor/2021.3.14f1/Editor/Data/PlaybackEngines/WindowsStandaloneSupport/UnityEditor.WindowsStandalone.Extensions.dll
Registered in 0.003911 seconds.
Native extension for WindowsStandalone target not found
Refreshing native plugins compatible for Editor in 79.03 ms, found 3 plugins.
Preloading 0 native plugins for Editor in 0.00 ms.
Mono: successfully reloaded assembly
- Completed reload, in  0.497 seconds
Domain Reload Profiling:
	ReloadAssembly (497ms)
		BeginReloadAssembly (55ms)
			ExecutionOrderSort (0ms)
			DisableScriptedObjects (0ms)
			BackupInstance (0ms)
			ReleaseScriptingObjects (0ms)
			CreateAndSetChildDomain (1ms)
		EndReloadAssembly (362ms)
			LoadAssemblies (53ms)
			RebuildTransferFunctionScriptingTraits (0ms)
			SetupTypeCache (76ms)
			ReleaseScriptCaches (0ms)
			RebuildScriptCaches (20ms)
			SetupLoadedEditorAssemblies (228ms)
				LogAssemblyErrors (0ms)
				InitializePlatformSupportModulesInManaged (6ms)
				SetLoadedEditorAssemblies (0ms)
				RefreshPlugins (79ms)
				BeforeProcessingInitializeOnLoad (1ms)
				ProcessInitializeOnLoadAttributes (107ms)
				ProcessInitializeOnLoadMethodAttributes (35ms)
				AfterProcessingInitializeOnLoad (0ms)
				EditorAssembliesLoaded (0ms)
			ExecutionOrderSort2 (0ms)
			AwakeInstancesAfterBackupRestoration (0ms)
Platform modules already initialized, skipping
Registering precompiled user dll's ...
Registered in 0.003208 seconds.
Begin MonoManager ReloadAssembly
Symbol file LoadedFromMemory doesn't match image G:\Transfer Stuff\GameDev\Unity\FantasyRPG\UnityFantasyRpg\Library\PackageCache\com.unity.visualscripting@1.7.8\Editor\VisualScripting.Core\Dependencies\YamlDotNet\Unity.VisualScripting.YamlDotNet.dll
Symbol file LoadedFromMemory doesn't match image G:\Transfer Stuff\GameDev\Unity\FantasyRPG\UnityFantasyRpg\Library\PackageCache\com.unity.visualscripting@1.7.8\Editor\VisualScripting.Core\Dependencies\DotNetZip\Unity.VisualScripting.IonicZip.dll
Native extension for WindowsStandalone target not found
Refreshing native plugins compatible for Editor in 1.11 ms, found 3 plugins.
Preloading 0 native plugins for Editor in 0.00 ms.
Mono: successfully reloaded assembly
- Completed reload, in  0.817 seconds
Domain Reload Profiling:
	ReloadAssembly (817ms)
		BeginReloadAssembly (99ms)
			ExecutionOrderSort (0ms)
			DisableScriptedObjects (4ms)
			BackupInstance (0ms)
			ReleaseScriptingObjects (0ms)
			CreateAndSetChildDomain (22ms)
		EndReloadAssembly (633ms)
			LoadAssemblies (82ms)
			RebuildTransferFunctionScriptingTraits (0ms)
			SetupTypeCache (184ms)
			ReleaseScriptCaches (1ms)
			RebuildScriptCaches (40ms)
			SetupLoadedEditorAssemblies (309ms)
				LogAssemblyErrors (0ms)
				InitializePlatformSupportModulesInManaged (4ms)
				SetLoadedEditorAssemblies (0ms)
				RefreshPlugins (1ms)
				BeforeProcessingInitializeOnLoad (69ms)
				ProcessInitializeOnLoadAttributes (205ms)
				ProcessInitializeOnLoadMethodAttributes (21ms)
				AfterProcessingInitializeOnLoad (10ms)
				EditorAssembliesLoaded (0ms)
			ExecutionOrderSort2 (0ms)
			AwakeInstancesAfterBackupRestoration (5ms)
Platform modules already initialized, skipping
========================================================================
Worker process is ready to serve import requests
Launched and connected shader compiler UnityShaderCompiler.exe after 0.04 seconds
Refreshing native plugins compatible for Editor in 2.37 ms, found 3 plugins.
Preloading 0 native plugins for Editor in 0.00 ms.
Unloading 3546 Unused Serialized files (Serialized files now loaded: 0)
Unloading 40 unused Assets / (186.0 KB). Loaded Objects now: 4024.
Memory consumption went from 144.0 MB to 143.8 MB.
Total: 6.152100 ms (FindLiveObjects: 0.722100 ms CreateObjectMapping: 0.201000 ms MarkObjects: 4.965500 ms  DeleteObjects: 0.261900 ms)

AssetImportParameters requested are different than current active one (requested -> active):
  custom:video-decoder-ogg-theora: a1e56fd34408186e4bbccfd4996cb3dc -> 
  custom:container-muxer-webm: aa71ff27fc2769a1b78a27578f13a17b -> 
  custom:container-demuxer-webm: 4f35f7cbe854078d1ac9338744f61a02 -> 
  custom:video-encoder-webm-vp8: eb34c28f22e8b96e1ab97ce403110664 -> 
  custom:video-codec-MediaFoundation-h265: 746d11721c4dcdbdad8f713fa42b33f4 -> 
  custom:audio-encoder-webm-vorbis: bf7c407c2cedff20999df2af8eb42d56 -> 
  custom:framework-win-MediaFoundation: 216162199b28c13a410421893ffa2e32 -> 
  custom:container-demuxer-ogg: 62fdf1f143b41e24485cea50d1cbac27 -> 
  custom:video-decoder-webm-vp8: 9c59270c3fd7afecdb556c50c9e8de78 -> 
  custom:audio-decoder-ogg-vorbis: bf7c407c2cedff20999df2af8eb42d56 -> 
========================================================================
Received Import Request.
  Time since last request: 1168501.687576 seconds.
  path: Assets/PolygonDungeon/Prefabs/Environments/Walls/SM_Env_Ceiling_Stone_Curved_Corner_02.prefab
  artifactKey: Guid(50de44d10630cfc43a286af857d33846) Importer(815301076,1909f56bfc062723c751e8b465ee728b)
Start importing Assets/PolygonDungeon/Prefabs/Environments/Walls/SM_Env_Ceiling_Stone_Curved_Corner_02.prefab using Guid(50de44d10630cfc43a286af857d33846) Importer(815301076,1909f56bfc062723c751e8b465ee728b)  -> (artifact id: '3d52ed15039e764985f0ba94ffeeb23b') in 0.680797 seconds 
========================================================================
Received Import Request.
  Time since last request: 0.042907 seconds.
  path: Assets/PolygonDungeon/Prefabs/Environments/Walls/SM_Env_Ceiling_Stone_Flat_04.prefab
  artifactKey: Guid(620667318a53a7040ad3c980acab36d0) Importer(815301076,1909f56bfc062723c751e8b465ee728b)
Start importing Assets/PolygonDungeon/Prefabs/Environments/Walls/SM_Env_Ceiling_Stone_Flat_04.prefab using Guid(620667318a53a7040ad3c980acab36d0) Importer(815301076,1909f56bfc062723c751e8b465ee728b)  -> (artifact id: 'a06d54bde04bd77ad080fc73830b1a2d') in 0.138759 seconds 
========================================================================
Received Import Request.
  Time since last request: 0.121550 seconds.
  path: Assets/PolygonDungeon/Prefabs/Environments/Walls/SM_Env_Door_02.prefab
  artifactKey: Guid(30cbf2b140e7ff04cac9897c5ab79430) Importer(815301076,1909f56bfc062723c751e8b465ee728b)
Start importing Assets/PolygonDungeon/Prefabs/Environments/Walls/SM_Env_Door_02.prefab using Guid(30cbf2b140e7ff04cac9897c5ab79430) Importer(815301076,1909f56bfc062723c751e8b465ee728b)  -> (artifact id: 'e10b8e771135c1ef260284d5d745c2ab') in 0.305720 seconds 
========================================================================
Received Import Request.
  Time since last request: 0.160058 seconds.
  path: Assets/PolygonDungeon/Prefabs/Environments/Walls/SM_Env_Door_Frame_Round_02.prefab
  artifactKey: Guid(5afc051ea82884847b27233ef41ff811) Importer(815301076,1909f56bfc062723c751e8b465ee728b)
Start importing Assets/PolygonDungeon/Prefabs/Environments/Walls/SM_Env_Door_Frame_Round_02.prefab using Guid(5afc051ea82884847b27233ef41ff811) Importer(815301076,1909f56bfc062723c751e8b465ee728b)  -> (artifact id: '73c875be5dabf9f6ac48e04d9c9ae7ec') in 0.119114 seconds 
========================================================================
Received Import Request.
  Time since last request: 0.181056 seconds.
  path: Assets/PolygonDungeon/Prefabs/Environments/Walls/SM_Env_Door_Large_Stone_02.prefab
  artifactKey: Guid(efde79f5067f01c4680cad7f529c82ab) Importer(815301076,1909f56bfc062723c751e8b465ee728b)
Start importing Assets/PolygonDungeon/Prefabs/Environments/Walls/SM_Env_Door_Large_Stone_02.prefab using Guid(efde79f5067f01c4680cad7f529c82ab) Importer(815301076,1909f56bfc062723c751e8b465ee728b)  -> (artifact id: '9bc6b1e6c89746eccdd0d72b937b7ded') in 0.056029 seconds 
========================================================================
Received Import Request.
  Time since last request: 0.096746 seconds.
  path: Assets/PolygonDungeon/Prefabs/Environments/Walls/SM_Env_DoorDouble_Round_01.prefab
  artifactKey: Guid(7b2cf94cdab0ced489fd2a15c809d7b3) Importer(815301076,1909f56bfc062723c751e8b465ee728b)
Start importing Assets/PolygonDungeon/Prefabs/Environments/Walls/SM_Env_DoorDouble_Round_01.prefab using Guid(7b2cf94cdab0ced489fd2a15c809d7b3) Importer(815301076,1909f56bfc062723c751e8b465ee728b)  -> (artifact id: 'bb057b64fd779b96cfd9180292f95cdf') in 0.092743 seconds 
========================================================================
Received Import Request.
  Time since last request: 0.149904 seconds.
  path: Assets/PolygonDungeon/Prefabs/Environments/Walls/SM_Env_Wall_06.prefab
  artifactKey: Guid(42988b617e6b4924e88885352823ba7f) Importer(815301076,1909f56bfc062723c751e8b465ee728b)
Start importing Assets/PolygonDungeon/Prefabs/Environments/Walls/SM_Env_Wall_06.prefab using Guid(42988b617e6b4924e88885352823ba7f) Importer(815301076,1909f56bfc062723c751e8b465ee728b)  -> (artifact id: '063247c3b07bdf98246d5e7b9a4ee944') in 0.083544 seconds 
========================================================================
Received Import Request.
  Time since last request: 0.865240 seconds.
  path: Assets/PolygonDungeon/Prefabs/Environments/Walls/SM_Env_Wall_Archway_02.prefab
  artifactKey: Guid(d8ec58f0ec86550429486ef4c8cb7e4e) Importer(815301076,1909f56bfc062723c751e8b465ee728b)
Start importing Assets/PolygonDungeon/Prefabs/Environments/Walls/SM_Env_Wall_Archway_02.prefab using Guid(d8ec58f0ec86550429486ef4c8cb7e4e) Importer(815301076,1909f56bfc062723c751e8b465ee728b)  -> (artifact id: '7f98d9f9ca12e441e43b2e065c50175e') in 0.061641 seconds 
========================================================================
Received Import Request.
  Time since last request: 0.000016 seconds.
  path: Assets/PolygonDungeon/Prefabs/Environments/Walls/SM_Env_Wall_Culled_01_Alt.prefab
  artifactKey: Guid(3095eed88e39bec4bb5a519dac88fed9) Importer(815301076,1909f56bfc062723c751e8b465ee728b)
Start importing Assets/PolygonDungeon/Prefabs/Environments/Walls/SM_Env_Wall_Culled_01_Alt.prefab using Guid(3095eed88e39bec4bb5a519dac88fed9) Importer(815301076,1909f56bfc062723c751e8b465ee728b)  -> (artifact id: 'ae6780e32363bfc036f8093e4867f3e8') in 0.039421 seconds 
========================================================================
Received Import Request.
  Time since last request: 0.051636 seconds.
  path: Assets/PolygonDungeon/Prefabs/Environments/Walls/SM_Env_Wall_DoorFrame_01.prefab
  artifactKey: Guid(cd0f01e625e553e4da51ffa4b8e3848d) Importer(815301076,1909f56bfc062723c751e8b465ee728b)
Start importing Assets/PolygonDungeon/Prefabs/Environments/Walls/SM_Env_Wall_DoorFrame_01.prefab using Guid(cd0f01e625e553e4da51ffa4b8e3848d) Importer(815301076,1909f56bfc062723c751e8b465ee728b)  -> (artifact id: '7014c48c72b8454aa45acab70b533c5d') in 0.071340 seconds 
========================================================================
Received Import Request.
  Time since last request: 0.005283 seconds.
  path: Assets/PolygonDungeon/Prefabs/Environments/Walls/SM_Env_Wall_End_01.prefab
  artifactKey: Guid(6d0615b42061f5e4ca66efb44723fc65) Importer(815301076,1909f56bfc062723c751e8b465ee728b)
Start importing Assets/PolygonDungeon/Prefabs/Environments/Walls/SM_Env_Wall_End_01.prefab using Guid(6d0615b42061f5e4ca66efb44723fc65) Importer(815301076,1909f56bfc062723c751e8b465ee728b)  -> (artifact id: '8451ad4437e1def623a06721acb5fb5b') in 0.031406 seconds 
========================================================================
Received Import Request.
  Time since last request: 0.070776 seconds.
  path: Assets/PolygonDungeon/Prefabs/Environments/Walls/SM_Env_Wall_Pillar_Large_01.prefab
  artifactKey: Guid(33604d1ec5375e3488891483b470a427) Importer(815301076,1909f56bfc062723c751e8b465ee728b)
Start importing Assets/PolygonDungeon/Prefabs/Environments/Walls/SM_Env_Wall_Pillar_Large_01.prefab using Guid(33604d1ec5375e3488891483b470a427) Importer(815301076,1909f56bfc062723c751e8b465ee728b)  -> (artifact id: '564dc50021ca0b023ad5742afbc45daa') in 0.043956 seconds 
========================================================================
Received Import Request.
  Time since last request: 0.019905 seconds.
  path: Assets/PolygonDungeon/Prefabs/Environments/Walls/SM_Env_Wall_Trim_Top_01.prefab
  artifactKey: Guid(c355e7909e9522744abb86e9cc7499da) Importer(815301076,1909f56bfc062723c751e8b465ee728b)
Start importing Assets/PolygonDungeon/Prefabs/Environments/Walls/SM_Env_Wall_Trim_Top_01.prefab using Guid(c355e7909e9522744abb86e9cc7499da) Importer(815301076,1909f56bfc062723c751e8b465ee728b)  -> (artifact id: '239c47878fdf6970cdd2b3292be07918') in 0.036899 seconds 
========================================================================
Received Import Request.
  Time since last request: 0.036074 seconds.
  path: Assets/PolygonDungeon/Prefabs/Environments/Walls/SM_Env_Wall_Window_02.prefab
  artifactKey: Guid(8dcfd4337d879154cb96b9e52b53d06f) Importer(815301076,1909f56bfc062723c751e8b465ee728b)
Start importing Assets/PolygonDungeon/Prefabs/Environments/Walls/SM_Env_Wall_Window_02.prefab using Guid(8dcfd4337d879154cb96b9e52b53d06f) Importer(815301076,1909f56bfc062723c751e8b465ee728b)  -> (artifact id: 'ed5e2201d9db9f6d4f9fac8106a66bfe') in 0.059286 seconds 
Editor requested this worker to shutdown with reason: Scaling down because of idle timeout
AssetImportWorker is now disconnected from the server
Process exiting
Exiting without the bug reporter. Application will terminate with return code 0