Using pre-set license
Built from '2021.3/staging' branch; Version is '2021.3.14f1 (eee1884e7226) revision 15655304'; Using compiler version '192829333'; Build Type 'Release'
OS: 'Windows 11  (10.0.22621) 64bit Professional' Language: 'en' Physical Memory: 24461 MB
BatchMode: 1, IsHumanControllingUs: 0, StartBugReporterOnCrash: 0, Is64bit: 1, IsPro: 1

COMMAND LINE ARGUMENTS:
C:\Program Files\Unity\Hub\Editor\2021.3.14f1\Editor\Unity.exe
-adb2
-batchMode
-noUpm
-name
AssetImportWorker4
-projectPath
G:/Transfer Stuff/GameDev/Unity/FantasyRPG/UnityFantasyRpg
-logFile
Logs/AssetImportWorker4.log
-srvPort
57373
Successfully changed project path to: G:/Transfer Stuff/GameDev/Unity/FantasyRPG/UnityFantasyRpg
G:/Transfer Stuff/GameDev/Unity/FantasyRPG/UnityFantasyRpg
[UnityMemory] Configuration Parameters - Can be set up in boot.config
    "memorysetup-bucket-allocator-granularity=16"
    "memorysetup-bucket-allocator-bucket-count=8"
    "memorysetup-bucket-allocator-block-size=33554432"
    "memorysetup-bucket-allocator-block-count=8"
    "memorysetup-main-allocator-block-size=16777216"
    "memorysetup-thread-allocator-block-size=16777216"
    "memorysetup-gfx-main-allocator-block-size=16777216"
    "memorysetup-gfx-thread-allocator-block-size=16777216"
    "memorysetup-cache-allocator-block-size=4194304"
    "memorysetup-typetree-allocator-block-size=2097152"
    "memorysetup-profiler-bucket-allocator-granularity=16"
    "memorysetup-profiler-bucket-allocator-bucket-count=8"
    "memorysetup-profiler-bucket-allocator-block-size=33554432"
    "memorysetup-profiler-bucket-allocator-block-count=8"
    "memorysetup-profiler-allocator-block-size=16777216"
    "memorysetup-profiler-editor-allocator-block-size=1048576"
    "memorysetup-temp-allocator-size-main=16777216"
    "memorysetup-job-temp-allocator-block-size=2097152"
    "memorysetup-job-temp-allocator-block-size-background=1048576"
    "memorysetup-job-temp-allocator-reduction-small-platforms=262144"
    "memorysetup-temp-allocator-size-background-worker=32768"
    "memorysetup-temp-allocator-size-job-worker=262144"
    "memorysetup-temp-allocator-size-preload-manager=33554432"
    "memorysetup-temp-allocator-size-nav-mesh-worker=65536"
    "memorysetup-temp-allocator-size-audio-worker=65536"
    "memorysetup-temp-allocator-size-cloud-worker=32768"
    "memorysetup-temp-allocator-size-gi-baking-worker=262144"
    "memorysetup-temp-allocator-size-gfx=262144"
Refreshing native plugins compatible for Editor in 103.57 ms, found 3 plugins.
Preloading 0 native plugins for Editor in 0.00 ms.
Initialize engine version: 2021.3.14f1 (eee1884e7226)
[Subsystems] Discovering subsystems at path C:/Program Files/Unity/Hub/Editor/2021.3.14f1/Editor/Data/Resources/UnitySubsystems
[Subsystems] Discovering subsystems at path G:/Transfer Stuff/GameDev/Unity/FantasyRPG/UnityFantasyRpg/Assets
GfxDevice: creating device client; threaded=0; jobified=0
Direct3D:
    Version:  Direct3D 11.0 [level 11.1]
    Renderer: NVIDIA GeForce RTX 3060 (ID=0x2487)
    Vendor:   NVIDIA
    VRAM:     12124 MB
    Driver:   31.0.15.2802
Initialize mono
Mono path[0] = 'C:/Program Files/Unity/Hub/Editor/2021.3.14f1/Editor/Data/Managed'
Mono path[1] = 'C:/Program Files/Unity/Hub/Editor/2021.3.14f1/Editor/Data/MonoBleedingEdge/lib/mono/unityjit-win32'
Mono config path = 'C:/Program Files/Unity/Hub/Editor/2021.3.14f1/Editor/Data/MonoBleedingEdge/etc'
Using monoOptions --debugger-agent=transport=dt_socket,embedding=1,server=y,suspend=n,address=127.0.0.1:56220
Begin MonoManager ReloadAssembly
Registering precompiled unity dll's ...
Register platform support module: C:/Program Files/Unity/Hub/Editor/2021.3.14f1/Editor/Data/PlaybackEngines/WindowsStandaloneSupport/UnityEditor.WindowsStandalone.Extensions.dll
Registered in 0.004451 seconds.
Native extension for WindowsStandalone target not found
Refreshing native plugins compatible for Editor in 76.31 ms, found 3 plugins.
Preloading 0 native plugins for Editor in 0.00 ms.
Mono: successfully reloaded assembly
- Completed reload, in  0.659 seconds
Domain Reload Profiling:
	ReloadAssembly (659ms)
		BeginReloadAssembly (95ms)
			ExecutionOrderSort (0ms)
			DisableScriptedObjects (0ms)
			BackupInstance (0ms)
			ReleaseScriptingObjects (0ms)
			CreateAndSetChildDomain (1ms)
		EndReloadAssembly (452ms)
			LoadAssemblies (92ms)
			RebuildTransferFunctionScriptingTraits (0ms)
			SetupTypeCache (126ms)
			ReleaseScriptCaches (0ms)
			RebuildScriptCaches (21ms)
			SetupLoadedEditorAssemblies (255ms)
				LogAssemblyErrors (0ms)
				InitializePlatformSupportModulesInManaged (7ms)
				SetLoadedEditorAssemblies (0ms)
				RefreshPlugins (76ms)
				BeforeProcessingInitializeOnLoad (2ms)
				ProcessInitializeOnLoadAttributes (129ms)
				ProcessInitializeOnLoadMethodAttributes (41ms)
				AfterProcessingInitializeOnLoad (0ms)
				EditorAssembliesLoaded (0ms)
			ExecutionOrderSort2 (0ms)
			AwakeInstancesAfterBackupRestoration (0ms)
Platform modules already initialized, skipping
Registering precompiled user dll's ...
Registered in 0.003488 seconds.
Begin MonoManager ReloadAssembly
Symbol file LoadedFromMemory doesn't match image G:\Transfer Stuff\GameDev\Unity\FantasyRPG\UnityFantasyRpg\Library\PackageCache\com.unity.visualscripting@1.7.8\Editor\VisualScripting.Core\Dependencies\YamlDotNet\Unity.VisualScripting.YamlDotNet.dll
Symbol file LoadedFromMemory doesn't match image G:\Transfer Stuff\GameDev\Unity\FantasyRPG\UnityFantasyRpg\Library\PackageCache\com.unity.visualscripting@1.7.8\Editor\VisualScripting.Core\Dependencies\DotNetZip\Unity.VisualScripting.IonicZip.dll
Native extension for WindowsStandalone target not found
Refreshing native plugins compatible for Editor in 0.83 ms, found 3 plugins.
Preloading 0 native plugins for Editor in 0.00 ms.
Mono: successfully reloaded assembly
- Completed reload, in  0.843 seconds
Domain Reload Profiling:
	ReloadAssembly (843ms)
		BeginReloadAssembly (102ms)
			ExecutionOrderSort (0ms)
			DisableScriptedObjects (5ms)
			BackupInstance (0ms)
			ReleaseScriptingObjects (0ms)
			CreateAndSetChildDomain (21ms)
		EndReloadAssembly (653ms)
			LoadAssemblies (91ms)
			RebuildTransferFunctionScriptingTraits (0ms)
			SetupTypeCache (199ms)
			ReleaseScriptCaches (1ms)
			RebuildScriptCaches (42ms)
			SetupLoadedEditorAssemblies (301ms)
				LogAssemblyErrors (0ms)
				InitializePlatformSupportModulesInManaged (4ms)
				SetLoadedEditorAssemblies (0ms)
				RefreshPlugins (1ms)
				BeforeProcessingInitializeOnLoad (64ms)
				ProcessInitializeOnLoadAttributes (204ms)
				ProcessInitializeOnLoadMethodAttributes (20ms)
				AfterProcessingInitializeOnLoad (8ms)
				EditorAssembliesLoaded (0ms)
			ExecutionOrderSort2 (0ms)
			AwakeInstancesAfterBackupRestoration (5ms)
Platform modules already initialized, skipping
========================================================================
Worker process is ready to serve import requests
Launched and connected shader compiler UnityShaderCompiler.exe after 0.04 seconds
Refreshing native plugins compatible for Editor in 2.54 ms, found 3 plugins.
Preloading 0 native plugins for Editor in 0.00 ms.
Unloading 3621 Unused Serialized files (Serialized files now loaded: 0)
Unloading 38 unused Assets / (130.7 KB). Loaded Objects now: 4107.
Memory consumption went from 148.7 MB to 148.6 MB.
Total: 5.314900 ms (FindLiveObjects: 0.682200 ms CreateObjectMapping: 0.135700 ms MarkObjects: 4.331600 ms  DeleteObjects: 0.164100 ms)

AssetImportParameters requested are different than current active one (requested -> active):
  custom:video-decoder-ogg-theora: a1e56fd34408186e4bbccfd4996cb3dc -> 
  custom:container-muxer-webm: aa71ff27fc2769a1b78a27578f13a17b -> 
  custom:container-demuxer-webm: 4f35f7cbe854078d1ac9338744f61a02 -> 
  custom:video-encoder-webm-vp8: eb34c28f22e8b96e1ab97ce403110664 -> 
  custom:video-codec-MediaFoundation-h265: 746d11721c4dcdbdad8f713fa42b33f4 -> 
  custom:audio-encoder-webm-vorbis: bf7c407c2cedff20999df2af8eb42d56 -> 
  custom:framework-win-MediaFoundation: 216162199b28c13a410421893ffa2e32 -> 
  custom:container-demuxer-ogg: 62fdf1f143b41e24485cea50d1cbac27 -> 
  custom:video-decoder-webm-vp8: 9c59270c3fd7afecdb556c50c9e8de78 -> 
  custom:audio-decoder-ogg-vorbis: bf7c407c2cedff20999df2af8eb42d56 -> 
========================================================================
Received Import Request.
  Time since last request: 398186.148899 seconds.
  path: Assets/Hovl Studio/Resources/Textures/Crater14.png
  artifactKey: Guid(2d9fddb91add42c41b130c8d6eabbec8) Importer(815301076,1909f56bfc062723c751e8b465ee728b)
Start importing Assets/Hovl Studio/Resources/Textures/Crater14.png using Guid(2d9fddb91add42c41b130c8d6eabbec8) Importer(815301076,1909f56bfc062723c751e8b465ee728b)  -> (artifact id: '9aae27eb313b7dd4c07fb867808bddd3') in 0.132245 seconds 
========================================================================
Received Import Request.
  Time since last request: 0.000041 seconds.
  path: Assets/Hovl Studio/Resources/Textures/Flash7.png
  artifactKey: Guid(bec5c7c44540e99458f061f069c981a8) Importer(815301076,1909f56bfc062723c751e8b465ee728b)
Start importing Assets/Hovl Studio/Resources/Textures/Flash7.png using Guid(bec5c7c44540e99458f061f069c981a8) Importer(815301076,1909f56bfc062723c751e8b465ee728b)  -> (artifact id: 'ffac803fcf90ca072bad86fbc1ddeb52') in 0.017523 seconds 
========================================================================
Received Import Request.
  Time since last request: 0.000057 seconds.
  path: Assets/Hovl Studio/Resources/Textures/Flare30.png
  artifactKey: Guid(d78363d756141f3429a3a542e762f3c6) Importer(815301076,1909f56bfc062723c751e8b465ee728b)
Start importing Assets/Hovl Studio/Resources/Textures/Flare30.png using Guid(d78363d756141f3429a3a542e762f3c6) Importer(815301076,1909f56bfc062723c751e8b465ee728b)  -> (artifact id: 'f70e00c8073e96dabeb48c767cc5e376') in 0.020500 seconds 
========================================================================
Received Import Request.
  Time since last request: 26.780545 seconds.
  path: Assets/GrassFlowers/Textures/GrassFlowers/grass01.tga
  artifactKey: Guid(91a1945982e98be4d9fe3e3d12fdebd8) Importer(815301076,1909f56bfc062723c751e8b465ee728b)
Start importing Assets/GrassFlowers/Textures/GrassFlowers/grass01.tga using Guid(91a1945982e98be4d9fe3e3d12fdebd8) Importer(815301076,1909f56bfc062723c751e8b465ee728b)  -> (artifact id: '437f25c0d111e91fab57dcff4225ffbf') in 0.128043 seconds 
========================================================================
Received Import Request.
  Time since last request: 0.906095 seconds.
  path: Assets/GrassFlowers/Textures/Ground/Grass01_BigUV.png
  artifactKey: Guid(38bb15d6b378aff46b461e248592d1da) Importer(815301076,1909f56bfc062723c751e8b465ee728b)
Start importing Assets/GrassFlowers/Textures/Ground/Grass01_BigUV.png using Guid(38bb15d6b378aff46b461e248592d1da) Importer(815301076,1909f56bfc062723c751e8b465ee728b)  -> (artifact id: '7ca6b27927bd435f721e30c09fac99ed') in 0.043643 seconds 
========================================================================
Received Import Request.
  Time since last request: 46.626176 seconds.
  path: Assets/Toon Fantasy Nature/Particles/Materials/TFF_Fog_01A.mat
  artifactKey: Guid(c005f84ccf93d3649a9f363ef32dd029) Importer(815301076,1909f56bfc062723c751e8b465ee728b)
Start importing Assets/Toon Fantasy Nature/Particles/Materials/TFF_Fog_01A.mat using Guid(c005f84ccf93d3649a9f363ef32dd029) Importer(815301076,1909f56bfc062723c751e8b465ee728b)  -> (artifact id: 'a1137800beb1589eace7b9e9c6655f57') in 0.123810 seconds 
========================================================================
Received Import Request.
  Time since last request: 5.626057 seconds.
  path: Assets/Toon Fantasy Nature/Particles/TFF_Blowing_Flowers_01A.prefab
  artifactKey: Guid(c83d1f2184379be4b9e41395bd9bb051) Importer(815301076,1909f56bfc062723c751e8b465ee728b)
Start importing Assets/Toon Fantasy Nature/Particles/TFF_Blowing_Flowers_01A.prefab using Guid(c83d1f2184379be4b9e41395bd9bb051) Importer(815301076,1909f56bfc062723c751e8b465ee728b)  -> (artifact id: '667d517e31d2b3a3c5d711b09d8cf23b') in 0.032993 seconds 
========================================================================
Received Import Request.
  Time since last request: 2.077384 seconds.
  path: Assets/Toon Fantasy Nature/Models/TFF_Leaf_01B.fbx
  artifactKey: Guid(2e97280c1d0857d42be2adccb0ca9e55) Importer(815301076,1909f56bfc062723c751e8b465ee728b)
Start importing Assets/Toon Fantasy Nature/Models/TFF_Leaf_01B.fbx using Guid(2e97280c1d0857d42be2adccb0ca9e55) Importer(815301076,1909f56bfc062723c751e8b465ee728b)  -> (artifact id: '1d1eedcce8d15c6aad6f65a5b8ed77f5') in 0.031197 seconds 
========================================================================
Received Import Request.
  Time since last request: 32.275929 seconds.
  path: Assets/Toon Fantasy Nature/Models/TFF_Leaf_01A.fbx
  artifactKey: Guid(5e5aa829ce345a248a1f0a925d62554f) Importer(815301076,1909f56bfc062723c751e8b465ee728b)
Start importing Assets/Toon Fantasy Nature/Models/TFF_Leaf_01A.fbx using Guid(5e5aa829ce345a248a1f0a925d62554f) Importer(815301076,1909f56bfc062723c751e8b465ee728b)  -> (artifact id: '4d3d1ca8976d5903c14cb987641ed41f') in 0.012706 seconds 
========================================================================
Received Import Request.
  Time since last request: 0.882721 seconds.
  path: Assets/Toon Fantasy Nature/Models/TFF_Flower_01A.fbx
  artifactKey: Guid(0e835724ebbc101488c793e70956f0cf) Importer(815301076,1909f56bfc062723c751e8b465ee728b)
Start importing Assets/Toon Fantasy Nature/Models/TFF_Flower_01A.fbx using Guid(0e835724ebbc101488c793e70956f0cf) Importer(815301076,1909f56bfc062723c751e8b465ee728b)  -> (artifact id: '6ea2b26fcdff2a9a6829e0360f4d52b3') in 0.035451 seconds 
========================================================================
Received Import Request.
  Time since last request: 110.393861 seconds.
  path: Assets/Toon Fantasy Nature/Models/TFF_Aspen_Tree_01A_LOD_1.fbx
  artifactKey: Guid(ef55eb47f764c494ba6e14d556a6baa3) Importer(815301076,1909f56bfc062723c751e8b465ee728b)
Start importing Assets/Toon Fantasy Nature/Models/TFF_Aspen_Tree_01A_LOD_1.fbx using Guid(ef55eb47f764c494ba6e14d556a6baa3) Importer(815301076,1909f56bfc062723c751e8b465ee728b)  -> (artifact id: '6a52d561ffc5eb061002eb14dce792f9') in 0.020012 seconds 
========================================================================
Received Import Request.
  Time since last request: 0.002989 seconds.
  path: Assets/Toon Fantasy Nature/Models/TFF_Aspen_Tree_01B.fbx
  artifactKey: Guid(038fabaf660d9f946a36c0156d0990ab) Importer(815301076,1909f56bfc062723c751e8b465ee728b)
Start importing Assets/Toon Fantasy Nature/Models/TFF_Aspen_Tree_01B.fbx using Guid(038fabaf660d9f946a36c0156d0990ab) Importer(815301076,1909f56bfc062723c751e8b465ee728b)  -> (artifact id: 'e7a9ce3f5ed175be4fc56eb9cf09f7c3') in 0.020073 seconds 
========================================================================
Received Import Request.
  Time since last request: 0.011258 seconds.
  path: Assets/Toon Fantasy Nature/Models/TFF_Aspen_Tree_02A.fbx
  artifactKey: Guid(13dc5ed5d6ea49042b7be0336b125c0c) Importer(815301076,1909f56bfc062723c751e8b465ee728b)
Start importing Assets/Toon Fantasy Nature/Models/TFF_Aspen_Tree_02A.fbx using Guid(13dc5ed5d6ea49042b7be0336b125c0c) Importer(815301076,1909f56bfc062723c751e8b465ee728b)  -> (artifact id: 'd0220011a23222677c72da5d2ad8e2b4') in 0.019503 seconds 
========================================================================
Received Import Request.
  Time since last request: 0.000017 seconds.
  path: Assets/Toon Fantasy Nature/Models/TFF_Aspen_Tree_02C_LOD_2.fbx
  artifactKey: Guid(a8b877e8d7adf8449b44393c390b1910) Importer(815301076,1909f56bfc062723c751e8b465ee728b)
Start importing Assets/Toon Fantasy Nature/Models/TFF_Aspen_Tree_02C_LOD_2.fbx using Guid(a8b877e8d7adf8449b44393c390b1910) Importer(815301076,1909f56bfc062723c751e8b465ee728b)  -> (artifact id: 'c9f3931cd245b3bcd7db53455c2f680b') in 0.021033 seconds 
========================================================================
Received Import Request.
  Time since last request: 0.000022 seconds.
  path: Assets/Toon Fantasy Nature/Models/TFF_Aspen_Tree_03A_LOD_1.fbx
  artifactKey: Guid(2288bfa3830b05343aec2bdf372ff06c) Importer(815301076,1909f56bfc062723c751e8b465ee728b)
Start importing Assets/Toon Fantasy Nature/Models/TFF_Aspen_Tree_03A_LOD_1.fbx using Guid(2288bfa3830b05343aec2bdf372ff06c) Importer(815301076,1909f56bfc062723c751e8b465ee728b)  -> (artifact id: '0f262ec6dfddaff3eb2f2fd303c6afc2') in 0.025004 seconds 
========================================================================
Received Import Request.
  Time since last request: 0.000028 seconds.
  path: Assets/Toon Fantasy Nature/Models/TFF_Aspen_Tree_02D.fbx
  artifactKey: Guid(db410a71ce3b83643be3717f13ed3e00) Importer(815301076,1909f56bfc062723c751e8b465ee728b)
Start importing Assets/Toon Fantasy Nature/Models/TFF_Aspen_Tree_02D.fbx using Guid(db410a71ce3b83643be3717f13ed3e00) Importer(815301076,1909f56bfc062723c751e8b465ee728b)  -> (artifact id: 'd91d4f6ab4b77da436c92275f12242cd') in 0.019964 seconds 
========================================================================
Received Import Request.
  Time since last request: 0.000021 seconds.
  path: Assets/Toon Fantasy Nature/Models/TFF_Aspen_Tree_01B_LOD_1.fbx
  artifactKey: Guid(29197019c45ed8c4f87191ab6756c9b3) Importer(815301076,1909f56bfc062723c751e8b465ee728b)
Start importing Assets/Toon Fantasy Nature/Models/TFF_Aspen_Tree_01B_LOD_1.fbx using Guid(29197019c45ed8c4f87191ab6756c9b3) Importer(815301076,1909f56bfc062723c751e8b465ee728b)  -> (artifact id: '294ff9794f1d44d86e85759a636b32d8') in 0.020995 seconds 
========================================================================
Received Import Request.
  Time since last request: 0.000035 seconds.
  path: Assets/Toon Fantasy Nature/Models/TFF_Aspen_Tree_03C_LOD_1.fbx
  artifactKey: Guid(9adf50212e79b4e47bca9ff79ae5589e) Importer(815301076,1909f56bfc062723c751e8b465ee728b)
Start importing Assets/Toon Fantasy Nature/Models/TFF_Aspen_Tree_03C_LOD_1.fbx using Guid(9adf50212e79b4e47bca9ff79ae5589e) Importer(815301076,1909f56bfc062723c751e8b465ee728b)  -> (artifact id: 'c392f84032fc865c79db08ba260252ca') in 0.019520 seconds 
========================================================================
Received Import Request.
  Time since last request: 0.000024 seconds.
  path: Assets/Toon Fantasy Nature/Models/TFF_Aspen_Tree_02A_LOD_2.fbx
  artifactKey: Guid(cd2574a3ebb6a5b4e821f60c7ae75164) Importer(815301076,1909f56bfc062723c751e8b465ee728b)
Start importing Assets/Toon Fantasy Nature/Models/TFF_Aspen_Tree_02A_LOD_2.fbx using Guid(cd2574a3ebb6a5b4e821f60c7ae75164) Importer(815301076,1909f56bfc062723c751e8b465ee728b)  -> (artifact id: '0bfa654f9189271cf6218bcb0fc1830a') in 0.020270 seconds 
========================================================================
Received Import Request.
  Time since last request: 0.000023 seconds.
  path: Assets/Toon Fantasy Nature/Models/TFF_Aspen_Tree_01C_LOD_1.fbx
  artifactKey: Guid(dc19b49497eb59a40a98d2de84a855ca) Importer(815301076,1909f56bfc062723c751e8b465ee728b)
Start importing Assets/Toon Fantasy Nature/Models/TFF_Aspen_Tree_01C_LOD_1.fbx using Guid(dc19b49497eb59a40a98d2de84a855ca) Importer(815301076,1909f56bfc062723c751e8b465ee728b)  -> (artifact id: '61cb081ba37d0f05a8434efc22a06161') in 0.020821 seconds 
========================================================================
Received Import Request.
  Time since last request: 0.000018 seconds.
  path: Assets/Toon Fantasy Nature/Models/TFF_Aspen_Tree_01D_LOD_2.fbx
  artifactKey: Guid(093852e277de9d74a97d8fb958e03058) Importer(815301076,1909f56bfc062723c751e8b465ee728b)
Start importing Assets/Toon Fantasy Nature/Models/TFF_Aspen_Tree_01D_LOD_2.fbx using Guid(093852e277de9d74a97d8fb958e03058) Importer(815301076,1909f56bfc062723c751e8b465ee728b)  -> (artifact id: 'e81f17e0166152dba04e584fab4025d3') in 0.020788 seconds 
========================================================================
Received Import Request.
  Time since last request: 0.000024 seconds.
  path: Assets/Toon Fantasy Nature/Models/TFF_Aspen_Tree_03D.fbx
  artifactKey: Guid(cda0c91cc772cf347b2c44f721f7ee4d) Importer(815301076,1909f56bfc062723c751e8b465ee728b)
Start importing Assets/Toon Fantasy Nature/Models/TFF_Aspen_Tree_03D.fbx using Guid(cda0c91cc772cf347b2c44f721f7ee4d) Importer(815301076,1909f56bfc062723c751e8b465ee728b)  -> (artifact id: '64dfe22be8eabaa5a25b57ab61567f90') in 0.019660 seconds 
========================================================================
Received Import Request.
  Time since last request: 0.000019 seconds.
  path: Assets/Toon Fantasy Nature/Models/TFF_Aspen_Tree_01C.fbx
  artifactKey: Guid(ae131d532914bd04697b217258352957) Importer(815301076,1909f56bfc062723c751e8b465ee728b)
Start importing Assets/Toon Fantasy Nature/Models/TFF_Aspen_Tree_01C.fbx using Guid(ae131d532914bd04697b217258352957) Importer(815301076,1909f56bfc062723c751e8b465ee728b)  -> (artifact id: '7cb8de91a3bccd8d246b72466a27f49d') in 0.020860 seconds 
========================================================================
Received Import Request.
  Time since last request: 0.000019 seconds.
  path: Assets/Toon Fantasy Nature/Models/TFF_Aspen_Tree_03A.fbx
  artifactKey: Guid(a9f4e315accb8fe4fa3dd23137116b05) Importer(815301076,1909f56bfc062723c751e8b465ee728b)
Start importing Assets/Toon Fantasy Nature/Models/TFF_Aspen_Tree_03A.fbx using Guid(a9f4e315accb8fe4fa3dd23137116b05) Importer(815301076,1909f56bfc062723c751e8b465ee728b)  -> (artifact id: 'bfac6fdaf8bc7542dd80f6f1af32eb4c') in 0.018766 seconds 
========================================================================
Received Import Request.
  Time since last request: 0.000022 seconds.
  path: Assets/Toon Fantasy Nature/Models/TFF_Birch_Tree_01A_LOD_1.fbx
  artifactKey: Guid(6f400eb6f5ca7d841a73df3581d62d67) Importer(815301076,1909f56bfc062723c751e8b465ee728b)
Start importing Assets/Toon Fantasy Nature/Models/TFF_Birch_Tree_01A_LOD_1.fbx using Guid(6f400eb6f5ca7d841a73df3581d62d67) Importer(815301076,1909f56bfc062723c751e8b465ee728b)  -> (artifact id: '920b1df819c8052c8c40f7eb6c0a5785') in 0.019799 seconds 
========================================================================
Received Import Request.
  Time since last request: 0.000029 seconds.
  path: Assets/Toon Fantasy Nature/Models/TFF_Aspen_Tree_02A_LOD_1.fbx
  artifactKey: Guid(60cb8afaf436cfd468b53d2de13e002b) Importer(815301076,1909f56bfc062723c751e8b465ee728b)
Start importing Assets/Toon Fantasy Nature/Models/TFF_Aspen_Tree_02A_LOD_1.fbx using Guid(60cb8afaf436cfd468b53d2de13e002b) Importer(815301076,1909f56bfc062723c751e8b465ee728b)  -> (artifact id: '6a9f897abd488e17bdab06ec2d50efed') in 0.023114 seconds 
========================================================================
Received Import Request.
  Time since last request: 0.000019 seconds.
  path: Assets/Toon Fantasy Nature/Models/TFF_Aspen_Tree_02C.fbx
  artifactKey: Guid(d313845aa24c108458c1797f35605833) Importer(815301076,1909f56bfc062723c751e8b465ee728b)
Start importing Assets/Toon Fantasy Nature/Models/TFF_Aspen_Tree_02C.fbx using Guid(d313845aa24c108458c1797f35605833) Importer(815301076,1909f56bfc062723c751e8b465ee728b)  -> (artifact id: '3b99aadebc2cdab6fe2a697ce9c112ea') in 0.021941 seconds 
========================================================================
Received Import Request.
  Time since last request: 13.484807 seconds.
  path: Assets/Toon Fantasy Nature/Models/TFF_Birch_Tree_01B.fbx
  artifactKey: Guid(69e6e3d4f164331468316e2521a37b5d) Importer(815301076,1909f56bfc062723c751e8b465ee728b)
Start importing Assets/Toon Fantasy Nature/Models/TFF_Birch_Tree_01B.fbx using Guid(69e6e3d4f164331468316e2521a37b5d) Importer(815301076,1909f56bfc062723c751e8b465ee728b)  -> (artifact id: 'ea5be530e0e5fb067cba34dc03ddd15c') in 0.036099 seconds 
========================================================================
Received Import Request.
  Time since last request: 0.000029 seconds.
  path: Assets/Toon Fantasy Nature/Models/TFF_Birch_Tree_Dry_01A_LOD_1.fbx
  artifactKey: Guid(324635901d2aa494d90bfee441db920c) Importer(815301076,1909f56bfc062723c751e8b465ee728b)
Start importing Assets/Toon Fantasy Nature/Models/TFF_Birch_Tree_Dry_01A_LOD_1.fbx using Guid(324635901d2aa494d90bfee441db920c) Importer(815301076,1909f56bfc062723c751e8b465ee728b)  -> (artifact id: '7ea34ea806bde518825736bb78244b8b') in 0.107441 seconds 
========================================================================
Received Import Request.
  Time since last request: 0.000027 seconds.
  path: Assets/Toon Fantasy Nature/Models/TFF_Birch_Tree_Dry_01A_LOD_2.fbx
  artifactKey: Guid(c98430d83d6b16b47ba3c83d6af6d842) Importer(815301076,1909f56bfc062723c751e8b465ee728b)
Start importing Assets/Toon Fantasy Nature/Models/TFF_Birch_Tree_Dry_01A_LOD_2.fbx using Guid(c98430d83d6b16b47ba3c83d6af6d842) Importer(815301076,1909f56bfc062723c751e8b465ee728b)  -> (artifact id: '9867ba4938950581fb520fbe2efb8776') in 0.056978 seconds 
========================================================================
Received Import Request.
  Time since last request: 0.000020 seconds.
  path: Assets/Toon Fantasy Nature/Models/TFF_Birch_Tree_Dry_02A_LOD_1.fbx
  artifactKey: Guid(d0d95c0c3da93604aa23f44482398094) Importer(815301076,1909f56bfc062723c751e8b465ee728b)
Start importing Assets/Toon Fantasy Nature/Models/TFF_Birch_Tree_Dry_02A_LOD_1.fbx using Guid(d0d95c0c3da93604aa23f44482398094) Importer(815301076,1909f56bfc062723c751e8b465ee728b)  -> (artifact id: '5db8f93ab9750585dd83d3cd3bde1e0b') in 0.024110 seconds 
========================================================================
Received Import Request.
  Time since last request: 0.000020 seconds.
  path: Assets/Toon Fantasy Nature/Models/TFF_Birch_Tree_Dry_01A.fbx
  artifactKey: Guid(c3d1c050e3b42de43914128cf5bf6db2) Importer(815301076,1909f56bfc062723c751e8b465ee728b)
Start importing Assets/Toon Fantasy Nature/Models/TFF_Birch_Tree_Dry_01A.fbx using Guid(c3d1c050e3b42de43914128cf5bf6db2) Importer(815301076,1909f56bfc062723c751e8b465ee728b)  -> (artifact id: '30922d3b796de88cba6639ac84ba4e7c') in 0.019515 seconds 
Editor requested this worker to shutdown with reason: Scaling down because of idle timeout
AssetImportWorker is now disconnected from the server
Process exiting
Exiting without the bug reporter. Application will terminate with return code 0