Using pre-set license
Built from '2021.3/staging' branch; Version is '2021.3.14f1 (eee1884e7226) revision 15655304'; Using compiler version '192829333'; Build Type 'Release'
OS: 'Windows 11  (10.0.22621) 64bit Professional' Language: 'en' Physical Memory: 24461 MB
BatchMode: 1, IsHumanControllingUs: 0, StartBugReporterOnCrash: 0, Is64bit: 1, IsPro: 1

COMMAND LINE ARGUMENTS:
C:\Program Files\Unity\Hub\Editor\2021.3.14f1\Editor\Unity.exe
-adb2
-batchMode
-noUpm
-name
AssetImportWorker12
-projectPath
G:/Transfer Stuff/GameDev/Unity/FantasyRPG/UnityFantasyRpg
-logFile
Logs/AssetImportWorker12.log
-srvPort
64441
Successfully changed project path to: G:/Transfer Stuff/GameDev/Unity/FantasyRPG/UnityFantasyRpg
G:/Transfer Stuff/GameDev/Unity/FantasyRPG/UnityFantasyRpg
[UnityMemory] Configuration Parameters - Can be set up in boot.config
    "memorysetup-bucket-allocator-granularity=16"
    "memorysetup-bucket-allocator-bucket-count=8"
    "memorysetup-bucket-allocator-block-size=33554432"
    "memorysetup-bucket-allocator-block-count=8"
    "memorysetup-main-allocator-block-size=16777216"
    "memorysetup-thread-allocator-block-size=16777216"
    "memorysetup-gfx-main-allocator-block-size=16777216"
    "memorysetup-gfx-thread-allocator-block-size=16777216"
    "memorysetup-cache-allocator-block-size=4194304"
    "memorysetup-typetree-allocator-block-size=2097152"
    "memorysetup-profiler-bucket-allocator-granularity=16"
    "memorysetup-profiler-bucket-allocator-bucket-count=8"
    "memorysetup-profiler-bucket-allocator-block-size=33554432"
    "memorysetup-profiler-bucket-allocator-block-count=8"
    "memorysetup-profiler-allocator-block-size=16777216"
    "memorysetup-profiler-editor-allocator-block-size=1048576"
    "memorysetup-temp-allocator-size-main=16777216"
    "memorysetup-job-temp-allocator-block-size=2097152"
    "memorysetup-job-temp-allocator-block-size-background=1048576"
    "memorysetup-job-temp-allocator-reduction-small-platforms=262144"
    "memorysetup-temp-allocator-size-background-worker=32768"
    "memorysetup-temp-allocator-size-job-worker=262144"
    "memorysetup-temp-allocator-size-preload-manager=33554432"
    "memorysetup-temp-allocator-size-nav-mesh-worker=65536"
    "memorysetup-temp-allocator-size-audio-worker=65536"
    "memorysetup-temp-allocator-size-cloud-worker=32768"
    "memorysetup-temp-allocator-size-gi-baking-worker=262144"
    "memorysetup-temp-allocator-size-gfx=262144"
Refreshing native plugins compatible for Editor in 73.12 ms, found 3 plugins.
Preloading 0 native plugins for Editor in 0.00 ms.
Initialize engine version: 2021.3.14f1 (eee1884e7226)
[Subsystems] Discovering subsystems at path C:/Program Files/Unity/Hub/Editor/2021.3.14f1/Editor/Data/Resources/UnitySubsystems
[Subsystems] Discovering subsystems at path G:/Transfer Stuff/GameDev/Unity/FantasyRPG/UnityFantasyRpg/Assets
GfxDevice: creating device client; threaded=0; jobified=0
Direct3D:
    Version:  Direct3D 11.0 [level 11.1]
    Renderer: NVIDIA GeForce RTX 3060 (ID=0x2487)
    Vendor:   NVIDIA
    VRAM:     12124 MB
    Driver:   31.0.15.2802
Initialize mono
Mono path[0] = 'C:/Program Files/Unity/Hub/Editor/2021.3.14f1/Editor/Data/Managed'
Mono path[1] = 'C:/Program Files/Unity/Hub/Editor/2021.3.14f1/Editor/Data/MonoBleedingEdge/lib/mono/unityjit-win32'
Mono config path = 'C:/Program Files/Unity/Hub/Editor/2021.3.14f1/Editor/Data/MonoBleedingEdge/etc'
Using monoOptions --debugger-agent=transport=dt_socket,embedding=1,server=y,suspend=n,address=127.0.0.1:56332
Begin MonoManager ReloadAssembly
Registering precompiled unity dll's ...
Register platform support module: C:/Program Files/Unity/Hub/Editor/2021.3.14f1/Editor/Data/PlaybackEngines/WindowsStandaloneSupport/UnityEditor.WindowsStandalone.Extensions.dll
Registered in 0.003878 seconds.
Native extension for WindowsStandalone target not found
Refreshing native plugins compatible for Editor in 73.55 ms, found 3 plugins.
Preloading 0 native plugins for Editor in 0.00 ms.
Mono: successfully reloaded assembly
- Completed reload, in  0.478 seconds
Domain Reload Profiling:
	ReloadAssembly (478ms)
		BeginReloadAssembly (53ms)
			ExecutionOrderSort (0ms)
			DisableScriptedObjects (0ms)
			BackupInstance (0ms)
			ReleaseScriptingObjects (0ms)
			CreateAndSetChildDomain (1ms)
		EndReloadAssembly (345ms)
			LoadAssemblies (51ms)
			RebuildTransferFunctionScriptingTraits (0ms)
			SetupTypeCache (72ms)
			ReleaseScriptCaches (0ms)
			RebuildScriptCaches (18ms)
			SetupLoadedEditorAssemblies (216ms)
				LogAssemblyErrors (0ms)
				InitializePlatformSupportModulesInManaged (5ms)
				SetLoadedEditorAssemblies (0ms)
				RefreshPlugins (74ms)
				BeforeProcessingInitializeOnLoad (1ms)
				ProcessInitializeOnLoadAttributes (100ms)
				ProcessInitializeOnLoadMethodAttributes (35ms)
				AfterProcessingInitializeOnLoad (0ms)
				EditorAssembliesLoaded (0ms)
			ExecutionOrderSort2 (0ms)
			AwakeInstancesAfterBackupRestoration (0ms)
Platform modules already initialized, skipping
Registering precompiled user dll's ...
Registered in 0.002976 seconds.
Begin MonoManager ReloadAssembly
Symbol file LoadedFromMemory doesn't match image G:\Transfer Stuff\GameDev\Unity\FantasyRPG\UnityFantasyRpg\Library\PackageCache\com.unity.visualscripting@1.7.8\Editor\VisualScripting.Core\Dependencies\YamlDotNet\Unity.VisualScripting.YamlDotNet.dll
Symbol file LoadedFromMemory doesn't match image G:\Transfer Stuff\GameDev\Unity\FantasyRPG\UnityFantasyRpg\Library\PackageCache\com.unity.visualscripting@1.7.8\Editor\VisualScripting.Core\Dependencies\DotNetZip\Unity.VisualScripting.IonicZip.dll
Native extension for WindowsStandalone target not found
Refreshing native plugins compatible for Editor in 1.04 ms, found 3 plugins.
Preloading 0 native plugins for Editor in 0.00 ms.
Mono: successfully reloaded assembly
- Completed reload, in  0.770 seconds
Domain Reload Profiling:
	ReloadAssembly (771ms)
		BeginReloadAssembly (85ms)
			ExecutionOrderSort (0ms)
			DisableScriptedObjects (4ms)
			BackupInstance (0ms)
			ReleaseScriptingObjects (0ms)
			CreateAndSetChildDomain (19ms)
		EndReloadAssembly (599ms)
			LoadAssemblies (61ms)
			RebuildTransferFunctionScriptingTraits (0ms)
			SetupTypeCache (177ms)
			ReleaseScriptCaches (1ms)
			RebuildScriptCaches (39ms)
			SetupLoadedEditorAssemblies (296ms)
				LogAssemblyErrors (0ms)
				InitializePlatformSupportModulesInManaged (4ms)
				SetLoadedEditorAssemblies (0ms)
				RefreshPlugins (1ms)
				BeforeProcessingInitializeOnLoad (64ms)
				ProcessInitializeOnLoadAttributes (201ms)
				ProcessInitializeOnLoadMethodAttributes (19ms)
				AfterProcessingInitializeOnLoad (6ms)
				EditorAssembliesLoaded (0ms)
			ExecutionOrderSort2 (0ms)
			AwakeInstancesAfterBackupRestoration (4ms)
Platform modules already initialized, skipping
========================================================================
Worker process is ready to serve import requests
Launched and connected shader compiler UnityShaderCompiler.exe after 0.03 seconds
Refreshing native plugins compatible for Editor in 2.06 ms, found 3 plugins.
Preloading 0 native plugins for Editor in 0.00 ms.
Unloading 3621 Unused Serialized files (Serialized files now loaded: 0)
Unloading 38 unused Assets / (130.7 KB). Loaded Objects now: 4107.
Memory consumption went from 148.7 MB to 148.6 MB.
Total: 4.601300 ms (FindLiveObjects: 0.501400 ms CreateObjectMapping: 0.503500 ms MarkObjects: 3.471100 ms  DeleteObjects: 0.124300 ms)

AssetImportParameters requested are different than current active one (requested -> active):
  custom:video-decoder-ogg-theora: a1e56fd34408186e4bbccfd4996cb3dc -> 
  custom:container-muxer-webm: aa71ff27fc2769a1b78a27578f13a17b -> 
  custom:container-demuxer-webm: 4f35f7cbe854078d1ac9338744f61a02 -> 
  custom:video-encoder-webm-vp8: eb34c28f22e8b96e1ab97ce403110664 -> 
  custom:video-codec-MediaFoundation-h265: 746d11721c4dcdbdad8f713fa42b33f4 -> 
  custom:audio-encoder-webm-vorbis: bf7c407c2cedff20999df2af8eb42d56 -> 
  custom:framework-win-MediaFoundation: 216162199b28c13a410421893ffa2e32 -> 
  custom:container-demuxer-ogg: 62fdf1f143b41e24485cea50d1cbac27 -> 
  custom:video-decoder-webm-vp8: 9c59270c3fd7afecdb556c50c9e8de78 -> 
  custom:audio-decoder-ogg-vorbis: bf7c407c2cedff20999df2af8eb42d56 -> 
========================================================================
Received Import Request.
  Time since last request: 499803.518065 seconds.
  path: Assets/Hovl Studio/Magic circles/Prefabs/Magic circle 4.prefab
  artifactKey: Guid(1d45734a67e531c43b87d8b56a4dcff5) Importer(815301076,1909f56bfc062723c751e8b465ee728b)
Start importing Assets/Hovl Studio/Magic circles/Prefabs/Magic circle 4.prefab using Guid(1d45734a67e531c43b87d8b56a4dcff5) Importer(815301076,1909f56bfc062723c751e8b465ee728b)  -> (artifact id: '407c4d944d166e6635a2790a96d84b93') in 0.446611 seconds 
========================================================================
Received Import Request.
  Time since last request: 0.043179 seconds.
  path: Assets/Hovl Studio/Magic circles/Prefabs/Magic circle 9.prefab
  artifactKey: Guid(1205099e4d473fd46a9de5fcc1037aaa) Importer(815301076,1909f56bfc062723c751e8b465ee728b)
Start importing Assets/Hovl Studio/Magic circles/Prefabs/Magic circle 9.prefab using Guid(1205099e4d473fd46a9de5fcc1037aaa) Importer(815301076,1909f56bfc062723c751e8b465ee728b)  -> (artifact id: '30879123977567487ffee73d59fb82b8') in 0.393279 seconds 
========================================================================
Received Import Request.
  Time since last request: 0.136761 seconds.
  path: Assets/Hovl Studio/Magic circles/Prefabs/Magic shield 3.prefab
  artifactKey: Guid(883c04b4795669b468dac641ea3fb3a3) Importer(815301076,1909f56bfc062723c751e8b465ee728b)
Start importing Assets/Hovl Studio/Magic circles/Prefabs/Magic shield 3.prefab using Guid(883c04b4795669b468dac641ea3fb3a3) Importer(815301076,1909f56bfc062723c751e8b465ee728b)  -> (artifact id: '527913b8c645ad2c20756648f9ce6c50') in 0.506023 seconds 
========================================================================
Received Import Request.
  Time since last request: 67.869071 seconds.
  path: Assets/Hovl Studio/Magic circles/Prefabs/Loop version/Magic circle 2 loop.prefab
  artifactKey: Guid(2c3450fe2e031fc43bf4b1a39bda19b2) Importer(815301076,1909f56bfc062723c751e8b465ee728b)
Start importing Assets/Hovl Studio/Magic circles/Prefabs/Loop version/Magic circle 2 loop.prefab using Guid(2c3450fe2e031fc43bf4b1a39bda19b2) Importer(815301076,1909f56bfc062723c751e8b465ee728b)  -> (artifact id: 'eaf7d43fb3189fd794c988f0972de774') in 0.068456 seconds 
========================================================================
Received Import Request.
  Time since last request: 0.056751 seconds.
  path: Assets/Hovl Studio/Magic circles/Prefabs/Loop version/Magic circle 9 loop.prefab
  artifactKey: Guid(1ddb25e5337e706459491b01d93aa9bd) Importer(815301076,1909f56bfc062723c751e8b465ee728b)
Start importing Assets/Hovl Studio/Magic circles/Prefabs/Loop version/Magic circle 9 loop.prefab using Guid(1ddb25e5337e706459491b01d93aa9bd) Importer(815301076,1909f56bfc062723c751e8b465ee728b)  -> (artifact id: 'f17f54ebbfd6d76bbc23498dcb96b083') in 0.039488 seconds 
========================================================================
Received Import Request.
  Time since last request: 0.000014 seconds.
  path: Assets/Hovl Studio/Magic circles/Prefabs/Loop version/Magic circle 11 loop.prefab
  artifactKey: Guid(52ba85deb3f9e9c47987bb6123f14767) Importer(815301076,1909f56bfc062723c751e8b465ee728b)
Start importing Assets/Hovl Studio/Magic circles/Prefabs/Loop version/Magic circle 11 loop.prefab using Guid(52ba85deb3f9e9c47987bb6123f14767) Importer(815301076,1909f56bfc062723c751e8b465ee728b)  -> (artifact id: '15b68b6127f8169777dc69c58b92885b') in 0.040363 seconds 
========================================================================
Received Import Request.
  Time since last request: 0.003341 seconds.
  path: Assets/Hovl Studio/Magic circles/Prefabs/Loop version/Magic shield 4 loop.prefab
  artifactKey: Guid(ef612f027a9368047a005e9811716513) Importer(815301076,1909f56bfc062723c751e8b465ee728b)
Start importing Assets/Hovl Studio/Magic circles/Prefabs/Loop version/Magic shield 4 loop.prefab using Guid(ef612f027a9368047a005e9811716513) Importer(815301076,1909f56bfc062723c751e8b465ee728b)  -> (artifact id: '363e9ab868aa3fc0d751982536ecfc0c') in 0.048919 seconds 
========================================================================
Received Import Request.
  Time since last request: 55.763780 seconds.
  path: Assets/Hovl Studio/AOE Magic spells Vol.1/Demo AOE skills/Lightmap-0_comp_dir.png
  artifactKey: Guid(4a3abcea8684f464a9b302dd7a047387) Importer(815301076,1909f56bfc062723c751e8b465ee728b)
Start importing Assets/Hovl Studio/AOE Magic spells Vol.1/Demo AOE skills/Lightmap-0_comp_dir.png using Guid(4a3abcea8684f464a9b302dd7a047387) Importer(815301076,1909f56bfc062723c751e8b465ee728b)  -> (artifact id: '78831a17c3f06623e83af47001aa154c') in 0.152743 seconds 
========================================================================
Received Import Request.
  Time since last request: 0.000017 seconds.
  path: Assets/Hovl Studio/AOE Magic spells Vol.1/Demo AOE skills/ReflectionProbe-1.exr
  artifactKey: Guid(6cd5e7294f0f7be4aa89e131da9505b4) Importer(815301076,1909f56bfc062723c751e8b465ee728b)
Start importing Assets/Hovl Studio/AOE Magic spells Vol.1/Demo AOE skills/ReflectionProbe-1.exr using Guid(6cd5e7294f0f7be4aa89e131da9505b4) Importer(815301076,1909f56bfc062723c751e8b465ee728b)  -> (artifact id: 'e9aefea3e041a8c4b98bda8b6e26b0a7') in 0.064134 seconds 
========================================================================
Received Import Request.
  Time since last request: 12.646414 seconds.
  path: Assets/Hovl Studio/AAA Projectiles Vol 1/Prefabs/Flash 2.prefab
  artifactKey: Guid(5b0ac738fb141244d96b28bbd07be221) Importer(815301076,1909f56bfc062723c751e8b465ee728b)
Start importing Assets/Hovl Studio/AAA Projectiles Vol 1/Prefabs/Flash 2.prefab using Guid(5b0ac738fb141244d96b28bbd07be221) Importer(815301076,1909f56bfc062723c751e8b465ee728b)  -> (artifact id: '937ff489a5c16d19c148bdfe289cbab8') in 0.035032 seconds 
========================================================================
Received Import Request.
  Time since last request: 0.049248 seconds.
  path: Assets/Hovl Studio/AAA Projectiles Vol 1/Prefabs/Flash 5.prefab
  artifactKey: Guid(7f11cfb7c95c8df45beb2209791430c4) Importer(815301076,1909f56bfc062723c751e8b465ee728b)
Start importing Assets/Hovl Studio/AAA Projectiles Vol 1/Prefabs/Flash 5.prefab using Guid(7f11cfb7c95c8df45beb2209791430c4) Importer(815301076,1909f56bfc062723c751e8b465ee728b)  -> (artifact id: '65f7589ded8ec6542441e4f9f17794ab') in 0.142210 seconds 
========================================================================
Received Import Request.
  Time since last request: 0.048491 seconds.
  path: Assets/Hovl Studio/AAA Projectiles Vol 1/Prefabs/Flash 11.prefab
  artifactKey: Guid(d2bf40a98ef3560439f0badec6115db3) Importer(815301076,1909f56bfc062723c751e8b465ee728b)
Start importing Assets/Hovl Studio/AAA Projectiles Vol 1/Prefabs/Flash 11.prefab using Guid(d2bf40a98ef3560439f0badec6115db3) Importer(815301076,1909f56bfc062723c751e8b465ee728b)  -> (artifact id: '5cd1b4a4bd4ce8698e3ce2158c48bf1e') in 0.066344 seconds 
========================================================================
Received Import Request.
  Time since last request: 0.047849 seconds.
  path: Assets/Hovl Studio/AAA Projectiles Vol 1/Prefabs/Flash 14.prefab
  artifactKey: Guid(058c6c6f7bee2fc45a91fbdb528a9035) Importer(815301076,1909f56bfc062723c751e8b465ee728b)
Start importing Assets/Hovl Studio/AAA Projectiles Vol 1/Prefabs/Flash 14.prefab using Guid(058c6c6f7bee2fc45a91fbdb528a9035) Importer(815301076,1909f56bfc062723c751e8b465ee728b)  -> (artifact id: '6211c0d724bd31ffda5cfe1a250facd6') in 0.009920 seconds 
========================================================================
Received Import Request.
  Time since last request: 0.000016 seconds.
  path: Assets/Hovl Studio/AAA Projectiles Vol 1/Prefabs/Flash 15.prefab
  artifactKey: Guid(dfb11343e1f738848a39590c5e36c883) Importer(815301076,1909f56bfc062723c751e8b465ee728b)
Start importing Assets/Hovl Studio/AAA Projectiles Vol 1/Prefabs/Flash 15.prefab using Guid(dfb11343e1f738848a39590c5e36c883) Importer(815301076,1909f56bfc062723c751e8b465ee728b)  -> (artifact id: 'af3e668b5f0442a70f3984dddc64966f') in 0.019648 seconds 
========================================================================
Received Import Request.
  Time since last request: 0.003817 seconds.
  path: Assets/Hovl Studio/AAA Projectiles Vol 1/Prefabs/Flash 17.prefab
  artifactKey: Guid(6c45d61ea68f82b4eb2c7f1ff7fdcb81) Importer(815301076,1909f56bfc062723c751e8b465ee728b)
Start importing Assets/Hovl Studio/AAA Projectiles Vol 1/Prefabs/Flash 17.prefab using Guid(6c45d61ea68f82b4eb2c7f1ff7fdcb81) Importer(815301076,1909f56bfc062723c751e8b465ee728b)  -> (artifact id: 'e01d2c814b50bedfbbf5413eabb8b6cb') in 0.090157 seconds 
========================================================================
Received Import Request.
  Time since last request: 0.000589 seconds.
  path: Assets/Hovl Studio/AAA Projectiles Vol 1/Prefabs/Flash 19.prefab
  artifactKey: Guid(2ad5c1a0f3dfb2a479c897ce5c0c6d82) Importer(815301076,1909f56bfc062723c751e8b465ee728b)
Start importing Assets/Hovl Studio/AAA Projectiles Vol 1/Prefabs/Flash 19.prefab using Guid(2ad5c1a0f3dfb2a479c897ce5c0c6d82) Importer(815301076,1909f56bfc062723c751e8b465ee728b)  -> (artifact id: '9d1a24eed48c626818cf4c0aa235768f') in 0.035291 seconds 
========================================================================
Received Import Request.
  Time since last request: 0.014271 seconds.
  path: Assets/Hovl Studio/AAA Projectiles Vol 1/Prefabs/Flash 23.prefab
  artifactKey: Guid(d629efdae70f475409893aa79aeafd1e) Importer(815301076,1909f56bfc062723c751e8b465ee728b)
Start importing Assets/Hovl Studio/AAA Projectiles Vol 1/Prefabs/Flash 23.prefab using Guid(d629efdae70f475409893aa79aeafd1e) Importer(815301076,1909f56bfc062723c751e8b465ee728b)  -> (artifact id: 'bff35ca7d53ffe5031d8bff041c4b8b9') in 0.039031 seconds 
========================================================================
Received Import Request.
  Time since last request: 0.062277 seconds.
  path: Assets/Hovl Studio/AAA Projectiles Vol 1/Prefabs/Flash 25.prefab
  artifactKey: Guid(d6042f989cc140942a980eadd962e2db) Importer(815301076,1909f56bfc062723c751e8b465ee728b)
Start importing Assets/Hovl Studio/AAA Projectiles Vol 1/Prefabs/Flash 25.prefab using Guid(d6042f989cc140942a980eadd962e2db) Importer(815301076,1909f56bfc062723c751e8b465ee728b)  -> (artifact id: 'c22a8c31f4ba532b6e5cd5e978e566a4') in 0.039303 seconds 
========================================================================
Received Import Request.
  Time since last request: 0.016479 seconds.
  path: Assets/Hovl Studio/AAA Projectiles Vol 1/Prefabs/Flash 27.prefab
  artifactKey: Guid(28538e5931854494fbe4d98d2d4cd548) Importer(815301076,1909f56bfc062723c751e8b465ee728b)
Start importing Assets/Hovl Studio/AAA Projectiles Vol 1/Prefabs/Flash 27.prefab using Guid(28538e5931854494fbe4d98d2d4cd548) Importer(815301076,1909f56bfc062723c751e8b465ee728b)  -> (artifact id: '503b40537c4c7a036475096b83319405') in 0.103442 seconds 
========================================================================
Received Import Request.
  Time since last request: 0.000021 seconds.
  path: Assets/Hovl Studio/AAA Projectiles Vol 1/Prefabs/Hit 3.prefab
  artifactKey: Guid(800cddb992d3f5e4eb2348b90447f4a7) Importer(815301076,1909f56bfc062723c751e8b465ee728b)
Start importing Assets/Hovl Studio/AAA Projectiles Vol 1/Prefabs/Hit 3.prefab using Guid(800cddb992d3f5e4eb2348b90447f4a7) Importer(815301076,1909f56bfc062723c751e8b465ee728b)  -> (artifact id: 'e43e57c6472494fd6481a7b4714d4019') in 0.111497 seconds 
========================================================================
Received Import Request.
  Time since last request: 0.151745 seconds.
  path: Assets/Hovl Studio/AAA Projectiles Vol 1/Prefabs/Hit 6.prefab
  artifactKey: Guid(8a1ac1dbe39224143972fa1a908b0abf) Importer(815301076,1909f56bfc062723c751e8b465ee728b)
Start importing Assets/Hovl Studio/AAA Projectiles Vol 1/Prefabs/Hit 6.prefab using Guid(8a1ac1dbe39224143972fa1a908b0abf) Importer(815301076,1909f56bfc062723c751e8b465ee728b)  -> (artifact id: '1180947aefa6a4930c17caad4ce76430') in 0.067994 seconds 
========================================================================
Received Import Request.
  Time since last request: 0.028972 seconds.
  path: Assets/Hovl Studio/AAA Projectiles Vol 1/Prefabs/Hit 8.prefab
  artifactKey: Guid(4328596502e67c1468c5794bdd5067b4) Importer(815301076,1909f56bfc062723c751e8b465ee728b)
Start importing Assets/Hovl Studio/AAA Projectiles Vol 1/Prefabs/Hit 8.prefab using Guid(4328596502e67c1468c5794bdd5067b4) Importer(815301076,1909f56bfc062723c751e8b465ee728b)  -> (artifact id: 'ae1713f35462379cd66a63bb80f6ae78') in 0.086423 seconds 
========================================================================
Received Import Request.
  Time since last request: 0.067434 seconds.
  path: Assets/Hovl Studio/AAA Projectiles Vol 1/Prefabs/Hit 10.prefab
  artifactKey: Guid(890aba7398207db48978724168fac5a7) Importer(815301076,1909f56bfc062723c751e8b465ee728b)
Start importing Assets/Hovl Studio/AAA Projectiles Vol 1/Prefabs/Hit 10.prefab using Guid(890aba7398207db48978724168fac5a7) Importer(815301076,1909f56bfc062723c751e8b465ee728b)  -> (artifact id: '32aeddde887abd4bc5f6d4c77a1450b4') in 0.123585 seconds 
========================================================================
Received Import Request.
  Time since last request: 0.003589 seconds.
  path: Assets/Hovl Studio/AAA Projectiles Vol 1/Prefabs/Projectiles(Particle collision)/Projectile 2.prefab
  artifactKey: Guid(6dc968b09945e3845bdbf41de444f21c) Importer(815301076,1909f56bfc062723c751e8b465ee728b)
Start importing Assets/Hovl Studio/AAA Projectiles Vol 1/Prefabs/Projectiles(Particle collision)/Projectile 2.prefab using Guid(6dc968b09945e3845bdbf41de444f21c) Importer(815301076,1909f56bfc062723c751e8b465ee728b)  -> (artifact id: 'da2f78493a33d6fbcf8b3dc68cf01007') in 0.187937 seconds 
========================================================================
Received Import Request.
  Time since last request: 0.040336 seconds.
  path: Assets/Hovl Studio/AAA Projectiles Vol 1/Prefabs/Projectiles(Particle collision)/Projectile 6.prefab
  artifactKey: Guid(c970a13f2161f4a4ab26ff5009e6e0da) Importer(815301076,1909f56bfc062723c751e8b465ee728b)
Start importing Assets/Hovl Studio/AAA Projectiles Vol 1/Prefabs/Projectiles(Particle collision)/Projectile 6.prefab using Guid(c970a13f2161f4a4ab26ff5009e6e0da) Importer(815301076,1909f56bfc062723c751e8b465ee728b)  -> (artifact id: '48394a19fee1d2ec1851713c04d06d6d') in 0.043736 seconds 
========================================================================
Received Import Request.
  Time since last request: 0.011207 seconds.
  path: Assets/Hovl Studio/AAA Projectiles Vol 1/Prefabs/Projectiles(Particle collision)/Projectile 8.prefab
  artifactKey: Guid(346ba3a1eaf376a4ca0795fa2bf70d7f) Importer(815301076,1909f56bfc062723c751e8b465ee728b)
Start importing Assets/Hovl Studio/AAA Projectiles Vol 1/Prefabs/Projectiles(Particle collision)/Projectile 8.prefab using Guid(346ba3a1eaf376a4ca0795fa2bf70d7f) Importer(815301076,1909f56bfc062723c751e8b465ee728b)  -> (artifact id: '3b92b11f085a29397cbb75ba725a2935') in 0.054490 seconds 
========================================================================
Received Import Request.
  Time since last request: 0.044857 seconds.
  path: Assets/Hovl Studio/AAA Projectiles Vol 1/Prefabs/Projectiles(Particle collision)/Projectile 10.prefab
  artifactKey: Guid(762dfe761f7d7274793acf4f6087a029) Importer(815301076,1909f56bfc062723c751e8b465ee728b)
Start importing Assets/Hovl Studio/AAA Projectiles Vol 1/Prefabs/Projectiles(Particle collision)/Projectile 10.prefab using Guid(762dfe761f7d7274793acf4f6087a029) Importer(815301076,1909f56bfc062723c751e8b465ee728b)  -> (artifact id: '06aa880f4de852b07c3b58b3c094b068') in 0.086154 seconds 
========================================================================
Received Import Request.
  Time since last request: 0.015515 seconds.
  path: Assets/Hovl Studio/AAA Projectiles Vol 1/Prefabs/Projectiles(Particle collision)/Projectile 12.prefab
  artifactKey: Guid(c7abcdbfc011815408fe700b0f70bebe) Importer(815301076,1909f56bfc062723c751e8b465ee728b)
Start importing Assets/Hovl Studio/AAA Projectiles Vol 1/Prefabs/Projectiles(Particle collision)/Projectile 12.prefab using Guid(c7abcdbfc011815408fe700b0f70bebe) Importer(815301076,1909f56bfc062723c751e8b465ee728b)  -> (artifact id: '5bf9752521878f619ed44b5a3f83da26') in 0.291688 seconds 
========================================================================
Received Import Request.
  Time since last request: 0.000017 seconds.
  path: Assets/Hovl Studio/AAA Projectiles Vol 1/Prefabs/Projectiles(Particle collision)/Projectile 17.prefab
  artifactKey: Guid(4ece5ddd79579204f99eae242a0dbf9d) Importer(815301076,1909f56bfc062723c751e8b465ee728b)
Start importing Assets/Hovl Studio/AAA Projectiles Vol 1/Prefabs/Projectiles(Particle collision)/Projectile 17.prefab using Guid(4ece5ddd79579204f99eae242a0dbf9d) Importer(815301076,1909f56bfc062723c751e8b465ee728b)  -> (artifact id: 'fb5e2351cd4b1c7ae1da20f1e081d890') in 0.507351 seconds 
========================================================================
Received Import Request.
  Time since last request: 0.000023 seconds.
  path: Assets/Hovl Studio/AAA Projectiles Vol 1/Prefabs/Projectiles(Particle collision)/Projectile 20.prefab
  artifactKey: Guid(199ba2ead65221d4286d5b715b8aef0f) Importer(815301076,1909f56bfc062723c751e8b465ee728b)
Start importing Assets/Hovl Studio/AAA Projectiles Vol 1/Prefabs/Projectiles(Particle collision)/Projectile 20.prefab using Guid(199ba2ead65221d4286d5b715b8aef0f) Importer(815301076,1909f56bfc062723c751e8b465ee728b)  -> (artifact id: 'e7cd9b7048ff9cb37337e6a5ca9d2b71') in 0.284954 seconds 
========================================================================
Received Import Request.
  Time since last request: 0.000017 seconds.
  path: Assets/Hovl Studio/AAA Projectiles Vol 1/Prefabs/Projectiles(Particle collision)/Projectile 24.prefab
  artifactKey: Guid(2c46ddebb254a1f47803be05e38476c4) Importer(815301076,1909f56bfc062723c751e8b465ee728b)
Start importing Assets/Hovl Studio/AAA Projectiles Vol 1/Prefabs/Projectiles(Particle collision)/Projectile 24.prefab using Guid(2c46ddebb254a1f47803be05e38476c4) Importer(815301076,1909f56bfc062723c751e8b465ee728b)  -> (artifact id: 'c93a0b84f692675fb86f1fef403c80d3') in 0.250302 seconds 
========================================================================
Received Import Request.
  Time since last request: 0.000022 seconds.
  path: Assets/Hovl Studio/AAA Projectiles Vol 1/Prefabs/Projectiles(Particle collision)/Projectile 27.prefab
  artifactKey: Guid(da6ba3f426992ac4796bcaac2b95a0c9) Importer(815301076,1909f56bfc062723c751e8b465ee728b)
Start importing Assets/Hovl Studio/AAA Projectiles Vol 1/Prefabs/Projectiles(Particle collision)/Projectile 27.prefab using Guid(da6ba3f426992ac4796bcaac2b95a0c9) Importer(815301076,1909f56bfc062723c751e8b465ee728b)  -> (artifact id: '1f94c5b9ac0f825bda37299aa3ff4bff') in 0.181222 seconds 
========================================================================
Received Import Request.
  Time since last request: 0.922815 seconds.
  path: Assets/Hovl Studio/AAA Projectiles Vol 1/Demo scenes/LightingData.asset
  artifactKey: Guid(50611382ffa50c54a944ab4b11b5f311) Importer(815301076,1909f56bfc062723c751e8b465ee728b)
Start importing Assets/Hovl Studio/AAA Projectiles Vol 1/Demo scenes/LightingData.asset using Guid(50611382ffa50c54a944ab4b11b5f311) Importer(815301076,1909f56bfc062723c751e8b465ee728b)  -> (artifact id: '49671871615978ce9efd96d50ef17b92') in 0.069699 seconds 
========================================================================
Received Import Request.
  Time since last request: 0.000019 seconds.
  path: Assets/Hovl Studio/AAA Projectiles Vol 1/Demo scenes/PP low.asset
  artifactKey: Guid(70629691e8eede744b1c85c9ddcc4bc4) Importer(815301076,1909f56bfc062723c751e8b465ee728b)
Start importing Assets/Hovl Studio/AAA Projectiles Vol 1/Demo scenes/PP low.asset using Guid(70629691e8eede744b1c85c9ddcc4bc4) Importer(815301076,1909f56bfc062723c751e8b465ee728b)  -> (artifact id: '5973b725eb8df78a69384e9211d25e61') in 0.005340 seconds 
========================================================================
Received Import Request.
  Time since last request: 0.000020 seconds.
  path: Assets/Hovl Studio/AAA Projectiles Vol 1/Demo scenes/Lightmap-1_comp_light.exr
  artifactKey: Guid(231f20cb5603bff409380ec0b03baf96) Importer(815301076,1909f56bfc062723c751e8b465ee728b)
Start importing Assets/Hovl Studio/AAA Projectiles Vol 1/Demo scenes/Lightmap-1_comp_light.exr using Guid(231f20cb5603bff409380ec0b03baf96) Importer(815301076,1909f56bfc062723c751e8b465ee728b)  -> (artifact id: '5035446b3997498d624b9ac14d1a491f') in 0.066013 seconds 
========================================================================
Received Import Request.
  Time since last request: 0.000019 seconds.
  path: Assets/Hovl Studio/AAA Projectiles Vol 1/Demo scenes/Lightmap-2_comp_dir.png
  artifactKey: Guid(ef821dfa7c9bf544aa760c25c610cb6b) Importer(815301076,1909f56bfc062723c751e8b465ee728b)
Start importing Assets/Hovl Studio/AAA Projectiles Vol 1/Demo scenes/Lightmap-2_comp_dir.png using Guid(ef821dfa7c9bf544aa760c25c610cb6b) Importer(815301076,1909f56bfc062723c751e8b465ee728b)  -> (artifact id: 'de4f13e2d0db52a3e04def5de0fbde1c') in 0.103164 seconds 
========================================================================
Received Import Request.
  Time since last request: 0.000027 seconds.
  path: Assets/Hovl Studio/AAA Projectiles Vol 1/Demo scenes/Lightmap-0_comp_light.exr
  artifactKey: Guid(bedbfe6fe9ff7914aad490bf2e9e3283) Importer(815301076,1909f56bfc062723c751e8b465ee728b)
Start importing Assets/Hovl Studio/AAA Projectiles Vol 1/Demo scenes/Lightmap-0_comp_light.exr using Guid(bedbfe6fe9ff7914aad490bf2e9e3283) Importer(815301076,1909f56bfc062723c751e8b465ee728b)  -> (artifact id: 'a63941db265cd5c56796d46720f2c0fb') in 0.097114 seconds 
========================================================================
Received Import Request.
  Time since last request: 0.774514 seconds.
  path: Assets/Hovl Studio/AAA Projectiles Vol 1/Prefabs/Hit 12.prefab
  artifactKey: Guid(ab764946428361d499eb0f88769e33b7) Importer(815301076,1909f56bfc062723c751e8b465ee728b)
Start importing Assets/Hovl Studio/AAA Projectiles Vol 1/Prefabs/Hit 12.prefab using Guid(ab764946428361d499eb0f88769e33b7) Importer(815301076,1909f56bfc062723c751e8b465ee728b)  -> (artifact id: '54c58f706536ded54295aebee10a2e6a') in 0.013453 seconds 
========================================================================
Received Import Request.
  Time since last request: 0.000018 seconds.
  path: Assets/Hovl Studio/AAA Projectiles Vol 1/Prefabs/Hit 16.prefab
  artifactKey: Guid(cd5def2bb4f6b4e4ab15ba0b6f35b29d) Importer(815301076,1909f56bfc062723c751e8b465ee728b)
Start importing Assets/Hovl Studio/AAA Projectiles Vol 1/Prefabs/Hit 16.prefab using Guid(cd5def2bb4f6b4e4ab15ba0b6f35b29d) Importer(815301076,1909f56bfc062723c751e8b465ee728b)  -> (artifact id: '830d03e13eb43f40f195c6e849880bb8') in 0.011988 seconds 
========================================================================
Received Import Request.
  Time since last request: 0.009284 seconds.
  path: Assets/Hovl Studio/AAA Projectiles Vol 1/Prefabs/Hit 23.prefab
  artifactKey: Guid(1ae2b1c728484264bbdc53ecaee73c6a) Importer(815301076,1909f56bfc062723c751e8b465ee728b)
Start importing Assets/Hovl Studio/AAA Projectiles Vol 1/Prefabs/Hit 23.prefab using Guid(1ae2b1c728484264bbdc53ecaee73c6a) Importer(815301076,1909f56bfc062723c751e8b465ee728b)  -> (artifact id: '426a9f5819a8ed35e8caee1829fd0cda') in 0.011830 seconds 
========================================================================
Received Import Request.
  Time since last request: 0.000025 seconds.
  path: Assets/Hovl Studio/AAA Projectiles Vol 1/Prefabs/Hit 26.prefab
  artifactKey: Guid(1977fc844cb969a44866c4dcd32996d1) Importer(815301076,1909f56bfc062723c751e8b465ee728b)
Start importing Assets/Hovl Studio/AAA Projectiles Vol 1/Prefabs/Hit 26.prefab using Guid(1977fc844cb969a44866c4dcd32996d1) Importer(815301076,1909f56bfc062723c751e8b465ee728b)  -> (artifact id: '6bc9fdcfb35013be89d3a2a7e62d26ba') in 0.016232 seconds 
========================================================================
Received Import Request.
  Time since last request: 0.000021 seconds.
  path: Assets/Hovl Studio/AAA Projectiles Vol 1/Prefabs/Hit 14.prefab
  artifactKey: Guid(3aa0fab185f378240b831342bde74b26) Importer(815301076,1909f56bfc062723c751e8b465ee728b)
Start importing Assets/Hovl Studio/AAA Projectiles Vol 1/Prefabs/Hit 14.prefab using Guid(3aa0fab185f378240b831342bde74b26) Importer(815301076,1909f56bfc062723c751e8b465ee728b)  -> (artifact id: 'fba2c01e840f377ff0cc719e1270dae2') in 0.013178 seconds 
========================================================================
Received Import Request.
  Time since last request: 0.000020 seconds.
  path: Assets/Hovl Studio/AAA Projectiles Vol 1/Prefabs/Hit 24.prefab
  artifactKey: Guid(b0035d79b41032446a5de0e41abe9823) Importer(815301076,1909f56bfc062723c751e8b465ee728b)
Start importing Assets/Hovl Studio/AAA Projectiles Vol 1/Prefabs/Hit 24.prefab using Guid(b0035d79b41032446a5de0e41abe9823) Importer(815301076,1909f56bfc062723c751e8b465ee728b)  -> (artifact id: 'f2475a354da7bdd495a0350e8b6fb73e') in 0.014093 seconds 
========================================================================
Received Import Request.
  Time since last request: 7.318953 seconds.
  path: Assets/Hovl Studio/AAA Projectiles Vol 1/Prefabs/Projectiles 2D/2D Projectile 4.prefab
  artifactKey: Guid(2f30ce685381cf141a1c05b1ee359db2) Importer(815301076,1909f56bfc062723c751e8b465ee728b)
Start importing Assets/Hovl Studio/AAA Projectiles Vol 1/Prefabs/Projectiles 2D/2D Projectile 4.prefab using Guid(2f30ce685381cf141a1c05b1ee359db2) Importer(815301076,1909f56bfc062723c751e8b465ee728b)  -> (artifact id: '6d0107494baa3f3368fb3b9ef51f453f') in 0.042302 seconds 
========================================================================
Received Import Request.
  Time since last request: 0.000019 seconds.
  path: Assets/Hovl Studio/AAA Projectiles Vol 1/Prefabs/Projectiles 2D/2D Projectile 6.prefab
  artifactKey: Guid(45ee7d02677ca6240aa79cb47c29de0a) Importer(815301076,1909f56bfc062723c751e8b465ee728b)
Start importing Assets/Hovl Studio/AAA Projectiles Vol 1/Prefabs/Projectiles 2D/2D Projectile 6.prefab using Guid(45ee7d02677ca6240aa79cb47c29de0a) Importer(815301076,1909f56bfc062723c751e8b465ee728b)  -> (artifact id: 'b95f6cbbe794180ee990a3a9b3d0c82f') in 0.034951 seconds 
========================================================================
Received Import Request.
  Time since last request: 0.535261 seconds.
  path: Assets/Hovl Studio/AAA Projectiles Vol 1/Prefabs/Projectiles 2D/2D Projectile 22.prefab
  artifactKey: Guid(b89d674e6490f674c9d9b4e34cdd3e7c) Importer(815301076,1909f56bfc062723c751e8b465ee728b)
Start importing Assets/Hovl Studio/AAA Projectiles Vol 1/Prefabs/Projectiles 2D/2D Projectile 22.prefab using Guid(b89d674e6490f674c9d9b4e34cdd3e7c) Importer(815301076,1909f56bfc062723c751e8b465ee728b)  -> (artifact id: '987c076350653608b91dd5272a6f9305') in 0.026749 seconds 
========================================================================
Received Import Request.
  Time since last request: 0.016878 seconds.
  path: Assets/Hovl Studio/AAA Projectiles Vol 1/Prefabs/Projectiles 2D/2D Projectile 25.prefab
  artifactKey: Guid(0a3674a698518694c809dd4c9c589796) Importer(815301076,1909f56bfc062723c751e8b465ee728b)
Start importing Assets/Hovl Studio/AAA Projectiles Vol 1/Prefabs/Projectiles 2D/2D Projectile 25.prefab using Guid(0a3674a698518694c809dd4c9c589796) Importer(815301076,1909f56bfc062723c751e8b465ee728b)  -> (artifact id: 'abbc955e46a5965eed08d244103e79a3') in 0.049131 seconds 
========================================================================
Received Import Request.
  Time since last request: 29.972110 seconds.
  path: Assets/Hovl Studio/3D Lasers Pack/Prefabs/Laser beam 3.prefab
  artifactKey: Guid(280b8b1393d77f148a8cbcfc7f36e116) Importer(815301076,1909f56bfc062723c751e8b465ee728b)
Start importing Assets/Hovl Studio/3D Lasers Pack/Prefabs/Laser beam 3.prefab using Guid(280b8b1393d77f148a8cbcfc7f36e116) Importer(815301076,1909f56bfc062723c751e8b465ee728b)  -> (artifact id: '19792e947f1a8e585324f1fb484c26b1') in 0.099758 seconds 
========================================================================
Received Import Request.
  Time since last request: 0.076594 seconds.
  path: Assets/Hovl Studio/3D Lasers Pack/Prefabs/Laser beam 7.prefab
  artifactKey: Guid(30f45a15e0a47a943912fda204502b81) Importer(815301076,1909f56bfc062723c751e8b465ee728b)
Start importing Assets/Hovl Studio/3D Lasers Pack/Prefabs/Laser beam 7.prefab using Guid(30f45a15e0a47a943912fda204502b81) Importer(815301076,1909f56bfc062723c751e8b465ee728b)  -> (artifact id: 'd49bb7815457878418a2a1969f8275cc') in 0.032640 seconds 
Editor requested this worker to shutdown with reason: Scaling down because of idle timeout
AssetImportWorker is now disconnected from the server
Process exiting
Exiting without the bug reporter. Application will terminate with return code 0