Using pre-set license
Built from '2021.3/staging' branch; Version is '2021.3.14f1 (eee1884e7226) revision 15655304'; Using compiler version '192829333'; Build Type 'Release'
OS: 'Windows 11  (10.0.22621) 64bit Professional' Language: 'en' Physical Memory: 24461 MB
BatchMode: 1, IsHumanControllingUs: 0, StartBugReporterOnCrash: 0, Is64bit: 1, IsPro: 1

COMMAND LINE ARGUMENTS:
C:\Program Files\Unity\Hub\Editor\2021.3.14f1\Editor\Unity.exe
-adb2
-batchMode
-noUpm
-name
AssetImportWorker29
-projectPath
G:/Transfer Stuff/GameDev/Unity/FantasyRPG/UnityFantasyRpg
-logFile
Logs/AssetImportWorker29.log
-srvPort
64560
Successfully changed project path to: G:/Transfer Stuff/GameDev/Unity/FantasyRPG/UnityFantasyRpg
G:/Transfer Stuff/GameDev/Unity/FantasyRPG/UnityFantasyRpg
[UnityMemory] Configuration Parameters - Can be set up in boot.config
    "memorysetup-bucket-allocator-granularity=16"
    "memorysetup-bucket-allocator-bucket-count=8"
    "memorysetup-bucket-allocator-block-size=33554432"
    "memorysetup-bucket-allocator-block-count=8"
    "memorysetup-main-allocator-block-size=16777216"
    "memorysetup-thread-allocator-block-size=16777216"
    "memorysetup-gfx-main-allocator-block-size=16777216"
    "memorysetup-gfx-thread-allocator-block-size=16777216"
    "memorysetup-cache-allocator-block-size=4194304"
    "memorysetup-typetree-allocator-block-size=2097152"
    "memorysetup-profiler-bucket-allocator-granularity=16"
    "memorysetup-profiler-bucket-allocator-bucket-count=8"
    "memorysetup-profiler-bucket-allocator-block-size=33554432"
    "memorysetup-profiler-bucket-allocator-block-count=8"
    "memorysetup-profiler-allocator-block-size=16777216"
    "memorysetup-profiler-editor-allocator-block-size=1048576"
    "memorysetup-temp-allocator-size-main=16777216"
    "memorysetup-job-temp-allocator-block-size=2097152"
    "memorysetup-job-temp-allocator-block-size-background=1048576"
    "memorysetup-job-temp-allocator-reduction-small-platforms=262144"
    "memorysetup-temp-allocator-size-background-worker=32768"
    "memorysetup-temp-allocator-size-job-worker=262144"
    "memorysetup-temp-allocator-size-preload-manager=33554432"
    "memorysetup-temp-allocator-size-nav-mesh-worker=65536"
    "memorysetup-temp-allocator-size-audio-worker=65536"
    "memorysetup-temp-allocator-size-cloud-worker=32768"
    "memorysetup-temp-allocator-size-gi-baking-worker=262144"
    "memorysetup-temp-allocator-size-gfx=262144"
Refreshing native plugins compatible for Editor in 94.95 ms, found 3 plugins.
Preloading 0 native plugins for Editor in 0.00 ms.
Initialize engine version: 2021.3.14f1 (eee1884e7226)
[Subsystems] Discovering subsystems at path C:/Program Files/Unity/Hub/Editor/2021.3.14f1/Editor/Data/Resources/UnitySubsystems
[Subsystems] Discovering subsystems at path G:/Transfer Stuff/GameDev/Unity/FantasyRPG/UnityFantasyRpg/Assets
GfxDevice: creating device client; threaded=0; jobified=0
Direct3D:
    Version:  Direct3D 11.0 [level 11.1]
    Renderer: NVIDIA GeForce RTX 3060 (ID=0x2487)
    Vendor:   NVIDIA
    VRAM:     12124 MB
    Driver:   31.0.15.2686
Initialize mono
Mono path[0] = 'C:/Program Files/Unity/Hub/Editor/2021.3.14f1/Editor/Data/Managed'
Mono path[1] = 'C:/Program Files/Unity/Hub/Editor/2021.3.14f1/Editor/Data/MonoBleedingEdge/lib/mono/unityjit-win32'
Mono config path = 'C:/Program Files/Unity/Hub/Editor/2021.3.14f1/Editor/Data/MonoBleedingEdge/etc'
Using monoOptions --debugger-agent=transport=dt_socket,embedding=1,server=y,suspend=n,address=127.0.0.1:56160
Begin MonoManager ReloadAssembly
Registering precompiled unity dll's ...
Register platform support module: C:/Program Files/Unity/Hub/Editor/2021.3.14f1/Editor/Data/PlaybackEngines/WindowsStandaloneSupport/UnityEditor.WindowsStandalone.Extensions.dll
Registered in 0.004710 seconds.
Native extension for WindowsStandalone target not found
Refreshing native plugins compatible for Editor in 75.82 ms, found 3 plugins.
Preloading 0 native plugins for Editor in 0.00 ms.
Mono: successfully reloaded assembly
- Completed reload, in  0.504 seconds
Domain Reload Profiling:
	ReloadAssembly (505ms)
		BeginReloadAssembly (65ms)
			ExecutionOrderSort (0ms)
			DisableScriptedObjects (0ms)
			BackupInstance (0ms)
			ReleaseScriptingObjects (0ms)
			CreateAndSetChildDomain (1ms)
		EndReloadAssembly (352ms)
			LoadAssemblies (61ms)
			RebuildTransferFunctionScriptingTraits (0ms)
			SetupTypeCache (73ms)
			ReleaseScriptCaches (0ms)
			RebuildScriptCaches (19ms)
			SetupLoadedEditorAssemblies (222ms)
				LogAssemblyErrors (0ms)
				InitializePlatformSupportModulesInManaged (6ms)
				SetLoadedEditorAssemblies (0ms)
				RefreshPlugins (76ms)
				BeforeProcessingInitializeOnLoad (1ms)
				ProcessInitializeOnLoadAttributes (105ms)
				ProcessInitializeOnLoadMethodAttributes (34ms)
				AfterProcessingInitializeOnLoad (0ms)
				EditorAssembliesLoaded (0ms)
			ExecutionOrderSort2 (0ms)
			AwakeInstancesAfterBackupRestoration (0ms)
Platform modules already initialized, skipping
Registering precompiled user dll's ...
Registered in 0.003310 seconds.
Begin MonoManager ReloadAssembly
Symbol file LoadedFromMemory doesn't match image G:\Transfer Stuff\GameDev\Unity\FantasyRPG\UnityFantasyRpg\Library\PackageCache\com.unity.visualscripting@1.7.8\Editor\VisualScripting.Core\Dependencies\YamlDotNet\Unity.VisualScripting.YamlDotNet.dll
Symbol file LoadedFromMemory doesn't match image G:\Transfer Stuff\GameDev\Unity\FantasyRPG\UnityFantasyRpg\Library\PackageCache\com.unity.visualscripting@1.7.8\Editor\VisualScripting.Core\Dependencies\DotNetZip\Unity.VisualScripting.IonicZip.dll
Native extension for WindowsStandalone target not found
Refreshing native plugins compatible for Editor in 1.10 ms, found 3 plugins.
Preloading 0 native plugins for Editor in 0.00 ms.
Mono: successfully reloaded assembly
- Completed reload, in  0.749 seconds
Domain Reload Profiling:
	ReloadAssembly (749ms)
		BeginReloadAssembly (92ms)
			ExecutionOrderSort (0ms)
			DisableScriptedObjects (4ms)
			BackupInstance (0ms)
			ReleaseScriptingObjects (0ms)
			CreateAndSetChildDomain (20ms)
		EndReloadAssembly (572ms)
			LoadAssemblies (67ms)
			RebuildTransferFunctionScriptingTraits (0ms)
			SetupTypeCache (174ms)
			ReleaseScriptCaches (1ms)
			RebuildScriptCaches (36ms)
			SetupLoadedEditorAssemblies (273ms)
				LogAssemblyErrors (0ms)
				InitializePlatformSupportModulesInManaged (4ms)
				SetLoadedEditorAssemblies (0ms)
				RefreshPlugins (1ms)
				BeforeProcessingInitializeOnLoad (64ms)
				ProcessInitializeOnLoadAttributes (177ms)
				ProcessInitializeOnLoadMethodAttributes (20ms)
				AfterProcessingInitializeOnLoad (6ms)
				EditorAssembliesLoaded (0ms)
			ExecutionOrderSort2 (0ms)
			AwakeInstancesAfterBackupRestoration (5ms)
Platform modules already initialized, skipping
========================================================================
Worker process is ready to serve import requests
Launched and connected shader compiler UnityShaderCompiler.exe after 0.04 seconds
Refreshing native plugins compatible for Editor in 1.98 ms, found 3 plugins.
Preloading 0 native plugins for Editor in 0.00 ms.
Unloading 3385 Unused Serialized files (Serialized files now loaded: 0)
Unloading 27 unused Assets / (114.2 KB). Loaded Objects now: 3858.
Memory consumption went from 137.3 MB to 137.2 MB.
Total: 5.325600 ms (FindLiveObjects: 0.633000 ms CreateObjectMapping: 0.116600 ms MarkObjects: 4.228600 ms  DeleteObjects: 0.345900 ms)

AssetImportParameters requested are different than current active one (requested -> active):
  custom:video-decoder-ogg-theora: a1e56fd34408186e4bbccfd4996cb3dc -> 
  custom:container-muxer-webm: aa71ff27fc2769a1b78a27578f13a17b -> 
  custom:container-demuxer-webm: 4f35f7cbe854078d1ac9338744f61a02 -> 
  custom:video-encoder-webm-vp8: eb34c28f22e8b96e1ab97ce403110664 -> 
  custom:video-codec-MediaFoundation-h265: 746d11721c4dcdbdad8f713fa42b33f4 -> 
  custom:audio-encoder-webm-vorbis: bf7c407c2cedff20999df2af8eb42d56 -> 
  custom:framework-win-MediaFoundation: 216162199b28c13a410421893ffa2e32 -> 
  custom:container-demuxer-ogg: 62fdf1f143b41e24485cea50d1cbac27 -> 
  custom:video-decoder-webm-vp8: 9c59270c3fd7afecdb556c50c9e8de78 -> 
  custom:audio-decoder-ogg-vorbis: bf7c407c2cedff20999df2af8eb42d56 -> 
========================================================================
Received Import Request.
  Time since last request: 905705.869552 seconds.
  path: Assets/Toon Fantasy Nature/Prefabs/Props/TFF_Debris_01A.prefab
  artifactKey: Guid(847f9abe4a18f1a40b4fd0d6424d5612) Importer(815301076,1909f56bfc062723c751e8b465ee728b)
Start importing Assets/Toon Fantasy Nature/Prefabs/Props/TFF_Debris_01A.prefab using Guid(847f9abe4a18f1a40b4fd0d6424d5612) Importer(815301076,1909f56bfc062723c751e8b465ee728b)  -> (artifact id: '91f059b67ce65da5b9e4a84812e1ffb6') in 0.116520 seconds 
========================================================================
Received Import Request.
  Time since last request: 5.252044 seconds.
  path: Assets/Toon Fantasy Nature/Prefabs/Rocks/TFF_Rock_Large_02A.prefab
  artifactKey: Guid(98bd1645b1b8d7a4d93c120852cde4a8) Importer(815301076,1909f56bfc062723c751e8b465ee728b)
Start importing Assets/Toon Fantasy Nature/Prefabs/Rocks/TFF_Rock_Large_02A.prefab using Guid(98bd1645b1b8d7a4d93c120852cde4a8) Importer(815301076,1909f56bfc062723c751e8b465ee728b)  -> (artifact id: '269743fdcf181c50221c62931d47f3c7') in 0.019580 seconds 
========================================================================
Received Import Request.
  Time since last request: 0.000026 seconds.
  path: Assets/Toon Fantasy Nature/Prefabs/Rocks/TFF_Rock_Small_01A.prefab
  artifactKey: Guid(0e3de1693bf3e3a4c81779bb12633908) Importer(815301076,1909f56bfc062723c751e8b465ee728b)
Start importing Assets/Toon Fantasy Nature/Prefabs/Rocks/TFF_Rock_Small_01A.prefab using Guid(0e3de1693bf3e3a4c81779bb12633908) Importer(815301076,1909f56bfc062723c751e8b465ee728b)  -> (artifact id: 'e312d62f8cd21c176ab1d0d39b0fdb48') in 0.026085 seconds 
========================================================================
Received Import Request.
  Time since last request: 0.711539 seconds.
  path: Assets/Toon Fantasy Nature/Prefabs/Structures/TFF_Wooden_Bridge_02A.prefab
  artifactKey: Guid(415c75da8aeeb9946baf2a134820e071) Importer(815301076,1909f56bfc062723c751e8b465ee728b)
Start importing Assets/Toon Fantasy Nature/Prefabs/Structures/TFF_Wooden_Bridge_02A.prefab using Guid(415c75da8aeeb9946baf2a134820e071) Importer(815301076,1909f56bfc062723c751e8b465ee728b)  -> (artifact id: 'b26612011736abc327ab7c030ff94230') in 0.014449 seconds 
========================================================================
Received Import Request.
  Time since last request: 0.000034 seconds.
  path: Assets/Toon Fantasy Nature/Prefabs/Structures/TFF_Wooden_Pole_02A.prefab
  artifactKey: Guid(122187dd37d5a5043af09b50a491bfcc) Importer(815301076,1909f56bfc062723c751e8b465ee728b)
Start importing Assets/Toon Fantasy Nature/Prefabs/Structures/TFF_Wooden_Pole_02A.prefab using Guid(122187dd37d5a5043af09b50a491bfcc) Importer(815301076,1909f56bfc062723c751e8b465ee728b)  -> (artifact id: 'e3195cf6d764b07af0ed272ed0ff4b90') in 0.009024 seconds 
========================================================================
Received Import Request.
  Time since last request: 3.843673 seconds.
  path: Assets/Toon Fantasy Nature/Models/TFF_Branch_Fallen_01B.fbx
  artifactKey: Guid(1ff8d8660d930de4faaf8e3da93dc61b) Importer(815301076,1909f56bfc062723c751e8b465ee728b)
Start importing Assets/Toon Fantasy Nature/Models/TFF_Branch_Fallen_01B.fbx using Guid(1ff8d8660d930de4faaf8e3da93dc61b) Importer(815301076,1909f56bfc062723c751e8b465ee728b)  -> (artifact id: '2c90021582308ffea63de0a4ac25b0b7') in 0.070241 seconds 
========================================================================
Received Import Request.
  Time since last request: 0.000017 seconds.
  path: Assets/Toon Fantasy Nature/Models/TFF_Bush_03A_LOD_1.fbx
  artifactKey: Guid(dddda28969f40a24881c9bc1b402f2a8) Importer(815301076,1909f56bfc062723c751e8b465ee728b)
Start importing Assets/Toon Fantasy Nature/Models/TFF_Bush_03A_LOD_1.fbx using Guid(dddda28969f40a24881c9bc1b402f2a8) Importer(815301076,1909f56bfc062723c751e8b465ee728b)  -> (artifact id: 'a248f5f7e25598df0a006c36415c8a20') in 0.073796 seconds 
========================================================================
Received Import Request.
  Time since last request: 3.296295 seconds.
  path: Assets/Toon Fantasy Nature/Particles/TFF_Falling_Leaves_01A.prefab
  artifactKey: Guid(b4f9e27016123374b9fb6ee9c71c4f3f) Importer(815301076,1909f56bfc062723c751e8b465ee728b)
Start importing Assets/Toon Fantasy Nature/Particles/TFF_Falling_Leaves_01A.prefab using Guid(b4f9e27016123374b9fb6ee9c71c4f3f) Importer(815301076,1909f56bfc062723c751e8b465ee728b)  -> (artifact id: '29f4863b81e1e45401297e28d1dd14dd') in 0.021617 seconds 
========================================================================
Received Import Request.
  Time since last request: 1.546066 seconds.
  path: Assets/Toon Fantasy Nature/Prefabs/Decals/TFF_Decal_Debris_02A.prefab
  artifactKey: Guid(8eda3d22b0808c348b791a5c3f0e2214) Importer(815301076,1909f56bfc062723c751e8b465ee728b)
Start importing Assets/Toon Fantasy Nature/Prefabs/Decals/TFF_Decal_Debris_02A.prefab using Guid(8eda3d22b0808c348b791a5c3f0e2214) Importer(815301076,1909f56bfc062723c751e8b465ee728b)  -> (artifact id: 'c5d327e6c76afcd95e005304bdc9fdaf') in 0.021940 seconds 
========================================================================
Received Import Request.
  Time since last request: 18.775785 seconds.
  path: Assets/Toon Fantasy Nature/Skyboxes/Textures/Sunset_1/ny.png
  artifactKey: Guid(cf6a3d3b0398725408d41e6b1ab92934) Importer(815301076,1909f56bfc062723c751e8b465ee728b)
Start importing Assets/Toon Fantasy Nature/Skyboxes/Textures/Sunset_1/ny.png using Guid(cf6a3d3b0398725408d41e6b1ab92934) Importer(815301076,1909f56bfc062723c751e8b465ee728b)  -> (artifact id: 'd81711183d0bcdd0d3d893dbb305f721') in 0.074672 seconds 
========================================================================
Received Import Request.
  Time since last request: 87.040389 seconds.
  path: Assets/PolygonDungeon/Materials/Dungeon_Material_02.mat
  artifactKey: Guid(0574116a7188c654ab34fcd54a2d0ecc) Importer(815301076,1909f56bfc062723c751e8b465ee728b)
Start importing Assets/PolygonDungeon/Materials/Dungeon_Material_02.mat using Guid(0574116a7188c654ab34fcd54a2d0ecc) Importer(815301076,1909f56bfc062723c751e8b465ee728b)  -> (artifact id: 'cc1e0c3278ea44c9377a75cb2076f35c') in 0.032924 seconds 
========================================================================
Received Import Request.
  Time since last request: 0.000017 seconds.
  path: Assets/PolygonDungeon/Materials/Dungeon_Material_04.mat
  artifactKey: Guid(e3023c0182312214e86398117753528d) Importer(815301076,1909f56bfc062723c751e8b465ee728b)
Start importing Assets/PolygonDungeon/Materials/Dungeon_Material_04.mat using Guid(e3023c0182312214e86398117753528d) Importer(815301076,1909f56bfc062723c751e8b465ee728b)  -> (artifact id: 'c759ed520ea911e42205bc80d8f7feda') in 0.011344 seconds 
========================================================================
Received Import Request.
  Time since last request: 1.995935 seconds.
  path: Assets/PolygonDungeon/Materials/Misc/Dungeon_Material_Snow.mat
  artifactKey: Guid(275920581080ced43a750da785649059) Importer(815301076,1909f56bfc062723c751e8b465ee728b)
Start importing Assets/PolygonDungeon/Materials/Misc/Dungeon_Material_Snow.mat using Guid(275920581080ced43a750da785649059) Importer(815301076,1909f56bfc062723c751e8b465ee728b)  -> (artifact id: '69c03e0a0d06da485cd6536ea5588cfb') in 0.234737 seconds 
========================================================================
Received Import Request.
  Time since last request: 0.000023 seconds.
  path: Assets/PolygonDungeon/Materials/Misc/Dungeons_Texture_Ghost.mat
  artifactKey: Guid(ea24e01b03f54464eadda8d044dc3d2e) Importer(815301076,1909f56bfc062723c751e8b465ee728b)
Start importing Assets/PolygonDungeon/Materials/Misc/Dungeons_Texture_Ghost.mat using Guid(ea24e01b03f54464eadda8d044dc3d2e) Importer(815301076,1909f56bfc062723c751e8b465ee728b)  -> (artifact id: '9c780d8f528541a8595863b5a6b1b001') in 0.220174 seconds 
========================================================================
Received Import Request.
  Time since last request: 0.000048 seconds.
  path: Assets/PolygonDungeon/Materials/Misc/FX_Water.mat
  artifactKey: Guid(72e7d1b8d596ac04ea903c06ffb8b93a) Importer(815301076,1909f56bfc062723c751e8b465ee728b)
Start importing Assets/PolygonDungeon/Materials/Misc/FX_Water.mat using Guid(72e7d1b8d596ac04ea903c06ffb8b93a) Importer(815301076,1909f56bfc062723c751e8b465ee728b)  -> (artifact id: '1b76aaeb31659bc7a48cf3f7abc05fa7') in 0.012285 seconds 
========================================================================
Received Import Request.
  Time since last request: 1.644270 seconds.
  path: Assets/PolygonDungeon/Prefabs/Characters/Character_Ghost_02.prefab
  artifactKey: Guid(5eb5272116a5d0548840121eb9bb813d) Importer(815301076,1909f56bfc062723c751e8b465ee728b)
Start importing Assets/PolygonDungeon/Prefabs/Characters/Character_Ghost_02.prefab using Guid(5eb5272116a5d0548840121eb9bb813d) Importer(815301076,1909f56bfc062723c751e8b465ee728b)  -> (artifact id: '46fc3e31b73b9e08fa1f1c1d806cefd7') in 0.063024 seconds 
========================================================================
Received Import Request.
  Time since last request: 0.000034 seconds.
  path: Assets/PolygonDungeon/Prefabs/Characters/Character_Rock_Golem.prefab
  artifactKey: Guid(10f9cee6cfdd7df43a5d805acd44763f) Importer(815301076,1909f56bfc062723c751e8b465ee728b)
Start importing Assets/PolygonDungeon/Prefabs/Characters/Character_Rock_Golem.prefab using Guid(10f9cee6cfdd7df43a5d805acd44763f) Importer(815301076,1909f56bfc062723c751e8b465ee728b)  -> (artifact id: 'df731a97f831fb7a4282c1f9f271cc2a') in 0.035525 seconds 
========================================================================
Received Import Request.
  Time since last request: 0.000025 seconds.
  path: Assets/PolygonDungeon/Prefabs/Characters/Character_Skeleton_Knight.prefab
  artifactKey: Guid(616cc160fcb3b124b8e0fc587258594b) Importer(815301076,1909f56bfc062723c751e8b465ee728b)
Start importing Assets/PolygonDungeon/Prefabs/Characters/Character_Skeleton_Knight.prefab using Guid(616cc160fcb3b124b8e0fc587258594b) Importer(815301076,1909f56bfc062723c751e8b465ee728b)  -> (artifact id: '44531e0f7a958bb5be2915e1c9602cca') in 0.017941 seconds 
========================================================================
Received Import Request.
  Time since last request: 0.000029 seconds.
  path: Assets/PolygonDungeon/Prefabs/Characters/Character_Hero_Knight_Male.prefab
  artifactKey: Guid(880858dfd9b1e784e89d45242bf78d2b) Importer(815301076,1909f56bfc062723c751e8b465ee728b)
Start importing Assets/PolygonDungeon/Prefabs/Characters/Character_Hero_Knight_Male.prefab using Guid(880858dfd9b1e784e89d45242bf78d2b) Importer(815301076,1909f56bfc062723c751e8b465ee728b)  -> (artifact id: '39e981d46fb6981d4b72ad91f3c54e94') in 0.022607 seconds 
========================================================================
Received Import Request.
  Time since last request: 0.000030 seconds.
  path: Assets/PolygonDungeon/Prefabs/Characters/Character_Goblin_Male.prefab
  artifactKey: Guid(2ef59bc5d753ebe4490b708befe65999) Importer(815301076,1909f56bfc062723c751e8b465ee728b)
Start importing Assets/PolygonDungeon/Prefabs/Characters/Character_Goblin_Male.prefab using Guid(2ef59bc5d753ebe4490b708befe65999) Importer(815301076,1909f56bfc062723c751e8b465ee728b)  -> (artifact id: '674890d5444b7d3504eefcc3bf077869') in 0.024149 seconds 
========================================================================
Received Import Request.
  Time since last request: 0.000027 seconds.
  path: Assets/PolygonDungeon/Prefabs/Characters/Character_Goblin_Shaman.prefab
  artifactKey: Guid(70ad07d06832dba42a3bb244ab822fd1) Importer(815301076,1909f56bfc062723c751e8b465ee728b)
Start importing Assets/PolygonDungeon/Prefabs/Characters/Character_Goblin_Shaman.prefab using Guid(70ad07d06832dba42a3bb244ab822fd1) Importer(815301076,1909f56bfc062723c751e8b465ee728b)  -> (artifact id: 'a53cd73a18f638e2109f2aaa775e0d04') in 0.020508 seconds 
========================================================================
Received Import Request.
  Time since last request: 0.000027 seconds.
  path: Assets/PolygonDungeon/Prefabs/Characters/Character_Skeleton_Slave_01.prefab
  artifactKey: Guid(659981ab97d9bb64990767ef5f931f7c) Importer(815301076,1909f56bfc062723c751e8b465ee728b)
Start importing Assets/PolygonDungeon/Prefabs/Characters/Character_Skeleton_Slave_01.prefab using Guid(659981ab97d9bb64990767ef5f931f7c) Importer(815301076,1909f56bfc062723c751e8b465ee728b)  -> (artifact id: 'e7fd2557c3158b9ba5d906cf76aeb842') in 0.018673 seconds 
========================================================================
Received Import Request.
  Time since last request: 2.746090 seconds.
  path: Assets/PolygonDungeon/Prefabs/Characters/ScaleFixedCharacters/Character_Goblin_Male.prefab
  artifactKey: Guid(7ee713c854e6be5469a1372d66b7bc40) Importer(815301076,1909f56bfc062723c751e8b465ee728b)
Start importing Assets/PolygonDungeon/Prefabs/Characters/ScaleFixedCharacters/Character_Goblin_Male.prefab using Guid(7ee713c854e6be5469a1372d66b7bc40) Importer(815301076,1909f56bfc062723c751e8b465ee728b)  -> (artifact id: '82f37c4d0df723f788d8e48f400a39f9') in 0.058026 seconds 
========================================================================
Received Import Request.
  Time since last request: 0.000023 seconds.
  path: Assets/PolygonDungeon/Prefabs/Characters/ScaleFixedCharacters/Character_Skeleton_Knight.prefab
  artifactKey: Guid(f6362dc4479aaf549a3fdaedef699623) Importer(815301076,1909f56bfc062723c751e8b465ee728b)
Start importing Assets/PolygonDungeon/Prefabs/Characters/ScaleFixedCharacters/Character_Skeleton_Knight.prefab using Guid(f6362dc4479aaf549a3fdaedef699623) Importer(815301076,1909f56bfc062723c751e8b465ee728b)  -> (artifact id: '89d63bdaa2427666920226ec1e7ecb91') in 0.061354 seconds 
========================================================================
Received Import Request.
  Time since last request: 0.000032 seconds.
  path: Assets/PolygonDungeon/Prefabs/Characters/ScaleFixedCharacters/Character_Tormented_Soul.prefab
  artifactKey: Guid(fda5edc93819a5946901f75bc534ac54) Importer(815301076,1909f56bfc062723c751e8b465ee728b)
Start importing Assets/PolygonDungeon/Prefabs/Characters/ScaleFixedCharacters/Character_Tormented_Soul.prefab using Guid(fda5edc93819a5946901f75bc534ac54) Importer(815301076,1909f56bfc062723c751e8b465ee728b)  -> (artifact id: '7635ef99d63b0019feaa22414f2d6862') in 0.042826 seconds 
========================================================================
Received Prepare
Registering precompiled user dll's ...
Registered in 0.004855 seconds.
Begin MonoManager ReloadAssembly
Symbol file LoadedFromMemory doesn't match image G:\Transfer Stuff\GameDev\Unity\FantasyRPG\UnityFantasyRpg\Library\PackageCache\com.unity.visualscripting@1.7.8\Editor\VisualScripting.Core\Dependencies\YamlDotNet\Unity.VisualScripting.YamlDotNet.dll
Symbol file LoadedFromMemory doesn't match image G:\Transfer Stuff\GameDev\Unity\FantasyRPG\UnityFantasyRpg\Library\PackageCache\com.unity.visualscripting@1.7.8\Editor\VisualScripting.Core\Dependencies\DotNetZip\Unity.VisualScripting.IonicZip.dll
Native extension for WindowsStandalone target not found
Refreshing native plugins compatible for Editor in 1.18 ms, found 3 plugins.
Preloading 0 native plugins for Editor in 0.00 ms.
Mono: successfully reloaded assembly
- Completed reload, in  0.820 seconds
Domain Reload Profiling:
	ReloadAssembly (821ms)
		BeginReloadAssembly (139ms)
			ExecutionOrderSort (0ms)
			DisableScriptedObjects (4ms)
			BackupInstance (0ms)
			ReleaseScriptingObjects (0ms)
			CreateAndSetChildDomain (41ms)
		EndReloadAssembly (606ms)
			LoadAssemblies (97ms)
			RebuildTransferFunctionScriptingTraits (0ms)
			SetupTypeCache (202ms)
			ReleaseScriptCaches (2ms)
			RebuildScriptCaches (33ms)
			SetupLoadedEditorAssemblies (259ms)
				LogAssemblyErrors (0ms)
				InitializePlatformSupportModulesInManaged (11ms)
				SetLoadedEditorAssemblies (0ms)
				RefreshPlugins (1ms)
				BeforeProcessingInitializeOnLoad (55ms)
				ProcessInitializeOnLoadAttributes (166ms)
				ProcessInitializeOnLoadMethodAttributes (19ms)
				AfterProcessingInitializeOnLoad (6ms)
				EditorAssembliesLoaded (0ms)
			ExecutionOrderSort2 (0ms)
			AwakeInstancesAfterBackupRestoration (5ms)
Platform modules already initialized, skipping
Refreshing native plugins compatible for Editor in 4.11 ms, found 3 plugins.
Preloading 0 native plugins for Editor in 0.00 ms.
Unloading 3361 Unused Serialized files (Serialized files now loaded: 0)
Unloading 20 unused Assets / (81.1 KB). Loaded Objects now: 3909.
Memory consumption went from 153.4 MB to 153.3 MB.
Total: 4.803900 ms (FindLiveObjects: 0.544400 ms CreateObjectMapping: 0.144700 ms MarkObjects: 3.936600 ms  DeleteObjects: 0.177100 ms)

AssetImportParameters requested are different than current active one (requested -> active):
  custom:video-decoder-ogg-theora: a1e56fd34408186e4bbccfd4996cb3dc -> 
  custom:container-muxer-webm: aa71ff27fc2769a1b78a27578f13a17b -> 
  custom:container-demuxer-webm: 4f35f7cbe854078d1ac9338744f61a02 -> 
  custom:video-encoder-webm-vp8: eb34c28f22e8b96e1ab97ce403110664 -> 
  custom:video-codec-MediaFoundation-h265: 746d11721c4dcdbdad8f713fa42b33f4 -> 
  custom:audio-encoder-webm-vorbis: bf7c407c2cedff20999df2af8eb42d56 -> 
  custom:framework-win-MediaFoundation: 216162199b28c13a410421893ffa2e32 -> 
  custom:container-demuxer-ogg: 62fdf1f143b41e24485cea50d1cbac27 -> 
  custom:video-decoder-webm-vp8: 9c59270c3fd7afecdb556c50c9e8de78 -> 
  custom:audio-decoder-ogg-vorbis: bf7c407c2cedff20999df2af8eb42d56 -> 
========================================================================
Received Import Request.
  Time since last request: 52.707965 seconds.
  path: Assets/PolygonDungeon/Prefabs/Props/SM_Prop_Barrel_Broken_01.prefab
  artifactKey: Guid(fb698eb68f15b3845baf425febbee697) Importer(815301076,1909f56bfc062723c751e8b465ee728b)
Start importing Assets/PolygonDungeon/Prefabs/Props/SM_Prop_Barrel_Broken_01.prefab using Guid(fb698eb68f15b3845baf425febbee697) Importer(815301076,1909f56bfc062723c751e8b465ee728b)  -> (artifact id: '87a216ae26511feeadb4f93e96e934d4') in 0.068169 seconds 
========================================================================
Received Import Request.
  Time since last request: 0.000027 seconds.
  path: Assets/PolygonDungeon/Prefabs/Props/SM_Prop_Chest_Wood_01.prefab
  artifactKey: Guid(98721e9eb8d07ad4b8d521e08f41e5ae) Importer(815301076,1909f56bfc062723c751e8b465ee728b)
Start importing Assets/PolygonDungeon/Prefabs/Props/SM_Prop_Chest_Wood_01.prefab using Guid(98721e9eb8d07ad4b8d521e08f41e5ae) Importer(815301076,1909f56bfc062723c751e8b465ee728b)  -> (artifact id: 'b8fb217bca2e9f6afd37ab4bb64dc6e1') in 0.020629 seconds 
========================================================================
Received Import Request.
  Time since last request: 0.000071 seconds.
  path: Assets/PolygonDungeon/Prefabs/Props/SM_Prop_Door_Metal_01.prefab
  artifactKey: Guid(0be46d255685d7c459ff590af11dd894) Importer(815301076,1909f56bfc062723c751e8b465ee728b)
Start importing Assets/PolygonDungeon/Prefabs/Props/SM_Prop_Door_Metal_01.prefab using Guid(0be46d255685d7c459ff590af11dd894) Importer(815301076,1909f56bfc062723c751e8b465ee728b)  -> (artifact id: 'e0fb77847e2ce037dc49c64e38b5e4e1') in 0.017613 seconds 
========================================================================
Received Import Request.
  Time since last request: 0.000029 seconds.
  path: Assets/PolygonDungeon/Prefabs/Props/SM_Prop_Goblin_Spikes_02.prefab
  artifactKey: Guid(b776fa4e5a524dc49843fb902698db31) Importer(815301076,1909f56bfc062723c751e8b465ee728b)
Start importing Assets/PolygonDungeon/Prefabs/Props/SM_Prop_Goblin_Spikes_02.prefab using Guid(b776fa4e5a524dc49843fb902698db31) Importer(815301076,1909f56bfc062723c751e8b465ee728b)  -> (artifact id: '6d579c0c2d6c333e639423a810c9fdd1') in 0.019712 seconds 
========================================================================
Received Import Request.
  Time since last request: 0.000021 seconds.
  path: Assets/PolygonDungeon/Prefabs/Props/SM_Prop_Gem_02.prefab
  artifactKey: Guid(97a4a6007a49ec8499b0948c7a99e8f1) Importer(815301076,1909f56bfc062723c751e8b465ee728b)
Start importing Assets/PolygonDungeon/Prefabs/Props/SM_Prop_Gem_02.prefab using Guid(97a4a6007a49ec8499b0948c7a99e8f1) Importer(815301076,1909f56bfc062723c751e8b465ee728b)  -> (artifact id: '78be1398fb8ddd2a2aebfa9244d53dc2') in 0.021836 seconds 
========================================================================
Received Import Request.
  Time since last request: 0.000031 seconds.
  path: Assets/PolygonDungeon/Prefabs/Props/SM_Prop_Candles_01.prefab
  artifactKey: Guid(60c6bc14bb0e58c4a99aa8e32d80f308) Importer(815301076,1909f56bfc062723c751e8b465ee728b)
Start importing Assets/PolygonDungeon/Prefabs/Props/SM_Prop_Candles_01.prefab using Guid(60c6bc14bb0e58c4a99aa8e32d80f308) Importer(815301076,1909f56bfc062723c751e8b465ee728b)  -> (artifact id: '7cd75cf804fb94867c17aa9c450aea53') in 0.021125 seconds 
========================================================================
Received Import Request.
  Time since last request: 0.000030 seconds.
  path: Assets/PolygonDungeon/Prefabs/Props/SM_Prop_Brazier_01.prefab
  artifactKey: Guid(184f44cf58e82434ab30e27aaaf9b05f) Importer(815301076,1909f56bfc062723c751e8b465ee728b)
Start importing Assets/PolygonDungeon/Prefabs/Props/SM_Prop_Brazier_01.prefab using Guid(184f44cf58e82434ab30e27aaaf9b05f) Importer(815301076,1909f56bfc062723c751e8b465ee728b)  -> (artifact id: '1de9ac5ed370823198361734d1190935') in 0.022903 seconds 
========================================================================
Received Import Request.
  Time since last request: 0.000030 seconds.
  path: Assets/PolygonDungeon/Prefabs/Props/SM_Prop_Bonfire_01.prefab
  artifactKey: Guid(74231780cc79e3a45a60bfadd89b76d5) Importer(815301076,1909f56bfc062723c751e8b465ee728b)
Start importing Assets/PolygonDungeon/Prefabs/Props/SM_Prop_Bonfire_01.prefab using Guid(74231780cc79e3a45a60bfadd89b76d5) Importer(815301076,1909f56bfc062723c751e8b465ee728b)  -> (artifact id: '0f3e46d3804d93ff12e53ee0c70f0e87') in 0.024203 seconds 
========================================================================
Received Import Request.
  Time since last request: 0.000033 seconds.
  path: Assets/PolygonDungeon/Prefabs/Props/SM_Prop_Goblin_Spikes_01.prefab
  artifactKey: Guid(6ce2b1182f7171b479d3366b79766686) Importer(815301076,1909f56bfc062723c751e8b465ee728b)
Start importing Assets/PolygonDungeon/Prefabs/Props/SM_Prop_Goblin_Spikes_01.prefab using Guid(6ce2b1182f7171b479d3366b79766686) Importer(815301076,1909f56bfc062723c751e8b465ee728b)  -> (artifact id: 'dc6b4f074a259c85a57e002df9ede346') in 0.023922 seconds 
========================================================================
Received Import Request.
  Time since last request: 0.000028 seconds.
  path: Assets/PolygonDungeon/Prefabs/Props/SM_Prop_Forge_FirePit_01.prefab
  artifactKey: Guid(6f6053668e9f3ec4f966c505fc71bf60) Importer(815301076,1909f56bfc062723c751e8b465ee728b)
Start importing Assets/PolygonDungeon/Prefabs/Props/SM_Prop_Forge_FirePit_01.prefab using Guid(6f6053668e9f3ec4f966c505fc71bf60) Importer(815301076,1909f56bfc062723c751e8b465ee728b)  -> (artifact id: '0541335542da595a1f85a71aa38eb52d') in 0.023893 seconds 
========================================================================
Received Prepare
Registering precompiled user dll's ...
Registered in 0.003898 seconds.
Begin MonoManager ReloadAssembly
Symbol file LoadedFromMemory doesn't match image G:\Transfer Stuff\GameDev\Unity\FantasyRPG\UnityFantasyRpg\Library\PackageCache\com.unity.visualscripting@1.7.8\Editor\VisualScripting.Core\Dependencies\YamlDotNet\Unity.VisualScripting.YamlDotNet.dll
Symbol file LoadedFromMemory doesn't match image G:\Transfer Stuff\GameDev\Unity\FantasyRPG\UnityFantasyRpg\Library\PackageCache\com.unity.visualscripting@1.7.8\Editor\VisualScripting.Core\Dependencies\DotNetZip\Unity.VisualScripting.IonicZip.dll
Native extension for WindowsStandalone target not found
Refreshing native plugins compatible for Editor in 1.14 ms, found 3 plugins.
Preloading 0 native plugins for Editor in 0.00 ms.
Mono: successfully reloaded assembly
- Completed reload, in  0.788 seconds
Domain Reload Profiling:
	ReloadAssembly (788ms)
		BeginReloadAssembly (136ms)
			ExecutionOrderSort (0ms)
			DisableScriptedObjects (4ms)
			BackupInstance (0ms)
			ReleaseScriptingObjects (0ms)
			CreateAndSetChildDomain (46ms)
		EndReloadAssembly (579ms)
			LoadAssemblies (92ms)
			RebuildTransferFunctionScriptingTraits (0ms)
			SetupTypeCache (182ms)
			ReleaseScriptCaches (1ms)
			RebuildScriptCaches (31ms)
			SetupLoadedEditorAssemblies (255ms)
				LogAssemblyErrors (0ms)
				InitializePlatformSupportModulesInManaged (10ms)
				SetLoadedEditorAssemblies (0ms)
				RefreshPlugins (1ms)
				BeforeProcessingInitializeOnLoad (52ms)
				ProcessInitializeOnLoadAttributes (166ms)
				ProcessInitializeOnLoadMethodAttributes (18ms)
				AfterProcessingInitializeOnLoad (7ms)
				EditorAssembliesLoaded (0ms)
			ExecutionOrderSort2 (0ms)
			AwakeInstancesAfterBackupRestoration (6ms)
Platform modules already initialized, skipping
Refreshing native plugins compatible for Editor in 4.09 ms, found 3 plugins.
Preloading 0 native plugins for Editor in 0.00 ms.
Unloading 3361 Unused Serialized files (Serialized files now loaded: 0)
Unloading 20 unused Assets / (81.1 KB). Loaded Objects now: 3912.
Memory consumption went from 153.4 MB to 153.3 MB.
Total: 6.022500 ms (FindLiveObjects: 0.806200 ms CreateObjectMapping: 0.178700 ms MarkObjects: 4.897400 ms  DeleteObjects: 0.139400 ms)

AssetImportParameters requested are different than current active one (requested -> active):
  custom:video-decoder-ogg-theora: a1e56fd34408186e4bbccfd4996cb3dc -> 
  custom:container-muxer-webm: aa71ff27fc2769a1b78a27578f13a17b -> 
  custom:container-demuxer-webm: 4f35f7cbe854078d1ac9338744f61a02 -> 
  custom:video-encoder-webm-vp8: eb34c28f22e8b96e1ab97ce403110664 -> 
  custom:video-codec-MediaFoundation-h265: 746d11721c4dcdbdad8f713fa42b33f4 -> 
  custom:audio-encoder-webm-vorbis: bf7c407c2cedff20999df2af8eb42d56 -> 
  custom:framework-win-MediaFoundation: 216162199b28c13a410421893ffa2e32 -> 
  custom:container-demuxer-ogg: 62fdf1f143b41e24485cea50d1cbac27 -> 
  custom:video-decoder-webm-vp8: 9c59270c3fd7afecdb556c50c9e8de78 -> 
  custom:audio-decoder-ogg-vorbis: bf7c407c2cedff20999df2af8eb42d56 -> 
Editor requested this worker to shutdown with reason: Scaling down because of idle timeout
AssetImportWorker is now disconnected from the server
Process exiting
Exiting without the bug reporter. Application will terminate with return code 0