Using pre-set license
Built from '2021.3/staging' branch; Version is '2021.3.14f1 (eee1884e7226) revision 15655304'; Using compiler version '192829333'; Build Type 'Release'
OS: 'Windows 11  (10.0.22621) 64bit Professional' Language: 'en' Physical Memory: 24461 MB
BatchMode: 1, IsHumanControllingUs: 0, StartBugReporterOnCrash: 0, Is64bit: 1, IsPro: 1

COMMAND LINE ARGUMENTS:
C:\Program Files\Unity\Hub\Editor\2021.3.14f1\Editor\Unity.exe
-adb2
-batchMode
-noUpm
-name
AssetImportWorker0
-projectPath
G:/Transfer Stuff/GameDev/Unity/FantasyRPG/UnityFantasyRpg
-logFile
Logs/AssetImportWorker0.log
-srvPort
57373
Successfully changed project path to: G:/Transfer Stuff/GameDev/Unity/FantasyRPG/UnityFantasyRpg
G:/Transfer Stuff/GameDev/Unity/FantasyRPG/UnityFantasyRpg
[UnityMemory] Configuration Parameters - Can be set up in boot.config
    "memorysetup-bucket-allocator-granularity=16"
    "memorysetup-bucket-allocator-bucket-count=8"
    "memorysetup-bucket-allocator-block-size=33554432"
    "memorysetup-bucket-allocator-block-count=8"
    "memorysetup-main-allocator-block-size=16777216"
    "memorysetup-thread-allocator-block-size=16777216"
    "memorysetup-gfx-main-allocator-block-size=16777216"
    "memorysetup-gfx-thread-allocator-block-size=16777216"
    "memorysetup-cache-allocator-block-size=4194304"
    "memorysetup-typetree-allocator-block-size=2097152"
    "memorysetup-profiler-bucket-allocator-granularity=16"
    "memorysetup-profiler-bucket-allocator-bucket-count=8"
    "memorysetup-profiler-bucket-allocator-block-size=33554432"
    "memorysetup-profiler-bucket-allocator-block-count=8"
    "memorysetup-profiler-allocator-block-size=16777216"
    "memorysetup-profiler-editor-allocator-block-size=1048576"
    "memorysetup-temp-allocator-size-main=16777216"
    "memorysetup-job-temp-allocator-block-size=2097152"
    "memorysetup-job-temp-allocator-block-size-background=1048576"
    "memorysetup-job-temp-allocator-reduction-small-platforms=262144"
    "memorysetup-temp-allocator-size-background-worker=32768"
    "memorysetup-temp-allocator-size-job-worker=262144"
    "memorysetup-temp-allocator-size-preload-manager=33554432"
    "memorysetup-temp-allocator-size-nav-mesh-worker=65536"
    "memorysetup-temp-allocator-size-audio-worker=65536"
    "memorysetup-temp-allocator-size-cloud-worker=32768"
    "memorysetup-temp-allocator-size-gi-baking-worker=262144"
    "memorysetup-temp-allocator-size-gfx=262144"
Refreshing native plugins compatible for Editor in 81.41 ms, found 3 plugins.
Preloading 0 native plugins for Editor in 0.00 ms.
Initialize engine version: 2021.3.14f1 (eee1884e7226)
[Subsystems] Discovering subsystems at path C:/Program Files/Unity/Hub/Editor/2021.3.14f1/Editor/Data/Resources/UnitySubsystems
[Subsystems] Discovering subsystems at path G:/Transfer Stuff/GameDev/Unity/FantasyRPG/UnityFantasyRpg/Assets
GfxDevice: creating device client; threaded=0; jobified=0
Direct3D:
    Version:  Direct3D 11.0 [level 11.1]
    Renderer: NVIDIA GeForce RTX 3060 (ID=0x2487)
    Vendor:   NVIDIA
    VRAM:     12124 MB
    Driver:   31.0.15.2802
Initialize mono
Mono path[0] = 'C:/Program Files/Unity/Hub/Editor/2021.3.14f1/Editor/Data/Managed'
Mono path[1] = 'C:/Program Files/Unity/Hub/Editor/2021.3.14f1/Editor/Data/MonoBleedingEdge/lib/mono/unityjit-win32'
Mono config path = 'C:/Program Files/Unity/Hub/Editor/2021.3.14f1/Editor/Data/MonoBleedingEdge/etc'
Using monoOptions --debugger-agent=transport=dt_socket,embedding=1,server=y,suspend=n,address=127.0.0.1:56508
Begin MonoManager ReloadAssembly
Registering precompiled unity dll's ...
Register platform support module: C:/Program Files/Unity/Hub/Editor/2021.3.14f1/Editor/Data/PlaybackEngines/WindowsStandaloneSupport/UnityEditor.WindowsStandalone.Extensions.dll
Registered in 0.004442 seconds.
Native extension for WindowsStandalone target not found
Refreshing native plugins compatible for Editor in 80.92 ms, found 3 plugins.
Preloading 0 native plugins for Editor in 0.00 ms.
Mono: successfully reloaded assembly
- Completed reload, in  0.510 seconds
Domain Reload Profiling:
	ReloadAssembly (511ms)
		BeginReloadAssembly (58ms)
			ExecutionOrderSort (0ms)
			DisableScriptedObjects (0ms)
			BackupInstance (0ms)
			ReleaseScriptingObjects (0ms)
			CreateAndSetChildDomain (1ms)
		EndReloadAssembly (371ms)
			LoadAssemblies (55ms)
			RebuildTransferFunctionScriptingTraits (0ms)
			SetupTypeCache (73ms)
			ReleaseScriptCaches (0ms)
			RebuildScriptCaches (19ms)
			SetupLoadedEditorAssemblies (239ms)
				LogAssemblyErrors (0ms)
				InitializePlatformSupportModulesInManaged (6ms)
				SetLoadedEditorAssemblies (0ms)
				RefreshPlugins (81ms)
				BeforeProcessingInitializeOnLoad (1ms)
				ProcessInitializeOnLoadAttributes (113ms)
				ProcessInitializeOnLoadMethodAttributes (38ms)
				AfterProcessingInitializeOnLoad (0ms)
				EditorAssembliesLoaded (0ms)
			ExecutionOrderSort2 (0ms)
			AwakeInstancesAfterBackupRestoration (0ms)
Platform modules already initialized, skipping
Registering precompiled user dll's ...
Registered in 0.003645 seconds.
Begin MonoManager ReloadAssembly
Symbol file LoadedFromMemory doesn't match image G:\Transfer Stuff\GameDev\Unity\FantasyRPG\UnityFantasyRpg\Library\PackageCache\com.unity.visualscripting@1.7.8\Editor\VisualScripting.Core\Dependencies\YamlDotNet\Unity.VisualScripting.YamlDotNet.dll
Symbol file LoadedFromMemory doesn't match image G:\Transfer Stuff\GameDev\Unity\FantasyRPG\UnityFantasyRpg\Library\PackageCache\com.unity.visualscripting@1.7.8\Editor\VisualScripting.Core\Dependencies\DotNetZip\Unity.VisualScripting.IonicZip.dll
Native extension for WindowsStandalone target not found
Refreshing native plugins compatible for Editor in 1.08 ms, found 3 plugins.
Preloading 0 native plugins for Editor in 0.00 ms.
Mono: successfully reloaded assembly
- Completed reload, in  0.805 seconds
Domain Reload Profiling:
	ReloadAssembly (806ms)
		BeginReloadAssembly (88ms)
			ExecutionOrderSort (0ms)
			DisableScriptedObjects (4ms)
			BackupInstance (0ms)
			ReleaseScriptingObjects (0ms)
			CreateAndSetChildDomain (20ms)
		EndReloadAssembly (633ms)
			LoadAssemblies (61ms)
			RebuildTransferFunctionScriptingTraits (0ms)
			SetupTypeCache (194ms)
			ReleaseScriptCaches (1ms)
			RebuildScriptCaches (42ms)
			SetupLoadedEditorAssemblies (305ms)
				LogAssemblyErrors (0ms)
				InitializePlatformSupportModulesInManaged (4ms)
				SetLoadedEditorAssemblies (0ms)
				RefreshPlugins (1ms)
				BeforeProcessingInitializeOnLoad (65ms)
				ProcessInitializeOnLoadAttributes (208ms)
				ProcessInitializeOnLoadMethodAttributes (21ms)
				AfterProcessingInitializeOnLoad (6ms)
				EditorAssembliesLoaded (0ms)
			ExecutionOrderSort2 (0ms)
			AwakeInstancesAfterBackupRestoration (4ms)
Platform modules already initialized, skipping
========================================================================
Worker process is ready to serve import requests
Launched and connected shader compiler UnityShaderCompiler.exe after 0.03 seconds
Refreshing native plugins compatible for Editor in 1.25 ms, found 3 plugins.
Preloading 0 native plugins for Editor in 0.00 ms.
Unloading 3621 Unused Serialized files (Serialized files now loaded: 0)
Unloading 38 unused Assets / (130.7 KB). Loaded Objects now: 4107.
Memory consumption went from 148.7 MB to 148.5 MB.
Total: 3.414200 ms (FindLiveObjects: 0.276100 ms CreateObjectMapping: 0.082900 ms MarkObjects: 2.921100 ms  DeleteObjects: 0.133200 ms)

AssetImportParameters requested are different than current active one (requested -> active):
  custom:video-decoder-ogg-theora: a1e56fd34408186e4bbccfd4996cb3dc -> 
  custom:container-muxer-webm: aa71ff27fc2769a1b78a27578f13a17b -> 
  custom:container-demuxer-webm: 4f35f7cbe854078d1ac9338744f61a02 -> 
  custom:video-encoder-webm-vp8: eb34c28f22e8b96e1ab97ce403110664 -> 
  custom:video-codec-MediaFoundation-h265: 746d11721c4dcdbdad8f713fa42b33f4 -> 
  custom:audio-encoder-webm-vorbis: bf7c407c2cedff20999df2af8eb42d56 -> 
  custom:framework-win-MediaFoundation: 216162199b28c13a410421893ffa2e32 -> 
  custom:container-demuxer-ogg: 62fdf1f143b41e24485cea50d1cbac27 -> 
  custom:video-decoder-webm-vp8: 9c59270c3fd7afecdb556c50c9e8de78 -> 
  custom:audio-decoder-ogg-vorbis: bf7c407c2cedff20999df2af8eb42d56 -> 
========================================================================
Received Import Request.
  Time since last request: 397427.382977 seconds.
  path: Assets/Toon Fantasy Nature/Particles/Materials/TFF_Smoke_01A.mat
  artifactKey: Guid(860d177ae82069b4480fa4cc95a5ed8c) Importer(815301076,1909f56bfc062723c751e8b465ee728b)
Start importing Assets/Toon Fantasy Nature/Particles/Materials/TFF_Smoke_01A.mat using Guid(860d177ae82069b4480fa4cc95a5ed8c) Importer(815301076,1909f56bfc062723c751e8b465ee728b)  -> (artifact id: 'cef9ce8ca68af3125f978e96bfef1500') in 0.099220 seconds 
========================================================================
Received Import Request.
  Time since last request: 291.794946 seconds.
  path: Assets/Toon Fantasy Nature/Particles/Materials/TFF_Ember_01A.mat
  artifactKey: Guid(04874e7b2bffb06458bab8acf9165896) Importer(815301076,1909f56bfc062723c751e8b465ee728b)
Start importing Assets/Toon Fantasy Nature/Particles/Materials/TFF_Ember_01A.mat using Guid(04874e7b2bffb06458bab8acf9165896) Importer(815301076,1909f56bfc062723c751e8b465ee728b)  -> (artifact id: '4d6ea7aed7ea3647b6fcee77c392b221') in 0.029017 seconds 
========================================================================
Received Import Request.
  Time since last request: 250.961689 seconds.
  path: Assets/ADG_Textures/ground_vol1/ground4/NewLayer 2.terrainlayer
  artifactKey: Guid(5b2c7520a1eb2a74aa75246ecb570268) Importer(815301076,1909f56bfc062723c751e8b465ee728b)
Start importing Assets/ADG_Textures/ground_vol1/ground4/NewLayer 2.terrainlayer using Guid(5b2c7520a1eb2a74aa75246ecb570268) Importer(815301076,1909f56bfc062723c751e8b465ee728b)  -> (artifact id: '1bfb864e497562246d820eee8ee1c034') in 0.019331 seconds 
========================================================================
Received Import Request.
  Time since last request: 9.518313 seconds.
  path: Assets/ADG_Textures/ground_vol1/ground4/NewLayer 1.terrainlayer
  artifactKey: Guid(7498be849bc0f70448e2005700f43894) Importer(815301076,1909f56bfc062723c751e8b465ee728b)
Start importing Assets/ADG_Textures/ground_vol1/ground4/NewLayer 1.terrainlayer using Guid(7498be849bc0f70448e2005700f43894) Importer(815301076,1909f56bfc062723c751e8b465ee728b)  -> (artifact id: 'd580060632e3536203ba7286ca76878b') in 0.027855 seconds 
========================================================================
Received Import Request.
  Time since last request: 199.221129 seconds.
  path: Assets/Hovl Studio/Resources/Textures/Fire1.png
  artifactKey: Guid(6ec7de1e2d58baf45ac3071983c20993) Importer(815301076,1909f56bfc062723c751e8b465ee728b)
Start importing Assets/Hovl Studio/Resources/Textures/Fire1.png using Guid(6ec7de1e2d58baf45ac3071983c20993) Importer(815301076,1909f56bfc062723c751e8b465ee728b)  -> (artifact id: '201fa07788933660ca88858a4e9fc6dd') in 0.041379 seconds 
========================================================================
Received Import Request.
  Time since last request: 0.000026 seconds.
  path: Assets/Hovl Studio/Resources/Textures/Fire10.png
  artifactKey: Guid(77cafa4f8991b9045a8e511675de4f8d) Importer(815301076,1909f56bfc062723c751e8b465ee728b)
Start importing Assets/Hovl Studio/Resources/Textures/Fire10.png using Guid(77cafa4f8991b9045a8e511675de4f8d) Importer(815301076,1909f56bfc062723c751e8b465ee728b)  -> (artifact id: '1a0e266b7525a0c57801bfb2123e1ac6') in 0.013431 seconds 
========================================================================
Received Import Request.
  Time since last request: 0.000017 seconds.
  path: Assets/Hovl Studio/Resources/Materials/Fire13bcg.mat
  artifactKey: Guid(546164282ba8044478b5f36bfeb26fde) Importer(815301076,1909f56bfc062723c751e8b465ee728b)
Start importing Assets/Hovl Studio/Resources/Materials/Fire13bcg.mat using Guid(546164282ba8044478b5f36bfeb26fde) Importer(815301076,1909f56bfc062723c751e8b465ee728b)  -> (artifact id: '98ab536f21e30f95b20135d2e207146a') in 0.020741 seconds 
========================================================================
Received Import Request.
  Time since last request: 0.015843 seconds.
  path: Assets/PolygonDungeon/Prefabs/FX/FX_Trap_FlameHead_Fire.prefab
  artifactKey: Guid(f8356666ac1766c498d6e8a0bc3eb447) Importer(815301076,1909f56bfc062723c751e8b465ee728b)
Start importing Assets/PolygonDungeon/Prefabs/FX/FX_Trap_FlameHead_Fire.prefab using Guid(f8356666ac1766c498d6e8a0bc3eb447) Importer(815301076,1909f56bfc062723c751e8b465ee728b)  -> (artifact id: '6e3098c24cb7cd058493c0d11b7d314e') in 0.029015 seconds 
========================================================================
Received Import Request.
  Time since last request: 0.000026 seconds.
  path: Assets/PolygonDungeon/Prefabs/Props/SM_Prop_Fireplace_01.prefab
  artifactKey: Guid(e657c22f66e1a6a4ba85153eed847119) Importer(815301076,1909f56bfc062723c751e8b465ee728b)
Start importing Assets/PolygonDungeon/Prefabs/Props/SM_Prop_Fireplace_01.prefab using Guid(e657c22f66e1a6a4ba85153eed847119) Importer(815301076,1909f56bfc062723c751e8b465ee728b)  -> (artifact id: '5f751260fdaeb495ae82db0277f5f328') in 0.035030 seconds 
========================================================================
Received Import Request.
  Time since last request: 0.000032 seconds.
  path: Assets/PolygonDungeon/Models/SM_Prop_Forge_FirePit_01.fbx
  artifactKey: Guid(40f1adb82186d7748840e8a260325087) Importer(815301076,1909f56bfc062723c751e8b465ee728b)
Start importing Assets/PolygonDungeon/Models/SM_Prop_Forge_FirePit_01.fbx using Guid(40f1adb82186d7748840e8a260325087) Importer(815301076,1909f56bfc062723c751e8b465ee728b)  -> (artifact id: '9a085e0de4b76bca48305ea5223ed70b') in 0.035330 seconds 
========================================================================
Received Import Request.
  Time since last request: 0.000022 seconds.
  path: Assets/PolygonDungeon/Prefabs/Props/SM_Prop_Bonfire_01.prefab
  artifactKey: Guid(74231780cc79e3a45a60bfadd89b76d5) Importer(815301076,1909f56bfc062723c751e8b465ee728b)
Start importing Assets/PolygonDungeon/Prefabs/Props/SM_Prop_Bonfire_01.prefab using Guid(74231780cc79e3a45a60bfadd89b76d5) Importer(815301076,1909f56bfc062723c751e8b465ee728b)  -> (artifact id: '0f3e46d3804d93ff12e53ee0c70f0e87') in 0.016066 seconds 
========================================================================
Received Import Request.
  Time since last request: 0.000024 seconds.
  path: Assets/PolygonDungeon/Models/CollisionConvex/SM_Prop_Fireplace_01_Convex.asset
  artifactKey: Guid(4865f80e39d954b40a1cd054dfcbdb6c) Importer(815301076,1909f56bfc062723c751e8b465ee728b)
Start importing Assets/PolygonDungeon/Models/CollisionConvex/SM_Prop_Fireplace_01_Convex.asset using Guid(4865f80e39d954b40a1cd054dfcbdb6c) Importer(815301076,1909f56bfc062723c751e8b465ee728b)  -> (artifact id: '8280c7c71ed8e34c474d1a169ee1f5cf') in 0.012629 seconds 
========================================================================
Received Import Request.
  Time since last request: 0.000019 seconds.
  path: Assets/PolygonDungeon/Models/SM_Env_Wall_Fireplace_Alcove_01.fbx
  artifactKey: Guid(dcc6421184880084e878a25e8918d1b1) Importer(815301076,1909f56bfc062723c751e8b465ee728b)
Start importing Assets/PolygonDungeon/Models/SM_Env_Wall_Fireplace_Alcove_01.fbx using Guid(dcc6421184880084e878a25e8918d1b1) Importer(815301076,1909f56bfc062723c751e8b465ee728b)  -> (artifact id: 'bc0405be2a04d7256918a8b05333774c') in 0.017808 seconds 
========================================================================
Received Import Request.
  Time since last request: 0.000023 seconds.
  path: Assets/PolygonDungeon/Prefabs/Environments/Walls/SM_Env_Wall_Fireplace_Gap_01.prefab
  artifactKey: Guid(90ca36de85806fa42a09ae234b3b3c11) Importer(815301076,1909f56bfc062723c751e8b465ee728b)
Start importing Assets/PolygonDungeon/Prefabs/Environments/Walls/SM_Env_Wall_Fireplace_Gap_01.prefab using Guid(90ca36de85806fa42a09ae234b3b3c11) Importer(815301076,1909f56bfc062723c751e8b465ee728b)  -> (artifact id: 'bb41c17f25ad1a5544c002000fd7c64b') in 0.018164 seconds 
========================================================================
Received Import Request.
  Time since last request: 0.000026 seconds.
  path: Assets/Hovl Studio/Resources/Materials/Fire3bcg.mat
  artifactKey: Guid(e4621b6df0d1a5640b9d48cd87e8f050) Importer(815301076,1909f56bfc062723c751e8b465ee728b)
Start importing Assets/Hovl Studio/Resources/Materials/Fire3bcg.mat using Guid(e4621b6df0d1a5640b9d48cd87e8f050) Importer(815301076,1909f56bfc062723c751e8b465ee728b)  -> (artifact id: '66b3af7ca95f36e646269818edbf11bc') in 0.021971 seconds 
========================================================================
Received Import Request.
  Time since last request: 0.000022 seconds.
  path: Assets/PolygonDungeon/Models/CollisionConvex/SM_Prop_Forge_FirePit_01_Convex.asset
  artifactKey: Guid(9cbdb461b9f8a0a4797e9fea4f2ce0cc) Importer(815301076,1909f56bfc062723c751e8b465ee728b)
Start importing Assets/PolygonDungeon/Models/CollisionConvex/SM_Prop_Forge_FirePit_01_Convex.asset using Guid(9cbdb461b9f8a0a4797e9fea4f2ce0cc) Importer(815301076,1909f56bfc062723c751e8b465ee728b)  -> (artifact id: 'ce362d99830d285803daa1605437284b') in 0.010592 seconds 
========================================================================
Received Import Request.
  Time since last request: 0.000025 seconds.
  path: Assets/PolygonDungeon/Models/SM_Env_Wall_Fireplace_Gap_01.fbx
  artifactKey: Guid(a84266a472b7e984cb8e5a92dfc38c82) Importer(815301076,1909f56bfc062723c751e8b465ee728b)
Start importing Assets/PolygonDungeon/Models/SM_Env_Wall_Fireplace_Gap_01.fbx using Guid(a84266a472b7e984cb8e5a92dfc38c82) Importer(815301076,1909f56bfc062723c751e8b465ee728b)  -> (artifact id: 'eba70214390977e02214644e82ff8d14') in 0.014983 seconds 
========================================================================
Received Import Request.
  Time since last request: 0.000018 seconds.
  path: Assets/PolygonDungeon/Prefabs/FX/FX_Sword_Fire.prefab
  artifactKey: Guid(9614f35940a59a1439cd47c91d71fde9) Importer(815301076,1909f56bfc062723c751e8b465ee728b)
Start importing Assets/PolygonDungeon/Prefabs/FX/FX_Sword_Fire.prefab using Guid(9614f35940a59a1439cd47c91d71fde9) Importer(815301076,1909f56bfc062723c751e8b465ee728b)  -> (artifact id: 'ec24ba3734256fd4989e1b5424b92b3f') in 0.010592 seconds 
========================================================================
Received Import Request.
  Time since last request: 0.000025 seconds.
  path: Assets/Hovl Studio/Resources/Materials/Fire10bcg.mat
  artifactKey: Guid(8298a98b634a5b34a90c79a689cf5688) Importer(815301076,1909f56bfc062723c751e8b465ee728b)
Start importing Assets/Hovl Studio/Resources/Materials/Fire10bcg.mat using Guid(8298a98b634a5b34a90c79a689cf5688) Importer(815301076,1909f56bfc062723c751e8b465ee728b)  -> (artifact id: 'ea31d8f33fb32de2b872632d06a7dc9c') in 0.016812 seconds 
========================================================================
Received Import Request.
  Time since last request: 0.000028 seconds.
  path: Assets/PolygonDungeon/Models/SM_Prop_Bonfire_01.fbx
  artifactKey: Guid(755be3755c9ef39468308a12e795a5ae) Importer(815301076,1909f56bfc062723c751e8b465ee728b)
Start importing Assets/PolygonDungeon/Models/SM_Prop_Bonfire_01.fbx using Guid(755be3755c9ef39468308a12e795a5ae) Importer(815301076,1909f56bfc062723c751e8b465ee728b)  -> (artifact id: '44a6746739ddb35f40bcaeabd7e62ac3') in 0.010378 seconds 
========================================================================
Received Import Request.
  Time since last request: 0.000023 seconds.
  path: Assets/Hovl Studio/Resources/Textures/Fire13.png
  artifactKey: Guid(9f0f44cf243664443850d34462e5553f) Importer(815301076,1909f56bfc062723c751e8b465ee728b)
Start importing Assets/Hovl Studio/Resources/Textures/Fire13.png using Guid(9f0f44cf243664443850d34462e5553f) Importer(815301076,1909f56bfc062723c751e8b465ee728b)  -> (artifact id: '9a88cd03c9c7284ba0e1e2933e57e863') in 0.009247 seconds 
========================================================================
Received Import Request.
  Time since last request: 0.000019 seconds.
  path: Assets/PolygonDungeon/Models/SM_Prop_Fireplace_01.fbx
  artifactKey: Guid(df7331121db8d214fabb952879d9ca35) Importer(815301076,1909f56bfc062723c751e8b465ee728b)
Start importing Assets/PolygonDungeon/Models/SM_Prop_Fireplace_01.fbx using Guid(df7331121db8d214fabb952879d9ca35) Importer(815301076,1909f56bfc062723c751e8b465ee728b)  -> (artifact id: '35169009d6b8591d030656938f050f49') in 0.010900 seconds 
========================================================================
Received Import Request.
  Time since last request: 0.324937 seconds.
  path: Assets/Toon Fantasy Nature/Models/TFF_Camp_Fire_01A.fbx
  artifactKey: Guid(7d6634ff41069394f965105e71279e32) Importer(815301076,1909f56bfc062723c751e8b465ee728b)
Start importing Assets/Toon Fantasy Nature/Models/TFF_Camp_Fire_01A.fbx using Guid(7d6634ff41069394f965105e71279e32) Importer(815301076,1909f56bfc062723c751e8b465ee728b)  -> (artifact id: '102adee7ab686bc3e1d5c30272debf45') in 0.023362 seconds 
========================================================================
Received Import Request.
  Time since last request: 0.000023 seconds.
  path: Assets/Toon Fantasy Nature/Particles/Textures/TFF_Firefly_01A_D.tif
  artifactKey: Guid(5c2a9449fcfe3e44f98ff41552fabfe7) Importer(815301076,1909f56bfc062723c751e8b465ee728b)
Start importing Assets/Toon Fantasy Nature/Particles/Textures/TFF_Firefly_01A_D.tif using Guid(5c2a9449fcfe3e44f98ff41552fabfe7) Importer(815301076,1909f56bfc062723c751e8b465ee728b)  -> (artifact id: '1fdcbd5e87b7eb1624822fdd9ddae2fd') in 0.021770 seconds 
========================================================================
Received Import Request.
  Time since last request: 0.000025 seconds.
  path: Assets/Toon Fantasy Nature/Particles/Materials/TFF_Toon_Fire.mat
  artifactKey: Guid(96a0b30b82ba10348b24d1d31c8c78ad) Importer(815301076,1909f56bfc062723c751e8b465ee728b)
Start importing Assets/Toon Fantasy Nature/Particles/Materials/TFF_Toon_Fire.mat using Guid(96a0b30b82ba10348b24d1d31c8c78ad) Importer(815301076,1909f56bfc062723c751e8b465ee728b)  -> (artifact id: '3a76c678355d23eddbb1018652020263') in 0.128897 seconds 
========================================================================
Received Import Request.
  Time since last request: 0.000035 seconds.
  path: Assets/Toon Fantasy Nature/Particles/TFF_Fireflies_01A.prefab
  artifactKey: Guid(19c0fbd67cfac6e4cbd54b7e92bda8b7) Importer(815301076,1909f56bfc062723c751e8b465ee728b)
Start importing Assets/Toon Fantasy Nature/Particles/TFF_Fireflies_01A.prefab using Guid(19c0fbd67cfac6e4cbd54b7e92bda8b7) Importer(815301076,1909f56bfc062723c751e8b465ee728b)  -> (artifact id: 'a727ae8a99d936668104f72f7e718d74') in 0.010067 seconds 
========================================================================
Received Import Request.
  Time since last request: 6.086848 seconds.
  path: Assets/Hovl Studio/Resources/Textures/Crater18.png
  artifactKey: Guid(b3dcb30bf236da54c99df19a26f9a705) Importer(815301076,1909f56bfc062723c751e8b465ee728b)
Start importing Assets/Hovl Studio/Resources/Textures/Crater18.png using Guid(b3dcb30bf236da54c99df19a26f9a705) Importer(815301076,1909f56bfc062723c751e8b465ee728b)  -> (artifact id: '234bc8eb15d176c64cf0e44641774e1f') in 0.057740 seconds 
========================================================================
Received Import Request.
  Time since last request: 0.000018 seconds.
  path: Assets/Hovl Studio/Resources/Textures/Flare10.png
  artifactKey: Guid(5f4ddc499b4cc394aa27fb95c37b1ff5) Importer(815301076,1909f56bfc062723c751e8b465ee728b)
Start importing Assets/Hovl Studio/Resources/Textures/Flare10.png using Guid(5f4ddc499b4cc394aa27fb95c37b1ff5) Importer(815301076,1909f56bfc062723c751e8b465ee728b)  -> (artifact id: '5e142d5a583217346fd95ce9f388c14c') in 0.013104 seconds 
========================================================================
Received Import Request.
  Time since last request: 0.000019 seconds.
  path: Assets/Hovl Studio/Resources/Textures/Flash20.png
  artifactKey: Guid(91ae98d3a8244de43a81a49edbc5e1f3) Importer(815301076,1909f56bfc062723c751e8b465ee728b)
Start importing Assets/Hovl Studio/Resources/Textures/Flash20.png using Guid(91ae98d3a8244de43a81a49edbc5e1f3) Importer(815301076,1909f56bfc062723c751e8b465ee728b)  -> (artifact id: 'c2d5f8b6108477fba6d9d12262ae13b1') in 0.011716 seconds 
========================================================================
Received Import Request.
  Time since last request: 0.000017 seconds.
  path: Assets/Hovl Studio/Resources/Textures/Flower2.png
  artifactKey: Guid(79e3a040570b6c640a988b87b9c97b16) Importer(815301076,1909f56bfc062723c751e8b465ee728b)
Start importing Assets/Hovl Studio/Resources/Textures/Flower2.png using Guid(79e3a040570b6c640a988b87b9c97b16) Importer(815301076,1909f56bfc062723c751e8b465ee728b)  -> (artifact id: 'de238335f8198eeeb9eeec3d70142f37') in 0.014593 seconds 
========================================================================
Received Import Request.
  Time since last request: 0.000020 seconds.
  path: Assets/Hovl Studio/Resources/Textures/EGACrystal.png
  artifactKey: Guid(d8b9c3ef0a12bf54b9d05343bbecbc61) Importer(815301076,1909f56bfc062723c751e8b465ee728b)
Start importing Assets/Hovl Studio/Resources/Textures/EGACrystal.png using Guid(d8b9c3ef0a12bf54b9d05343bbecbc61) Importer(815301076,1909f56bfc062723c751e8b465ee728b)  -> (artifact id: '5594f2e07fb183cec659243371d1e2e5') in 0.010133 seconds 
========================================================================
Received Import Request.
  Time since last request: 0.000030 seconds.
  path: Assets/Hovl Studio/Resources/Textures/Gold1.png
  artifactKey: Guid(a73d7799882c40946a37359a732c0d45) Importer(815301076,1909f56bfc062723c751e8b465ee728b)
Start importing Assets/Hovl Studio/Resources/Textures/Gold1.png using Guid(a73d7799882c40946a37359a732c0d45) Importer(815301076,1909f56bfc062723c751e8b465ee728b)  -> (artifact id: '56039e41e265aca11def01d92ae47e12') in 0.015130 seconds 
========================================================================
Received Import Request.
  Time since last request: 0.000020 seconds.
  path: Assets/Hovl Studio/Resources/Textures/Flash21.png
  artifactKey: Guid(6c6076316faf3ec48b1600130510cc09) Importer(815301076,1909f56bfc062723c751e8b465ee728b)
Start importing Assets/Hovl Studio/Resources/Textures/Flash21.png using Guid(6c6076316faf3ec48b1600130510cc09) Importer(815301076,1909f56bfc062723c751e8b465ee728b)  -> (artifact id: '67cf588d8de1cca9f91a0894a31de6c7') in 0.018667 seconds 
========================================================================
Received Import Request.
  Time since last request: 26.789239 seconds.
  path: Assets/GrassFlowers/Textures/GrassFlowers/grassFlower01.tga
  artifactKey: Guid(5733619f617fd954cac22d3d11fd1b93) Importer(815301076,1909f56bfc062723c751e8b465ee728b)
Start importing Assets/GrassFlowers/Textures/GrassFlowers/grassFlower01.tga using Guid(5733619f617fd954cac22d3d11fd1b93) Importer(815301076,1909f56bfc062723c751e8b465ee728b)  -> (artifact id: '0e77c0fb25cd5d951927f9b8f79775cf') in 0.113068 seconds 
========================================================================
Received Import Request.
  Time since last request: 0.000022 seconds.
  path: Assets/GrassFlowers/Textures/GrassFlowers/grassFlower10.tga
  artifactKey: Guid(dcefc591c195a9f468e9157baa03eb4f) Importer(815301076,1909f56bfc062723c751e8b465ee728b)
Start importing Assets/GrassFlowers/Textures/GrassFlowers/grassFlower10.tga using Guid(dcefc591c195a9f468e9157baa03eb4f) Importer(815301076,1909f56bfc062723c751e8b465ee728b)  -> (artifact id: '69d02bb862943f7ea4a034bf02ec365c') in 0.047544 seconds 
========================================================================
Received Import Request.
  Time since last request: 53.304024 seconds.
  path: Assets/Toon Fantasy Nature/Particles/TFF_Falling_Leaves_01B.prefab
  artifactKey: Guid(00069e4e021cc8549ad033a52f155f09) Importer(815301076,1909f56bfc062723c751e8b465ee728b)
Start importing Assets/Toon Fantasy Nature/Particles/TFF_Falling_Leaves_01B.prefab using Guid(00069e4e021cc8549ad033a52f155f09) Importer(815301076,1909f56bfc062723c751e8b465ee728b)  -> (artifact id: 'ca5e18d765cc76ab3f4fccc3200bddc6') in 0.020228 seconds 
Editor requested this worker to shutdown with reason: Scaling down because of idle timeout
AssetImportWorker is now disconnected from the server
Process exiting
Exiting without the bug reporter. Application will terminate with return code 0