Using pre-set license
Built from '2021.3/staging' branch; Version is '2021.3.14f1 (eee1884e7226) revision 15655304'; Using compiler version '192829333'; Build Type 'Release'
OS: 'Windows 11  (10.0.22621) 64bit Professional' Language: 'en' Physical Memory: 24461 MB
BatchMode: 1, IsHumanControllingUs: 0, StartBugReporterOnCrash: 0, Is64bit: 1, IsPro: 1

COMMAND LINE ARGUMENTS:
C:\Program Files\Unity\Hub\Editor\2021.3.14f1\Editor\Unity.exe
-adb2
-batchMode
-noUpm
-name
AssetImportWorker34
-projectPath
G:/Transfer Stuff/GameDev/Unity/FantasyRPG/UnityFantasyRpg
-logFile
Logs/AssetImportWorker34.log
-srvPort
64560
Successfully changed project path to: G:/Transfer Stuff/GameDev/Unity/FantasyRPG/UnityFantasyRpg
G:/Transfer Stuff/GameDev/Unity/FantasyRPG/UnityFantasyRpg
[UnityMemory] Configuration Parameters - Can be set up in boot.config
    "memorysetup-bucket-allocator-granularity=16"
    "memorysetup-bucket-allocator-bucket-count=8"
    "memorysetup-bucket-allocator-block-size=33554432"
    "memorysetup-bucket-allocator-block-count=8"
    "memorysetup-main-allocator-block-size=16777216"
    "memorysetup-thread-allocator-block-size=16777216"
    "memorysetup-gfx-main-allocator-block-size=16777216"
    "memorysetup-gfx-thread-allocator-block-size=16777216"
    "memorysetup-cache-allocator-block-size=4194304"
    "memorysetup-typetree-allocator-block-size=2097152"
    "memorysetup-profiler-bucket-allocator-granularity=16"
    "memorysetup-profiler-bucket-allocator-bucket-count=8"
    "memorysetup-profiler-bucket-allocator-block-size=33554432"
    "memorysetup-profiler-bucket-allocator-block-count=8"
    "memorysetup-profiler-allocator-block-size=16777216"
    "memorysetup-profiler-editor-allocator-block-size=1048576"
    "memorysetup-temp-allocator-size-main=16777216"
    "memorysetup-job-temp-allocator-block-size=2097152"
    "memorysetup-job-temp-allocator-block-size-background=1048576"
    "memorysetup-job-temp-allocator-reduction-small-platforms=262144"
    "memorysetup-temp-allocator-size-background-worker=32768"
    "memorysetup-temp-allocator-size-job-worker=262144"
    "memorysetup-temp-allocator-size-preload-manager=33554432"
    "memorysetup-temp-allocator-size-nav-mesh-worker=65536"
    "memorysetup-temp-allocator-size-audio-worker=65536"
    "memorysetup-temp-allocator-size-cloud-worker=32768"
    "memorysetup-temp-allocator-size-gi-baking-worker=262144"
    "memorysetup-temp-allocator-size-gfx=262144"
Refreshing native plugins compatible for Editor in 96.17 ms, found 3 plugins.
Preloading 0 native plugins for Editor in 0.00 ms.
Initialize engine version: 2021.3.14f1 (eee1884e7226)
[Subsystems] Discovering subsystems at path C:/Program Files/Unity/Hub/Editor/2021.3.14f1/Editor/Data/Resources/UnitySubsystems
[Subsystems] Discovering subsystems at path G:/Transfer Stuff/GameDev/Unity/FantasyRPG/UnityFantasyRpg/Assets
GfxDevice: creating device client; threaded=0; jobified=0
Direct3D:
    Version:  Direct3D 11.0 [level 11.1]
    Renderer: NVIDIA GeForce RTX 3060 (ID=0x2487)
    Vendor:   NVIDIA
    VRAM:     12124 MB
    Driver:   31.0.15.2686
Initialize mono
Mono path[0] = 'C:/Program Files/Unity/Hub/Editor/2021.3.14f1/Editor/Data/Managed'
Mono path[1] = 'C:/Program Files/Unity/Hub/Editor/2021.3.14f1/Editor/Data/MonoBleedingEdge/lib/mono/unityjit-win32'
Mono config path = 'C:/Program Files/Unity/Hub/Editor/2021.3.14f1/Editor/Data/MonoBleedingEdge/etc'
Using monoOptions --debugger-agent=transport=dt_socket,embedding=1,server=y,suspend=n,address=127.0.0.1:56160
Begin MonoManager ReloadAssembly
Registering precompiled unity dll's ...
Register platform support module: C:/Program Files/Unity/Hub/Editor/2021.3.14f1/Editor/Data/PlaybackEngines/WindowsStandaloneSupport/UnityEditor.WindowsStandalone.Extensions.dll
Registered in 0.005707 seconds.
Native extension for WindowsStandalone target not found
Refreshing native plugins compatible for Editor in 85.43 ms, found 3 plugins.
Preloading 0 native plugins for Editor in 0.00 ms.
Mono: successfully reloaded assembly
- Completed reload, in  0.671 seconds
Domain Reload Profiling:
	ReloadAssembly (671ms)
		BeginReloadAssembly (100ms)
			ExecutionOrderSort (0ms)
			DisableScriptedObjects (0ms)
			BackupInstance (0ms)
			ReleaseScriptingObjects (0ms)
			CreateAndSetChildDomain (1ms)
		EndReloadAssembly (452ms)
			LoadAssemblies (98ms)
			RebuildTransferFunctionScriptingTraits (0ms)
			SetupTypeCache (112ms)
			ReleaseScriptCaches (0ms)
			RebuildScriptCaches (24ms)
			SetupLoadedEditorAssemblies (264ms)
				LogAssemblyErrors (0ms)
				InitializePlatformSupportModulesInManaged (7ms)
				SetLoadedEditorAssemblies (0ms)
				RefreshPlugins (85ms)
				BeforeProcessingInitializeOnLoad (1ms)
				ProcessInitializeOnLoadAttributes (126ms)
				ProcessInitializeOnLoadMethodAttributes (45ms)
				AfterProcessingInitializeOnLoad (0ms)
				EditorAssembliesLoaded (0ms)
			ExecutionOrderSort2 (0ms)
			AwakeInstancesAfterBackupRestoration (0ms)
Platform modules already initialized, skipping
Registering precompiled user dll's ...
Registered in 0.003629 seconds.
Begin MonoManager ReloadAssembly
Symbol file LoadedFromMemory doesn't match image G:\Transfer Stuff\GameDev\Unity\FantasyRPG\UnityFantasyRpg\Library\PackageCache\com.unity.visualscripting@1.7.8\Editor\VisualScripting.Core\Dependencies\YamlDotNet\Unity.VisualScripting.YamlDotNet.dll
Symbol file LoadedFromMemory doesn't match image G:\Transfer Stuff\GameDev\Unity\FantasyRPG\UnityFantasyRpg\Library\PackageCache\com.unity.visualscripting@1.7.8\Editor\VisualScripting.Core\Dependencies\DotNetZip\Unity.VisualScripting.IonicZip.dll
Native extension for WindowsStandalone target not found
Refreshing native plugins compatible for Editor in 0.96 ms, found 3 plugins.
Preloading 0 native plugins for Editor in 0.00 ms.
Mono: successfully reloaded assembly
- Completed reload, in  0.808 seconds
Domain Reload Profiling:
	ReloadAssembly (809ms)
		BeginReloadAssembly (84ms)
			ExecutionOrderSort (0ms)
			DisableScriptedObjects (4ms)
			BackupInstance (0ms)
			ReleaseScriptingObjects (0ms)
			CreateAndSetChildDomain (18ms)
		EndReloadAssembly (628ms)
			LoadAssemblies (64ms)
			RebuildTransferFunctionScriptingTraits (0ms)
			SetupTypeCache (225ms)
			ReleaseScriptCaches (1ms)
			RebuildScriptCaches (37ms)
			SetupLoadedEditorAssemblies (274ms)
				LogAssemblyErrors (0ms)
				InitializePlatformSupportModulesInManaged (4ms)
				SetLoadedEditorAssemblies (0ms)
				RefreshPlugins (1ms)
				BeforeProcessingInitializeOnLoad (63ms)
				ProcessInitializeOnLoadAttributes (180ms)
				ProcessInitializeOnLoadMethodAttributes (19ms)
				AfterProcessingInitializeOnLoad (6ms)
				EditorAssembliesLoaded (0ms)
			ExecutionOrderSort2 (0ms)
			AwakeInstancesAfterBackupRestoration (4ms)
Platform modules already initialized, skipping
========================================================================
Worker process is ready to serve import requests
Launched and connected shader compiler UnityShaderCompiler.exe after 0.05 seconds
Refreshing native plugins compatible for Editor in 2.25 ms, found 3 plugins.
Preloading 0 native plugins for Editor in 0.00 ms.
Unloading 3385 Unused Serialized files (Serialized files now loaded: 0)
Unloading 27 unused Assets / (114.5 KB). Loaded Objects now: 3862.
Memory consumption went from 137.7 MB to 137.6 MB.
Total: 5.050100 ms (FindLiveObjects: 0.584100 ms CreateObjectMapping: 0.127600 ms MarkObjects: 4.171200 ms  DeleteObjects: 0.166000 ms)

AssetImportParameters requested are different than current active one (requested -> active):
  custom:video-decoder-ogg-theora: a1e56fd34408186e4bbccfd4996cb3dc -> 
  custom:container-muxer-webm: aa71ff27fc2769a1b78a27578f13a17b -> 
  custom:container-demuxer-webm: 4f35f7cbe854078d1ac9338744f61a02 -> 
  custom:video-encoder-webm-vp8: eb34c28f22e8b96e1ab97ce403110664 -> 
  custom:video-codec-MediaFoundation-h265: 746d11721c4dcdbdad8f713fa42b33f4 -> 
  custom:audio-encoder-webm-vorbis: bf7c407c2cedff20999df2af8eb42d56 -> 
  custom:framework-win-MediaFoundation: 216162199b28c13a410421893ffa2e32 -> 
  custom:container-demuxer-ogg: 62fdf1f143b41e24485cea50d1cbac27 -> 
  custom:video-decoder-webm-vp8: 9c59270c3fd7afecdb556c50c9e8de78 -> 
  custom:audio-decoder-ogg-vorbis: bf7c407c2cedff20999df2af8eb42d56 -> 
========================================================================
Received Import Request.
  Time since last request: 905834.009264 seconds.
  path: Assets/PolygonDungeon/Prefabs/Characters/ScaleFixedCharacters/Character_Hero_Knight_Male.prefab
  artifactKey: Guid(a96b63f27d072234bbc3d7818166e4eb) Importer(815301076,1909f56bfc062723c751e8b465ee728b)
Start importing Assets/PolygonDungeon/Prefabs/Characters/ScaleFixedCharacters/Character_Hero_Knight_Male.prefab using Guid(a96b63f27d072234bbc3d7818166e4eb) Importer(815301076,1909f56bfc062723c751e8b465ee728b)  -> (artifact id: '222acc48ba2459d8e17e6a0e48add7eb') in 0.256240 seconds 
========================================================================
Received Prepare
Registering precompiled user dll's ...
Registered in 0.004695 seconds.
Begin MonoManager ReloadAssembly
Symbol file LoadedFromMemory doesn't match image G:\Transfer Stuff\GameDev\Unity\FantasyRPG\UnityFantasyRpg\Library\PackageCache\com.unity.visualscripting@1.7.8\Editor\VisualScripting.Core\Dependencies\YamlDotNet\Unity.VisualScripting.YamlDotNet.dll
Symbol file LoadedFromMemory doesn't match image G:\Transfer Stuff\GameDev\Unity\FantasyRPG\UnityFantasyRpg\Library\PackageCache\com.unity.visualscripting@1.7.8\Editor\VisualScripting.Core\Dependencies\DotNetZip\Unity.VisualScripting.IonicZip.dll
Native extension for WindowsStandalone target not found
Refreshing native plugins compatible for Editor in 1.28 ms, found 3 plugins.
Preloading 0 native plugins for Editor in 0.00 ms.
Mono: successfully reloaded assembly
- Completed reload, in  0.840 seconds
Domain Reload Profiling:
	ReloadAssembly (840ms)
		BeginReloadAssembly (133ms)
			ExecutionOrderSort (0ms)
			DisableScriptedObjects (4ms)
			BackupInstance (0ms)
			ReleaseScriptingObjects (0ms)
			CreateAndSetChildDomain (41ms)
		EndReloadAssembly (631ms)
			LoadAssemblies (87ms)
			RebuildTransferFunctionScriptingTraits (0ms)
			SetupTypeCache (195ms)
			ReleaseScriptCaches (1ms)
			RebuildScriptCaches (32ms)
			SetupLoadedEditorAssemblies (277ms)
				LogAssemblyErrors (0ms)
				InitializePlatformSupportModulesInManaged (13ms)
				SetLoadedEditorAssemblies (0ms)
				RefreshPlugins (1ms)
				BeforeProcessingInitializeOnLoad (58ms)
				ProcessInitializeOnLoadAttributes (176ms)
				ProcessInitializeOnLoadMethodAttributes (20ms)
				AfterProcessingInitializeOnLoad (7ms)
				EditorAssembliesLoaded (0ms)
			ExecutionOrderSort2 (0ms)
			AwakeInstancesAfterBackupRestoration (5ms)
Platform modules already initialized, skipping
Refreshing native plugins compatible for Editor in 3.36 ms, found 3 plugins.
Preloading 0 native plugins for Editor in 0.00 ms.
Unloading 3361 Unused Serialized files (Serialized files now loaded: 0)
Unloading 20 unused Assets / (81.4 KB). Loaded Objects now: 3874.
Memory consumption went from 152.8 MB to 152.7 MB.
Total: 4.794900 ms (FindLiveObjects: 0.539600 ms CreateObjectMapping: 0.128100 ms MarkObjects: 3.984400 ms  DeleteObjects: 0.141800 ms)

AssetImportParameters requested are different than current active one (requested -> active):
  custom:video-decoder-ogg-theora: a1e56fd34408186e4bbccfd4996cb3dc -> 
  custom:container-muxer-webm: aa71ff27fc2769a1b78a27578f13a17b -> 
  custom:container-demuxer-webm: 4f35f7cbe854078d1ac9338744f61a02 -> 
  custom:video-encoder-webm-vp8: eb34c28f22e8b96e1ab97ce403110664 -> 
  custom:video-codec-MediaFoundation-h265: 746d11721c4dcdbdad8f713fa42b33f4 -> 
  custom:audio-encoder-webm-vorbis: bf7c407c2cedff20999df2af8eb42d56 -> 
  custom:framework-win-MediaFoundation: 216162199b28c13a410421893ffa2e32 -> 
  custom:container-demuxer-ogg: 62fdf1f143b41e24485cea50d1cbac27 -> 
  custom:video-decoder-webm-vp8: 9c59270c3fd7afecdb556c50c9e8de78 -> 
  custom:audio-decoder-ogg-vorbis: bf7c407c2cedff20999df2af8eb42d56 -> 
========================================================================
Received Import Request.
  Time since last request: 52.628569 seconds.
  path: Assets/PolygonDungeon/Prefabs/Props/SM_Prop_Bed_01.prefab
  artifactKey: Guid(eb9bfa150ff0ed5478875e7a75db0c84) Importer(815301076,1909f56bfc062723c751e8b465ee728b)
Start importing Assets/PolygonDungeon/Prefabs/Props/SM_Prop_Bed_01.prefab using Guid(eb9bfa150ff0ed5478875e7a75db0c84) Importer(815301076,1909f56bfc062723c751e8b465ee728b)  -> (artifact id: '9f82fb3f79423e1110fa6a0feac10249') in 0.077424 seconds 
========================================================================
Received Import Request.
  Time since last request: 0.000034 seconds.
  path: Assets/PolygonDungeon/Prefabs/Props/SM_Prop_Gem_01.prefab
  artifactKey: Guid(72766e0bd6c1cde4eb35ec04e1325561) Importer(815301076,1909f56bfc062723c751e8b465ee728b)
Start importing Assets/PolygonDungeon/Prefabs/Props/SM_Prop_Gem_01.prefab using Guid(72766e0bd6c1cde4eb35ec04e1325561) Importer(815301076,1909f56bfc062723c751e8b465ee728b)  -> (artifact id: '6e2ec11de565531e77f7ed65d40c88ef') in 0.030386 seconds 
========================================================================
Received Import Request.
  Time since last request: 0.000027 seconds.
  path: Assets/PolygonDungeon/Prefabs/Props/SM_Prop_Candles_04.prefab
  artifactKey: Guid(0533ddc0f38f3c842bf18ac27f90260f) Importer(815301076,1909f56bfc062723c751e8b465ee728b)
Start importing Assets/PolygonDungeon/Prefabs/Props/SM_Prop_Candles_04.prefab using Guid(0533ddc0f38f3c842bf18ac27f90260f) Importer(815301076,1909f56bfc062723c751e8b465ee728b)  -> (artifact id: '59499fb70e1da70ee7f7569ede5bf228') in 0.022713 seconds 
========================================================================
Received Import Request.
  Time since last request: 0.000044 seconds.
  path: Assets/PolygonDungeon/Prefabs/Props/SM_Prop_Candle_Chandelier_02.prefab
  artifactKey: Guid(b889ad564c6e4eb4b8c8eda7cfebd08f) Importer(815301076,1909f56bfc062723c751e8b465ee728b)
Start importing Assets/PolygonDungeon/Prefabs/Props/SM_Prop_Candle_Chandelier_02.prefab using Guid(b889ad564c6e4eb4b8c8eda7cfebd08f) Importer(815301076,1909f56bfc062723c751e8b465ee728b)  -> (artifact id: '1dd1841914fdac91b3c2137e5787d81c') in 0.022006 seconds 
========================================================================
Received Import Request.
  Time since last request: 0.000052 seconds.
  path: Assets/PolygonDungeon/Prefabs/Props/SM_Prop_Candles_02.prefab
  artifactKey: Guid(2be6c8f228f8eb14aab539bc761d3818) Importer(815301076,1909f56bfc062723c751e8b465ee728b)
Start importing Assets/PolygonDungeon/Prefabs/Props/SM_Prop_Candles_02.prefab using Guid(2be6c8f228f8eb14aab539bc761d3818) Importer(815301076,1909f56bfc062723c751e8b465ee728b)  -> (artifact id: '03ef32d77ff9db4ae41f62f994184bd1') in 0.023504 seconds 
========================================================================
Received Import Request.
  Time since last request: 0.000020 seconds.
  path: Assets/PolygonDungeon/Prefabs/Props/SM_Prop_Candle_Stand_01.prefab
  artifactKey: Guid(eab88f6a71881d8468474cc3e3610734) Importer(815301076,1909f56bfc062723c751e8b465ee728b)
Start importing Assets/PolygonDungeon/Prefabs/Props/SM_Prop_Candle_Stand_01.prefab using Guid(eab88f6a71881d8468474cc3e3610734) Importer(815301076,1909f56bfc062723c751e8b465ee728b)  -> (artifact id: 'e75332a9dcdd1d9a9076ada06d8099d9') in 0.025024 seconds 
========================================================================
Received Import Request.
  Time since last request: 0.000028 seconds.
  path: Assets/PolygonDungeon/Prefabs/Props/SM_Prop_Goblin_Spikes_03.prefab
  artifactKey: Guid(2e441718886a75b41aa989c3f7829b75) Importer(815301076,1909f56bfc062723c751e8b465ee728b)
Start importing Assets/PolygonDungeon/Prefabs/Props/SM_Prop_Goblin_Spikes_03.prefab using Guid(2e441718886a75b41aa989c3f7829b75) Importer(815301076,1909f56bfc062723c751e8b465ee728b)  -> (artifact id: 'c6048533d891ab0bdb47ebec06a9d3e4') in 0.026979 seconds 
========================================================================
Received Import Request.
  Time since last request: 0.000022 seconds.
  path: Assets/PolygonDungeon/Prefabs/Props/SM_Prop_Candle_01.prefab
  artifactKey: Guid(28b56993a0977004882db8754d3904ee) Importer(815301076,1909f56bfc062723c751e8b465ee728b)
Start importing Assets/PolygonDungeon/Prefabs/Props/SM_Prop_Candle_01.prefab using Guid(28b56993a0977004882db8754d3904ee) Importer(815301076,1909f56bfc062723c751e8b465ee728b)  -> (artifact id: 'dba3184cca50d10c12e4fcb4149f7322') in 0.022268 seconds 
========================================================================
Received Import Request.
  Time since last request: 0.000025 seconds.
  path: Assets/PolygonDungeon/Prefabs/Props/SM_Prop_Crate_Metal_02.prefab
  artifactKey: Guid(80afd7216bd97804b8df01616325b783) Importer(815301076,1909f56bfc062723c751e8b465ee728b)
Start importing Assets/PolygonDungeon/Prefabs/Props/SM_Prop_Crate_Metal_02.prefab using Guid(80afd7216bd97804b8df01616325b783) Importer(815301076,1909f56bfc062723c751e8b465ee728b)  -> (artifact id: '6e7b794295bd9df12b88d13956a6bfae') in 0.022592 seconds 
========================================================================
Received Prepare
Registering precompiled user dll's ...
Registered in 0.005332 seconds.
Begin MonoManager ReloadAssembly
Symbol file LoadedFromMemory doesn't match image G:\Transfer Stuff\GameDev\Unity\FantasyRPG\UnityFantasyRpg\Library\PackageCache\com.unity.visualscripting@1.7.8\Editor\VisualScripting.Core\Dependencies\YamlDotNet\Unity.VisualScripting.YamlDotNet.dll
Symbol file LoadedFromMemory doesn't match image G:\Transfer Stuff\GameDev\Unity\FantasyRPG\UnityFantasyRpg\Library\PackageCache\com.unity.visualscripting@1.7.8\Editor\VisualScripting.Core\Dependencies\DotNetZip\Unity.VisualScripting.IonicZip.dll
Native extension for WindowsStandalone target not found
Refreshing native plugins compatible for Editor in 1.21 ms, found 3 plugins.
Preloading 0 native plugins for Editor in 0.00 ms.
Mono: successfully reloaded assembly
- Completed reload, in  0.773 seconds
Domain Reload Profiling:
	ReloadAssembly (774ms)
		BeginReloadAssembly (128ms)
			ExecutionOrderSort (0ms)
			DisableScriptedObjects (3ms)
			BackupInstance (0ms)
			ReleaseScriptingObjects (0ms)
			CreateAndSetChildDomain (41ms)
		EndReloadAssembly (573ms)
			LoadAssemblies (86ms)
			RebuildTransferFunctionScriptingTraits (0ms)
			SetupTypeCache (186ms)
			ReleaseScriptCaches (1ms)
			RebuildScriptCaches (30ms)
			SetupLoadedEditorAssemblies (249ms)
				LogAssemblyErrors (0ms)
				InitializePlatformSupportModulesInManaged (12ms)
				SetLoadedEditorAssemblies (0ms)
				RefreshPlugins (1ms)
				BeforeProcessingInitializeOnLoad (52ms)
				ProcessInitializeOnLoadAttributes (158ms)
				ProcessInitializeOnLoadMethodAttributes (18ms)
				AfterProcessingInitializeOnLoad (7ms)
				EditorAssembliesLoaded (0ms)
			ExecutionOrderSort2 (0ms)
			AwakeInstancesAfterBackupRestoration (5ms)
Platform modules already initialized, skipping
Refreshing native plugins compatible for Editor in 3.95 ms, found 3 plugins.
Preloading 0 native plugins for Editor in 0.00 ms.
Unloading 3361 Unused Serialized files (Serialized files now loaded: 0)
Unloading 20 unused Assets / (81.5 KB). Loaded Objects now: 3877.
Memory consumption went from 152.8 MB to 152.7 MB.
Total: 5.582700 ms (FindLiveObjects: 0.625100 ms CreateObjectMapping: 0.286600 ms MarkObjects: 4.528000 ms  DeleteObjects: 0.141800 ms)

AssetImportParameters requested are different than current active one (requested -> active):
  custom:video-decoder-ogg-theora: a1e56fd34408186e4bbccfd4996cb3dc -> 
  custom:container-muxer-webm: aa71ff27fc2769a1b78a27578f13a17b -> 
  custom:container-demuxer-webm: 4f35f7cbe854078d1ac9338744f61a02 -> 
  custom:video-encoder-webm-vp8: eb34c28f22e8b96e1ab97ce403110664 -> 
  custom:video-codec-MediaFoundation-h265: 746d11721c4dcdbdad8f713fa42b33f4 -> 
  custom:audio-encoder-webm-vorbis: bf7c407c2cedff20999df2af8eb42d56 -> 
  custom:framework-win-MediaFoundation: 216162199b28c13a410421893ffa2e32 -> 
  custom:container-demuxer-ogg: 62fdf1f143b41e24485cea50d1cbac27 -> 
  custom:video-decoder-webm-vp8: 9c59270c3fd7afecdb556c50c9e8de78 -> 
  custom:audio-decoder-ogg-vorbis: bf7c407c2cedff20999df2af8eb42d56 -> 
========================================================================
Received Import Request.
  Time since last request: 60.291593 seconds.
  path: Assets/PolygonDungeon/Prefabs/Props/SM_Prop_Jewel_03.prefab
  artifactKey: Guid(929fdc028602dc9488a39b1a4eb38357) Importer(815301076,1909f56bfc062723c751e8b465ee728b)
Start importing Assets/PolygonDungeon/Prefabs/Props/SM_Prop_Jewel_03.prefab using Guid(929fdc028602dc9488a39b1a4eb38357) Importer(815301076,1909f56bfc062723c751e8b465ee728b)  -> (artifact id: '28ca1949548ee27fbed574080c4aebc5') in 0.103106 seconds 
========================================================================
Received Import Request.
  Time since last request: 0.000023 seconds.
  path: Assets/PolygonDungeon/Prefabs/Props/SM_Prop_Log_Spike_03.prefab
  artifactKey: Guid(82106252abe3a1d4095d86f631d2fbb8) Importer(815301076,1909f56bfc062723c751e8b465ee728b)
Start importing Assets/PolygonDungeon/Prefabs/Props/SM_Prop_Log_Spike_03.prefab using Guid(82106252abe3a1d4095d86f631d2fbb8) Importer(815301076,1909f56bfc062723c751e8b465ee728b)  -> (artifact id: '1beabcad81dbfbfbfe70d76e633959ee') in 0.110588 seconds 
========================================================================
Received Import Request.
  Time since last request: 0.000027 seconds.
  path: Assets/PolygonDungeon/Prefabs/Props/SM_Prop_Plank_01.prefab
  artifactKey: Guid(dcb161f5ca573ab41ac18a8b74630ef6) Importer(815301076,1909f56bfc062723c751e8b465ee728b)
Start importing Assets/PolygonDungeon/Prefabs/Props/SM_Prop_Plank_01.prefab using Guid(dcb161f5ca573ab41ac18a8b74630ef6) Importer(815301076,1909f56bfc062723c751e8b465ee728b)  -> (artifact id: '782d0fa3f646bfabc4a584cb22d671e2') in 0.066602 seconds 
========================================================================
Received Import Request.
  Time since last request: 0.000020 seconds.
  path: Assets/PolygonDungeon/Prefabs/Props/SM_Prop_Tech_Chamber_Broken_01.prefab
  artifactKey: Guid(f477c0969c98fb943901a32316cf5d18) Importer(815301076,1909f56bfc062723c751e8b465ee728b)
Start importing Assets/PolygonDungeon/Prefabs/Props/SM_Prop_Tech_Chamber_Broken_01.prefab using Guid(f477c0969c98fb943901a32316cf5d18) Importer(815301076,1909f56bfc062723c751e8b465ee728b)  -> (artifact id: '441ad5a4216f138800c28030ab44540d') in 0.024756 seconds 
========================================================================
Received Import Request.
  Time since last request: 0.000023 seconds.
  path: Assets/PolygonDungeon/Prefabs/Props/SM_Prop_Tech_Lever_01.prefab
  artifactKey: Guid(86fe03ab8ed5ac74aa15ed7074970102) Importer(815301076,1909f56bfc062723c751e8b465ee728b)
Start importing Assets/PolygonDungeon/Prefabs/Props/SM_Prop_Tech_Lever_01.prefab using Guid(86fe03ab8ed5ac74aa15ed7074970102) Importer(815301076,1909f56bfc062723c751e8b465ee728b)  -> (artifact id: 'f4c42b414c53e2f39554be0658971002') in 0.022641 seconds 
========================================================================
Received Import Request.
  Time since last request: 0.000031 seconds.
  path: Assets/PolygonDungeon/Prefabs/Props/SM_Prop_Tech_Chamber_01.prefab
  artifactKey: Guid(2f99a0f5c9d37d248a69481f4811dd0a) Importer(815301076,1909f56bfc062723c751e8b465ee728b)
Start importing Assets/PolygonDungeon/Prefabs/Props/SM_Prop_Tech_Chamber_01.prefab using Guid(2f99a0f5c9d37d248a69481f4811dd0a) Importer(815301076,1909f56bfc062723c751e8b465ee728b)  -> (artifact id: '6f5833b93f0c1836d18b426da369ee6a') in 0.020612 seconds 
========================================================================
Received Import Request.
  Time since last request: 0.000022 seconds.
  path: Assets/PolygonDungeon/Prefabs/Props/SM_Prop_Tech_Cog_01.prefab
  artifactKey: Guid(59976cdd835d06540973d1ea0d98d9bb) Importer(815301076,1909f56bfc062723c751e8b465ee728b)
Start importing Assets/PolygonDungeon/Prefabs/Props/SM_Prop_Tech_Cog_01.prefab using Guid(59976cdd835d06540973d1ea0d98d9bb) Importer(815301076,1909f56bfc062723c751e8b465ee728b)  -> (artifact id: '139f1cd3bdf28ba11cf698a6210bc9b8') in 0.025333 seconds 
========================================================================
Received Import Request.
  Time since last request: 0.000037 seconds.
  path: Assets/PolygonDungeon/Prefabs/Props/SM_Prop_Minecart_01.prefab
  artifactKey: Guid(5c00c5f03c23f3b44af6d75077362432) Importer(815301076,1909f56bfc062723c751e8b465ee728b)
Start importing Assets/PolygonDungeon/Prefabs/Props/SM_Prop_Minecart_01.prefab using Guid(5c00c5f03c23f3b44af6d75077362432) Importer(815301076,1909f56bfc062723c751e8b465ee728b)  -> (artifact id: 'f5a1705e9cc9547710b3245ff382ecdd') in 0.022611 seconds 
========================================================================
Received Import Request.
  Time since last request: 0.000046 seconds.
  path: Assets/PolygonDungeon/Prefabs/Props/SM_Prop_Stool_02.prefab
  artifactKey: Guid(238adf4eb5ddbf9409618642507a3eba) Importer(815301076,1909f56bfc062723c751e8b465ee728b)
Start importing Assets/PolygonDungeon/Prefabs/Props/SM_Prop_Stool_02.prefab using Guid(238adf4eb5ddbf9409618642507a3eba) Importer(815301076,1909f56bfc062723c751e8b465ee728b)  -> (artifact id: '2bce1c5dc8f43eb76ecf66ef3bc0dff7') in 0.019728 seconds 
========================================================================
Received Import Request.
  Time since last request: 0.025241 seconds.
  path: Assets/PolygonDungeon/Prefabs/Props/SM_Prop_Torch_Ornate_02.prefab
  artifactKey: Guid(ecfc727ab52f6f44da6c79e536989f0f) Importer(815301076,1909f56bfc062723c751e8b465ee728b)
Start importing Assets/PolygonDungeon/Prefabs/Props/SM_Prop_Torch_Ornate_02.prefab using Guid(ecfc727ab52f6f44da6c79e536989f0f) Importer(815301076,1909f56bfc062723c751e8b465ee728b)  -> (artifact id: '01ca637b896d546b927ff9f7428a7482') in 0.023065 seconds 
========================================================================
Received Import Request.
  Time since last request: 0.000031 seconds.
  path: Assets/PolygonDungeon/Prefabs/Props/SM_Prop_Vase_01.prefab
  artifactKey: Guid(9a02c2175769e3445836efb454dd5ca8) Importer(815301076,1909f56bfc062723c751e8b465ee728b)
Start importing Assets/PolygonDungeon/Prefabs/Props/SM_Prop_Vase_01.prefab using Guid(9a02c2175769e3445836efb454dd5ca8) Importer(815301076,1909f56bfc062723c751e8b465ee728b)  -> (artifact id: '52099a74485ba150170c1ef8758b9460') in 0.022945 seconds 
========================================================================
Received Import Request.
  Time since last request: 0.000016 seconds.
  path: Assets/PolygonDungeon/Prefabs/Props/SM_Prop_Wall_Banner_05.prefab
  artifactKey: Guid(1d8a9d4bcbe4aeb488cb292d11c7c48d) Importer(815301076,1909f56bfc062723c751e8b465ee728b)
Start importing Assets/PolygonDungeon/Prefabs/Props/SM_Prop_Wall_Banner_05.prefab using Guid(1d8a9d4bcbe4aeb488cb292d11c7c48d) Importer(815301076,1909f56bfc062723c751e8b465ee728b)  -> (artifact id: '43f3d8bb82bb52daaefa2a22710bc36b') in 0.015326 seconds 
========================================================================
Received Import Request.
  Time since last request: 0.000042 seconds.
  path: Assets/PolygonDungeon/Prefabs/Props/SM_Prop_Wall_Banner_06.prefab
  artifactKey: Guid(6a169492d77438b4f94737f9d4c9109b) Importer(815301076,1909f56bfc062723c751e8b465ee728b)
Start importing Assets/PolygonDungeon/Prefabs/Props/SM_Prop_Wall_Banner_06.prefab using Guid(6a169492d77438b4f94737f9d4c9109b) Importer(815301076,1909f56bfc062723c751e8b465ee728b)  -> (artifact id: '7fab309c4d2ae1d3addb3ce9037aa3db') in 0.019526 seconds 
========================================================================
Received Import Request.
  Time since last request: 0.000074 seconds.
  path: Assets/PolygonDungeon/Prefabs/Props/SM_Prop_Vase_Shard_04.prefab
  artifactKey: Guid(55776c39d2a0769409a70cd43e1d6013) Importer(815301076,1909f56bfc062723c751e8b465ee728b)
Start importing Assets/PolygonDungeon/Prefabs/Props/SM_Prop_Vase_Shard_04.prefab using Guid(55776c39d2a0769409a70cd43e1d6013) Importer(815301076,1909f56bfc062723c751e8b465ee728b)  -> (artifact id: '602d813dd9b898fee2a838a35ba33c94') in 0.044199 seconds 
Editor requested this worker to shutdown with reason: Scaling down because of idle timeout
AssetImportWorker is now disconnected from the server
Process exiting
Exiting without the bug reporter. Application will terminate with return code 0