Using pre-set license
Built from '2021.3/staging' branch; Version is '2021.3.14f1 (eee1884e7226) revision 15655304'; Using compiler version '192829333'; Build Type 'Release'
OS: 'Windows 11  (10.0.22621) 64bit Professional' Language: 'en' Physical Memory: 24461 MB
BatchMode: 1, IsHumanControllingUs: 0, StartBugReporterOnCrash: 0, Is64bit: 1, IsPro: 1

COMMAND LINE ARGUMENTS:
C:\Program Files\Unity\Hub\Editor\2021.3.14f1\Editor\Unity.exe
-adb2
-batchMode
-noUpm
-name
AssetImportWorker6
-projectPath
G:/Transfer Stuff/GameDev/Unity/FantasyRPG/UnityFantasyRpg
-logFile
Logs/AssetImportWorker6.log
-srvPort
62219
Successfully changed project path to: G:/Transfer Stuff/GameDev/Unity/FantasyRPG/UnityFantasyRpg
G:/Transfer Stuff/GameDev/Unity/FantasyRPG/UnityFantasyRpg
[UnityMemory] Configuration Parameters - Can be set up in boot.config
    "memorysetup-bucket-allocator-granularity=16"
    "memorysetup-bucket-allocator-bucket-count=8"
    "memorysetup-bucket-allocator-block-size=33554432"
    "memorysetup-bucket-allocator-block-count=8"
    "memorysetup-main-allocator-block-size=16777216"
    "memorysetup-thread-allocator-block-size=16777216"
    "memorysetup-gfx-main-allocator-block-size=16777216"
    "memorysetup-gfx-thread-allocator-block-size=16777216"
    "memorysetup-cache-allocator-block-size=4194304"
    "memorysetup-typetree-allocator-block-size=2097152"
    "memorysetup-profiler-bucket-allocator-granularity=16"
    "memorysetup-profiler-bucket-allocator-bucket-count=8"
    "memorysetup-profiler-bucket-allocator-block-size=33554432"
    "memorysetup-profiler-bucket-allocator-block-count=8"
    "memorysetup-profiler-allocator-block-size=16777216"
    "memorysetup-profiler-editor-allocator-block-size=1048576"
    "memorysetup-temp-allocator-size-main=16777216"
    "memorysetup-job-temp-allocator-block-size=2097152"
    "memorysetup-job-temp-allocator-block-size-background=1048576"
    "memorysetup-job-temp-allocator-reduction-small-platforms=262144"
    "memorysetup-temp-allocator-size-background-worker=32768"
    "memorysetup-temp-allocator-size-job-worker=262144"
    "memorysetup-temp-allocator-size-preload-manager=33554432"
    "memorysetup-temp-allocator-size-nav-mesh-worker=65536"
    "memorysetup-temp-allocator-size-audio-worker=65536"
    "memorysetup-temp-allocator-size-cloud-worker=32768"
    "memorysetup-temp-allocator-size-gi-baking-worker=262144"
    "memorysetup-temp-allocator-size-gfx=262144"
Refreshing native plugins compatible for Editor in 81.58 ms, found 3 plugins.
Preloading 0 native plugins for Editor in 0.00 ms.
Initialize engine version: 2021.3.14f1 (eee1884e7226)
[Subsystems] Discovering subsystems at path C:/Program Files/Unity/Hub/Editor/2021.3.14f1/Editor/Data/Resources/UnitySubsystems
[Subsystems] Discovering subsystems at path G:/Transfer Stuff/GameDev/Unity/FantasyRPG/UnityFantasyRpg/Assets
GfxDevice: creating device client; threaded=0; jobified=0
Direct3D:
    Version:  Direct3D 11.0 [level 11.1]
    Renderer: NVIDIA GeForce RTX 3060 (ID=0x2487)
    Vendor:   NVIDIA
    VRAM:     12124 MB
    Driver:   31.0.15.2802
Initialize mono
Mono path[0] = 'C:/Program Files/Unity/Hub/Editor/2021.3.14f1/Editor/Data/Managed'
Mono path[1] = 'C:/Program Files/Unity/Hub/Editor/2021.3.14f1/Editor/Data/MonoBleedingEdge/lib/mono/unityjit-win32'
Mono config path = 'C:/Program Files/Unity/Hub/Editor/2021.3.14f1/Editor/Data/MonoBleedingEdge/etc'
Using monoOptions --debugger-agent=transport=dt_socket,embedding=1,server=y,suspend=n,address=127.0.0.1:56580
Begin MonoManager ReloadAssembly
Registering precompiled unity dll's ...
Register platform support module: C:/Program Files/Unity/Hub/Editor/2021.3.14f1/Editor/Data/PlaybackEngines/WindowsStandaloneSupport/UnityEditor.WindowsStandalone.Extensions.dll
Registered in 0.005647 seconds.
Native extension for WindowsStandalone target not found
Refreshing native plugins compatible for Editor in 80.14 ms, found 3 plugins.
Preloading 0 native plugins for Editor in 0.00 ms.
Mono: successfully reloaded assembly
- Completed reload, in  0.707 seconds
Domain Reload Profiling:
	ReloadAssembly (708ms)
		BeginReloadAssembly (111ms)
			ExecutionOrderSort (0ms)
			DisableScriptedObjects (0ms)
			BackupInstance (0ms)
			ReleaseScriptingObjects (0ms)
			CreateAndSetChildDomain (1ms)
		EndReloadAssembly (481ms)
			LoadAssemblies (108ms)
			RebuildTransferFunctionScriptingTraits (0ms)
			SetupTypeCache (136ms)
			ReleaseScriptCaches (0ms)
			RebuildScriptCaches (24ms)
			SetupLoadedEditorAssemblies (266ms)
				LogAssemblyErrors (0ms)
				InitializePlatformSupportModulesInManaged (6ms)
				SetLoadedEditorAssemblies (0ms)
				RefreshPlugins (80ms)
				BeforeProcessingInitializeOnLoad (1ms)
				ProcessInitializeOnLoadAttributes (134ms)
				ProcessInitializeOnLoadMethodAttributes (44ms)
				AfterProcessingInitializeOnLoad (0ms)
				EditorAssembliesLoaded (0ms)
			ExecutionOrderSort2 (0ms)
			AwakeInstancesAfterBackupRestoration (0ms)
Platform modules already initialized, skipping
Registering precompiled user dll's ...
Registered in 0.003688 seconds.
Begin MonoManager ReloadAssembly
Symbol file LoadedFromMemory doesn't match image G:\Transfer Stuff\GameDev\Unity\FantasyRPG\UnityFantasyRpg\Library\PackageCache\com.unity.visualscripting@1.7.8\Editor\VisualScripting.Core\Dependencies\YamlDotNet\Unity.VisualScripting.YamlDotNet.dll
Symbol file LoadedFromMemory doesn't match image G:\Transfer Stuff\GameDev\Unity\FantasyRPG\UnityFantasyRpg\Library\PackageCache\com.unity.visualscripting@1.7.8\Editor\VisualScripting.Core\Dependencies\DotNetZip\Unity.VisualScripting.IonicZip.dll
Native extension for WindowsStandalone target not found
Refreshing native plugins compatible for Editor in 1.47 ms, found 3 plugins.
Preloading 0 native plugins for Editor in 0.00 ms.
Mono: successfully reloaded assembly
- Completed reload, in  1.080 seconds
Domain Reload Profiling:
	ReloadAssembly (1081ms)
		BeginReloadAssembly (113ms)
			ExecutionOrderSort (0ms)
			DisableScriptedObjects (6ms)
			BackupInstance (0ms)
			ReleaseScriptingObjects (0ms)
			CreateAndSetChildDomain (23ms)
		EndReloadAssembly (880ms)
			LoadAssemblies (97ms)
			RebuildTransferFunctionScriptingTraits (0ms)
			SetupTypeCache (348ms)
			ReleaseScriptCaches (1ms)
			RebuildScriptCaches (55ms)
			SetupLoadedEditorAssemblies (350ms)
				LogAssemblyErrors (0ms)
				InitializePlatformSupportModulesInManaged (4ms)
				SetLoadedEditorAssemblies (1ms)
				RefreshPlugins (2ms)
				BeforeProcessingInitializeOnLoad (69ms)
				ProcessInitializeOnLoadAttributes (244ms)
				ProcessInitializeOnLoadMethodAttributes (22ms)
				AfterProcessingInitializeOnLoad (9ms)
				EditorAssembliesLoaded (0ms)
			ExecutionOrderSort2 (0ms)
			AwakeInstancesAfterBackupRestoration (5ms)
Platform modules already initialized, skipping
========================================================================
Worker process is ready to serve import requests
Launched and connected shader compiler UnityShaderCompiler.exe after 0.05 seconds
Refreshing native plugins compatible for Editor in 3.36 ms, found 3 plugins.
Preloading 0 native plugins for Editor in 0.00 ms.
Unloading 3632 Unused Serialized files (Serialized files now loaded: 0)
Unloading 38 unused Assets / (130.7 KB). Loaded Objects now: 4118.
Memory consumption went from 149.0 MB to 148.9 MB.
Total: 6.675100 ms (FindLiveObjects: 0.628500 ms CreateObjectMapping: 0.193600 ms MarkObjects: 5.643900 ms  DeleteObjects: 0.207800 ms)

AssetImportParameters requested are different than current active one (requested -> active):
  custom:video-decoder-ogg-theora: a1e56fd34408186e4bbccfd4996cb3dc -> 
  custom:container-muxer-webm: aa71ff27fc2769a1b78a27578f13a17b -> 
  custom:container-demuxer-webm: 4f35f7cbe854078d1ac9338744f61a02 -> 
  custom:video-encoder-webm-vp8: eb34c28f22e8b96e1ab97ce403110664 -> 
  custom:video-codec-MediaFoundation-h265: 746d11721c4dcdbdad8f713fa42b33f4 -> 
  custom:audio-encoder-webm-vorbis: bf7c407c2cedff20999df2af8eb42d56 -> 
  custom:framework-win-MediaFoundation: 216162199b28c13a410421893ffa2e32 -> 
  custom:container-demuxer-ogg: 62fdf1f143b41e24485cea50d1cbac27 -> 
  custom:video-decoder-webm-vp8: 9c59270c3fd7afecdb556c50c9e8de78 -> 
  custom:audio-decoder-ogg-vorbis: bf7c407c2cedff20999df2af8eb42d56 -> 
========================================================================
Received Import Request.
  Time since last request: 1281745.433374 seconds.
  path: Assets/PolygonDungeon/Models/SM_Prop_Toture_IronMaiden_01.fbx
  artifactKey: Guid(d68a4dd458261334e8aae8faf9365045) Importer(815301076,1909f56bfc062723c751e8b465ee728b)
Start importing Assets/PolygonDungeon/Models/SM_Prop_Toture_IronMaiden_01.fbx using Guid(d68a4dd458261334e8aae8faf9365045) Importer(815301076,1909f56bfc062723c751e8b465ee728b)  -> (artifact id: '6482233e52b8673a6ede5fef3a911410') in 0.294531 seconds 
========================================================================
Received Import Request.
  Time since last request: 0.000018 seconds.
  path: Assets/PolygonDungeon/Prefabs/Environments/Walls/SM_Env_Door_Frame_Round_02.prefab
  artifactKey: Guid(5afc051ea82884847b27233ef41ff811) Importer(815301076,1909f56bfc062723c751e8b465ee728b)
Start importing Assets/PolygonDungeon/Prefabs/Environments/Walls/SM_Env_Door_Frame_Round_02.prefab using Guid(5afc051ea82884847b27233ef41ff811) Importer(815301076,1909f56bfc062723c751e8b465ee728b)  -> (artifact id: '73c875be5dabf9f6ac48e04d9c9ae7ec') in 0.150775 seconds 
========================================================================
Received Import Request.
  Time since last request: 0.000025 seconds.
  path: Assets/PolygonDungeon/Models/SM_Env_Wall_DoorFrame_Double_01.fbx
  artifactKey: Guid(cee06d591d9edb3438d0ae4645d2c301) Importer(815301076,1909f56bfc062723c751e8b465ee728b)
Start importing Assets/PolygonDungeon/Models/SM_Env_Wall_DoorFrame_Double_01.fbx using Guid(cee06d591d9edb3438d0ae4645d2c301) Importer(815301076,1909f56bfc062723c751e8b465ee728b)  -> (artifact id: '3aebbb9c667e0e36811362ce4b89ffae') in 0.077716 seconds 
========================================================================
Received Import Request.
  Time since last request: 0.000023 seconds.
  path: Assets/PolygonDungeon/Models/SM_Env_Wall_DoorFrame_Round_01.fbx
  artifactKey: Guid(b54c3b2c574e90b4ca736a3bba9efb45) Importer(815301076,1909f56bfc062723c751e8b465ee728b)
Start importing Assets/PolygonDungeon/Models/SM_Env_Wall_DoorFrame_Round_01.fbx using Guid(b54c3b2c574e90b4ca736a3bba9efb45) Importer(815301076,1909f56bfc062723c751e8b465ee728b)  -> (artifact id: '190233ebee43d423f2fe65b1e0416404') in 0.069157 seconds 
========================================================================
Received Import Request.
  Time since last request: 0.000020 seconds.
  path: Assets/PolygonDungeon/Models/SM_Env_Door_Frame_Round_01.fbx
  artifactKey: Guid(0f26e08c252f5a14fb4725f9bc1851bb) Importer(815301076,1909f56bfc062723c751e8b465ee728b)
Start importing Assets/PolygonDungeon/Models/SM_Env_Door_Frame_Round_01.fbx using Guid(0f26e08c252f5a14fb4725f9bc1851bb) Importer(815301076,1909f56bfc062723c751e8b465ee728b)  -> (artifact id: 'fb493200581a8c94de5939884fdf1e8f') in 0.011690 seconds 
========================================================================
Received Import Request.
  Time since last request: 0.000024 seconds.
  path: Assets/PolygonDungeon/Prefabs/Environments/Walls/SM_Env_Door_05.prefab
  artifactKey: Guid(1bf3dbbe9f709c54cac0e2d71b64c139) Importer(815301076,1909f56bfc062723c751e8b465ee728b)
Start importing Assets/PolygonDungeon/Prefabs/Environments/Walls/SM_Env_Door_05.prefab using Guid(1bf3dbbe9f709c54cac0e2d71b64c139) Importer(815301076,1909f56bfc062723c751e8b465ee728b)  -> (artifact id: 'cbca8fce095e24bc0d30ffdd2ecc1f90') in 0.083376 seconds 
========================================================================
Received Import Request.
  Time since last request: 0.000028 seconds.
  path: Assets/PolygonDungeon/Prefabs/Environments/Walls/SM_Env_DoorDouble_Flat_01.prefab
  artifactKey: Guid(fbfaefed9c8de504992ea1e44db04aaf) Importer(815301076,1909f56bfc062723c751e8b465ee728b)
Start importing Assets/PolygonDungeon/Prefabs/Environments/Walls/SM_Env_DoorDouble_Flat_01.prefab using Guid(fbfaefed9c8de504992ea1e44db04aaf) Importer(815301076,1909f56bfc062723c751e8b465ee728b)  -> (artifact id: '593a5bc41a263b737dc3d0d77a10ef2b') in 0.074776 seconds 
========================================================================
Received Import Request.
  Time since last request: 0.000030 seconds.
  path: Assets/PolygonDungeon/Prefabs/Environments/Walls/SM_Env_Door_Large_Stone_02.prefab
  artifactKey: Guid(efde79f5067f01c4680cad7f529c82ab) Importer(815301076,1909f56bfc062723c751e8b465ee728b)
Start importing Assets/PolygonDungeon/Prefabs/Environments/Walls/SM_Env_Door_Large_Stone_02.prefab using Guid(efde79f5067f01c4680cad7f529c82ab) Importer(815301076,1909f56bfc062723c751e8b465ee728b)  -> (artifact id: '9bc6b1e6c89746eccdd0d72b937b7ded') in 0.040329 seconds 
========================================================================
Received Import Request.
  Time since last request: 0.000029 seconds.
  path: Assets/PolygonDungeon/Models/CollisionConvex/SM_Env_Wall_DoorFrame_Round_01_Convex 2.asset
  artifactKey: Guid(e0c976fc37d3edc429a5345e4f136c41) Importer(815301076,1909f56bfc062723c751e8b465ee728b)
Start importing Assets/PolygonDungeon/Models/CollisionConvex/SM_Env_Wall_DoorFrame_Round_01_Convex 2.asset using Guid(e0c976fc37d3edc429a5345e4f136c41) Importer(815301076,1909f56bfc062723c751e8b465ee728b)  -> (artifact id: '6b864b5504f646cc556647931e7fead8') in 0.040122 seconds 
========================================================================
Received Import Request.
  Time since last request: 25.020036 seconds.
  path: Assets/PolygonDungeon/Prefabs/Environments/Walls/SM_Env_Ceiling_Stone_Flat_06.prefab
  artifactKey: Guid(707e7444a2194ab43a2f2d2bb1eae43c) Importer(815301076,1909f56bfc062723c751e8b465ee728b)
Start importing Assets/PolygonDungeon/Prefabs/Environments/Walls/SM_Env_Ceiling_Stone_Flat_06.prefab using Guid(707e7444a2194ab43a2f2d2bb1eae43c) Importer(815301076,1909f56bfc062723c751e8b465ee728b)  -> (artifact id: '880e4eb80dd1fb4ded5a6a0879427051') in 0.194706 seconds 
========================================================================
Received Import Request.
  Time since last request: 1.127881 seconds.
  path: Assets/PolygonDungeon/Prefabs/Environments/Walls/SM_Env_Wall_02.prefab
  artifactKey: Guid(d3ce5fe83b1090246a3572735e3dd832) Importer(815301076,1909f56bfc062723c751e8b465ee728b)
Start importing Assets/PolygonDungeon/Prefabs/Environments/Walls/SM_Env_Wall_02.prefab using Guid(d3ce5fe83b1090246a3572735e3dd832) Importer(815301076,1909f56bfc062723c751e8b465ee728b)  -> (artifact id: 'cc939eb033b26b923c7b8c5a9572079c') in 0.102075 seconds 
========================================================================
Received Import Request.
  Time since last request: 0.110391 seconds.
  path: Assets/PolygonDungeon/Prefabs/Environments/Walls/SM_Env_Wall_Alcove_Small_01.prefab
  artifactKey: Guid(8f060e4c716392b4fa1aeb91e2996207) Importer(815301076,1909f56bfc062723c751e8b465ee728b)
Start importing Assets/PolygonDungeon/Prefabs/Environments/Walls/SM_Env_Wall_Alcove_Small_01.prefab using Guid(8f060e4c716392b4fa1aeb91e2996207) Importer(815301076,1909f56bfc062723c751e8b465ee728b)  -> (artifact id: '9e5024d5b53540e07bd35e1b2cc36100') in 0.095601 seconds 
========================================================================
Received Import Request.
  Time since last request: 0.019646 seconds.
  path: Assets/PolygonDungeon/Prefabs/Environments/Walls/SM_Env_Wall_Broken_Edge_02.prefab
  artifactKey: Guid(7f3e28fd8f7ec044aa81238b1b58a5da) Importer(815301076,1909f56bfc062723c751e8b465ee728b)
Start importing Assets/PolygonDungeon/Prefabs/Environments/Walls/SM_Env_Wall_Broken_Edge_02.prefab using Guid(7f3e28fd8f7ec044aa81238b1b58a5da) Importer(815301076,1909f56bfc062723c751e8b465ee728b)  -> (artifact id: '66b38dd9c4c948d8c2a9009759b8cf81') in 0.020855 seconds 
========================================================================
Received Import Request.
  Time since last request: 4.892088 seconds.
  path: Assets/PolygonDungeon/Prefabs/Environments/Walls/SM_Env_Wall_Tunnel_01.prefab
  artifactKey: Guid(8b1967a192a05e34dbffd584817d5962) Importer(815301076,1909f56bfc062723c751e8b465ee728b)
Start importing Assets/PolygonDungeon/Prefabs/Environments/Walls/SM_Env_Wall_Tunnel_01.prefab using Guid(8b1967a192a05e34dbffd584817d5962) Importer(815301076,1909f56bfc062723c751e8b465ee728b)  -> (artifact id: '4bf776d715dd344a5c466dd1a798d467') in 0.201094 seconds 
========================================================================
Received Import Request.
  Time since last request: 35.398533 seconds.
  path: Assets/PolygonDungeon/Prefabs/Environments/Misc/SM_Env_Entrance_Crypt_03.prefab
  artifactKey: Guid(d448d2981717e5a42ae3084d0fdce755) Importer(815301076,1909f56bfc062723c751e8b465ee728b)
Start importing Assets/PolygonDungeon/Prefabs/Environments/Misc/SM_Env_Entrance_Crypt_03.prefab using Guid(d448d2981717e5a42ae3084d0fdce755) Importer(815301076,1909f56bfc062723c751e8b465ee728b)  -> (artifact id: '1a2e76dc9d7a7bfcfc3fd1cac0a4b457') in 0.032595 seconds 
========================================================================
Received Import Request.
  Time since last request: 0.155987 seconds.
  path: Assets/PolygonDungeon/Prefabs/Environments/Misc/SM_Env_Fence_Metal_Spikes_01.prefab
  artifactKey: Guid(0d328aded7c84a5469b98ada818e0f10) Importer(815301076,1909f56bfc062723c751e8b465ee728b)
Start importing Assets/PolygonDungeon/Prefabs/Environments/Misc/SM_Env_Fence_Metal_Spikes_01.prefab using Guid(0d328aded7c84a5469b98ada818e0f10) Importer(815301076,1909f56bfc062723c751e8b465ee728b)  -> (artifact id: 'e77e01c7b8f94057a346c19147cb1f77') in 0.064124 seconds 
========================================================================
Received Import Request.
  Time since last request: 0.063506 seconds.
  path: Assets/PolygonDungeon/Prefabs/Environments/Misc/SM_Env_Gem_Spike_01.prefab
  artifactKey: Guid(dcf56c462b61a4c43b82009dc5a23df2) Importer(815301076,1909f56bfc062723c751e8b465ee728b)
Start importing Assets/PolygonDungeon/Prefabs/Environments/Misc/SM_Env_Gem_Spike_01.prefab using Guid(dcf56c462b61a4c43b82009dc5a23df2) Importer(815301076,1909f56bfc062723c751e8b465ee728b)  -> (artifact id: '120789d46e2931e9f37c95e464f87605') in 0.013797 seconds 
========================================================================
Received Import Request.
  Time since last request: 9.932505 seconds.
  path: Assets/PolygonDungeon/Prefabs/Environments/Misc/SM_Env_Mushroom_Giant_05.prefab
  artifactKey: Guid(16d7d3227049b944fb34c0d7bd878ee9) Importer(815301076,1909f56bfc062723c751e8b465ee728b)
Start importing Assets/PolygonDungeon/Prefabs/Environments/Misc/SM_Env_Mushroom_Giant_05.prefab using Guid(16d7d3227049b944fb34c0d7bd878ee9) Importer(815301076,1909f56bfc062723c751e8b465ee728b)  -> (artifact id: '6eaf7be7b795a080fa3887326d4f4445') in 0.096832 seconds 
========================================================================
Received Import Request.
  Time since last request: 1.012784 seconds.
  path: Assets/PolygonDungeon/Prefabs/Environments/Misc/SM_Env_Railing_04.prefab
  artifactKey: Guid(8a02ef52db4e0054ea6bd466ed184af1) Importer(815301076,1909f56bfc062723c751e8b465ee728b)
Start importing Assets/PolygonDungeon/Prefabs/Environments/Misc/SM_Env_Railing_04.prefab using Guid(8a02ef52db4e0054ea6bd466ed184af1) Importer(815301076,1909f56bfc062723c751e8b465ee728b)  -> (artifact id: 'd76aba6b8ed03c48c0caccd2e7fff07f') in 0.077528 seconds 
========================================================================
Received Import Request.
  Time since last request: 1.829208 seconds.
  path: Assets/PolygonDungeon/Prefabs/Environments/Misc/SM_Env_Statue_03.prefab
  artifactKey: Guid(a30ebed74fb584d4ea44dc287aa3bc51) Importer(815301076,1909f56bfc062723c751e8b465ee728b)
Start importing Assets/PolygonDungeon/Prefabs/Environments/Misc/SM_Env_Statue_03.prefab using Guid(a30ebed74fb584d4ea44dc287aa3bc51) Importer(815301076,1909f56bfc062723c751e8b465ee728b)  -> (artifact id: '40d93c2721c89da010c5de3a1f1e9ad0') in 0.098514 seconds 
========================================================================
Received Import Request.
  Time since last request: 0.898450 seconds.
  path: Assets/PolygonDungeon/Prefabs/Environments/Misc/SM_Trap_Saw_01.prefab
  artifactKey: Guid(d0fd0f7701890024daee0118098286c8) Importer(815301076,1909f56bfc062723c751e8b465ee728b)
Start importing Assets/PolygonDungeon/Prefabs/Environments/Misc/SM_Trap_Saw_01.prefab using Guid(d0fd0f7701890024daee0118098286c8) Importer(815301076,1909f56bfc062723c751e8b465ee728b)  -> (artifact id: '846f9632b211e170959f164b3f688239') in 0.223664 seconds 
Editor requested this worker to shutdown with reason: Scaling down because of idle timeout
AssetImportWorker is now disconnected from the server
Process exiting
Exiting without the bug reporter. Application will terminate with return code 0