Using pre-set license
Built from '2021.3/staging' branch; Version is '2021.3.14f1 (eee1884e7226) revision 15655304'; Using compiler version '192829333'; Build Type 'Release'
OS: 'Windows 11  (10.0.22621) 64bit Professional' Language: 'en' Physical Memory: 24461 MB
BatchMode: 1, IsHumanControllingUs: 0, StartBugReporterOnCrash: 0, Is64bit: 1, IsPro: 1

COMMAND LINE ARGUMENTS:
C:\Program Files\Unity\Hub\Editor\2021.3.14f1\Editor\Unity.exe
-adb2
-batchMode
-noUpm
-name
AssetImportWorker16
-projectPath
G:/Transfer Stuff/GameDev/Unity/FantasyRPG/UnityFantasyRpg
-logFile
Logs/AssetImportWorker16.log
-srvPort
53433
Successfully changed project path to: G:/Transfer Stuff/GameDev/Unity/FantasyRPG/UnityFantasyRpg
G:/Transfer Stuff/GameDev/Unity/FantasyRPG/UnityFantasyRpg
[UnityMemory] Configuration Parameters - Can be set up in boot.config
    "memorysetup-bucket-allocator-granularity=16"
    "memorysetup-bucket-allocator-bucket-count=8"
    "memorysetup-bucket-allocator-block-size=33554432"
    "memorysetup-bucket-allocator-block-count=8"
    "memorysetup-main-allocator-block-size=16777216"
    "memorysetup-thread-allocator-block-size=16777216"
    "memorysetup-gfx-main-allocator-block-size=16777216"
    "memorysetup-gfx-thread-allocator-block-size=16777216"
    "memorysetup-cache-allocator-block-size=4194304"
    "memorysetup-typetree-allocator-block-size=2097152"
    "memorysetup-profiler-bucket-allocator-granularity=16"
    "memorysetup-profiler-bucket-allocator-bucket-count=8"
    "memorysetup-profiler-bucket-allocator-block-size=33554432"
    "memorysetup-profiler-bucket-allocator-block-count=8"
    "memorysetup-profiler-allocator-block-size=16777216"
    "memorysetup-profiler-editor-allocator-block-size=1048576"
    "memorysetup-temp-allocator-size-main=16777216"
    "memorysetup-job-temp-allocator-block-size=2097152"
    "memorysetup-job-temp-allocator-block-size-background=1048576"
    "memorysetup-job-temp-allocator-reduction-small-platforms=262144"
    "memorysetup-temp-allocator-size-background-worker=32768"
    "memorysetup-temp-allocator-size-job-worker=262144"
    "memorysetup-temp-allocator-size-preload-manager=33554432"
    "memorysetup-temp-allocator-size-nav-mesh-worker=65536"
    "memorysetup-temp-allocator-size-audio-worker=65536"
    "memorysetup-temp-allocator-size-cloud-worker=32768"
    "memorysetup-temp-allocator-size-gi-baking-worker=262144"
    "memorysetup-temp-allocator-size-gfx=262144"
Refreshing native plugins compatible for Editor in 81.18 ms, found 3 plugins.
Preloading 0 native plugins for Editor in 0.00 ms.
Initialize engine version: 2021.3.14f1 (eee1884e7226)
[Subsystems] Discovering subsystems at path C:/Program Files/Unity/Hub/Editor/2021.3.14f1/Editor/Data/Resources/UnitySubsystems
[Subsystems] Discovering subsystems at path G:/Transfer Stuff/GameDev/Unity/FantasyRPG/UnityFantasyRpg/Assets
GfxDevice: creating device client; threaded=0; jobified=0
Direct3D:
    Version:  Direct3D 11.0 [level 11.1]
    Renderer: NVIDIA GeForce RTX 3060 (ID=0x2487)
    Vendor:   NVIDIA
    VRAM:     12124 MB
    Driver:   31.0.15.2686
Initialize mono
Mono path[0] = 'C:/Program Files/Unity/Hub/Editor/2021.3.14f1/Editor/Data/Managed'
Mono path[1] = 'C:/Program Files/Unity/Hub/Editor/2021.3.14f1/Editor/Data/MonoBleedingEdge/lib/mono/unityjit-win32'
Mono config path = 'C:/Program Files/Unity/Hub/Editor/2021.3.14f1/Editor/Data/MonoBleedingEdge/etc'
Using monoOptions --debugger-agent=transport=dt_socket,embedding=1,server=y,suspend=n,address=127.0.0.1:56280
Begin MonoManager ReloadAssembly
Registering precompiled unity dll's ...
Register platform support module: C:/Program Files/Unity/Hub/Editor/2021.3.14f1/Editor/Data/PlaybackEngines/WindowsStandaloneSupport/UnityEditor.WindowsStandalone.Extensions.dll
Registered in 0.003926 seconds.
Native extension for WindowsStandalone target not found
Refreshing native plugins compatible for Editor in 79.90 ms, found 3 plugins.
Preloading 0 native plugins for Editor in 0.00 ms.
Mono: successfully reloaded assembly
- Completed reload, in  0.519 seconds
Domain Reload Profiling:
	ReloadAssembly (519ms)
		BeginReloadAssembly (60ms)
			ExecutionOrderSort (0ms)
			DisableScriptedObjects (0ms)
			BackupInstance (0ms)
			ReleaseScriptingObjects (0ms)
			CreateAndSetChildDomain (1ms)
		EndReloadAssembly (373ms)
			LoadAssemblies (57ms)
			RebuildTransferFunctionScriptingTraits (0ms)
			SetupTypeCache (76ms)
			ReleaseScriptCaches (0ms)
			RebuildScriptCaches (21ms)
			SetupLoadedEditorAssemblies (235ms)
				LogAssemblyErrors (0ms)
				InitializePlatformSupportModulesInManaged (6ms)
				SetLoadedEditorAssemblies (0ms)
				RefreshPlugins (80ms)
				BeforeProcessingInitializeOnLoad (1ms)
				ProcessInitializeOnLoadAttributes (112ms)
				ProcessInitializeOnLoadMethodAttributes (36ms)
				AfterProcessingInitializeOnLoad (0ms)
				EditorAssembliesLoaded (0ms)
			ExecutionOrderSort2 (0ms)
			AwakeInstancesAfterBackupRestoration (0ms)
Platform modules already initialized, skipping
Registering precompiled user dll's ...
Registered in 0.003620 seconds.
Begin MonoManager ReloadAssembly
Symbol file LoadedFromMemory doesn't match image G:\Transfer Stuff\GameDev\Unity\FantasyRPG\UnityFantasyRpg\Library\PackageCache\com.unity.visualscripting@1.7.8\Editor\VisualScripting.Core\Dependencies\YamlDotNet\Unity.VisualScripting.YamlDotNet.dll
Symbol file LoadedFromMemory doesn't match image G:\Transfer Stuff\GameDev\Unity\FantasyRPG\UnityFantasyRpg\Library\PackageCache\com.unity.visualscripting@1.7.8\Editor\VisualScripting.Core\Dependencies\DotNetZip\Unity.VisualScripting.IonicZip.dll
Native extension for WindowsStandalone target not found
Refreshing native plugins compatible for Editor in 0.96 ms, found 3 plugins.
Preloading 0 native plugins for Editor in 0.00 ms.
Mono: successfully reloaded assembly
- Completed reload, in  0.821 seconds
Domain Reload Profiling:
	ReloadAssembly (822ms)
		BeginReloadAssembly (96ms)
			ExecutionOrderSort (0ms)
			DisableScriptedObjects (5ms)
			BackupInstance (0ms)
			ReleaseScriptingObjects (0ms)
			CreateAndSetChildDomain (23ms)
		EndReloadAssembly (634ms)
			LoadAssemblies (64ms)
			RebuildTransferFunctionScriptingTraits (0ms)
			SetupTypeCache (188ms)
			ReleaseScriptCaches (1ms)
			RebuildScriptCaches (40ms)
			SetupLoadedEditorAssemblies (311ms)
				LogAssemblyErrors (0ms)
				InitializePlatformSupportModulesInManaged (4ms)
				SetLoadedEditorAssemblies (0ms)
				RefreshPlugins (1ms)
				BeforeProcessingInitializeOnLoad (66ms)
				ProcessInitializeOnLoadAttributes (215ms)
				ProcessInitializeOnLoadMethodAttributes (19ms)
				AfterProcessingInitializeOnLoad (6ms)
				EditorAssembliesLoaded (0ms)
			ExecutionOrderSort2 (0ms)
			AwakeInstancesAfterBackupRestoration (4ms)
Platform modules already initialized, skipping
========================================================================
Worker process is ready to serve import requests
Launched and connected shader compiler UnityShaderCompiler.exe after 0.04 seconds
Refreshing native plugins compatible for Editor in 2.15 ms, found 3 plugins.
Preloading 0 native plugins for Editor in 0.00 ms.
Unloading 3546 Unused Serialized files (Serialized files now loaded: 0)
Unloading 40 unused Assets / (185.9 KB). Loaded Objects now: 4024.
Memory consumption went from 143.9 MB to 143.8 MB.
Total: 3.060700 ms (FindLiveObjects: 0.266100 ms CreateObjectMapping: 0.097800 ms MarkObjects: 2.558600 ms  DeleteObjects: 0.137300 ms)

AssetImportParameters requested are different than current active one (requested -> active):
  custom:video-decoder-ogg-theora: a1e56fd34408186e4bbccfd4996cb3dc -> 
  custom:container-muxer-webm: aa71ff27fc2769a1b78a27578f13a17b -> 
  custom:container-demuxer-webm: 4f35f7cbe854078d1ac9338744f61a02 -> 
  custom:video-encoder-webm-vp8: eb34c28f22e8b96e1ab97ce403110664 -> 
  custom:video-codec-MediaFoundation-h265: 746d11721c4dcdbdad8f713fa42b33f4 -> 
  custom:audio-encoder-webm-vorbis: bf7c407c2cedff20999df2af8eb42d56 -> 
  custom:framework-win-MediaFoundation: 216162199b28c13a410421893ffa2e32 -> 
  custom:container-demuxer-ogg: 62fdf1f143b41e24485cea50d1cbac27 -> 
  custom:video-decoder-webm-vp8: 9c59270c3fd7afecdb556c50c9e8de78 -> 
  custom:audio-decoder-ogg-vorbis: bf7c407c2cedff20999df2af8eb42d56 -> 
========================================================================
Received Prepare
Registering precompiled user dll's ...
Registered in 0.004247 seconds.
Begin MonoManager ReloadAssembly
Symbol file LoadedFromMemory doesn't match image G:\Transfer Stuff\GameDev\Unity\FantasyRPG\UnityFantasyRpg\Library\PackageCache\com.unity.visualscripting@1.7.8\Editor\VisualScripting.Core\Dependencies\YamlDotNet\Unity.VisualScripting.YamlDotNet.dll
Symbol file LoadedFromMemory doesn't match image G:\Transfer Stuff\GameDev\Unity\FantasyRPG\UnityFantasyRpg\Library\PackageCache\com.unity.visualscripting@1.7.8\Editor\VisualScripting.Core\Dependencies\DotNetZip\Unity.VisualScripting.IonicZip.dll
Native extension for WindowsStandalone target not found
Refreshing native plugins compatible for Editor in 1.24 ms, found 3 plugins.
Preloading 0 native plugins for Editor in 0.00 ms.
Mono: successfully reloaded assembly
- Completed reload, in  0.943 seconds
Domain Reload Profiling:
	ReloadAssembly (944ms)
		BeginReloadAssembly (141ms)
			ExecutionOrderSort (0ms)
			DisableScriptedObjects (4ms)
			BackupInstance (0ms)
			ReleaseScriptingObjects (0ms)
			CreateAndSetChildDomain (44ms)
		EndReloadAssembly (724ms)
			LoadAssemblies (100ms)
			RebuildTransferFunctionScriptingTraits (0ms)
			SetupTypeCache (235ms)
			ReleaseScriptCaches (2ms)
			RebuildScriptCaches (39ms)
			SetupLoadedEditorAssemblies (333ms)
				LogAssemblyErrors (0ms)
				InitializePlatformSupportModulesInManaged (11ms)
				SetLoadedEditorAssemblies (0ms)
				RefreshPlugins (1ms)
				BeforeProcessingInitializeOnLoad (68ms)
				ProcessInitializeOnLoadAttributes (221ms)
				ProcessInitializeOnLoadMethodAttributes (25ms)
				AfterProcessingInitializeOnLoad (6ms)
				EditorAssembliesLoaded (0ms)
			ExecutionOrderSort2 (0ms)
			AwakeInstancesAfterBackupRestoration (5ms)
Platform modules already initialized, skipping
Refreshing native plugins compatible for Editor in 4.06 ms, found 3 plugins.
Preloading 0 native plugins for Editor in 0.00 ms.
Unloading 3522 Unused Serialized files (Serialized files now loaded: 0)
Unloading 21 unused Assets / (152.9 KB). Loaded Objects now: 4039.
Memory consumption went from 141.8 MB to 141.6 MB.
Total: 3.121100 ms (FindLiveObjects: 0.380700 ms CreateObjectMapping: 0.083600 ms MarkObjects: 2.540600 ms  DeleteObjects: 0.115200 ms)

AssetImportParameters requested are different than current active one (requested -> active):
  custom:video-decoder-ogg-theora: a1e56fd34408186e4bbccfd4996cb3dc -> 
  custom:container-muxer-webm: aa71ff27fc2769a1b78a27578f13a17b -> 
  custom:container-demuxer-webm: 4f35f7cbe854078d1ac9338744f61a02 -> 
  custom:video-encoder-webm-vp8: eb34c28f22e8b96e1ab97ce403110664 -> 
  custom:video-codec-MediaFoundation-h265: 746d11721c4dcdbdad8f713fa42b33f4 -> 
  custom:audio-encoder-webm-vorbis: bf7c407c2cedff20999df2af8eb42d56 -> 
  custom:framework-win-MediaFoundation: 216162199b28c13a410421893ffa2e32 -> 
  custom:container-demuxer-ogg: 62fdf1f143b41e24485cea50d1cbac27 -> 
  custom:video-decoder-webm-vp8: 9c59270c3fd7afecdb556c50c9e8de78 -> 
  custom:audio-decoder-ogg-vorbis: bf7c407c2cedff20999df2af8eb42d56 -> 
========================================================================
Received Prepare
Registering precompiled user dll's ...
Registered in 0.003093 seconds.
Begin MonoManager ReloadAssembly
Symbol file LoadedFromMemory doesn't match image G:\Transfer Stuff\GameDev\Unity\FantasyRPG\UnityFantasyRpg\Library\PackageCache\com.unity.visualscripting@1.7.8\Editor\VisualScripting.Core\Dependencies\YamlDotNet\Unity.VisualScripting.YamlDotNet.dll
Symbol file LoadedFromMemory doesn't match image G:\Transfer Stuff\GameDev\Unity\FantasyRPG\UnityFantasyRpg\Library\PackageCache\com.unity.visualscripting@1.7.8\Editor\VisualScripting.Core\Dependencies\DotNetZip\Unity.VisualScripting.IonicZip.dll
Native extension for WindowsStandalone target not found
Refreshing native plugins compatible for Editor in 1.10 ms, found 3 plugins.
Preloading 0 native plugins for Editor in 0.00 ms.
Mono: successfully reloaded assembly
- Completed reload, in  0.721 seconds
Domain Reload Profiling:
	ReloadAssembly (721ms)
		BeginReloadAssembly (104ms)
			ExecutionOrderSort (0ms)
			DisableScriptedObjects (3ms)
			BackupInstance (0ms)
			ReleaseScriptingObjects (0ms)
			CreateAndSetChildDomain (33ms)
		EndReloadAssembly (548ms)
			LoadAssemblies (59ms)
			RebuildTransferFunctionScriptingTraits (0ms)
			SetupTypeCache (170ms)
			ReleaseScriptCaches (1ms)
			RebuildScriptCaches (29ms)
			SetupLoadedEditorAssemblies (261ms)
				LogAssemblyErrors (0ms)
				InitializePlatformSupportModulesInManaged (9ms)
				SetLoadedEditorAssemblies (0ms)
				RefreshPlugins (1ms)
				BeforeProcessingInitializeOnLoad (51ms)
				ProcessInitializeOnLoadAttributes (173ms)
				ProcessInitializeOnLoadMethodAttributes (20ms)
				AfterProcessingInitializeOnLoad (6ms)
				EditorAssembliesLoaded (0ms)
			ExecutionOrderSort2 (0ms)
			AwakeInstancesAfterBackupRestoration (5ms)
Platform modules already initialized, skipping
Refreshing native plugins compatible for Editor in 2.12 ms, found 3 plugins.
Preloading 0 native plugins for Editor in 0.00 ms.
Unloading 3522 Unused Serialized files (Serialized files now loaded: 0)
Unloading 21 unused Assets / (152.8 KB). Loaded Objects now: 4054.
Memory consumption went from 141.8 MB to 141.7 MB.
Total: 3.425400 ms (FindLiveObjects: 0.296600 ms CreateObjectMapping: 0.082900 ms MarkObjects: 2.851400 ms  DeleteObjects: 0.192400 ms)

AssetImportParameters requested are different than current active one (requested -> active):
  custom:video-decoder-ogg-theora: a1e56fd34408186e4bbccfd4996cb3dc -> 
  custom:container-muxer-webm: aa71ff27fc2769a1b78a27578f13a17b -> 
  custom:container-demuxer-webm: 4f35f7cbe854078d1ac9338744f61a02 -> 
  custom:video-encoder-webm-vp8: eb34c28f22e8b96e1ab97ce403110664 -> 
  custom:video-codec-MediaFoundation-h265: 746d11721c4dcdbdad8f713fa42b33f4 -> 
  custom:audio-encoder-webm-vorbis: bf7c407c2cedff20999df2af8eb42d56 -> 
  custom:framework-win-MediaFoundation: 216162199b28c13a410421893ffa2e32 -> 
  custom:container-demuxer-ogg: 62fdf1f143b41e24485cea50d1cbac27 -> 
  custom:video-decoder-webm-vp8: 9c59270c3fd7afecdb556c50c9e8de78 -> 
  custom:audio-decoder-ogg-vorbis: bf7c407c2cedff20999df2af8eb42d56 -> 
========================================================================
Received Prepare
Registering precompiled user dll's ...
Registered in 0.002975 seconds.
Begin MonoManager ReloadAssembly
Symbol file LoadedFromMemory doesn't match image G:\Transfer Stuff\GameDev\Unity\FantasyRPG\UnityFantasyRpg\Library\PackageCache\com.unity.visualscripting@1.7.8\Editor\VisualScripting.Core\Dependencies\YamlDotNet\Unity.VisualScripting.YamlDotNet.dll
Symbol file LoadedFromMemory doesn't match image G:\Transfer Stuff\GameDev\Unity\FantasyRPG\UnityFantasyRpg\Library\PackageCache\com.unity.visualscripting@1.7.8\Editor\VisualScripting.Core\Dependencies\DotNetZip\Unity.VisualScripting.IonicZip.dll
Native extension for WindowsStandalone target not found
Refreshing native plugins compatible for Editor in 1.06 ms, found 3 plugins.
Preloading 0 native plugins for Editor in 0.00 ms.
Mono: successfully reloaded assembly
- Completed reload, in  0.721 seconds
Domain Reload Profiling:
	ReloadAssembly (721ms)
		BeginReloadAssembly (103ms)
			ExecutionOrderSort (0ms)
			DisableScriptedObjects (3ms)
			BackupInstance (0ms)
			ReleaseScriptingObjects (0ms)
			CreateAndSetChildDomain (33ms)
		EndReloadAssembly (549ms)
			LoadAssemblies (58ms)
			RebuildTransferFunctionScriptingTraits (0ms)
			SetupTypeCache (177ms)
			ReleaseScriptCaches (1ms)
			RebuildScriptCaches (30ms)
			SetupLoadedEditorAssemblies (256ms)
				LogAssemblyErrors (0ms)
				InitializePlatformSupportModulesInManaged (9ms)
				SetLoadedEditorAssemblies (0ms)
				RefreshPlugins (1ms)
				BeforeProcessingInitializeOnLoad (48ms)
				ProcessInitializeOnLoadAttributes (171ms)
				ProcessInitializeOnLoadMethodAttributes (20ms)
				AfterProcessingInitializeOnLoad (6ms)
				EditorAssembliesLoaded (0ms)
			ExecutionOrderSort2 (0ms)
			AwakeInstancesAfterBackupRestoration (4ms)
Platform modules already initialized, skipping
Refreshing native plugins compatible for Editor in 2.32 ms, found 3 plugins.
Preloading 0 native plugins for Editor in 0.00 ms.
Unloading 3522 Unused Serialized files (Serialized files now loaded: 0)
Unloading 21 unused Assets / (152.9 KB). Loaded Objects now: 4069.
Memory consumption went from 141.9 MB to 141.7 MB.
Total: 3.203500 ms (FindLiveObjects: 0.278400 ms CreateObjectMapping: 0.163000 ms MarkObjects: 2.646500 ms  DeleteObjects: 0.115000 ms)

AssetImportParameters requested are different than current active one (requested -> active):
  custom:video-decoder-ogg-theora: a1e56fd34408186e4bbccfd4996cb3dc -> 
  custom:container-muxer-webm: aa71ff27fc2769a1b78a27578f13a17b -> 
  custom:container-demuxer-webm: 4f35f7cbe854078d1ac9338744f61a02 -> 
  custom:video-encoder-webm-vp8: eb34c28f22e8b96e1ab97ce403110664 -> 
  custom:video-codec-MediaFoundation-h265: 746d11721c4dcdbdad8f713fa42b33f4 -> 
  custom:audio-encoder-webm-vorbis: bf7c407c2cedff20999df2af8eb42d56 -> 
  custom:framework-win-MediaFoundation: 216162199b28c13a410421893ffa2e32 -> 
  custom:container-demuxer-ogg: 62fdf1f143b41e24485cea50d1cbac27 -> 
  custom:video-decoder-webm-vp8: 9c59270c3fd7afecdb556c50c9e8de78 -> 
  custom:audio-decoder-ogg-vorbis: bf7c407c2cedff20999df2af8eb42d56 -> 
========================================================================
Received Prepare
Registering precompiled user dll's ...
Registered in 0.003214 seconds.
Begin MonoManager ReloadAssembly
Symbol file LoadedFromMemory doesn't match image G:\Transfer Stuff\GameDev\Unity\FantasyRPG\UnityFantasyRpg\Library\PackageCache\com.unity.visualscripting@1.7.8\Editor\VisualScripting.Core\Dependencies\YamlDotNet\Unity.VisualScripting.YamlDotNet.dll
Symbol file LoadedFromMemory doesn't match image G:\Transfer Stuff\GameDev\Unity\FantasyRPG\UnityFantasyRpg\Library\PackageCache\com.unity.visualscripting@1.7.8\Editor\VisualScripting.Core\Dependencies\DotNetZip\Unity.VisualScripting.IonicZip.dll
Native extension for WindowsStandalone target not found
Refreshing native plugins compatible for Editor in 1.12 ms, found 3 plugins.
Preloading 0 native plugins for Editor in 0.00 ms.
Mono: successfully reloaded assembly
- Completed reload, in  0.722 seconds
Domain Reload Profiling:
	ReloadAssembly (723ms)
		BeginReloadAssembly (104ms)
			ExecutionOrderSort (0ms)
			DisableScriptedObjects (3ms)
			BackupInstance (0ms)
			ReleaseScriptingObjects (0ms)
			CreateAndSetChildDomain (33ms)
		EndReloadAssembly (549ms)
			LoadAssemblies (59ms)
			RebuildTransferFunctionScriptingTraits (0ms)
			SetupTypeCache (170ms)
			ReleaseScriptCaches (1ms)
			RebuildScriptCaches (30ms)
			SetupLoadedEditorAssemblies (261ms)
				LogAssemblyErrors (0ms)
				InitializePlatformSupportModulesInManaged (9ms)
				SetLoadedEditorAssemblies (0ms)
				RefreshPlugins (1ms)
				BeforeProcessingInitializeOnLoad (51ms)
				ProcessInitializeOnLoadAttributes (174ms)
				ProcessInitializeOnLoadMethodAttributes (20ms)
				AfterProcessingInitializeOnLoad (6ms)
				EditorAssembliesLoaded (0ms)
			ExecutionOrderSort2 (0ms)
			AwakeInstancesAfterBackupRestoration (4ms)
Platform modules already initialized, skipping
Refreshing native plugins compatible for Editor in 2.08 ms, found 3 plugins.
Preloading 0 native plugins for Editor in 0.00 ms.
Unloading 3522 Unused Serialized files (Serialized files now loaded: 0)
Unloading 21 unused Assets / (152.8 KB). Loaded Objects now: 4084.
Memory consumption went from 141.9 MB to 141.7 MB.
Total: 3.010600 ms (FindLiveObjects: 0.283600 ms CreateObjectMapping: 0.083600 ms MarkObjects: 2.529900 ms  DeleteObjects: 0.112700 ms)

AssetImportParameters requested are different than current active one (requested -> active):
  custom:video-decoder-ogg-theora: a1e56fd34408186e4bbccfd4996cb3dc -> 
  custom:container-muxer-webm: aa71ff27fc2769a1b78a27578f13a17b -> 
  custom:container-demuxer-webm: 4f35f7cbe854078d1ac9338744f61a02 -> 
  custom:video-encoder-webm-vp8: eb34c28f22e8b96e1ab97ce403110664 -> 
  custom:video-codec-MediaFoundation-h265: 746d11721c4dcdbdad8f713fa42b33f4 -> 
  custom:audio-encoder-webm-vorbis: bf7c407c2cedff20999df2af8eb42d56 -> 
  custom:framework-win-MediaFoundation: 216162199b28c13a410421893ffa2e32 -> 
  custom:container-demuxer-ogg: 62fdf1f143b41e24485cea50d1cbac27 -> 
  custom:video-decoder-webm-vp8: 9c59270c3fd7afecdb556c50c9e8de78 -> 
  custom:audio-decoder-ogg-vorbis: bf7c407c2cedff20999df2af8eb42d56 -> 
========================================================================
Received Prepare
Registering precompiled user dll's ...
Registered in 0.002897 seconds.
Begin MonoManager ReloadAssembly
Symbol file LoadedFromMemory doesn't match image G:\Transfer Stuff\GameDev\Unity\FantasyRPG\UnityFantasyRpg\Library\PackageCache\com.unity.visualscripting@1.7.8\Editor\VisualScripting.Core\Dependencies\YamlDotNet\Unity.VisualScripting.YamlDotNet.dll
Symbol file LoadedFromMemory doesn't match image G:\Transfer Stuff\GameDev\Unity\FantasyRPG\UnityFantasyRpg\Library\PackageCache\com.unity.visualscripting@1.7.8\Editor\VisualScripting.Core\Dependencies\DotNetZip\Unity.VisualScripting.IonicZip.dll
Native extension for WindowsStandalone target not found
Refreshing native plugins compatible for Editor in 1.10 ms, found 3 plugins.
Preloading 0 native plugins for Editor in 0.00 ms.
Mono: successfully reloaded assembly
- Completed reload, in  0.735 seconds
Domain Reload Profiling:
	ReloadAssembly (736ms)
		BeginReloadAssembly (103ms)
			ExecutionOrderSort (0ms)
			DisableScriptedObjects (3ms)
			BackupInstance (0ms)
			ReleaseScriptingObjects (0ms)
			CreateAndSetChildDomain (31ms)
		EndReloadAssembly (564ms)
			LoadAssemblies (59ms)
			RebuildTransferFunctionScriptingTraits (0ms)
			SetupTypeCache (185ms)
			ReleaseScriptCaches (2ms)
			RebuildScriptCaches (31ms)
			SetupLoadedEditorAssemblies (259ms)
				LogAssemblyErrors (0ms)
				InitializePlatformSupportModulesInManaged (9ms)
				SetLoadedEditorAssemblies (0ms)
				RefreshPlugins (1ms)
				BeforeProcessingInitializeOnLoad (48ms)
				ProcessInitializeOnLoadAttributes (174ms)
				ProcessInitializeOnLoadMethodAttributes (21ms)
				AfterProcessingInitializeOnLoad (6ms)
				EditorAssembliesLoaded (0ms)
			ExecutionOrderSort2 (0ms)
			AwakeInstancesAfterBackupRestoration (4ms)
Platform modules already initialized, skipping
Refreshing native plugins compatible for Editor in 2.28 ms, found 3 plugins.
Preloading 0 native plugins for Editor in 0.00 ms.
Unloading 3522 Unused Serialized files (Serialized files now loaded: 0)
Unloading 21 unused Assets / (152.8 KB). Loaded Objects now: 4099.
Memory consumption went from 141.9 MB to 141.8 MB.
Total: 2.953200 ms (FindLiveObjects: 0.282200 ms CreateObjectMapping: 0.088200 ms MarkObjects: 2.467100 ms  DeleteObjects: 0.114800 ms)

AssetImportParameters requested are different than current active one (requested -> active):
  custom:video-decoder-ogg-theora: a1e56fd34408186e4bbccfd4996cb3dc -> 
  custom:container-muxer-webm: aa71ff27fc2769a1b78a27578f13a17b -> 
  custom:container-demuxer-webm: 4f35f7cbe854078d1ac9338744f61a02 -> 
  custom:video-encoder-webm-vp8: eb34c28f22e8b96e1ab97ce403110664 -> 
  custom:video-codec-MediaFoundation-h265: 746d11721c4dcdbdad8f713fa42b33f4 -> 
  custom:audio-encoder-webm-vorbis: bf7c407c2cedff20999df2af8eb42d56 -> 
  custom:framework-win-MediaFoundation: 216162199b28c13a410421893ffa2e32 -> 
  custom:container-demuxer-ogg: 62fdf1f143b41e24485cea50d1cbac27 -> 
  custom:video-decoder-webm-vp8: 9c59270c3fd7afecdb556c50c9e8de78 -> 
  custom:audio-decoder-ogg-vorbis: bf7c407c2cedff20999df2af8eb42d56 -> 
========================================================================
Received Import Request.
  Time since last request: 993242.207875 seconds.
  path: Assets/PolygonDungeon/Models/SM_Wep_BrokenSword_01.fbx
  artifactKey: Guid(39047e10d197b034eae1d4bc4f90313f) Importer(815301076,1909f56bfc062723c751e8b465ee728b)
Start importing Assets/PolygonDungeon/Models/SM_Wep_BrokenSword_01.fbx using Guid(39047e10d197b034eae1d4bc4f90313f) Importer(815301076,1909f56bfc062723c751e8b465ee728b)  -> (artifact id: 'd3b448bd606c6b2df30be840ddd7bd90') in 0.152849 seconds 
========================================================================
Received Import Request.
  Time since last request: 0.000021 seconds.
  path: Assets/PolygonDungeon/Models/CollisionConvex/SM_Wep_Ornate_Sword_01_Convex.asset
  artifactKey: Guid(6dfdb203528207642a9a93cda851ea15) Importer(815301076,1909f56bfc062723c751e8b465ee728b)
Start importing Assets/PolygonDungeon/Models/CollisionConvex/SM_Wep_Ornate_Sword_01_Convex.asset using Guid(6dfdb203528207642a9a93cda851ea15) Importer(815301076,1909f56bfc062723c751e8b465ee728b)  -> (artifact id: '776c959fb101f7adb08222e323524c30') in 0.034592 seconds 
========================================================================
Received Import Request.
  Time since last request: 0.000026 seconds.
  path: Assets/PolygonDungeon/Models/SM_Wep_Crystal_Ornate_Straightsword_01.fbx
  artifactKey: Guid(61f4e8d2a5b031a41b97ad2c616ae894) Importer(815301076,1909f56bfc062723c751e8b465ee728b)
Start importing Assets/PolygonDungeon/Models/SM_Wep_Crystal_Ornate_Straightsword_01.fbx using Guid(61f4e8d2a5b031a41b97ad2c616ae894) Importer(815301076,1909f56bfc062723c751e8b465ee728b)  -> (artifact id: '46af111dcfd61fe1052f2cfcf4376a4d') in 0.038942 seconds 
========================================================================
Received Import Request.
  Time since last request: 0.000018 seconds.
  path: Assets/PolygonDungeon/Models/SM_Wep_Greatsword_Straight_01.fbx
  artifactKey: Guid(1b5a637a2abea174d9aff7195a85a687) Importer(815301076,1909f56bfc062723c751e8b465ee728b)
Start importing Assets/PolygonDungeon/Models/SM_Wep_Greatsword_Straight_01.fbx using Guid(1b5a637a2abea174d9aff7195a85a687) Importer(815301076,1909f56bfc062723c751e8b465ee728b)  -> (artifact id: '5fc9dd17f3562d8a0710d13c69b43a6d') in 0.035959 seconds 
========================================================================
Received Import Request.
  Time since last request: 0.000021 seconds.
  path: Assets/PolygonDungeon/Models/CollisionConvex/SM_Wep_BrokenSword_01_Convex.asset
  artifactKey: Guid(60b2a7f7020b3204c88877411d4c6fb5) Importer(815301076,1909f56bfc062723c751e8b465ee728b)
Start importing Assets/PolygonDungeon/Models/CollisionConvex/SM_Wep_BrokenSword_01_Convex.asset using Guid(60b2a7f7020b3204c88877411d4c6fb5) Importer(815301076,1909f56bfc062723c751e8b465ee728b)  -> (artifact id: '1a32059c6805723f9ed470b93e13f0fe') in 0.009653 seconds 
========================================================================
Received Import Request.
  Time since last request: 0.000020 seconds.
  path: Assets/PolygonDungeon/Models/SM_Wep_Ornate_Sword_02.fbx
  artifactKey: Guid(b24956cf5d4cc0e44a42e03d26fa5797) Importer(815301076,1909f56bfc062723c751e8b465ee728b)
Start importing Assets/PolygonDungeon/Models/SM_Wep_Ornate_Sword_02.fbx using Guid(b24956cf5d4cc0e44a42e03d26fa5797) Importer(815301076,1909f56bfc062723c751e8b465ee728b)  -> (artifact id: '3ea8cca648429b7bd087babfc8ab7bec') in 0.029884 seconds 
========================================================================
Received Import Request.
  Time since last request: 0.000017 seconds.
  path: Assets/PolygonDungeon/Models/SM_Wep_Ornate_Sword_01.fbx
  artifactKey: Guid(4287871038410604887de360267aed79) Importer(815301076,1909f56bfc062723c751e8b465ee728b)
Start importing Assets/PolygonDungeon/Models/SM_Wep_Ornate_Sword_01.fbx using Guid(4287871038410604887de360267aed79) Importer(815301076,1909f56bfc062723c751e8b465ee728b)  -> (artifact id: '90db83202c2c8141ad3195c8dd16b259') in 0.031582 seconds 
========================================================================
Received Import Request.
  Time since last request: 0.000017 seconds.
  path: Assets/PolygonDungeon/Models/CollisionConvex/SM_Wep_Crystal_Ornate_Straightsword_01_Convex.asset
  artifactKey: Guid(2816e07dbdd809d4d962a69afb384e1b) Importer(815301076,1909f56bfc062723c751e8b465ee728b)
Start importing Assets/PolygonDungeon/Models/CollisionConvex/SM_Wep_Crystal_Ornate_Straightsword_01_Convex.asset using Guid(2816e07dbdd809d4d962a69afb384e1b) Importer(815301076,1909f56bfc062723c751e8b465ee728b)  -> (artifact id: '4ad72d6425317b68f72ebdf81b447120') in 0.016678 seconds 
========================================================================
Received Import Request.
  Time since last request: 0.000030 seconds.
  path: Assets/PolygonDungeon/Models/SM_Wep_Crystal_DoubleSword_01.fbx
  artifactKey: Guid(e2f77c2fb4cfd2d448dfde6939fd0c05) Importer(815301076,1909f56bfc062723c751e8b465ee728b)
Start importing Assets/PolygonDungeon/Models/SM_Wep_Crystal_DoubleSword_01.fbx using Guid(e2f77c2fb4cfd2d448dfde6939fd0c05) Importer(815301076,1909f56bfc062723c751e8b465ee728b)  -> (artifact id: '456283da39d468d649300f93463d4244') in 0.052473 seconds 
========================================================================
Received Import Request.
  Time since last request: 16.361088 seconds.
  path: Assets/PolygonDungeon/Models/SM_Prop_Barrel_Broken_01.fbx
  artifactKey: Guid(cdd9bb726c29db5439375e05c2fb40ca) Importer(815301076,1909f56bfc062723c751e8b465ee728b)
Start importing Assets/PolygonDungeon/Models/SM_Prop_Barrel_Broken_01.fbx using Guid(cdd9bb726c29db5439375e05c2fb40ca) Importer(815301076,1909f56bfc062723c751e8b465ee728b)  -> (artifact id: '71d110d2282553929e2c0a5e2b007159') in 0.103700 seconds 
========================================================================
Received Import Request.
  Time since last request: 0.000025 seconds.
  path: Assets/PolygonDungeon/Models/SM_Prop_Bookcase_02.fbx
  artifactKey: Guid(6b95360b7154bc948957219dd6d67932) Importer(815301076,1909f56bfc062723c751e8b465ee728b)
Start importing Assets/PolygonDungeon/Models/SM_Prop_Bookcase_02.fbx using Guid(6b95360b7154bc948957219dd6d67932) Importer(815301076,1909f56bfc062723c751e8b465ee728b)  -> (artifact id: '2c08b6303c322a9cd34f30fa48cea76d') in 0.088924 seconds 
========================================================================
Received Import Request.
  Time since last request: 0.000030 seconds.
  path: Assets/PolygonDungeon/Models/SM_Prop_Bench_01.fbx
  artifactKey: Guid(f4bdbf0f268d3a641b502506a8307eec) Importer(815301076,1909f56bfc062723c751e8b465ee728b)
Start importing Assets/PolygonDungeon/Models/SM_Prop_Bench_01.fbx using Guid(f4bdbf0f268d3a641b502506a8307eec) Importer(815301076,1909f56bfc062723c751e8b465ee728b)  -> (artifact id: '62e7766ddd374fa6be02b0d506ec0471') in 0.048127 seconds 
========================================================================
Received Import Request.
  Time since last request: 0.000016 seconds.
  path: Assets/PolygonDungeon/Models/SM_Prop_Barrel_Large_01.fbx
  artifactKey: Guid(6aa15f6af799b724bbd155e4b4d13013) Importer(815301076,1909f56bfc062723c751e8b465ee728b)
Start importing Assets/PolygonDungeon/Models/SM_Prop_Barrel_Large_01.fbx using Guid(6aa15f6af799b724bbd155e4b4d13013) Importer(815301076,1909f56bfc062723c751e8b465ee728b)  -> (artifact id: '59514373013ddbf5d510eb3dd3836a8f') in 0.067112 seconds 
========================================================================
Received Import Request.
  Time since last request: 1.441149 seconds.
  path: Assets/PolygonDungeon/Models/SM_Prop_Candle_Stand_01.fbx
  artifactKey: Guid(0c9905ad64de12f4a9b37ea8e78c25cb) Importer(815301076,1909f56bfc062723c751e8b465ee728b)
Start importing Assets/PolygonDungeon/Models/SM_Prop_Candle_Stand_01.fbx using Guid(0c9905ad64de12f4a9b37ea8e78c25cb) Importer(815301076,1909f56bfc062723c751e8b465ee728b)  -> (artifact id: '928cf82100835b016f2a8b7726e6e41f') in 0.130686 seconds 
========================================================================
Received Import Request.
  Time since last request: 0.000021 seconds.
  path: Assets/PolygonDungeon/Models/SM_Prop_Candles_03.fbx
  artifactKey: Guid(acf2c3184d075a74eb537e1dfa14247f) Importer(815301076,1909f56bfc062723c751e8b465ee728b)
Start importing Assets/PolygonDungeon/Models/SM_Prop_Candles_03.fbx using Guid(acf2c3184d075a74eb537e1dfa14247f) Importer(815301076,1909f56bfc062723c751e8b465ee728b)  -> (artifact id: '4e103d4d9f090d79e413460e812b20d7') in 0.084263 seconds 
========================================================================
Received Import Request.
  Time since last request: 0.000030 seconds.
  path: Assets/PolygonDungeon/Models/SM_Prop_Candles_03_Particle.fbx
  artifactKey: Guid(4acdc63855b78dd458c94ab4f17bdc66) Importer(815301076,1909f56bfc062723c751e8b465ee728b)
Start importing Assets/PolygonDungeon/Models/SM_Prop_Candles_03_Particle.fbx using Guid(4acdc63855b78dd458c94ab4f17bdc66) Importer(815301076,1909f56bfc062723c751e8b465ee728b)  -> (artifact id: '155eb1bb7959f4240ba5709da1236ead') in 0.078613 seconds 
Editor requested this worker to shutdown with reason: Scaling down because of idle timeout
AssetImportWorker is now disconnected from the server
Process exiting
Exiting without the bug reporter. Application will terminate with return code 0