Using pre-set license
Built from '2021.3/staging' branch; Version is '2021.3.14f1 (eee1884e7226) revision 15655304'; Using compiler version '192829333'; Build Type 'Release'
OS: 'Windows 11  (10.0.22621) 64bit Professional' Language: 'en' Physical Memory: 24461 MB
BatchMode: 1, IsHumanControllingUs: 0, StartBugReporterOnCrash: 0, Is64bit: 1, IsPro: 1

COMMAND LINE ARGUMENTS:
C:\Program Files\Unity\Hub\Editor\2021.3.14f1\Editor\Unity.exe
-adb2
-batchMode
-noUpm
-name
AssetImportWorker3
-projectPath
G:/Transfer Stuff/GameDev/Unity/FantasyRPG/UnityFantasyRpg
-logFile
Logs/AssetImportWorker3.log
-srvPort
56419
Successfully changed project path to: G:/Transfer Stuff/GameDev/Unity/FantasyRPG/UnityFantasyRpg
G:/Transfer Stuff/GameDev/Unity/FantasyRPG/UnityFantasyRpg
[UnityMemory] Configuration Parameters - Can be set up in boot.config
    "memorysetup-bucket-allocator-granularity=16"
    "memorysetup-bucket-allocator-bucket-count=8"
    "memorysetup-bucket-allocator-block-size=33554432"
    "memorysetup-bucket-allocator-block-count=8"
    "memorysetup-main-allocator-block-size=16777216"
    "memorysetup-thread-allocator-block-size=16777216"
    "memorysetup-gfx-main-allocator-block-size=16777216"
    "memorysetup-gfx-thread-allocator-block-size=16777216"
    "memorysetup-cache-allocator-block-size=4194304"
    "memorysetup-typetree-allocator-block-size=2097152"
    "memorysetup-profiler-bucket-allocator-granularity=16"
    "memorysetup-profiler-bucket-allocator-bucket-count=8"
    "memorysetup-profiler-bucket-allocator-block-size=33554432"
    "memorysetup-profiler-bucket-allocator-block-count=8"
    "memorysetup-profiler-allocator-block-size=16777216"
    "memorysetup-profiler-editor-allocator-block-size=1048576"
    "memorysetup-temp-allocator-size-main=16777216"
    "memorysetup-job-temp-allocator-block-size=2097152"
    "memorysetup-job-temp-allocator-block-size-background=1048576"
    "memorysetup-job-temp-allocator-reduction-small-platforms=262144"
    "memorysetup-temp-allocator-size-background-worker=32768"
    "memorysetup-temp-allocator-size-job-worker=262144"
    "memorysetup-temp-allocator-size-preload-manager=33554432"
    "memorysetup-temp-allocator-size-nav-mesh-worker=65536"
    "memorysetup-temp-allocator-size-audio-worker=65536"
    "memorysetup-temp-allocator-size-cloud-worker=32768"
    "memorysetup-temp-allocator-size-gi-baking-worker=262144"
    "memorysetup-temp-allocator-size-gfx=262144"
Refreshing native plugins compatible for Editor in 86.07 ms, found 3 plugins.
Preloading 0 native plugins for Editor in 0.00 ms.
Initialize engine version: 2021.3.14f1 (eee1884e7226)
[Subsystems] Discovering subsystems at path C:/Program Files/Unity/Hub/Editor/2021.3.14f1/Editor/Data/Resources/UnitySubsystems
[Subsystems] Discovering subsystems at path G:/Transfer Stuff/GameDev/Unity/FantasyRPG/UnityFantasyRpg/Assets
GfxDevice: creating device client; threaded=0; jobified=0
Direct3D:
    Version:  Direct3D 11.0 [level 11.1]
    Renderer: NVIDIA GeForce RTX 3060 (ID=0x2487)
    Vendor:   NVIDIA
    VRAM:     12124 MB
    Driver:   31.0.15.2849
Initialize mono
Mono path[0] = 'C:/Program Files/Unity/Hub/Editor/2021.3.14f1/Editor/Data/Managed'
Mono path[1] = 'C:/Program Files/Unity/Hub/Editor/2021.3.14f1/Editor/Data/MonoBleedingEdge/lib/mono/unityjit-win32'
Mono config path = 'C:/Program Files/Unity/Hub/Editor/2021.3.14f1/Editor/Data/MonoBleedingEdge/etc'
Using monoOptions --debugger-agent=transport=dt_socket,embedding=1,server=y,suspend=n,address=127.0.0.1:56016
Begin MonoManager ReloadAssembly
Registering precompiled unity dll's ...
Register platform support module: C:/Program Files/Unity/Hub/Editor/2021.3.14f1/Editor/Data/PlaybackEngines/WindowsStandaloneSupport/UnityEditor.WindowsStandalone.Extensions.dll
Registered in 0.005211 seconds.
Native extension for WindowsStandalone target not found
Refreshing native plugins compatible for Editor in 57.33 ms, found 3 plugins.
Preloading 0 native plugins for Editor in 0.00 ms.
Mono: successfully reloaded assembly
- Completed reload, in  0.639 seconds
Domain Reload Profiling:
	ReloadAssembly (639ms)
		BeginReloadAssembly (108ms)
			ExecutionOrderSort (0ms)
			DisableScriptedObjects (0ms)
			BackupInstance (0ms)
			ReleaseScriptingObjects (0ms)
			CreateAndSetChildDomain (1ms)
		EndReloadAssembly (424ms)
			LoadAssemblies (105ms)
			RebuildTransferFunctionScriptingTraits (0ms)
			SetupTypeCache (117ms)
			ReleaseScriptCaches (0ms)
			RebuildScriptCaches (23ms)
			SetupLoadedEditorAssemblies (237ms)
				LogAssemblyErrors (0ms)
				InitializePlatformSupportModulesInManaged (7ms)
				SetLoadedEditorAssemblies (0ms)
				RefreshPlugins (57ms)
				BeforeProcessingInitializeOnLoad (1ms)
				ProcessInitializeOnLoadAttributes (129ms)
				ProcessInitializeOnLoadMethodAttributes (42ms)
				AfterProcessingInitializeOnLoad (0ms)
				EditorAssembliesLoaded (0ms)
			ExecutionOrderSort2 (0ms)
			AwakeInstancesAfterBackupRestoration (0ms)
Platform modules already initialized, skipping
Registering precompiled user dll's ...
Registered in 0.003785 seconds.
Begin MonoManager ReloadAssembly
Symbol file LoadedFromMemory doesn't match image G:\Transfer Stuff\GameDev\Unity\FantasyRPG\UnityFantasyRpg\Library\PackageCache\com.unity.visualscripting@1.7.8\Editor\VisualScripting.Core\Dependencies\YamlDotNet\Unity.VisualScripting.YamlDotNet.dll
Symbol file LoadedFromMemory doesn't match image G:\Transfer Stuff\GameDev\Unity\FantasyRPG\UnityFantasyRpg\Library\PackageCache\com.unity.visualscripting@1.7.8\Editor\VisualScripting.Core\Dependencies\DotNetZip\Unity.VisualScripting.IonicZip.dll
Native extension for WindowsStandalone target not found
Refreshing native plugins compatible for Editor in 0.91 ms, found 3 plugins.
Preloading 0 native plugins for Editor in 0.00 ms.
Mono: successfully reloaded assembly
- Completed reload, in  1.064 seconds
Domain Reload Profiling:
	ReloadAssembly (1065ms)
		BeginReloadAssembly (102ms)
			ExecutionOrderSort (0ms)
			DisableScriptedObjects (5ms)
			BackupInstance (0ms)
			ReleaseScriptingObjects (0ms)
			CreateAndSetChildDomain (22ms)
		EndReloadAssembly (875ms)
			LoadAssemblies (89ms)
			RebuildTransferFunctionScriptingTraits (0ms)
			SetupTypeCache (351ms)
			ReleaseScriptCaches (1ms)
			RebuildScriptCaches (57ms)
			SetupLoadedEditorAssemblies (340ms)
				LogAssemblyErrors (0ms)
				InitializePlatformSupportModulesInManaged (4ms)
				SetLoadedEditorAssemblies (0ms)
				RefreshPlugins (1ms)
				BeforeProcessingInitializeOnLoad (67ms)
				ProcessInitializeOnLoadAttributes (236ms)
				ProcessInitializeOnLoadMethodAttributes (23ms)
				AfterProcessingInitializeOnLoad (8ms)
				EditorAssembliesLoaded (0ms)
			ExecutionOrderSort2 (0ms)
			AwakeInstancesAfterBackupRestoration (5ms)
Platform modules already initialized, skipping
========================================================================
Worker process is ready to serve import requests
Launched and connected shader compiler UnityShaderCompiler.exe after 0.06 seconds
Refreshing native plugins compatible for Editor in 1.63 ms, found 3 plugins.
Preloading 0 native plugins for Editor in 0.00 ms.
Unloading 3625 Unused Serialized files (Serialized files now loaded: 0)
Unloading 38 unused Assets / (129.7 KB). Loaded Objects now: 4111.
Memory consumption went from 145.9 MB to 145.8 MB.
Total: 5.888500 ms (FindLiveObjects: 0.598500 ms CreateObjectMapping: 0.145400 ms MarkObjects: 4.962900 ms  DeleteObjects: 0.180400 ms)

AssetImportParameters requested are different than current active one (requested -> active):
  custom:video-decoder-ogg-theora: a1e56fd34408186e4bbccfd4996cb3dc -> 
  custom:container-muxer-webm: aa71ff27fc2769a1b78a27578f13a17b -> 
  custom:container-demuxer-webm: 4f35f7cbe854078d1ac9338744f61a02 -> 
  custom:video-encoder-webm-vp8: eb34c28f22e8b96e1ab97ce403110664 -> 
  custom:video-codec-MediaFoundation-h265: 746d11721c4dcdbdad8f713fa42b33f4 -> 
  custom:audio-encoder-webm-vorbis: bf7c407c2cedff20999df2af8eb42d56 -> 
  custom:framework-win-MediaFoundation: 216162199b28c13a410421893ffa2e32 -> 
  custom:container-demuxer-ogg: 62fdf1f143b41e24485cea50d1cbac27 -> 
  custom:video-decoder-webm-vp8: 9c59270c3fd7afecdb556c50c9e8de78 -> 
  custom:audio-decoder-ogg-vorbis: bf7c407c2cedff20999df2af8eb42d56 -> 
========================================================================
Received Import Request.
  Time since last request: 33145.049955 seconds.
  path: Assets/Materials/Materials/Crater14bcg.mat
  artifactKey: Guid(0b3b87181748ffc4f9b80c25a3b18d91) Importer(815301076,1909f56bfc062723c751e8b465ee728b)
Start importing Assets/Materials/Materials/Crater14bcg.mat using Guid(0b3b87181748ffc4f9b80c25a3b18d91) Importer(815301076,1909f56bfc062723c751e8b465ee728b)  -> (artifact id: '78d09c155473d23762b30ab7b2811534') in 0.219676 seconds 
========================================================================
Received Import Request.
  Time since last request: 0.000023 seconds.
  path: Assets/Materials/Materials/Flash3cg.mat
  artifactKey: Guid(2f061e69d76c79748883dd593a7e74c8) Importer(815301076,1909f56bfc062723c751e8b465ee728b)
Start importing Assets/Materials/Materials/Flash3cg.mat using Guid(2f061e69d76c79748883dd593a7e74c8) Importer(815301076,1909f56bfc062723c751e8b465ee728b)  -> (artifact id: '24d496b4c1292647e6e4d606b3002e88') in 0.081593 seconds 
========================================================================
Received Import Request.
  Time since last request: 0.000031 seconds.
  path: Assets/Materials/Materials/Flare6cg.mat
  artifactKey: Guid(82f16bfe1d124c54e877ead985da0dc0) Importer(815301076,1909f56bfc062723c751e8b465ee728b)
Start importing Assets/Materials/Materials/Flare6cg.mat using Guid(82f16bfe1d124c54e877ead985da0dc0) Importer(815301076,1909f56bfc062723c751e8b465ee728b)  -> (artifact id: 'bebb9f0e1fce4925d951be5f1bb81502') in 0.012184 seconds 
========================================================================
Received Import Request.
  Time since last request: 0.466829 seconds.
  path: Assets/Materials/Materials/Snow4cg.mat
  artifactKey: Guid(14d86213d7eb66d488a487dc38bc79d1) Importer(815301076,1909f56bfc062723c751e8b465ee728b)
Start importing Assets/Materials/Materials/Snow4cg.mat using Guid(14d86213d7eb66d488a487dc38bc79d1) Importer(815301076,1909f56bfc062723c751e8b465ee728b)  -> (artifact id: 'c9e5560e6d6a3c7de9390a6309f391a7') in 0.011774 seconds 
========================================================================
Received Import Request.
  Time since last request: 0.000024 seconds.
  path: Assets/Materials/Materials/Trail17bcg.mat
  artifactKey: Guid(46138b87c1e61ad40be6b4b3b5435b41) Importer(815301076,1909f56bfc062723c751e8b465ee728b)
Start importing Assets/Materials/Materials/Trail17bcg.mat using Guid(46138b87c1e61ad40be6b4b3b5435b41) Importer(815301076,1909f56bfc062723c751e8b465ee728b)  -> (artifact id: '727abe26d5a20e99b8b032d0394f3381') in 0.008360 seconds 
========================================================================
Received Import Request.
  Time since last request: 0.001701 seconds.
  path: Assets/Materials/Materials/Trail36bcg2.mat
  artifactKey: Guid(6ff94d486172b8b408b029d5efd8c52f) Importer(815301076,1909f56bfc062723c751e8b465ee728b)
Start importing Assets/Materials/Materials/Trail36bcg2.mat using Guid(6ff94d486172b8b408b029d5efd8c52f) Importer(815301076,1909f56bfc062723c751e8b465ee728b)  -> (artifact id: '732e9e08dbbb4451d9a07bacb9bf2c72') in 0.013363 seconds 
========================================================================
Received Import Request.
  Time since last request: 0.000022 seconds.
  path: Assets/Materials/Materials/Waves17cg.mat
  artifactKey: Guid(9047e616b5b02b745a5ae38f15567adc) Importer(815301076,1909f56bfc062723c751e8b465ee728b)
Start importing Assets/Materials/Materials/Waves17cg.mat using Guid(9047e616b5b02b745a5ae38f15567adc) Importer(815301076,1909f56bfc062723c751e8b465ee728b)  -> (artifact id: 'e717e05687250b33d88e8f9c79073f95') in 0.009377 seconds 
========================================================================
Received Import Request.
  Time since last request: 33.355631 seconds.
  path: Assets/Toon Fantasy Nature/Textures/TFF_Noise_2.tga
  artifactKey: Guid(41d01fe6e8db970449385e7f43d4aa06) Importer(815301076,1909f56bfc062723c751e8b465ee728b)
Start importing Assets/Toon Fantasy Nature/Textures/TFF_Noise_2.tga using Guid(41d01fe6e8db970449385e7f43d4aa06) Importer(815301076,1909f56bfc062723c751e8b465ee728b)  -> (artifact id: '9a16542f38e627b4f200a4ee33234437') in 0.022599 seconds 
========================================================================
Received Import Request.
  Time since last request: 21.647287 seconds.
  path: Assets/PolygonDungeon/Models/SM_Env_CrackedRock_03.fbx
  artifactKey: Guid(3a22ac37a005da34aac8206a042bd3fa) Importer(815301076,1909f56bfc062723c751e8b465ee728b)
Start importing Assets/PolygonDungeon/Models/SM_Env_CrackedRock_03.fbx using Guid(3a22ac37a005da34aac8206a042bd3fa) Importer(815301076,1909f56bfc062723c751e8b465ee728b)  -> (artifact id: '179ae6fad346dfc54ac0a86f254ebcde') in 0.080160 seconds 
========================================================================
Received Import Request.
  Time since last request: 0.000027 seconds.
  path: Assets/PolygonDungeon/Models/SM_Env_Wall_Rock_Blocked_01.fbx
  artifactKey: Guid(360b11a01fcedd641a6e625034557728) Importer(815301076,1909f56bfc062723c751e8b465ee728b)
Start importing Assets/PolygonDungeon/Models/SM_Env_Wall_Rock_Blocked_01.fbx using Guid(360b11a01fcedd641a6e625034557728) Importer(815301076,1909f56bfc062723c751e8b465ee728b)  -> (artifact id: 'd1a24256bbd695800dcfc4667e9d41f8') in 0.017539 seconds 
========================================================================
Received Import Request.
  Time since last request: 0.000036 seconds.
  path: Assets/Toon Fantasy Nature/Models/Colliders/TFF_Rock_Medium_01A_MeshCollider.fbx
  artifactKey: Guid(11e253602f5c91345b33916f65ae0a23) Importer(815301076,1909f56bfc062723c751e8b465ee728b)
Start importing Assets/Toon Fantasy Nature/Models/Colliders/TFF_Rock_Medium_01A_MeshCollider.fbx using Guid(11e253602f5c91345b33916f65ae0a23) Importer(815301076,1909f56bfc062723c751e8b465ee728b)  -> (artifact id: 'beca6bf3126c6c32cac237d24cf446f0') in 0.017070 seconds 
========================================================================
Received Import Request.
  Time since last request: 34.285045 seconds.
  path: Assets/Toon Fantasy Nature/Models/TFF_Glowing_Lilly_02B.fbx
  artifactKey: Guid(2fb51878b2c014141812d4f4700534b8) Importer(815301076,1909f56bfc062723c751e8b465ee728b)
Start importing Assets/Toon Fantasy Nature/Models/TFF_Glowing_Lilly_02B.fbx using Guid(2fb51878b2c014141812d4f4700534b8) Importer(815301076,1909f56bfc062723c751e8b465ee728b)  -> (artifact id: '8f0f20313a32ac1786fe0fc52fc67ffc') in 0.154069 seconds 
========================================================================
Received Import Request.
  Time since last request: 0.000024 seconds.
  path: Assets/Toon Fantasy Nature/Models/TFF_Water_LillY_Leaf_01A.fbx
  artifactKey: Guid(d09412bf51c0e5f4c8b332ff2db438bf) Importer(815301076,1909f56bfc062723c751e8b465ee728b)
Start importing Assets/Toon Fantasy Nature/Models/TFF_Water_LillY_Leaf_01A.fbx using Guid(d09412bf51c0e5f4c8b332ff2db438bf) Importer(815301076,1909f56bfc062723c751e8b465ee728b)  -> (artifact id: '862da0759d55c530ab6b2c234aa04bac') in 0.089934 seconds 
========================================================================
Received Import Request.
  Time since last request: 66.170990 seconds.
  path: Assets/Objects/Vegetation/Water Plants/TFF_Lotus_Leaf_01B.prefab
  artifactKey: Guid(c72e17c6558bcc9458c9a85478a7d017) Importer(815301076,1909f56bfc062723c751e8b465ee728b)
Start importing Assets/Objects/Vegetation/Water Plants/TFF_Lotus_Leaf_01B.prefab using Guid(c72e17c6558bcc9458c9a85478a7d017) Importer(815301076,1909f56bfc062723c751e8b465ee728b)  -> (artifact id: '0cc83dfb224c29e91865fa69d01e5e68') in 0.018957 seconds 
========================================================================
Received Import Request.
  Time since last request: 31.318949 seconds.
  path: Assets/Animations/Ghost Animation/Standing 2H Magic Attack 01.fbx
  artifactKey: Guid(0e2dab47f2bf07f47ac120823f65b391) Importer(815301076,1909f56bfc062723c751e8b465ee728b)
Start importing Assets/Animations/Ghost Animation/Standing 2H Magic Attack 01.fbx using Guid(0e2dab47f2bf07f47ac120823f65b391) Importer(815301076,1909f56bfc062723c751e8b465ee728b)  -> (artifact id: '689fc3ac76fd9a4b7ce28fec284641b4') in 0.126205 seconds 
========================================================================
Received Import Request.
  Time since last request: 4.954437 seconds.
  path: Assets/PolygonDungeon/Prefabs/Props/SM_Prop_Barrel_02.prefab
  artifactKey: Guid(eb2fd9123802bbb43bd44dd7dd3c8df4) Importer(815301076,1909f56bfc062723c751e8b465ee728b)
Start importing Assets/PolygonDungeon/Prefabs/Props/SM_Prop_Barrel_02.prefab using Guid(eb2fd9123802bbb43bd44dd7dd3c8df4) Importer(815301076,1909f56bfc062723c751e8b465ee728b)  -> (artifact id: 'ed800ff0de39ae7eab0379824bd04d05') in 0.031118 seconds 
========================================================================
Received Import Request.
  Time since last request: 0.000022 seconds.
  path: Assets/PolygonDungeon/Models/SM_Prop_Barrel_Broken_01.fbx
  artifactKey: Guid(cdd9bb726c29db5439375e05c2fb40ca) Importer(815301076,1909f56bfc062723c751e8b465ee728b)
Start importing Assets/PolygonDungeon/Models/SM_Prop_Barrel_Broken_01.fbx using Guid(cdd9bb726c29db5439375e05c2fb40ca) Importer(815301076,1909f56bfc062723c751e8b465ee728b)  -> (artifact id: '71d110d2282553929e2c0a5e2b007159') in 0.079149 seconds 
========================================================================
Received Import Request.
  Time since last request: 0.000016 seconds.
  path: Assets/PolygonDungeon/Models/CollisionConvex/SM_Prop_Barrel_Broken_02_Convex.asset
  artifactKey: Guid(887fbe9704aada24abd7e34be6384e7e) Importer(815301076,1909f56bfc062723c751e8b465ee728b)
Start importing Assets/PolygonDungeon/Models/CollisionConvex/SM_Prop_Barrel_Broken_02_Convex.asset using Guid(887fbe9704aada24abd7e34be6384e7e) Importer(815301076,1909f56bfc062723c751e8b465ee728b)  -> (artifact id: '62f3d109c39154056026dcac69956949') in 0.010991 seconds 
========================================================================
Received Import Request.
  Time since last request: 48.181674 seconds.
  path: Assets/Sounds/GoblinSounds/Dagger woosh 5.wav
  artifactKey: Guid(d3620962c4aa5df4d87d81425515033c) Importer(815301076,1909f56bfc062723c751e8b465ee728b)
Start importing Assets/Sounds/GoblinSounds/Dagger woosh 5.wav using Guid(d3620962c4aa5df4d87d81425515033c) Importer(815301076,1909f56bfc062723c751e8b465ee728b)  -> (artifact id: '55c022aef0cefdbb79c69dd400029453') in 0.059627 seconds 
========================================================================
Received Import Request.
  Time since last request: 0.000022 seconds.
  path: Assets/Sounds/GoblinSounds/Small Monster Footsteps.wav
  artifactKey: Guid(e88ff04de5deb4345beaacb25a149f0c) Importer(815301076,1909f56bfc062723c751e8b465ee728b)
Start importing Assets/Sounds/GoblinSounds/Small Monster Footsteps.wav using Guid(e88ff04de5deb4345beaacb25a149f0c) Importer(815301076,1909f56bfc062723c751e8b465ee728b)  -> (artifact id: 'ae2fe06f30f5b256a276395c1068a8e9') in 0.038473 seconds 
========================================================================
Received Prepare
Registering precompiled user dll's ...
Registered in 0.004597 seconds.
Begin MonoManager ReloadAssembly
Symbol file LoadedFromMemory doesn't match image G:\Transfer Stuff\GameDev\Unity\FantasyRPG\UnityFantasyRpg\Library\PackageCache\com.unity.visualscripting@1.7.8\Editor\VisualScripting.Core\Dependencies\YamlDotNet\Unity.VisualScripting.YamlDotNet.dll
Symbol file LoadedFromMemory doesn't match image G:\Transfer Stuff\GameDev\Unity\FantasyRPG\UnityFantasyRpg\Library\PackageCache\com.unity.visualscripting@1.7.8\Editor\VisualScripting.Core\Dependencies\DotNetZip\Unity.VisualScripting.IonicZip.dll
Native extension for WindowsStandalone target not found
Refreshing native plugins compatible for Editor in 0.91 ms, found 3 plugins.
Preloading 0 native plugins for Editor in 0.00 ms.
Mono: successfully reloaded assembly
- Completed reload, in  0.882 seconds
Domain Reload Profiling:
	ReloadAssembly (882ms)
		BeginReloadAssembly (132ms)
			ExecutionOrderSort (0ms)
			DisableScriptedObjects (4ms)
			BackupInstance (0ms)
			ReleaseScriptingObjects (0ms)
			CreateAndSetChildDomain (42ms)
		EndReloadAssembly (670ms)
			LoadAssemblies (84ms)
			RebuildTransferFunctionScriptingTraits (0ms)
			SetupTypeCache (194ms)
			ReleaseScriptCaches (2ms)
			RebuildScriptCaches (38ms)
			SetupLoadedEditorAssemblies (321ms)
				LogAssemblyErrors (0ms)
				InitializePlatformSupportModulesInManaged (11ms)
				SetLoadedEditorAssemblies (0ms)
				RefreshPlugins (1ms)
				BeforeProcessingInitializeOnLoad (54ms)
				ProcessInitializeOnLoadAttributes (223ms)
				ProcessInitializeOnLoadMethodAttributes (24ms)
				AfterProcessingInitializeOnLoad (7ms)
				EditorAssembliesLoaded (0ms)
			ExecutionOrderSort2 (0ms)
			AwakeInstancesAfterBackupRestoration (5ms)
Platform modules already initialized, skipping
Refreshing native plugins compatible for Editor in 2.85 ms, found 3 plugins.
Preloading 0 native plugins for Editor in 0.00 ms.
Unloading 3593 Unused Serialized files (Serialized files now loaded: 0)
Unloading 19 unused Assets / (95.3 KB). Loaded Objects now: 4176.
Memory consumption went from 160.4 MB to 160.4 MB.
Total: 5.258700 ms (FindLiveObjects: 0.557500 ms CreateObjectMapping: 0.248400 ms MarkObjects: 4.397300 ms  DeleteObjects: 0.054400 ms)

AssetImportParameters requested are different than current active one (requested -> active):
  custom:video-decoder-ogg-theora: a1e56fd34408186e4bbccfd4996cb3dc -> 
  custom:container-muxer-webm: aa71ff27fc2769a1b78a27578f13a17b -> 
  custom:container-demuxer-webm: 4f35f7cbe854078d1ac9338744f61a02 -> 
  custom:video-encoder-webm-vp8: eb34c28f22e8b96e1ab97ce403110664 -> 
  custom:video-codec-MediaFoundation-h265: 746d11721c4dcdbdad8f713fa42b33f4 -> 
  custom:audio-encoder-webm-vorbis: bf7c407c2cedff20999df2af8eb42d56 -> 
  custom:framework-win-MediaFoundation: 216162199b28c13a410421893ffa2e32 -> 
  custom:container-demuxer-ogg: 62fdf1f143b41e24485cea50d1cbac27 -> 
  custom:video-decoder-webm-vp8: 9c59270c3fd7afecdb556c50c9e8de78 -> 
  custom:audio-decoder-ogg-vorbis: bf7c407c2cedff20999df2af8eb42d56 -> 
========================================================================
Received Prepare
Registering precompiled user dll's ...
Registered in 0.003529 seconds.
Begin MonoManager ReloadAssembly
Symbol file LoadedFromMemory doesn't match image G:\Transfer Stuff\GameDev\Unity\FantasyRPG\UnityFantasyRpg\Library\PackageCache\com.unity.visualscripting@1.7.8\Editor\VisualScripting.Core\Dependencies\YamlDotNet\Unity.VisualScripting.YamlDotNet.dll
Symbol file LoadedFromMemory doesn't match image G:\Transfer Stuff\GameDev\Unity\FantasyRPG\UnityFantasyRpg\Library\PackageCache\com.unity.visualscripting@1.7.8\Editor\VisualScripting.Core\Dependencies\DotNetZip\Unity.VisualScripting.IonicZip.dll
Native extension for WindowsStandalone target not found
Refreshing native plugins compatible for Editor in 0.76 ms, found 3 plugins.
Preloading 0 native plugins for Editor in 0.00 ms.
Mono: successfully reloaded assembly
- Completed reload, in  0.822 seconds
Domain Reload Profiling:
	ReloadAssembly (823ms)
		BeginReloadAssembly (127ms)
			ExecutionOrderSort (0ms)
			DisableScriptedObjects (3ms)
			BackupInstance (0ms)
			ReleaseScriptingObjects (0ms)
			CreateAndSetChildDomain (39ms)
		EndReloadAssembly (617ms)
			LoadAssemblies (92ms)
			RebuildTransferFunctionScriptingTraits (0ms)
			SetupTypeCache (197ms)
			ReleaseScriptCaches (1ms)
			RebuildScriptCaches (32ms)
			SetupLoadedEditorAssemblies (272ms)
				LogAssemblyErrors (0ms)
				InitializePlatformSupportModulesInManaged (13ms)
				SetLoadedEditorAssemblies (0ms)
				RefreshPlugins (1ms)
				BeforeProcessingInitializeOnLoad (52ms)
				ProcessInitializeOnLoadAttributes (177ms)
				ProcessInitializeOnLoadMethodAttributes (20ms)
				AfterProcessingInitializeOnLoad (8ms)
				EditorAssembliesLoaded (0ms)
			ExecutionOrderSort2 (0ms)
			AwakeInstancesAfterBackupRestoration (5ms)
Platform modules already initialized, skipping
Refreshing native plugins compatible for Editor in 3.15 ms, found 3 plugins.
Preloading 0 native plugins for Editor in 0.00 ms.
Unloading 3593 Unused Serialized files (Serialized files now loaded: 0)
Unloading 19 unused Assets / (95.3 KB). Loaded Objects now: 4191.
Memory consumption went from 160.5 MB to 160.4 MB.
Total: 5.407200 ms (FindLiveObjects: 0.540400 ms CreateObjectMapping: 0.225400 ms MarkObjects: 4.586700 ms  DeleteObjects: 0.052800 ms)

AssetImportParameters requested are different than current active one (requested -> active):
  custom:video-decoder-ogg-theora: a1e56fd34408186e4bbccfd4996cb3dc -> 
  custom:container-muxer-webm: aa71ff27fc2769a1b78a27578f13a17b -> 
  custom:container-demuxer-webm: 4f35f7cbe854078d1ac9338744f61a02 -> 
  custom:video-encoder-webm-vp8: eb34c28f22e8b96e1ab97ce403110664 -> 
  custom:video-codec-MediaFoundation-h265: 746d11721c4dcdbdad8f713fa42b33f4 -> 
  custom:audio-encoder-webm-vorbis: bf7c407c2cedff20999df2af8eb42d56 -> 
  custom:framework-win-MediaFoundation: 216162199b28c13a410421893ffa2e32 -> 
  custom:container-demuxer-ogg: 62fdf1f143b41e24485cea50d1cbac27 -> 
  custom:video-decoder-webm-vp8: 9c59270c3fd7afecdb556c50c9e8de78 -> 
  custom:audio-decoder-ogg-vorbis: bf7c407c2cedff20999df2af8eb42d56 -> 
Editor requested this worker to shutdown with reason: Scaling down because of idle timeout
AssetImportWorker is now disconnected from the server
Process exiting
Exiting without the bug reporter. Application will terminate with return code 0