Using pre-set license
Built from '2021.3/staging' branch; Version is '2021.3.14f1 (eee1884e7226) revision 15655304'; Using compiler version '192829333'; Build Type 'Release'
OS: 'Windows 11  (10.0.22621) 64bit Professional' Language: 'en' Physical Memory: 24461 MB
BatchMode: 1, IsHumanControllingUs: 0, StartBugReporterOnCrash: 0, Is64bit: 1, IsPro: 1

COMMAND LINE ARGUMENTS:
C:\Program Files\Unity\Hub\Editor\2021.3.14f1\Editor\Unity.exe
-adb2
-batchMode
-noUpm
-name
AssetImportWorker35
-projectPath
G:/Transfer Stuff/GameDev/Unity/FantasyRPG/UnityFantasyRpg
-logFile
Logs/AssetImportWorker35.log
-srvPort
64560
Successfully changed project path to: G:/Transfer Stuff/GameDev/Unity/FantasyRPG/UnityFantasyRpg
G:/Transfer Stuff/GameDev/Unity/FantasyRPG/UnityFantasyRpg
[UnityMemory] Configuration Parameters - Can be set up in boot.config
    "memorysetup-bucket-allocator-granularity=16"
    "memorysetup-bucket-allocator-bucket-count=8"
    "memorysetup-bucket-allocator-block-size=33554432"
    "memorysetup-bucket-allocator-block-count=8"
    "memorysetup-main-allocator-block-size=16777216"
    "memorysetup-thread-allocator-block-size=16777216"
    "memorysetup-gfx-main-allocator-block-size=16777216"
    "memorysetup-gfx-thread-allocator-block-size=16777216"
    "memorysetup-cache-allocator-block-size=4194304"
    "memorysetup-typetree-allocator-block-size=2097152"
    "memorysetup-profiler-bucket-allocator-granularity=16"
    "memorysetup-profiler-bucket-allocator-bucket-count=8"
    "memorysetup-profiler-bucket-allocator-block-size=33554432"
    "memorysetup-profiler-bucket-allocator-block-count=8"
    "memorysetup-profiler-allocator-block-size=16777216"
    "memorysetup-profiler-editor-allocator-block-size=1048576"
    "memorysetup-temp-allocator-size-main=16777216"
    "memorysetup-job-temp-allocator-block-size=2097152"
    "memorysetup-job-temp-allocator-block-size-background=1048576"
    "memorysetup-job-temp-allocator-reduction-small-platforms=262144"
    "memorysetup-temp-allocator-size-background-worker=32768"
    "memorysetup-temp-allocator-size-job-worker=262144"
    "memorysetup-temp-allocator-size-preload-manager=33554432"
    "memorysetup-temp-allocator-size-nav-mesh-worker=65536"
    "memorysetup-temp-allocator-size-audio-worker=65536"
    "memorysetup-temp-allocator-size-cloud-worker=32768"
    "memorysetup-temp-allocator-size-gi-baking-worker=262144"
    "memorysetup-temp-allocator-size-gfx=262144"
Refreshing native plugins compatible for Editor in 101.35 ms, found 3 plugins.
Preloading 0 native plugins for Editor in 0.00 ms.
Initialize engine version: 2021.3.14f1 (eee1884e7226)
[Subsystems] Discovering subsystems at path C:/Program Files/Unity/Hub/Editor/2021.3.14f1/Editor/Data/Resources/UnitySubsystems
[Subsystems] Discovering subsystems at path G:/Transfer Stuff/GameDev/Unity/FantasyRPG/UnityFantasyRpg/Assets
GfxDevice: creating device client; threaded=0; jobified=0
Direct3D:
    Version:  Direct3D 11.0 [level 11.1]
    Renderer: NVIDIA GeForce RTX 3060 (ID=0x2487)
    Vendor:   NVIDIA
    VRAM:     12124 MB
    Driver:   31.0.15.2686
Initialize mono
Mono path[0] = 'C:/Program Files/Unity/Hub/Editor/2021.3.14f1/Editor/Data/Managed'
Mono path[1] = 'C:/Program Files/Unity/Hub/Editor/2021.3.14f1/Editor/Data/MonoBleedingEdge/lib/mono/unityjit-win32'
Mono config path = 'C:/Program Files/Unity/Hub/Editor/2021.3.14f1/Editor/Data/MonoBleedingEdge/etc'
Using monoOptions --debugger-agent=transport=dt_socket,embedding=1,server=y,suspend=n,address=127.0.0.1:56288
Begin MonoManager ReloadAssembly
Registering precompiled unity dll's ...
Register platform support module: C:/Program Files/Unity/Hub/Editor/2021.3.14f1/Editor/Data/PlaybackEngines/WindowsStandaloneSupport/UnityEditor.WindowsStandalone.Extensions.dll
Registered in 0.005665 seconds.
Native extension for WindowsStandalone target not found
Refreshing native plugins compatible for Editor in 81.32 ms, found 3 plugins.
Preloading 0 native plugins for Editor in 0.00 ms.
Mono: successfully reloaded assembly
- Completed reload, in  0.664 seconds
Domain Reload Profiling:
	ReloadAssembly (665ms)
		BeginReloadAssembly (99ms)
			ExecutionOrderSort (0ms)
			DisableScriptedObjects (0ms)
			BackupInstance (0ms)
			ReleaseScriptingObjects (0ms)
			CreateAndSetChildDomain (1ms)
		EndReloadAssembly (450ms)
			LoadAssemblies (98ms)
			RebuildTransferFunctionScriptingTraits (0ms)
			SetupTypeCache (109ms)
			ReleaseScriptCaches (0ms)
			RebuildScriptCaches (20ms)
			SetupLoadedEditorAssemblies (271ms)
				LogAssemblyErrors (0ms)
				InitializePlatformSupportModulesInManaged (7ms)
				SetLoadedEditorAssemblies (0ms)
				RefreshPlugins (81ms)
				BeforeProcessingInitializeOnLoad (1ms)
				ProcessInitializeOnLoadAttributes (136ms)
				ProcessInitializeOnLoadMethodAttributes (44ms)
				AfterProcessingInitializeOnLoad (0ms)
				EditorAssembliesLoaded (0ms)
			ExecutionOrderSort2 (0ms)
			AwakeInstancesAfterBackupRestoration (0ms)
Platform modules already initialized, skipping
Registering precompiled user dll's ...
Registered in 0.003706 seconds.
Begin MonoManager ReloadAssembly
Symbol file LoadedFromMemory doesn't match image G:\Transfer Stuff\GameDev\Unity\FantasyRPG\UnityFantasyRpg\Library\PackageCache\com.unity.visualscripting@1.7.8\Editor\VisualScripting.Core\Dependencies\YamlDotNet\Unity.VisualScripting.YamlDotNet.dll
Symbol file LoadedFromMemory doesn't match image G:\Transfer Stuff\GameDev\Unity\FantasyRPG\UnityFantasyRpg\Library\PackageCache\com.unity.visualscripting@1.7.8\Editor\VisualScripting.Core\Dependencies\DotNetZip\Unity.VisualScripting.IonicZip.dll
Native extension for WindowsStandalone target not found
Refreshing native plugins compatible for Editor in 0.87 ms, found 3 plugins.
Preloading 0 native plugins for Editor in 0.00 ms.
Mono: successfully reloaded assembly
- Completed reload, in  0.809 seconds
Domain Reload Profiling:
	ReloadAssembly (809ms)
		BeginReloadAssembly (96ms)
			ExecutionOrderSort (0ms)
			DisableScriptedObjects (4ms)
			BackupInstance (0ms)
			ReleaseScriptingObjects (0ms)
			CreateAndSetChildDomain (19ms)
		EndReloadAssembly (613ms)
			LoadAssemblies (79ms)
			RebuildTransferFunctionScriptingTraits (0ms)
			SetupTypeCache (201ms)
			ReleaseScriptCaches (1ms)
			RebuildScriptCaches (37ms)
			SetupLoadedEditorAssemblies (276ms)
				LogAssemblyErrors (0ms)
				InitializePlatformSupportModulesInManaged (4ms)
				SetLoadedEditorAssemblies (0ms)
				RefreshPlugins (1ms)
				BeforeProcessingInitializeOnLoad (64ms)
				ProcessInitializeOnLoadAttributes (180ms)
				ProcessInitializeOnLoadMethodAttributes (20ms)
				AfterProcessingInitializeOnLoad (6ms)
				EditorAssembliesLoaded (0ms)
			ExecutionOrderSort2 (0ms)
			AwakeInstancesAfterBackupRestoration (4ms)
Platform modules already initialized, skipping
========================================================================
Worker process is ready to serve import requests
Launched and connected shader compiler UnityShaderCompiler.exe after 0.06 seconds
Refreshing native plugins compatible for Editor in 2.11 ms, found 3 plugins.
Preloading 0 native plugins for Editor in 0.00 ms.
Unloading 3385 Unused Serialized files (Serialized files now loaded: 0)
Unloading 27 unused Assets / (114.5 KB). Loaded Objects now: 3862.
Memory consumption went from 137.7 MB to 137.6 MB.
Total: 5.593900 ms (FindLiveObjects: 0.588900 ms CreateObjectMapping: 0.292000 ms MarkObjects: 4.538000 ms  DeleteObjects: 0.173800 ms)

AssetImportParameters requested are different than current active one (requested -> active):
  custom:video-decoder-ogg-theora: a1e56fd34408186e4bbccfd4996cb3dc -> 
  custom:container-muxer-webm: aa71ff27fc2769a1b78a27578f13a17b -> 
  custom:container-demuxer-webm: 4f35f7cbe854078d1ac9338744f61a02 -> 
  custom:video-encoder-webm-vp8: eb34c28f22e8b96e1ab97ce403110664 -> 
  custom:video-codec-MediaFoundation-h265: 746d11721c4dcdbdad8f713fa42b33f4 -> 
  custom:audio-encoder-webm-vorbis: bf7c407c2cedff20999df2af8eb42d56 -> 
  custom:framework-win-MediaFoundation: 216162199b28c13a410421893ffa2e32 -> 
  custom:container-demuxer-ogg: 62fdf1f143b41e24485cea50d1cbac27 -> 
  custom:video-decoder-webm-vp8: 9c59270c3fd7afecdb556c50c9e8de78 -> 
  custom:audio-decoder-ogg-vorbis: bf7c407c2cedff20999df2af8eb42d56 -> 
========================================================================
Received Import Request.
  Time since last request: 905834.007126 seconds.
  path: Assets/PolygonDungeon/Prefabs/Characters/ScaleFixedCharacters/Character_Ghost_02.prefab
  artifactKey: Guid(d2b11d59c34b8794a916e2e3adca29b6) Importer(815301076,1909f56bfc062723c751e8b465ee728b)
Start importing Assets/PolygonDungeon/Prefabs/Characters/ScaleFixedCharacters/Character_Ghost_02.prefab using Guid(d2b11d59c34b8794a916e2e3adca29b6) Importer(815301076,1909f56bfc062723c751e8b465ee728b)  -> (artifact id: '97485d93c2f4edb93518781346027bd5') in 0.285105 seconds 
========================================================================
Received Prepare
Registering precompiled user dll's ...
Registered in 0.004339 seconds.
Begin MonoManager ReloadAssembly
Symbol file LoadedFromMemory doesn't match image G:\Transfer Stuff\GameDev\Unity\FantasyRPG\UnityFantasyRpg\Library\PackageCache\com.unity.visualscripting@1.7.8\Editor\VisualScripting.Core\Dependencies\YamlDotNet\Unity.VisualScripting.YamlDotNet.dll
Symbol file LoadedFromMemory doesn't match image G:\Transfer Stuff\GameDev\Unity\FantasyRPG\UnityFantasyRpg\Library\PackageCache\com.unity.visualscripting@1.7.8\Editor\VisualScripting.Core\Dependencies\DotNetZip\Unity.VisualScripting.IonicZip.dll
Native extension for WindowsStandalone target not found
Refreshing native plugins compatible for Editor in 1.08 ms, found 3 plugins.
Preloading 0 native plugins for Editor in 0.00 ms.
Mono: successfully reloaded assembly
- Completed reload, in  0.833 seconds
Domain Reload Profiling:
	ReloadAssembly (834ms)
		BeginReloadAssembly (140ms)
			ExecutionOrderSort (0ms)
			DisableScriptedObjects (4ms)
			BackupInstance (0ms)
			ReleaseScriptingObjects (0ms)
			CreateAndSetChildDomain (42ms)
		EndReloadAssembly (617ms)
			LoadAssemblies (95ms)
			RebuildTransferFunctionScriptingTraits (0ms)
			SetupTypeCache (190ms)
			ReleaseScriptCaches (1ms)
			RebuildScriptCaches (34ms)
			SetupLoadedEditorAssemblies (269ms)
				LogAssemblyErrors (0ms)
				InitializePlatformSupportModulesInManaged (14ms)
				SetLoadedEditorAssemblies (1ms)
				RefreshPlugins (1ms)
				BeforeProcessingInitializeOnLoad (61ms)
				ProcessInitializeOnLoadAttributes (165ms)
				ProcessInitializeOnLoadMethodAttributes (19ms)
				AfterProcessingInitializeOnLoad (8ms)
				EditorAssembliesLoaded (0ms)
			ExecutionOrderSort2 (0ms)
			AwakeInstancesAfterBackupRestoration (5ms)
Platform modules already initialized, skipping
Refreshing native plugins compatible for Editor in 3.61 ms, found 3 plugins.
Preloading 0 native plugins for Editor in 0.00 ms.
Unloading 3361 Unused Serialized files (Serialized files now loaded: 0)
Unloading 20 unused Assets / (81.2 KB). Loaded Objects now: 3874.
Memory consumption went from 152.8 MB to 152.7 MB.
Total: 4.799900 ms (FindLiveObjects: 0.530600 ms CreateObjectMapping: 0.121800 ms MarkObjects: 4.008000 ms  DeleteObjects: 0.138100 ms)

AssetImportParameters requested are different than current active one (requested -> active):
  custom:video-decoder-ogg-theora: a1e56fd34408186e4bbccfd4996cb3dc -> 
  custom:container-muxer-webm: aa71ff27fc2769a1b78a27578f13a17b -> 
  custom:container-demuxer-webm: 4f35f7cbe854078d1ac9338744f61a02 -> 
  custom:video-encoder-webm-vp8: eb34c28f22e8b96e1ab97ce403110664 -> 
  custom:video-codec-MediaFoundation-h265: 746d11721c4dcdbdad8f713fa42b33f4 -> 
  custom:audio-encoder-webm-vorbis: bf7c407c2cedff20999df2af8eb42d56 -> 
  custom:framework-win-MediaFoundation: 216162199b28c13a410421893ffa2e32 -> 
  custom:container-demuxer-ogg: 62fdf1f143b41e24485cea50d1cbac27 -> 
  custom:video-decoder-webm-vp8: 9c59270c3fd7afecdb556c50c9e8de78 -> 
  custom:audio-decoder-ogg-vorbis: bf7c407c2cedff20999df2af8eb42d56 -> 
========================================================================
Received Import Request.
  Time since last request: 52.602554 seconds.
  path: Assets/PolygonDungeon/Prefabs/Props/SM_Prop_Barrel_02.prefab
  artifactKey: Guid(eb2fd9123802bbb43bd44dd7dd3c8df4) Importer(815301076,1909f56bfc062723c751e8b465ee728b)
Start importing Assets/PolygonDungeon/Prefabs/Props/SM_Prop_Barrel_02.prefab using Guid(eb2fd9123802bbb43bd44dd7dd3c8df4) Importer(815301076,1909f56bfc062723c751e8b465ee728b)  -> (artifact id: '7b400765d1bf6ce8d4aee75646f8cfa4') in 0.081207 seconds 
========================================================================
Received Import Request.
  Time since last request: 0.000030 seconds.
  path: Assets/PolygonDungeon/Prefabs/Props/SM_Prop_Gem_04.prefab
  artifactKey: Guid(e93d11029ee1d3f48a9d666db5fa7a1b) Importer(815301076,1909f56bfc062723c751e8b465ee728b)
Start importing Assets/PolygonDungeon/Prefabs/Props/SM_Prop_Gem_04.prefab using Guid(e93d11029ee1d3f48a9d666db5fa7a1b) Importer(815301076,1909f56bfc062723c751e8b465ee728b)  -> (artifact id: '7d813a5242ebfb195b7c48fc9d1bd10a') in 0.028079 seconds 
========================================================================
Received Import Request.
  Time since last request: 0.000017 seconds.
  path: Assets/PolygonDungeon/Prefabs/Props/SM_Prop_Goblin_Rotisserie_Meat_01.prefab
  artifactKey: Guid(76b8525a8cb16ee498d6e89428f08fb2) Importer(815301076,1909f56bfc062723c751e8b465ee728b)
Start importing Assets/PolygonDungeon/Prefabs/Props/SM_Prop_Goblin_Rotisserie_Meat_01.prefab using Guid(76b8525a8cb16ee498d6e89428f08fb2) Importer(815301076,1909f56bfc062723c751e8b465ee728b)  -> (artifact id: 'f410bf127b7486664a4aa16520813b22') in 0.022520 seconds 
========================================================================
Received Import Request.
  Time since last request: 0.000033 seconds.
  path: Assets/PolygonDungeon/Prefabs/Props/SM_Prop_Forge_Ventilation_Pipe_01.prefab
  artifactKey: Guid(0271006512272ed44b365b828f21e35f) Importer(815301076,1909f56bfc062723c751e8b465ee728b)
Start importing Assets/PolygonDungeon/Prefabs/Props/SM_Prop_Forge_Ventilation_Pipe_01.prefab using Guid(0271006512272ed44b365b828f21e35f) Importer(815301076,1909f56bfc062723c751e8b465ee728b)  -> (artifact id: '16b756b4b0dc5f0fded64dafe5f30085') in 0.022822 seconds 
========================================================================
Received Import Request.
  Time since last request: 0.000060 seconds.
  path: Assets/PolygonDungeon/Prefabs/Props/SM_Prop_Goblin_Tent_01.prefab
  artifactKey: Guid(326145ec5ccacbe4f85d94bdb09760d2) Importer(815301076,1909f56bfc062723c751e8b465ee728b)
Start importing Assets/PolygonDungeon/Prefabs/Props/SM_Prop_Goblin_Tent_01.prefab using Guid(326145ec5ccacbe4f85d94bdb09760d2) Importer(815301076,1909f56bfc062723c751e8b465ee728b)  -> (artifact id: '7b48b631f6df1220eb0dac5d2648a485') in 0.023340 seconds 
========================================================================
Received Import Request.
  Time since last request: 0.000026 seconds.
  path: Assets/PolygonDungeon/Prefabs/Props/SM_Prop_Crate_Rocks_01.prefab
  artifactKey: Guid(30d00bb7fb067de4c99cc3b87f401945) Importer(815301076,1909f56bfc062723c751e8b465ee728b)
Start importing Assets/PolygonDungeon/Prefabs/Props/SM_Prop_Crate_Rocks_01.prefab using Guid(30d00bb7fb067de4c99cc3b87f401945) Importer(815301076,1909f56bfc062723c751e8b465ee728b)  -> (artifact id: '049f56c80c94e0d04583e7dce109af5e') in 0.022666 seconds 
========================================================================
Received Import Request.
  Time since last request: 0.000022 seconds.
  path: Assets/PolygonDungeon/Prefabs/Props/SM_Prop_Goblin_Spikes_04.prefab
  artifactKey: Guid(c1dbbda8409b97d458737624e0f515c9) Importer(815301076,1909f56bfc062723c751e8b465ee728b)
Start importing Assets/PolygonDungeon/Prefabs/Props/SM_Prop_Goblin_Spikes_04.prefab using Guid(c1dbbda8409b97d458737624e0f515c9) Importer(815301076,1909f56bfc062723c751e8b465ee728b)  -> (artifact id: '0c93414621f470fde16d56e121f07ddf') in 0.024443 seconds 
========================================================================
Received Import Request.
  Time since last request: 0.000032 seconds.
  path: Assets/PolygonDungeon/Prefabs/Props/SM_Prop_Chain_06.prefab
  artifactKey: Guid(5c422fedc5e6a6d46aa8e8e6510582e3) Importer(815301076,1909f56bfc062723c751e8b465ee728b)
Start importing Assets/PolygonDungeon/Prefabs/Props/SM_Prop_Chain_06.prefab using Guid(5c422fedc5e6a6d46aa8e8e6510582e3) Importer(815301076,1909f56bfc062723c751e8b465ee728b)  -> (artifact id: 'ee795b5379705a276d0ca3425edd5765') in 0.023582 seconds 
========================================================================
Received Import Request.
  Time since last request: 0.000035 seconds.
  path: Assets/PolygonDungeon/Prefabs/Props/SM_Prop_Candle_02.prefab
  artifactKey: Guid(97a267ab0b992684b9580fd114e57deb) Importer(815301076,1909f56bfc062723c751e8b465ee728b)
Start importing Assets/PolygonDungeon/Prefabs/Props/SM_Prop_Candle_02.prefab using Guid(97a267ab0b992684b9580fd114e57deb) Importer(815301076,1909f56bfc062723c751e8b465ee728b)  -> (artifact id: 'ecfbf7b67f288039bb714018f76784d3') in 0.022399 seconds 
========================================================================
Received Import Request.
  Time since last request: 0.000040 seconds.
  path: Assets/PolygonDungeon/Prefabs/Props/SM_Prop_Crate_Wood_05.prefab
  artifactKey: Guid(8bb2d7195ef956c439f151bb60ae257a) Importer(815301076,1909f56bfc062723c751e8b465ee728b)
Start importing Assets/PolygonDungeon/Prefabs/Props/SM_Prop_Crate_Wood_05.prefab using Guid(8bb2d7195ef956c439f151bb60ae257a) Importer(815301076,1909f56bfc062723c751e8b465ee728b)  -> (artifact id: '4e95324f1e6ee188ec0200b8df577afc') in 0.017184 seconds 
========================================================================
Received Prepare
Registering precompiled user dll's ...
Registered in 0.004517 seconds.
Begin MonoManager ReloadAssembly
Symbol file LoadedFromMemory doesn't match image G:\Transfer Stuff\GameDev\Unity\FantasyRPG\UnityFantasyRpg\Library\PackageCache\com.unity.visualscripting@1.7.8\Editor\VisualScripting.Core\Dependencies\YamlDotNet\Unity.VisualScripting.YamlDotNet.dll
Symbol file LoadedFromMemory doesn't match image G:\Transfer Stuff\GameDev\Unity\FantasyRPG\UnityFantasyRpg\Library\PackageCache\com.unity.visualscripting@1.7.8\Editor\VisualScripting.Core\Dependencies\DotNetZip\Unity.VisualScripting.IonicZip.dll
Native extension for WindowsStandalone target not found
Refreshing native plugins compatible for Editor in 0.84 ms, found 3 plugins.
Preloading 0 native plugins for Editor in 0.00 ms.
Mono: successfully reloaded assembly
- Completed reload, in  0.780 seconds
Domain Reload Profiling:
	ReloadAssembly (781ms)
		BeginReloadAssembly (136ms)
			ExecutionOrderSort (0ms)
			DisableScriptedObjects (4ms)
			BackupInstance (0ms)
			ReleaseScriptingObjects (0ms)
			CreateAndSetChildDomain (45ms)
		EndReloadAssembly (572ms)
			LoadAssemblies (93ms)
			RebuildTransferFunctionScriptingTraits (0ms)
			SetupTypeCache (186ms)
			ReleaseScriptCaches (1ms)
			RebuildScriptCaches (31ms)
			SetupLoadedEditorAssemblies (241ms)
				LogAssemblyErrors (0ms)
				InitializePlatformSupportModulesInManaged (10ms)
				SetLoadedEditorAssemblies (0ms)
				RefreshPlugins (1ms)
				BeforeProcessingInitializeOnLoad (50ms)
				ProcessInitializeOnLoadAttributes (156ms)
				ProcessInitializeOnLoadMethodAttributes (17ms)
				AfterProcessingInitializeOnLoad (7ms)
				EditorAssembliesLoaded (0ms)
			ExecutionOrderSort2 (0ms)
			AwakeInstancesAfterBackupRestoration (5ms)
Platform modules already initialized, skipping
Refreshing native plugins compatible for Editor in 4.11 ms, found 3 plugins.
Preloading 0 native plugins for Editor in 0.00 ms.
Unloading 3361 Unused Serialized files (Serialized files now loaded: 0)
Unloading 20 unused Assets / (81.4 KB). Loaded Objects now: 3877.
Memory consumption went from 152.8 MB to 152.7 MB.
Total: 5.502900 ms (FindLiveObjects: 0.589300 ms CreateObjectMapping: 0.261900 ms MarkObjects: 4.515700 ms  DeleteObjects: 0.134700 ms)

AssetImportParameters requested are different than current active one (requested -> active):
  custom:video-decoder-ogg-theora: a1e56fd34408186e4bbccfd4996cb3dc -> 
  custom:container-muxer-webm: aa71ff27fc2769a1b78a27578f13a17b -> 
  custom:container-demuxer-webm: 4f35f7cbe854078d1ac9338744f61a02 -> 
  custom:video-encoder-webm-vp8: eb34c28f22e8b96e1ab97ce403110664 -> 
  custom:video-codec-MediaFoundation-h265: 746d11721c4dcdbdad8f713fa42b33f4 -> 
  custom:audio-encoder-webm-vorbis: bf7c407c2cedff20999df2af8eb42d56 -> 
  custom:framework-win-MediaFoundation: 216162199b28c13a410421893ffa2e32 -> 
  custom:container-demuxer-ogg: 62fdf1f143b41e24485cea50d1cbac27 -> 
  custom:video-decoder-webm-vp8: 9c59270c3fd7afecdb556c50c9e8de78 -> 
  custom:audio-decoder-ogg-vorbis: bf7c407c2cedff20999df2af8eb42d56 -> 
========================================================================
Received Import Request.
  Time since last request: 60.273961 seconds.
  path: Assets/PolygonDungeon/Prefabs/Props/SM_Prop_Goblin_Tent_03.prefab
  artifactKey: Guid(19fe5cc2a44e36940b2b60a288b72525) Importer(815301076,1909f56bfc062723c751e8b465ee728b)
Start importing Assets/PolygonDungeon/Prefabs/Props/SM_Prop_Goblin_Tent_03.prefab using Guid(19fe5cc2a44e36940b2b60a288b72525) Importer(815301076,1909f56bfc062723c751e8b465ee728b)  -> (artifact id: '5bfbeecd84abe3c7049752f6dc52ebf2') in 0.087055 seconds 
========================================================================
Received Import Request.
  Time since last request: 0.000022 seconds.
  path: Assets/PolygonDungeon/Prefabs/Props/SM_Prop_Lantern_01.prefab
  artifactKey: Guid(e1dc418268f106b4cbdbf02598dfe386) Importer(815301076,1909f56bfc062723c751e8b465ee728b)
Start importing Assets/PolygonDungeon/Prefabs/Props/SM_Prop_Lantern_01.prefab using Guid(e1dc418268f106b4cbdbf02598dfe386) Importer(815301076,1909f56bfc062723c751e8b465ee728b)  -> (artifact id: 'cdff1001133bbf365c6b0088f43d44c3') in 0.119398 seconds 
========================================================================
Received Import Request.
  Time since last request: 0.000024 seconds.
  path: Assets/PolygonDungeon/Prefabs/Props/SM_Prop_Stool_01.prefab
  artifactKey: Guid(077e585196f15914fa6e50566e92f321) Importer(815301076,1909f56bfc062723c751e8b465ee728b)
Start importing Assets/PolygonDungeon/Prefabs/Props/SM_Prop_Stool_01.prefab using Guid(077e585196f15914fa6e50566e92f321) Importer(815301076,1909f56bfc062723c751e8b465ee728b)  -> (artifact id: '3abe12869850f807e965be7e6464d208') in 0.080020 seconds 
========================================================================
Received Import Request.
  Time since last request: 0.000017 seconds.
  path: Assets/PolygonDungeon/Prefabs/Props/SM_Prop_Metal_Fence_Post_01.prefab
  artifactKey: Guid(13c19734d9013f7478a63e3b6b34bf59) Importer(815301076,1909f56bfc062723c751e8b465ee728b)
Start importing Assets/PolygonDungeon/Prefabs/Props/SM_Prop_Metal_Fence_Post_01.prefab using Guid(13c19734d9013f7478a63e3b6b34bf59) Importer(815301076,1909f56bfc062723c751e8b465ee728b)  -> (artifact id: '924e56004dda6ca582792e9266284065') in 0.022761 seconds 
========================================================================
Received Import Request.
  Time since last request: 0.000022 seconds.
  path: Assets/PolygonDungeon/Prefabs/Props/SM_Prop_StoneTable_01.prefab
  artifactKey: Guid(16b5a7abcb1d9cb438b51c495e76eb52) Importer(815301076,1909f56bfc062723c751e8b465ee728b)
Start importing Assets/PolygonDungeon/Prefabs/Props/SM_Prop_StoneTable_01.prefab using Guid(16b5a7abcb1d9cb438b51c495e76eb52) Importer(815301076,1909f56bfc062723c751e8b465ee728b)  -> (artifact id: 'cce9c5c78b31b43febc1c37e942dfe4e') in 0.020699 seconds 
========================================================================
Received Import Request.
  Time since last request: 0.000017 seconds.
  path: Assets/PolygonDungeon/Prefabs/Props/SM_Prop_Skeleton_Slave_Wall_Sitting_01.prefab
  artifactKey: Guid(7b433e4840fda0f48b0428546af484d5) Importer(815301076,1909f56bfc062723c751e8b465ee728b)
Start importing Assets/PolygonDungeon/Prefabs/Props/SM_Prop_Skeleton_Slave_Wall_Sitting_01.prefab using Guid(7b433e4840fda0f48b0428546af484d5) Importer(815301076,1909f56bfc062723c751e8b465ee728b)  -> (artifact id: '85d2051285829e53e26fd65db87828d8') in 0.021748 seconds 
========================================================================
Received Import Request.
  Time since last request: 0.000023 seconds.
  path: Assets/PolygonDungeon/Prefabs/Props/SM_Prop_Tech_Crystal_01.prefab
  artifactKey: Guid(7c680b46ce821d34dbd937520b58182a) Importer(815301076,1909f56bfc062723c751e8b465ee728b)
Start importing Assets/PolygonDungeon/Prefabs/Props/SM_Prop_Tech_Crystal_01.prefab using Guid(7c680b46ce821d34dbd937520b58182a) Importer(815301076,1909f56bfc062723c751e8b465ee728b)  -> (artifact id: 'd1cf6f6915f60afd7b8fff48dd6885ea') in 0.020764 seconds 
========================================================================
Received Import Request.
  Time since last request: 0.000027 seconds.
  path: Assets/PolygonDungeon/Prefabs/Props/SM_Prop_Log_Spike_06.prefab
  artifactKey: Guid(2fa4d0e80b3ea15499b30c7a3d77c12d) Importer(815301076,1909f56bfc062723c751e8b465ee728b)
Start importing Assets/PolygonDungeon/Prefabs/Props/SM_Prop_Log_Spike_06.prefab using Guid(2fa4d0e80b3ea15499b30c7a3d77c12d) Importer(815301076,1909f56bfc062723c751e8b465ee728b)  -> (artifact id: 'db280bd72e602f96c432865d32b50408') in 0.020473 seconds 
========================================================================
Received Import Request.
  Time since last request: 0.000043 seconds.
  path: Assets/PolygonDungeon/Prefabs/Props/SM_Prop_Skeleton_01.prefab
  artifactKey: Guid(8659f67b76d6a314f9e352d6d0c7b43b) Importer(815301076,1909f56bfc062723c751e8b465ee728b)
Start importing Assets/PolygonDungeon/Prefabs/Props/SM_Prop_Skeleton_01.prefab using Guid(8659f67b76d6a314f9e352d6d0c7b43b) Importer(815301076,1909f56bfc062723c751e8b465ee728b)  -> (artifact id: '11e13a817e61e8703c945a2dee5aa0ee') in 0.020767 seconds 
========================================================================
Received Import Request.
  Time since last request: 0.000029 seconds.
  path: Assets/PolygonDungeon/Prefabs/Props/SM_Prop_Tech_Cog_03.prefab
  artifactKey: Guid(25e0df77fcab6bd4191bd5fc5207b0c6) Importer(815301076,1909f56bfc062723c751e8b465ee728b)
Start importing Assets/PolygonDungeon/Prefabs/Props/SM_Prop_Tech_Cog_03.prefab using Guid(25e0df77fcab6bd4191bd5fc5207b0c6) Importer(815301076,1909f56bfc062723c751e8b465ee728b)  -> (artifact id: '54fd31fc21d0129b4f2382bebd4916ce') in 0.013249 seconds 
========================================================================
Received Import Request.
  Time since last request: 0.019266 seconds.
  path: Assets/PolygonDungeon/Prefabs/Props/SM_Prop_Tech_Poles_01.prefab
  artifactKey: Guid(6d0d811f059a7bc4493f797177e42a41) Importer(815301076,1909f56bfc062723c751e8b465ee728b)
Start importing Assets/PolygonDungeon/Prefabs/Props/SM_Prop_Tech_Poles_01.prefab using Guid(6d0d811f059a7bc4493f797177e42a41) Importer(815301076,1909f56bfc062723c751e8b465ee728b)  -> (artifact id: 'c327edd236d100c65f96afa62463e80e') in 0.025727 seconds 
========================================================================
Received Import Request.
  Time since last request: 0.000048 seconds.
  path: Assets/PolygonDungeon/Prefabs/Props/SM_Prop_Vase_08.prefab
  artifactKey: Guid(4d049df82560916448d7cc76aea168e2) Importer(815301076,1909f56bfc062723c751e8b465ee728b)
Start importing Assets/PolygonDungeon/Prefabs/Props/SM_Prop_Vase_08.prefab using Guid(4d049df82560916448d7cc76aea168e2) Importer(815301076,1909f56bfc062723c751e8b465ee728b)  -> (artifact id: '0e475f7a527711a941885065bdc13c32') in 0.029117 seconds 
========================================================================
Received Import Request.
  Time since last request: 0.000026 seconds.
  path: Assets/PolygonDungeon/Prefabs/Props/SM_Prop_Toture_Stocks_01.prefab
  artifactKey: Guid(08cedb31bf7d3414a92316d542661816) Importer(815301076,1909f56bfc062723c751e8b465ee728b)
Start importing Assets/PolygonDungeon/Prefabs/Props/SM_Prop_Toture_Stocks_01.prefab using Guid(08cedb31bf7d3414a92316d542661816) Importer(815301076,1909f56bfc062723c751e8b465ee728b)  -> (artifact id: 'c1b2531f9902fd4ec030d280e9d37430') in 0.026447 seconds 
========================================================================
Received Import Request.
  Time since last request: 0.000044 seconds.
  path: Assets/PolygonDungeon/Prefabs/Props/SM_Prop_WeaponRack_01.prefab
  artifactKey: Guid(1903e8058f802aa478acc8399cd3ac74) Importer(815301076,1909f56bfc062723c751e8b465ee728b)
Start importing Assets/PolygonDungeon/Prefabs/Props/SM_Prop_WeaponRack_01.prefab using Guid(1903e8058f802aa478acc8399cd3ac74) Importer(815301076,1909f56bfc062723c751e8b465ee728b)  -> (artifact id: 'a64201e9920a9f1f3566ce827f867662') in 0.022711 seconds 
========================================================================
Received Import Request.
  Time since last request: 0.000026 seconds.
  path: Assets/PolygonDungeon/Prefabs/Props/SM_Prop_Vase_06.prefab
  artifactKey: Guid(71cbb2fd7033f3f41a689bcea02fd16c) Importer(815301076,1909f56bfc062723c751e8b465ee728b)
Start importing Assets/PolygonDungeon/Prefabs/Props/SM_Prop_Vase_06.prefab using Guid(71cbb2fd7033f3f41a689bcea02fd16c) Importer(815301076,1909f56bfc062723c751e8b465ee728b)  -> (artifact id: 'fcaafd2f4ab4b5da109b279e7e521652') in 0.031240 seconds 
========================================================================
Received Import Request.
  Time since last request: 3.443534 seconds.
  path: Assets/PolygonDungeon/Prefabs/Environments/Floors/SM_Env_Sewer_Water_Corner_01.prefab
  artifactKey: Guid(20de9fbb5c9d937409af9eb30c6264c0) Importer(815301076,1909f56bfc062723c751e8b465ee728b)
Start importing Assets/PolygonDungeon/Prefabs/Environments/Floors/SM_Env_Sewer_Water_Corner_01.prefab using Guid(20de9fbb5c9d937409af9eb30c6264c0) Importer(815301076,1909f56bfc062723c751e8b465ee728b)  -> (artifact id: 'a2f5358708560bd26935b247d135ce67') in 0.017659 seconds 
========================================================================
Received Import Request.
  Time since last request: 181.342966 seconds.
  path: Assets/PolygonDungeon/Models/SM_Env_Wood_Bridge_01.fbx
  artifactKey: Guid(6104f20c9a9922a4ea5daa64c6d5df2e) Importer(815301076,1909f56bfc062723c751e8b465ee728b)
Start importing Assets/PolygonDungeon/Models/SM_Env_Wood_Bridge_01.fbx using Guid(6104f20c9a9922a4ea5daa64c6d5df2e) Importer(815301076,1909f56bfc062723c751e8b465ee728b)  -> (artifact id: '3e06dc48bbab0026051c7c730dadaf65') in 0.032885 seconds 
========================================================================
Received Import Request.
  Time since last request: 0.000017 seconds.
  path: Assets/PolygonDungeon/Models/CollisionCustom/SM_Env_Wood_Bridge_Start_01_Collision.fbx
  artifactKey: Guid(77ac671eaa793374c835c08f1cd0c0a5) Importer(815301076,1909f56bfc062723c751e8b465ee728b)
Start importing Assets/PolygonDungeon/Models/CollisionCustom/SM_Env_Wood_Bridge_Start_01_Collision.fbx using Guid(77ac671eaa793374c835c08f1cd0c0a5) Importer(815301076,1909f56bfc062723c751e8b465ee728b)  -> (artifact id: 'e6d0e46580fcd2ee2dbc6b1c33c40805') in 0.038981 seconds 
========================================================================
Received Import Request.
  Time since last request: 0.000017 seconds.
  path: Assets/PolygonDungeon/Models/SM_Env_Wood_Bridge_02.fbx
  artifactKey: Guid(5fdf208eb3afaf84484cd2ca8d63433e) Importer(815301076,1909f56bfc062723c751e8b465ee728b)
Start importing Assets/PolygonDungeon/Models/SM_Env_Wood_Bridge_02.fbx using Guid(5fdf208eb3afaf84484cd2ca8d63433e) Importer(815301076,1909f56bfc062723c751e8b465ee728b)  -> (artifact id: 'ecc0de95216458b60a24deef1330ae60') in 0.031380 seconds 
========================================================================
Received Import Request.
  Time since last request: 0.000016 seconds.
  path: Assets/PolygonDungeon/Models/SM_Env_Wood_Bridge_Start_01.fbx
  artifactKey: Guid(e71ce4120350cf5448e1aca1aaf3ccf6) Importer(815301076,1909f56bfc062723c751e8b465ee728b)
Start importing Assets/PolygonDungeon/Models/SM_Env_Wood_Bridge_Start_01.fbx using Guid(e71ce4120350cf5448e1aca1aaf3ccf6) Importer(815301076,1909f56bfc062723c751e8b465ee728b)  -> (artifact id: 'c82f571569ac3ca9810afc74abaddcdf') in 0.025734 seconds 
========================================================================
Received Import Request.
  Time since last request: 0.000024 seconds.
  path: Assets/PolygonDungeon/Models/CollisionConvex/SM_Env_Wood_Bridge_Start_01_Convex.asset
  artifactKey: Guid(94461126e24ea574db3272c6d28d8303) Importer(815301076,1909f56bfc062723c751e8b465ee728b)
Start importing Assets/PolygonDungeon/Models/CollisionConvex/SM_Env_Wood_Bridge_Start_01_Convex.asset using Guid(94461126e24ea574db3272c6d28d8303) Importer(815301076,1909f56bfc062723c751e8b465ee728b)  -> (artifact id: '96ac06a7fe813553aafacc7aa69547dc') in 0.012162 seconds 
========================================================================
Received Import Request.
  Time since last request: 0.000024 seconds.
  path: Assets/Toon Fantasy Nature/Models/TFF_Wooden_Bridge_02A.fbx
  artifactKey: Guid(f0d60c51e51ec2b4cba5270187535b65) Importer(815301076,1909f56bfc062723c751e8b465ee728b)
Start importing Assets/Toon Fantasy Nature/Models/TFF_Wooden_Bridge_02A.fbx using Guid(f0d60c51e51ec2b4cba5270187535b65) Importer(815301076,1909f56bfc062723c751e8b465ee728b)  -> (artifact id: '39628de57d42618a02d60e5809e7f04d') in 0.029325 seconds 
Editor requested this worker to shutdown with reason: Scaling down because of idle timeout
AssetImportWorker is now disconnected from the server
Process exiting
Exiting without the bug reporter. Application will terminate with return code 0