Using pre-set license
Built from '2021.3/staging' branch; Version is '2021.3.14f1 (eee1884e7226) revision 15655304'; Using compiler version '192829333'; Build Type 'Release'
OS: 'Windows 11  (10.0.22621) 64bit Professional' Language: 'en' Physical Memory: 24461 MB
BatchMode: 1, IsHumanControllingUs: 0, StartBugReporterOnCrash: 0, Is64bit: 1, IsPro: 1

COMMAND LINE ARGUMENTS:
C:\Program Files\Unity\Hub\Editor\2021.3.14f1\Editor\Unity.exe
-adb2
-batchMode
-noUpm
-name
AssetImportWorker31
-projectPath
G:/Transfer Stuff/GameDev/Unity/FantasyRPG/UnityFantasyRpg
-logFile
Logs/AssetImportWorker31.log
-srvPort
64560
Successfully changed project path to: G:/Transfer Stuff/GameDev/Unity/FantasyRPG/UnityFantasyRpg
G:/Transfer Stuff/GameDev/Unity/FantasyRPG/UnityFantasyRpg
[UnityMemory] Configuration Parameters - Can be set up in boot.config
    "memorysetup-bucket-allocator-granularity=16"
    "memorysetup-bucket-allocator-bucket-count=8"
    "memorysetup-bucket-allocator-block-size=33554432"
    "memorysetup-bucket-allocator-block-count=8"
    "memorysetup-main-allocator-block-size=16777216"
    "memorysetup-thread-allocator-block-size=16777216"
    "memorysetup-gfx-main-allocator-block-size=16777216"
    "memorysetup-gfx-thread-allocator-block-size=16777216"
    "memorysetup-cache-allocator-block-size=4194304"
    "memorysetup-typetree-allocator-block-size=2097152"
    "memorysetup-profiler-bucket-allocator-granularity=16"
    "memorysetup-profiler-bucket-allocator-bucket-count=8"
    "memorysetup-profiler-bucket-allocator-block-size=33554432"
    "memorysetup-profiler-bucket-allocator-block-count=8"
    "memorysetup-profiler-allocator-block-size=16777216"
    "memorysetup-profiler-editor-allocator-block-size=1048576"
    "memorysetup-temp-allocator-size-main=16777216"
    "memorysetup-job-temp-allocator-block-size=2097152"
    "memorysetup-job-temp-allocator-block-size-background=1048576"
    "memorysetup-job-temp-allocator-reduction-small-platforms=262144"
    "memorysetup-temp-allocator-size-background-worker=32768"
    "memorysetup-temp-allocator-size-job-worker=262144"
    "memorysetup-temp-allocator-size-preload-manager=33554432"
    "memorysetup-temp-allocator-size-nav-mesh-worker=65536"
    "memorysetup-temp-allocator-size-audio-worker=65536"
    "memorysetup-temp-allocator-size-cloud-worker=32768"
    "memorysetup-temp-allocator-size-gi-baking-worker=262144"
    "memorysetup-temp-allocator-size-gfx=262144"
Refreshing native plugins compatible for Editor in 76.04 ms, found 3 plugins.
Preloading 0 native plugins for Editor in 0.00 ms.
Initialize engine version: 2021.3.14f1 (eee1884e7226)
[Subsystems] Discovering subsystems at path C:/Program Files/Unity/Hub/Editor/2021.3.14f1/Editor/Data/Resources/UnitySubsystems
[Subsystems] Discovering subsystems at path G:/Transfer Stuff/GameDev/Unity/FantasyRPG/UnityFantasyRpg/Assets
GfxDevice: creating device client; threaded=0; jobified=0
Direct3D:
    Version:  Direct3D 11.0 [level 11.1]
    Renderer: NVIDIA GeForce RTX 3060 (ID=0x2487)
    Vendor:   NVIDIA
    VRAM:     12124 MB
    Driver:   31.0.15.2686
Initialize mono
Mono path[0] = 'C:/Program Files/Unity/Hub/Editor/2021.3.14f1/Editor/Data/Managed'
Mono path[1] = 'C:/Program Files/Unity/Hub/Editor/2021.3.14f1/Editor/Data/MonoBleedingEdge/lib/mono/unityjit-win32'
Mono config path = 'C:/Program Files/Unity/Hub/Editor/2021.3.14f1/Editor/Data/MonoBleedingEdge/etc'
Using monoOptions --debugger-agent=transport=dt_socket,embedding=1,server=y,suspend=n,address=127.0.0.1:56732
Begin MonoManager ReloadAssembly
Registering precompiled unity dll's ...
Register platform support module: C:/Program Files/Unity/Hub/Editor/2021.3.14f1/Editor/Data/PlaybackEngines/WindowsStandaloneSupport/UnityEditor.WindowsStandalone.Extensions.dll
Registered in 0.003666 seconds.
Native extension for WindowsStandalone target not found
Refreshing native plugins compatible for Editor in 75.33 ms, found 3 plugins.
Preloading 0 native plugins for Editor in 0.00 ms.
Mono: successfully reloaded assembly
- Completed reload, in  0.457 seconds
Domain Reload Profiling:
	ReloadAssembly (457ms)
		BeginReloadAssembly (51ms)
			ExecutionOrderSort (0ms)
			DisableScriptedObjects (0ms)
			BackupInstance (0ms)
			ReleaseScriptingObjects (0ms)
			CreateAndSetChildDomain (1ms)
		EndReloadAssembly (332ms)
			LoadAssemblies (49ms)
			RebuildTransferFunctionScriptingTraits (0ms)
			SetupTypeCache (68ms)
			ReleaseScriptCaches (0ms)
			RebuildScriptCaches (17ms)
			SetupLoadedEditorAssemblies (212ms)
				LogAssemblyErrors (0ms)
				InitializePlatformSupportModulesInManaged (5ms)
				SetLoadedEditorAssemblies (0ms)
				RefreshPlugins (75ms)
				BeforeProcessingInitializeOnLoad (1ms)
				ProcessInitializeOnLoadAttributes (99ms)
				ProcessInitializeOnLoadMethodAttributes (31ms)
				AfterProcessingInitializeOnLoad (0ms)
				EditorAssembliesLoaded (0ms)
			ExecutionOrderSort2 (0ms)
			AwakeInstancesAfterBackupRestoration (0ms)
Platform modules already initialized, skipping
Registering precompiled user dll's ...
Registered in 0.002859 seconds.
Begin MonoManager ReloadAssembly
Symbol file LoadedFromMemory doesn't match image G:\Transfer Stuff\GameDev\Unity\FantasyRPG\UnityFantasyRpg\Library\PackageCache\com.unity.visualscripting@1.7.8\Editor\VisualScripting.Core\Dependencies\YamlDotNet\Unity.VisualScripting.YamlDotNet.dll
Symbol file LoadedFromMemory doesn't match image G:\Transfer Stuff\GameDev\Unity\FantasyRPG\UnityFantasyRpg\Library\PackageCache\com.unity.visualscripting@1.7.8\Editor\VisualScripting.Core\Dependencies\DotNetZip\Unity.VisualScripting.IonicZip.dll
Native extension for WindowsStandalone target not found
Refreshing native plugins compatible for Editor in 1.02 ms, found 3 plugins.
Preloading 0 native plugins for Editor in 0.00 ms.
Mono: successfully reloaded assembly
- Completed reload, in  0.747 seconds
Domain Reload Profiling:
	ReloadAssembly (747ms)
		BeginReloadAssembly (80ms)
			ExecutionOrderSort (0ms)
			DisableScriptedObjects (4ms)
			BackupInstance (0ms)
			ReleaseScriptingObjects (0ms)
			CreateAndSetChildDomain (16ms)
		EndReloadAssembly (585ms)
			LoadAssemblies (58ms)
			RebuildTransferFunctionScriptingTraits (0ms)
			SetupTypeCache (172ms)
			ReleaseScriptCaches (1ms)
			RebuildScriptCaches (33ms)
			SetupLoadedEditorAssemblies (288ms)
				LogAssemblyErrors (0ms)
				InitializePlatformSupportModulesInManaged (4ms)
				SetLoadedEditorAssemblies (0ms)
				RefreshPlugins (1ms)
				BeforeProcessingInitializeOnLoad (61ms)
				ProcessInitializeOnLoadAttributes (191ms)
				ProcessInitializeOnLoadMethodAttributes (22ms)
				AfterProcessingInitializeOnLoad (9ms)
				EditorAssembliesLoaded (0ms)
			ExecutionOrderSort2 (0ms)
			AwakeInstancesAfterBackupRestoration (7ms)
Platform modules already initialized, skipping
========================================================================
Worker process is ready to serve import requests
Launched and connected shader compiler UnityShaderCompiler.exe after 0.05 seconds
Refreshing native plugins compatible for Editor in 1.52 ms, found 3 plugins.
Preloading 0 native plugins for Editor in 0.00 ms.
Unloading 3385 Unused Serialized files (Serialized files now loaded: 0)
Unloading 27 unused Assets / (114.5 KB). Loaded Objects now: 3862.
Memory consumption went from 137.7 MB to 137.6 MB.
Total: 4.954300 ms (FindLiveObjects: 0.336300 ms CreateObjectMapping: 0.177300 ms MarkObjects: 4.281800 ms  DeleteObjects: 0.157800 ms)

AssetImportParameters requested are different than current active one (requested -> active):
  custom:video-decoder-ogg-theora: a1e56fd34408186e4bbccfd4996cb3dc -> 
  custom:container-muxer-webm: aa71ff27fc2769a1b78a27578f13a17b -> 
  custom:container-demuxer-webm: 4f35f7cbe854078d1ac9338744f61a02 -> 
  custom:video-encoder-webm-vp8: eb34c28f22e8b96e1ab97ce403110664 -> 
  custom:video-codec-MediaFoundation-h265: 746d11721c4dcdbdad8f713fa42b33f4 -> 
  custom:audio-encoder-webm-vorbis: bf7c407c2cedff20999df2af8eb42d56 -> 
  custom:framework-win-MediaFoundation: 216162199b28c13a410421893ffa2e32 -> 
  custom:container-demuxer-ogg: 62fdf1f143b41e24485cea50d1cbac27 -> 
  custom:video-decoder-webm-vp8: 9c59270c3fd7afecdb556c50c9e8de78 -> 
  custom:audio-decoder-ogg-vorbis: bf7c407c2cedff20999df2af8eb42d56 -> 
========================================================================
Received Import Request.
  Time since last request: 905831.015111 seconds.
  path: Assets/PolygonDungeon/Prefabs/Characters/Character_Goblin_Female.prefab
  artifactKey: Guid(d48e97c38730e6d4a8a87d44d568bc50) Importer(815301076,1909f56bfc062723c751e8b465ee728b)
Start importing Assets/PolygonDungeon/Prefabs/Characters/Character_Goblin_Female.prefab using Guid(d48e97c38730e6d4a8a87d44d568bc50) Importer(815301076,1909f56bfc062723c751e8b465ee728b)  -> (artifact id: '38ec5e217548419fe63901d98fa7b7d1') in 0.160753 seconds 
========================================================================
Received Import Request.
  Time since last request: 0.000044 seconds.
  path: Assets/PolygonDungeon/Prefabs/Characters/Character_Hero_Knight_Female.prefab
  artifactKey: Guid(11ffba29df14c054aa5a2695b18e9f59) Importer(815301076,1909f56bfc062723c751e8b465ee728b)
Start importing Assets/PolygonDungeon/Prefabs/Characters/Character_Hero_Knight_Female.prefab using Guid(11ffba29df14c054aa5a2695b18e9f59) Importer(815301076,1909f56bfc062723c751e8b465ee728b)  -> (artifact id: 'cd576545a699fe75473b45405e1a3f7b') in 0.027795 seconds 
========================================================================
Received Import Request.
  Time since last request: 0.000030 seconds.
  path: Assets/PolygonDungeon/Prefabs/Characters/Character_Tormented_Soul.prefab
  artifactKey: Guid(b0297681c8568974da8dc86f4cdc853c) Importer(815301076,1909f56bfc062723c751e8b465ee728b)
Start importing Assets/PolygonDungeon/Prefabs/Characters/Character_Tormented_Soul.prefab using Guid(b0297681c8568974da8dc86f4cdc853c) Importer(815301076,1909f56bfc062723c751e8b465ee728b)  -> (artifact id: 'a78605aa93eee47d8265b14a60edf3ca') in 0.021189 seconds 
========================================================================
Received Import Request.
  Time since last request: 0.000020 seconds.
  path: Assets/PolygonDungeon/Prefabs/Characters/Character_Skeleton_Soldier_02.prefab
  artifactKey: Guid(c26833473ce06df4ba5631fd7a4b98bc) Importer(815301076,1909f56bfc062723c751e8b465ee728b)
Start importing Assets/PolygonDungeon/Prefabs/Characters/Character_Skeleton_Soldier_02.prefab using Guid(c26833473ce06df4ba5631fd7a4b98bc) Importer(815301076,1909f56bfc062723c751e8b465ee728b)  -> (artifact id: '2ed755d01f7dee22a587011a7987278a') in 0.018023 seconds 
========================================================================
Received Import Request.
  Time since last request: 2.737269 seconds.
  path: Assets/PolygonDungeon/Prefabs/Characters/ScaleFixedCharacters/Character_Rock_Golem.prefab
  artifactKey: Guid(beba2944035d3c54abd09d3d023aa9a8) Importer(815301076,1909f56bfc062723c751e8b465ee728b)
Start importing Assets/PolygonDungeon/Prefabs/Characters/ScaleFixedCharacters/Character_Rock_Golem.prefab using Guid(beba2944035d3c54abd09d3d023aa9a8) Importer(815301076,1909f56bfc062723c751e8b465ee728b)  -> (artifact id: 'fa81c764324af60dff1934889c2d0ccd') in 0.095131 seconds 
========================================================================
Received Import Request.
  Time since last request: 0.000020 seconds.
  path: Assets/PolygonDungeon/Prefabs/Characters/ScaleFixedCharacters/Character_Skeleton_Soldier_02.prefab
  artifactKey: Guid(807c1226359007646905397056134019) Importer(815301076,1909f56bfc062723c751e8b465ee728b)
Start importing Assets/PolygonDungeon/Prefabs/Characters/ScaleFixedCharacters/Character_Skeleton_Soldier_02.prefab using Guid(807c1226359007646905397056134019) Importer(815301076,1909f56bfc062723c751e8b465ee728b)  -> (artifact id: '92662992ebe6e725ec0b0b7402618fbd') in 0.073586 seconds 
========================================================================
Received Prepare
Registering precompiled user dll's ...
Registered in 0.005391 seconds.
Begin MonoManager ReloadAssembly
Symbol file LoadedFromMemory doesn't match image G:\Transfer Stuff\GameDev\Unity\FantasyRPG\UnityFantasyRpg\Library\PackageCache\com.unity.visualscripting@1.7.8\Editor\VisualScripting.Core\Dependencies\YamlDotNet\Unity.VisualScripting.YamlDotNet.dll
Symbol file LoadedFromMemory doesn't match image G:\Transfer Stuff\GameDev\Unity\FantasyRPG\UnityFantasyRpg\Library\PackageCache\com.unity.visualscripting@1.7.8\Editor\VisualScripting.Core\Dependencies\DotNetZip\Unity.VisualScripting.IonicZip.dll
Native extension for WindowsStandalone target not found
Refreshing native plugins compatible for Editor in 1.18 ms, found 3 plugins.
Preloading 0 native plugins for Editor in 0.00 ms.
Mono: successfully reloaded assembly
- Completed reload, in  0.829 seconds
Domain Reload Profiling:
	ReloadAssembly (830ms)
		BeginReloadAssembly (138ms)
			ExecutionOrderSort (0ms)
			DisableScriptedObjects (4ms)
			BackupInstance (0ms)
			ReleaseScriptingObjects (0ms)
			CreateAndSetChildDomain (42ms)
		EndReloadAssembly (616ms)
			LoadAssemblies (98ms)
			RebuildTransferFunctionScriptingTraits (0ms)
			SetupTypeCache (201ms)
			ReleaseScriptCaches (1ms)
			RebuildScriptCaches (34ms)
			SetupLoadedEditorAssemblies (267ms)
				LogAssemblyErrors (0ms)
				InitializePlatformSupportModulesInManaged (11ms)
				SetLoadedEditorAssemblies (0ms)
				RefreshPlugins (1ms)
				BeforeProcessingInitializeOnLoad (55ms)
				ProcessInitializeOnLoadAttributes (167ms)
				ProcessInitializeOnLoadMethodAttributes (25ms)
				AfterProcessingInitializeOnLoad (7ms)
				EditorAssembliesLoaded (0ms)
			ExecutionOrderSort2 (0ms)
			AwakeInstancesAfterBackupRestoration (6ms)
Platform modules already initialized, skipping
Refreshing native plugins compatible for Editor in 3.77 ms, found 3 plugins.
Preloading 0 native plugins for Editor in 0.00 ms.
Unloading 3361 Unused Serialized files (Serialized files now loaded: 0)
Unloading 20 unused Assets / (81.3 KB). Loaded Objects now: 3874.
Memory consumption went from 152.8 MB to 152.7 MB.
Total: 4.650900 ms (FindLiveObjects: 0.496000 ms CreateObjectMapping: 0.110000 ms MarkObjects: 3.909000 ms  DeleteObjects: 0.134000 ms)

AssetImportParameters requested are different than current active one (requested -> active):
  custom:video-decoder-ogg-theora: a1e56fd34408186e4bbccfd4996cb3dc -> 
  custom:container-muxer-webm: aa71ff27fc2769a1b78a27578f13a17b -> 
  custom:container-demuxer-webm: 4f35f7cbe854078d1ac9338744f61a02 -> 
  custom:video-encoder-webm-vp8: eb34c28f22e8b96e1ab97ce403110664 -> 
  custom:video-codec-MediaFoundation-h265: 746d11721c4dcdbdad8f713fa42b33f4 -> 
  custom:audio-encoder-webm-vorbis: bf7c407c2cedff20999df2af8eb42d56 -> 
  custom:framework-win-MediaFoundation: 216162199b28c13a410421893ffa2e32 -> 
  custom:container-demuxer-ogg: 62fdf1f143b41e24485cea50d1cbac27 -> 
  custom:video-decoder-webm-vp8: 9c59270c3fd7afecdb556c50c9e8de78 -> 
  custom:audio-decoder-ogg-vorbis: bf7c407c2cedff20999df2af8eb42d56 -> 
========================================================================
Received Import Request.
  Time since last request: 52.709883 seconds.
  path: Assets/PolygonDungeon/Prefabs/Props/SM_Prop_Bed_02.prefab
  artifactKey: Guid(2a9cc51d30a6d32458c4d4217b768640) Importer(815301076,1909f56bfc062723c751e8b465ee728b)
Start importing Assets/PolygonDungeon/Prefabs/Props/SM_Prop_Bed_02.prefab using Guid(2a9cc51d30a6d32458c4d4217b768640) Importer(815301076,1909f56bfc062723c751e8b465ee728b)  -> (artifact id: '71f51344a25bde24c46aac0cf1b130d7') in 0.071851 seconds 
========================================================================
Received Import Request.
  Time since last request: 0.000022 seconds.
  path: Assets/PolygonDungeon/Prefabs/Props/SM_Prop_Goblin_Branch_02.prefab
  artifactKey: Guid(703efe261b3633b42922d51ff15f77e9) Importer(815301076,1909f56bfc062723c751e8b465ee728b)
Start importing Assets/PolygonDungeon/Prefabs/Props/SM_Prop_Goblin_Branch_02.prefab using Guid(703efe261b3633b42922d51ff15f77e9) Importer(815301076,1909f56bfc062723c751e8b465ee728b)  -> (artifact id: '97f43b6867e9a2461aff5a421879578c') in 0.023677 seconds 
========================================================================
Received Import Request.
  Time since last request: 0.000025 seconds.
  path: Assets/PolygonDungeon/Prefabs/Props/SM_Prop_Goblin_Rotisserie_01.prefab
  artifactKey: Guid(d2dc90829bd0db94185f5935716eeb15) Importer(815301076,1909f56bfc062723c751e8b465ee728b)
Start importing Assets/PolygonDungeon/Prefabs/Props/SM_Prop_Goblin_Rotisserie_01.prefab using Guid(d2dc90829bd0db94185f5935716eeb15) Importer(815301076,1909f56bfc062723c751e8b465ee728b)  -> (artifact id: 'ede2be23e6e1afdc335c65006d610b84') in 0.016130 seconds 
========================================================================
Received Import Request.
  Time since last request: 0.000058 seconds.
  path: Assets/PolygonDungeon/Prefabs/Props/SM_Prop_Chest_01.prefab
  artifactKey: Guid(971412afe90b27640b1c78c0641deec9) Importer(815301076,1909f56bfc062723c751e8b465ee728b)
Start importing Assets/PolygonDungeon/Prefabs/Props/SM_Prop_Chest_01.prefab using Guid(971412afe90b27640b1c78c0641deec9) Importer(815301076,1909f56bfc062723c751e8b465ee728b)  -> (artifact id: 'caac47b76259f54d12f5b10804abfdbf') in 0.018640 seconds 
========================================================================
Received Import Request.
  Time since last request: 0.000032 seconds.
  path: Assets/PolygonDungeon/Prefabs/Props/SM_Prop_Gem_05.prefab
  artifactKey: Guid(dfed0469c300fcd46b65e203274b5223) Importer(815301076,1909f56bfc062723c751e8b465ee728b)
Start importing Assets/PolygonDungeon/Prefabs/Props/SM_Prop_Gem_05.prefab using Guid(dfed0469c300fcd46b65e203274b5223) Importer(815301076,1909f56bfc062723c751e8b465ee728b)  -> (artifact id: '452587a993374ea2b62d31e67602c832') in 0.019138 seconds 
========================================================================
Received Import Request.
  Time since last request: 0.000021 seconds.
  path: Assets/PolygonDungeon/Prefabs/Props/SM_Prop_Goblin_Drum_01.prefab
  artifactKey: Guid(eb999b0b67a4958469eed87f4b9d8d4b) Importer(815301076,1909f56bfc062723c751e8b465ee728b)
Start importing Assets/PolygonDungeon/Prefabs/Props/SM_Prop_Goblin_Drum_01.prefab using Guid(eb999b0b67a4958469eed87f4b9d8d4b) Importer(815301076,1909f56bfc062723c751e8b465ee728b)  -> (artifact id: '026487083d43ce86005f08e82e0b0999') in 0.019927 seconds 
========================================================================
Received Import Request.
  Time since last request: 0.000032 seconds.
  path: Assets/PolygonDungeon/Prefabs/Props/SM_Prop_Chain_03.prefab
  artifactKey: Guid(2bca940be3594bf45bbdb46ee493b30a) Importer(815301076,1909f56bfc062723c751e8b465ee728b)
Start importing Assets/PolygonDungeon/Prefabs/Props/SM_Prop_Chain_03.prefab using Guid(2bca940be3594bf45bbdb46ee493b30a) Importer(815301076,1909f56bfc062723c751e8b465ee728b)  -> (artifact id: 'a98c5d8144012b4a309dd52482c41290') in 0.023873 seconds 
========================================================================
Received Import Request.
  Time since last request: 0.000026 seconds.
  path: Assets/PolygonDungeon/Prefabs/Props/SM_Prop_Crate_Ornate_01.prefab
  artifactKey: Guid(c44fafd591a0f624c9d8a67a72cc6652) Importer(815301076,1909f56bfc062723c751e8b465ee728b)
Start importing Assets/PolygonDungeon/Prefabs/Props/SM_Prop_Crate_Ornate_01.prefab using Guid(c44fafd591a0f624c9d8a67a72cc6652) Importer(815301076,1909f56bfc062723c751e8b465ee728b)  -> (artifact id: '0d10fbea717424fd6cb4577e92884004') in 0.025159 seconds 
========================================================================
Received Import Request.
  Time since last request: 0.000019 seconds.
  path: Assets/PolygonDungeon/Prefabs/Props/SM_Prop_Bookcase_03.prefab
  artifactKey: Guid(73b39cdd67614854b808700c7c5d34c7) Importer(815301076,1909f56bfc062723c751e8b465ee728b)
Start importing Assets/PolygonDungeon/Prefabs/Props/SM_Prop_Bookcase_03.prefab using Guid(73b39cdd67614854b808700c7c5d34c7) Importer(815301076,1909f56bfc062723c751e8b465ee728b)  -> (artifact id: '7d62bce4f3a6713861cccbcaa69c5884') in 0.025408 seconds 
========================================================================
Received Import Request.
  Time since last request: 0.000022 seconds.
  path: Assets/PolygonDungeon/Prefabs/Props/SM_Prop_Bricks_01.prefab
  artifactKey: Guid(42d3647458ec01743b3436714c29380a) Importer(815301076,1909f56bfc062723c751e8b465ee728b)
Start importing Assets/PolygonDungeon/Prefabs/Props/SM_Prop_Bricks_01.prefab using Guid(42d3647458ec01743b3436714c29380a) Importer(815301076,1909f56bfc062723c751e8b465ee728b)  -> (artifact id: '56ff0ef783f1a7d3a4579dd535c632de') in 0.020343 seconds 
========================================================================
Received Import Request.
  Time since last request: 0.000059 seconds.
  path: Assets/PolygonDungeon/Prefabs/Props/SM_Prop_Bookcase_02.prefab
  artifactKey: Guid(ee5004b267742a64aa2093fb4bb3d9c4) Importer(815301076,1909f56bfc062723c751e8b465ee728b)
Start importing Assets/PolygonDungeon/Prefabs/Props/SM_Prop_Bookcase_02.prefab using Guid(ee5004b267742a64aa2093fb4bb3d9c4) Importer(815301076,1909f56bfc062723c751e8b465ee728b)  -> (artifact id: 'be3a6512a139e3f2b66090076b4b4a78') in 0.013787 seconds 
========================================================================
Received Prepare
Registering precompiled user dll's ...
Registered in 0.004782 seconds.
Begin MonoManager ReloadAssembly
Symbol file LoadedFromMemory doesn't match image G:\Transfer Stuff\GameDev\Unity\FantasyRPG\UnityFantasyRpg\Library\PackageCache\com.unity.visualscripting@1.7.8\Editor\VisualScripting.Core\Dependencies\YamlDotNet\Unity.VisualScripting.YamlDotNet.dll
Symbol file LoadedFromMemory doesn't match image G:\Transfer Stuff\GameDev\Unity\FantasyRPG\UnityFantasyRpg\Library\PackageCache\com.unity.visualscripting@1.7.8\Editor\VisualScripting.Core\Dependencies\DotNetZip\Unity.VisualScripting.IonicZip.dll
Native extension for WindowsStandalone target not found
Refreshing native plugins compatible for Editor in 1.14 ms, found 3 plugins.
Preloading 0 native plugins for Editor in 0.00 ms.
Mono: successfully reloaded assembly
- Completed reload, in  0.804 seconds
Domain Reload Profiling:
	ReloadAssembly (804ms)
		BeginReloadAssembly (129ms)
			ExecutionOrderSort (0ms)
			DisableScriptedObjects (4ms)
			BackupInstance (0ms)
			ReleaseScriptingObjects (0ms)
			CreateAndSetChildDomain (43ms)
		EndReloadAssembly (604ms)
			LoadAssemblies (87ms)
			RebuildTransferFunctionScriptingTraits (0ms)
			SetupTypeCache (213ms)
			ReleaseScriptCaches (1ms)
			RebuildScriptCaches (33ms)
			SetupLoadedEditorAssemblies (243ms)
				LogAssemblyErrors (0ms)
				InitializePlatformSupportModulesInManaged (10ms)
				SetLoadedEditorAssemblies (0ms)
				RefreshPlugins (1ms)
				BeforeProcessingInitializeOnLoad (49ms)
				ProcessInitializeOnLoadAttributes (158ms)
				ProcessInitializeOnLoadMethodAttributes (18ms)
				AfterProcessingInitializeOnLoad (6ms)
				EditorAssembliesLoaded (0ms)
			ExecutionOrderSort2 (0ms)
			AwakeInstancesAfterBackupRestoration (5ms)
Platform modules already initialized, skipping
Refreshing native plugins compatible for Editor in 4.20 ms, found 3 plugins.
Preloading 0 native plugins for Editor in 0.00 ms.
Unloading 3361 Unused Serialized files (Serialized files now loaded: 0)
Unloading 20 unused Assets / (81.4 KB). Loaded Objects now: 3877.
Memory consumption went from 152.8 MB to 152.7 MB.
Total: 5.196000 ms (FindLiveObjects: 0.519700 ms CreateObjectMapping: 0.276100 ms MarkObjects: 4.235300 ms  DeleteObjects: 0.163900 ms)

AssetImportParameters requested are different than current active one (requested -> active):
  custom:video-decoder-ogg-theora: a1e56fd34408186e4bbccfd4996cb3dc -> 
  custom:container-muxer-webm: aa71ff27fc2769a1b78a27578f13a17b -> 
  custom:container-demuxer-webm: 4f35f7cbe854078d1ac9338744f61a02 -> 
  custom:video-encoder-webm-vp8: eb34c28f22e8b96e1ab97ce403110664 -> 
  custom:video-codec-MediaFoundation-h265: 746d11721c4dcdbdad8f713fa42b33f4 -> 
  custom:audio-encoder-webm-vorbis: bf7c407c2cedff20999df2af8eb42d56 -> 
  custom:framework-win-MediaFoundation: 216162199b28c13a410421893ffa2e32 -> 
  custom:container-demuxer-ogg: 62fdf1f143b41e24485cea50d1cbac27 -> 
  custom:video-decoder-webm-vp8: 9c59270c3fd7afecdb556c50c9e8de78 -> 
  custom:audio-decoder-ogg-vorbis: bf7c407c2cedff20999df2af8eb42d56 -> 
========================================================================
Received Import Request.
  Time since last request: 60.270529 seconds.
  path: Assets/PolygonDungeon/Prefabs/Props/SM_Prop_Jewel_04.prefab
  artifactKey: Guid(efc7fb00ebf0f8446b091e31bc16b8a4) Importer(815301076,1909f56bfc062723c751e8b465ee728b)
Start importing Assets/PolygonDungeon/Prefabs/Props/SM_Prop_Jewel_04.prefab using Guid(efc7fb00ebf0f8446b091e31bc16b8a4) Importer(815301076,1909f56bfc062723c751e8b465ee728b)  -> (artifact id: '54203d90ec5c16ee0066044d2561bf09') in 0.110919 seconds 
========================================================================
Received Import Request.
  Time since last request: 0.000020 seconds.
  path: Assets/PolygonDungeon/Prefabs/Props/SM_Prop_Lantern_02.prefab
  artifactKey: Guid(73eee973709c1b044aa87e9eb332a527) Importer(815301076,1909f56bfc062723c751e8b465ee728b)
Start importing Assets/PolygonDungeon/Prefabs/Props/SM_Prop_Lantern_02.prefab using Guid(73eee973709c1b044aa87e9eb332a527) Importer(815301076,1909f56bfc062723c751e8b465ee728b)  -> (artifact id: '97a569272eda08b9a8093430a151fcb1') in 0.100046 seconds 
========================================================================
Received Import Request.
  Time since last request: 0.000039 seconds.
  path: Assets/PolygonDungeon/Prefabs/Props/SM_Prop_Log_Spike_Large_01.prefab
  artifactKey: Guid(346a8984c44878d4dac3b6ba665d66d5) Importer(815301076,1909f56bfc062723c751e8b465ee728b)
Start importing Assets/PolygonDungeon/Prefabs/Props/SM_Prop_Log_Spike_Large_01.prefab using Guid(346a8984c44878d4dac3b6ba665d66d5) Importer(815301076,1909f56bfc062723c751e8b465ee728b)  -> (artifact id: 'b169962ca1882fadee89616b8102efa5') in 0.069399 seconds 
========================================================================
Received Import Request.
  Time since last request: 0.000052 seconds.
  path: Assets/PolygonDungeon/Prefabs/Props/SM_Prop_Plank_02.prefab
  artifactKey: Guid(9a8c2f1086b25c04fb374a5c421370c5) Importer(815301076,1909f56bfc062723c751e8b465ee728b)
Start importing Assets/PolygonDungeon/Prefabs/Props/SM_Prop_Plank_02.prefab using Guid(9a8c2f1086b25c04fb374a5c421370c5) Importer(815301076,1909f56bfc062723c751e8b465ee728b)  -> (artifact id: 'f03a35e43588e1413bb822903d56822a') in 0.021960 seconds 
========================================================================
Received Import Request.
  Time since last request: 0.000021 seconds.
  path: Assets/PolygonDungeon/Prefabs/Props/SM_Prop_Log_Spike_Large_02.prefab
  artifactKey: Guid(4ab75ecf377bfca45af385b8fa0a4b62) Importer(815301076,1909f56bfc062723c751e8b465ee728b)
Start importing Assets/PolygonDungeon/Prefabs/Props/SM_Prop_Log_Spike_Large_02.prefab using Guid(4ab75ecf377bfca45af385b8fa0a4b62) Importer(815301076,1909f56bfc062723c751e8b465ee728b)  -> (artifact id: 'e52e39973b676149b4417e8a473c72db') in 0.023034 seconds 
========================================================================
Received Import Request.
  Time since last request: 0.000029 seconds.
  path: Assets/PolygonDungeon/Prefabs/Props/SM_Prop_Metal_Fence_01.prefab
  artifactKey: Guid(e2d4897b09257264892b7aeeacdc56e9) Importer(815301076,1909f56bfc062723c751e8b465ee728b)
Start importing Assets/PolygonDungeon/Prefabs/Props/SM_Prop_Metal_Fence_01.prefab using Guid(e2d4897b09257264892b7aeeacdc56e9) Importer(815301076,1909f56bfc062723c751e8b465ee728b)  -> (artifact id: '6756e7e77fbc0ddf63351fca179b52ad') in 0.020059 seconds 
========================================================================
Received Import Request.
  Time since last request: 0.000020 seconds.
  path: Assets/PolygonDungeon/Prefabs/Props/SM_Prop_Rug_03.prefab
  artifactKey: Guid(066c29b35f638204aaa1355e15ed2c4f) Importer(815301076,1909f56bfc062723c751e8b465ee728b)
Start importing Assets/PolygonDungeon/Prefabs/Props/SM_Prop_Rug_03.prefab using Guid(066c29b35f638204aaa1355e15ed2c4f) Importer(815301076,1909f56bfc062723c751e8b465ee728b)  -> (artifact id: '609e788be965f03e6ac3c1b653c52715') in 0.019655 seconds 
========================================================================
Received Import Request.
  Time since last request: 0.000025 seconds.
  path: Assets/PolygonDungeon/Prefabs/Props/SM_Prop_Table_Round_02.prefab
  artifactKey: Guid(46c0fb398117dc647a6b7cb2cbba421b) Importer(815301076,1909f56bfc062723c751e8b465ee728b)
Start importing Assets/PolygonDungeon/Prefabs/Props/SM_Prop_Table_Round_02.prefab using Guid(46c0fb398117dc647a6b7cb2cbba421b) Importer(815301076,1909f56bfc062723c751e8b465ee728b)  -> (artifact id: '44b8cc730fbe381bda5d9d8b97360849') in 0.018693 seconds 
========================================================================
Received Import Request.
  Time since last request: 0.000025 seconds.
  path: Assets/PolygonDungeon/Prefabs/Props/SM_Prop_Tech_Chamber_Skeleton_01.prefab
  artifactKey: Guid(bdfa8cb477be4604aa495ce10eebf98a) Importer(815301076,1909f56bfc062723c751e8b465ee728b)
Start importing Assets/PolygonDungeon/Prefabs/Props/SM_Prop_Tech_Chamber_Skeleton_01.prefab using Guid(bdfa8cb477be4604aa495ce10eebf98a) Importer(815301076,1909f56bfc062723c751e8b465ee728b)  -> (artifact id: 'b330229c15bf81a24b7ef6988070a72e') in 0.020228 seconds 
========================================================================
Received Import Request.
  Time since last request: 0.038469 seconds.
  path: Assets/PolygonDungeon/Prefabs/Props/SM_Prop_TorchStick_01.prefab
  artifactKey: Guid(2bcc13328f8e4a44abdb601fda7419a4) Importer(815301076,1909f56bfc062723c751e8b465ee728b)
Start importing Assets/PolygonDungeon/Prefabs/Props/SM_Prop_TorchStick_01.prefab using Guid(2bcc13328f8e4a44abdb601fda7419a4) Importer(815301076,1909f56bfc062723c751e8b465ee728b)  -> (artifact id: '1f08205a364b591c7ce8b8a093742065') in 0.018966 seconds 
========================================================================
Received Import Request.
  Time since last request: 0.000024 seconds.
  path: Assets/PolygonDungeon/Prefabs/Props/SM_Prop_Vase_05.prefab
  artifactKey: Guid(7e58502dd20128c489f6d5c8603fdb93) Importer(815301076,1909f56bfc062723c751e8b465ee728b)
Start importing Assets/PolygonDungeon/Prefabs/Props/SM_Prop_Vase_05.prefab using Guid(7e58502dd20128c489f6d5c8603fdb93) Importer(815301076,1909f56bfc062723c751e8b465ee728b)  -> (artifact id: '9a27842e37e4f1db7fa69c319999d92a') in 0.024155 seconds 
========================================================================
Received Import Request.
  Time since last request: 0.000019 seconds.
  path: Assets/PolygonDungeon/Prefabs/Props/SM_Prop_Wall_Banner_04.prefab
  artifactKey: Guid(643180c044ccb6245a6a235c6ad5867d) Importer(815301076,1909f56bfc062723c751e8b465ee728b)
Start importing Assets/PolygonDungeon/Prefabs/Props/SM_Prop_Wall_Banner_04.prefab using Guid(643180c044ccb6245a6a235c6ad5867d) Importer(815301076,1909f56bfc062723c751e8b465ee728b)  -> (artifact id: 'eb72808b3904bef3445f0fc1e3fe6d2a') in 0.016867 seconds 
========================================================================
Received Import Request.
  Time since last request: 0.000030 seconds.
  path: Assets/PolygonDungeon/Prefabs/Props/SM_Prop_Vase_07.prefab
  artifactKey: Guid(a4fb40fd0313a7b4892bc1ab977cc60b) Importer(815301076,1909f56bfc062723c751e8b465ee728b)
Start importing Assets/PolygonDungeon/Prefabs/Props/SM_Prop_Vase_07.prefab using Guid(a4fb40fd0313a7b4892bc1ab977cc60b) Importer(815301076,1909f56bfc062723c751e8b465ee728b)  -> (artifact id: 'e814d84fb4067f8dd7bb05e8ea377506') in 0.023183 seconds 
========================================================================
Received Import Request.
  Time since last request: 0.000038 seconds.
  path: Assets/PolygonDungeon/Prefabs/Props/SM_Prop_Vase_Broken_03.prefab
  artifactKey: Guid(f61db0f6090c21848869d1d37b076d50) Importer(815301076,1909f56bfc062723c751e8b465ee728b)
Start importing Assets/PolygonDungeon/Prefabs/Props/SM_Prop_Vase_Broken_03.prefab using Guid(f61db0f6090c21848869d1d37b076d50) Importer(815301076,1909f56bfc062723c751e8b465ee728b)  -> (artifact id: '6806349541e506aa91e218a819a26090') in 0.045701 seconds 
Editor requested this worker to shutdown with reason: Scaling down because of idle timeout
AssetImportWorker is now disconnected from the server
Process exiting
Exiting without the bug reporter. Application will terminate with return code 0