Using pre-set license
Built from '2021.3/staging' branch; Version is '2021.3.14f1 (eee1884e7226) revision 15655304'; Using compiler version '192829333'; Build Type 'Release'
OS: 'Windows 11  (10.0.22621) 64bit Professional' Language: 'en' Physical Memory: 24461 MB
BatchMode: 1, IsHumanControllingUs: 0, StartBugReporterOnCrash: 0, Is64bit: 1, IsPro: 1

COMMAND LINE ARGUMENTS:
C:\Program Files\Unity\Hub\Editor\2021.3.14f1\Editor\Unity.exe
-adb2
-batchMode
-noUpm
-name
AssetImportWorker1
-projectPath
G:/Transfer Stuff/GameDev/Unity/FantasyRPG/UnityFantasyRpg
-logFile
Logs/AssetImportWorker1.log
-srvPort
57373
Successfully changed project path to: G:/Transfer Stuff/GameDev/Unity/FantasyRPG/UnityFantasyRpg
G:/Transfer Stuff/GameDev/Unity/FantasyRPG/UnityFantasyRpg
[UnityMemory] Configuration Parameters - Can be set up in boot.config
    "memorysetup-bucket-allocator-granularity=16"
    "memorysetup-bucket-allocator-bucket-count=8"
    "memorysetup-bucket-allocator-block-size=33554432"
    "memorysetup-bucket-allocator-block-count=8"
    "memorysetup-main-allocator-block-size=16777216"
    "memorysetup-thread-allocator-block-size=16777216"
    "memorysetup-gfx-main-allocator-block-size=16777216"
    "memorysetup-gfx-thread-allocator-block-size=16777216"
    "memorysetup-cache-allocator-block-size=4194304"
    "memorysetup-typetree-allocator-block-size=2097152"
    "memorysetup-profiler-bucket-allocator-granularity=16"
    "memorysetup-profiler-bucket-allocator-bucket-count=8"
    "memorysetup-profiler-bucket-allocator-block-size=33554432"
    "memorysetup-profiler-bucket-allocator-block-count=8"
    "memorysetup-profiler-allocator-block-size=16777216"
    "memorysetup-profiler-editor-allocator-block-size=1048576"
    "memorysetup-temp-allocator-size-main=16777216"
    "memorysetup-job-temp-allocator-block-size=2097152"
    "memorysetup-job-temp-allocator-block-size-background=1048576"
    "memorysetup-job-temp-allocator-reduction-small-platforms=262144"
    "memorysetup-temp-allocator-size-background-worker=32768"
    "memorysetup-temp-allocator-size-job-worker=262144"
    "memorysetup-temp-allocator-size-preload-manager=33554432"
    "memorysetup-temp-allocator-size-nav-mesh-worker=65536"
    "memorysetup-temp-allocator-size-audio-worker=65536"
    "memorysetup-temp-allocator-size-cloud-worker=32768"
    "memorysetup-temp-allocator-size-gi-baking-worker=262144"
    "memorysetup-temp-allocator-size-gfx=262144"
Refreshing native plugins compatible for Editor in 78.63 ms, found 3 plugins.
Preloading 0 native plugins for Editor in 0.00 ms.
Initialize engine version: 2021.3.14f1 (eee1884e7226)
[Subsystems] Discovering subsystems at path C:/Program Files/Unity/Hub/Editor/2021.3.14f1/Editor/Data/Resources/UnitySubsystems
[Subsystems] Discovering subsystems at path G:/Transfer Stuff/GameDev/Unity/FantasyRPG/UnityFantasyRpg/Assets
GfxDevice: creating device client; threaded=0; jobified=0
Direct3D:
    Version:  Direct3D 11.0 [level 11.1]
    Renderer: NVIDIA GeForce RTX 3060 (ID=0x2487)
    Vendor:   NVIDIA
    VRAM:     12124 MB
    Driver:   31.0.15.2802
Initialize mono
Mono path[0] = 'C:/Program Files/Unity/Hub/Editor/2021.3.14f1/Editor/Data/Managed'
Mono path[1] = 'C:/Program Files/Unity/Hub/Editor/2021.3.14f1/Editor/Data/MonoBleedingEdge/lib/mono/unityjit-win32'
Mono config path = 'C:/Program Files/Unity/Hub/Editor/2021.3.14f1/Editor/Data/MonoBleedingEdge/etc'
Using monoOptions --debugger-agent=transport=dt_socket,embedding=1,server=y,suspend=n,address=127.0.0.1:56420
Begin MonoManager ReloadAssembly
Registering precompiled unity dll's ...
Register platform support module: C:/Program Files/Unity/Hub/Editor/2021.3.14f1/Editor/Data/PlaybackEngines/WindowsStandaloneSupport/UnityEditor.WindowsStandalone.Extensions.dll
Registered in 0.004763 seconds.
Native extension for WindowsStandalone target not found
Refreshing native plugins compatible for Editor in 76.05 ms, found 3 plugins.
Preloading 0 native plugins for Editor in 0.00 ms.
Mono: successfully reloaded assembly
- Completed reload, in  0.505 seconds
Domain Reload Profiling:
	ReloadAssembly (505ms)
		BeginReloadAssembly (54ms)
			ExecutionOrderSort (0ms)
			DisableScriptedObjects (0ms)
			BackupInstance (0ms)
			ReleaseScriptingObjects (0ms)
			CreateAndSetChildDomain (1ms)
		EndReloadAssembly (370ms)
			LoadAssemblies (52ms)
			RebuildTransferFunctionScriptingTraits (0ms)
			SetupTypeCache (80ms)
			ReleaseScriptCaches (0ms)
			RebuildScriptCaches (20ms)
			SetupLoadedEditorAssemblies (227ms)
				LogAssemblyErrors (0ms)
				InitializePlatformSupportModulesInManaged (6ms)
				SetLoadedEditorAssemblies (0ms)
				RefreshPlugins (76ms)
				BeforeProcessingInitializeOnLoad (1ms)
				ProcessInitializeOnLoadAttributes (109ms)
				ProcessInitializeOnLoadMethodAttributes (35ms)
				AfterProcessingInitializeOnLoad (0ms)
				EditorAssembliesLoaded (0ms)
			ExecutionOrderSort2 (0ms)
			AwakeInstancesAfterBackupRestoration (0ms)
Platform modules already initialized, skipping
Registering precompiled user dll's ...
Registered in 0.003387 seconds.
Begin MonoManager ReloadAssembly
Symbol file LoadedFromMemory doesn't match image G:\Transfer Stuff\GameDev\Unity\FantasyRPG\UnityFantasyRpg\Library\PackageCache\com.unity.visualscripting@1.7.8\Editor\VisualScripting.Core\Dependencies\YamlDotNet\Unity.VisualScripting.YamlDotNet.dll
Symbol file LoadedFromMemory doesn't match image G:\Transfer Stuff\GameDev\Unity\FantasyRPG\UnityFantasyRpg\Library\PackageCache\com.unity.visualscripting@1.7.8\Editor\VisualScripting.Core\Dependencies\DotNetZip\Unity.VisualScripting.IonicZip.dll
Native extension for WindowsStandalone target not found
Refreshing native plugins compatible for Editor in 0.88 ms, found 3 plugins.
Preloading 0 native plugins for Editor in 0.00 ms.
Mono: successfully reloaded assembly
- Completed reload, in  0.811 seconds
Domain Reload Profiling:
	ReloadAssembly (812ms)
		BeginReloadAssembly (89ms)
			ExecutionOrderSort (0ms)
			DisableScriptedObjects (4ms)
			BackupInstance (0ms)
			ReleaseScriptingObjects (0ms)
			CreateAndSetChildDomain (21ms)
		EndReloadAssembly (636ms)
			LoadAssemblies (62ms)
			RebuildTransferFunctionScriptingTraits (0ms)
			SetupTypeCache (198ms)
			ReleaseScriptCaches (1ms)
			RebuildScriptCaches (44ms)
			SetupLoadedEditorAssemblies (305ms)
				LogAssemblyErrors (0ms)
				InitializePlatformSupportModulesInManaged (4ms)
				SetLoadedEditorAssemblies (0ms)
				RefreshPlugins (1ms)
				BeforeProcessingInitializeOnLoad (64ms)
				ProcessInitializeOnLoadAttributes (211ms)
				ProcessInitializeOnLoadMethodAttributes (19ms)
				AfterProcessingInitializeOnLoad (6ms)
				EditorAssembliesLoaded (0ms)
			ExecutionOrderSort2 (0ms)
			AwakeInstancesAfterBackupRestoration (4ms)
Platform modules already initialized, skipping
========================================================================
Worker process is ready to serve import requests
Launched and connected shader compiler UnityShaderCompiler.exe after 0.03 seconds
Refreshing native plugins compatible for Editor in 1.19 ms, found 3 plugins.
Preloading 0 native plugins for Editor in 0.00 ms.
Unloading 3621 Unused Serialized files (Serialized files now loaded: 0)
Unloading 38 unused Assets / (130.7 KB). Loaded Objects now: 4107.
Memory consumption went from 148.7 MB to 148.5 MB.
Total: 3.211800 ms (FindLiveObjects: 0.286800 ms CreateObjectMapping: 0.086400 ms MarkObjects: 2.716100 ms  DeleteObjects: 0.121700 ms)

AssetImportParameters requested are different than current active one (requested -> active):
  custom:video-decoder-ogg-theora: a1e56fd34408186e4bbccfd4996cb3dc -> 
  custom:container-muxer-webm: aa71ff27fc2769a1b78a27578f13a17b -> 
  custom:container-demuxer-webm: 4f35f7cbe854078d1ac9338744f61a02 -> 
  custom:video-encoder-webm-vp8: eb34c28f22e8b96e1ab97ce403110664 -> 
  custom:video-codec-MediaFoundation-h265: 746d11721c4dcdbdad8f713fa42b33f4 -> 
  custom:audio-encoder-webm-vorbis: bf7c407c2cedff20999df2af8eb42d56 -> 
  custom:framework-win-MediaFoundation: 216162199b28c13a410421893ffa2e32 -> 
  custom:container-demuxer-ogg: 62fdf1f143b41e24485cea50d1cbac27 -> 
  custom:video-decoder-webm-vp8: 9c59270c3fd7afecdb556c50c9e8de78 -> 
  custom:audio-decoder-ogg-vorbis: bf7c407c2cedff20999df2af8eb42d56 -> 
========================================================================
Received Import Request.
  Time since last request: 398179.074687 seconds.
  path: Assets/Hovl Studio/Resources/Materials/Fire1cg.mat
  artifactKey: Guid(45c25ed03ce24f34ea3f7828b4449861) Importer(815301076,1909f56bfc062723c751e8b465ee728b)
Start importing Assets/Hovl Studio/Resources/Materials/Fire1cg.mat using Guid(45c25ed03ce24f34ea3f7828b4449861) Importer(815301076,1909f56bfc062723c751e8b465ee728b)  -> (artifact id: '945281f50f7d90b5cad9317acf44edc6') in 0.119757 seconds 
========================================================================
Received Import Request.
  Time since last request: 0.000031 seconds.
  path: Assets/PolygonDungeon/Models/CollisionConvex/SM_Prop_Bonfire_01_Convex.asset
  artifactKey: Guid(adec6d282b967e64db04dbffbe7487a3) Importer(815301076,1909f56bfc062723c751e8b465ee728b)
Start importing Assets/PolygonDungeon/Models/CollisionConvex/SM_Prop_Bonfire_01_Convex.asset using Guid(adec6d282b967e64db04dbffbe7487a3) Importer(815301076,1909f56bfc062723c751e8b465ee728b)  -> (artifact id: '183a289d953955973e77a4fde6cfd360') in 0.029893 seconds 
========================================================================
Received Import Request.
  Time since last request: 0.000041 seconds.
  path: Assets/PolygonDungeon/Models/CollisionConvex/SM_Env_Wall_Fireplace_Alcove_01_Convex.asset
  artifactKey: Guid(c72a78e421cf9e645ad7477d6bf88874) Importer(815301076,1909f56bfc062723c751e8b465ee728b)
Start importing Assets/PolygonDungeon/Models/CollisionConvex/SM_Env_Wall_Fireplace_Alcove_01_Convex.asset using Guid(c72a78e421cf9e645ad7477d6bf88874) Importer(815301076,1909f56bfc062723c751e8b465ee728b)  -> (artifact id: 'abed8e356a5fd48d953b9dddacf16d89') in 0.013128 seconds 
========================================================================
Received Import Request.
  Time since last request: 0.000024 seconds.
  path: Assets/PolygonDungeon/Prefabs/FX/FX_Fire.prefab
  artifactKey: Guid(fabff3cbe4a4be24a90f7b23e155e025) Importer(815301076,1909f56bfc062723c751e8b465ee728b)
Start importing Assets/PolygonDungeon/Prefabs/FX/FX_Fire.prefab using Guid(fabff3cbe4a4be24a90f7b23e155e025) Importer(815301076,1909f56bfc062723c751e8b465ee728b)  -> (artifact id: '67f257df3d3fced32dd099535d12de79') in 0.023822 seconds 
========================================================================
Received Import Request.
  Time since last request: 0.000021 seconds.
  path: Assets/PolygonDungeon/Prefabs/Environments/Walls/SM_Env_Wall_Fireplace_Entrance_01.prefab
  artifactKey: Guid(d537c186f3833064e9d8c3525655f44d) Importer(815301076,1909f56bfc062723c751e8b465ee728b)
Start importing Assets/PolygonDungeon/Prefabs/Environments/Walls/SM_Env_Wall_Fireplace_Entrance_01.prefab using Guid(d537c186f3833064e9d8c3525655f44d) Importer(815301076,1909f56bfc062723c751e8b465ee728b)  -> (artifact id: 'c60266f685677f2ef711054ab2a9b5a4') in 0.027368 seconds 
========================================================================
Received Import Request.
  Time since last request: 0.000021 seconds.
  path: Assets/Hovl Studio/Resources/Textures/Fire3.png
  artifactKey: Guid(b11d12906f2ce394e9f3eb695a5bf37a) Importer(815301076,1909f56bfc062723c751e8b465ee728b)
Start importing Assets/Hovl Studio/Resources/Textures/Fire3.png using Guid(b11d12906f2ce394e9f3eb695a5bf37a) Importer(815301076,1909f56bfc062723c751e8b465ee728b)  -> (artifact id: '45c76f22f2415e56a48f314d8698edd7') in 0.047279 seconds 
========================================================================
Received Import Request.
  Time since last request: 0.000037 seconds.
  path: Assets/PolygonDungeon/Models/CollisionConvex/SM_Env_Wall_Fireplace_Entrance_01_Convex.asset
  artifactKey: Guid(1f89464b48de87a49acac4e598a469b8) Importer(815301076,1909f56bfc062723c751e8b465ee728b)
Start importing Assets/PolygonDungeon/Models/CollisionConvex/SM_Env_Wall_Fireplace_Entrance_01_Convex.asset using Guid(1f89464b48de87a49acac4e598a469b8) Importer(815301076,1909f56bfc062723c751e8b465ee728b)  -> (artifact id: 'ddd32071726f99861915638286b8ed48') in 0.009769 seconds 
========================================================================
Received Import Request.
  Time since last request: 0.000023 seconds.
  path: Assets/PolygonDungeon/Prefabs/FX/FX_Fire_02.prefab
  artifactKey: Guid(f65b497ff807d95439b38e7da2fab667) Importer(815301076,1909f56bfc062723c751e8b465ee728b)
Start importing Assets/PolygonDungeon/Prefabs/FX/FX_Fire_02.prefab using Guid(f65b497ff807d95439b38e7da2fab667) Importer(815301076,1909f56bfc062723c751e8b465ee728b)  -> (artifact id: '77165ef1122e8ff6f0efd367a76f4b59') in 0.019544 seconds 
========================================================================
Received Import Request.
  Time since last request: 0.000018 seconds.
  path: Assets/PolygonDungeon/Models/SM_Env_Wall_Fireplace_Entrance_01.fbx
  artifactKey: Guid(7b0eeb968fb26de4b9129fb1b1d13542) Importer(815301076,1909f56bfc062723c751e8b465ee728b)
Start importing Assets/PolygonDungeon/Models/SM_Env_Wall_Fireplace_Entrance_01.fbx using Guid(7b0eeb968fb26de4b9129fb1b1d13542) Importer(815301076,1909f56bfc062723c751e8b465ee728b)  -> (artifact id: 'bcd9d701fd0b99e1a27cabac0db660b2') in 0.014430 seconds 
========================================================================
Received Import Request.
  Time since last request: 0.000020 seconds.
  path: Assets/PolygonDungeon/Prefabs/Props/SM_Prop_Forge_FirePit_01.prefab
  artifactKey: Guid(6f6053668e9f3ec4f966c505fc71bf60) Importer(815301076,1909f56bfc062723c751e8b465ee728b)
Start importing Assets/PolygonDungeon/Prefabs/Props/SM_Prop_Forge_FirePit_01.prefab using Guid(6f6053668e9f3ec4f966c505fc71bf60) Importer(815301076,1909f56bfc062723c751e8b465ee728b)  -> (artifact id: '0541335542da595a1f85a71aa38eb52d') in 0.014287 seconds 
========================================================================
Received Import Request.
  Time since last request: 0.000020 seconds.
  path: Assets/Hovl Studio/Resources/Materials/Fire3cg.mat
  artifactKey: Guid(9eab677f82769b44682705e7a6c0c076) Importer(815301076,1909f56bfc062723c751e8b465ee728b)
Start importing Assets/Hovl Studio/Resources/Materials/Fire3cg.mat using Guid(9eab677f82769b44682705e7a6c0c076) Importer(815301076,1909f56bfc062723c751e8b465ee728b)  -> (artifact id: 'b37310a4f9c83753528563165dce65d8') in 0.015940 seconds 
========================================================================
Received Import Request.
  Time since last request: 0.000038 seconds.
  path: Assets/PolygonDungeon/Models/SM_Env_Wall_Fireplace_01.fbx
  artifactKey: Guid(0f581bbafbd987648849817a0ac0b260) Importer(815301076,1909f56bfc062723c751e8b465ee728b)
Start importing Assets/PolygonDungeon/Models/SM_Env_Wall_Fireplace_01.fbx using Guid(0f581bbafbd987648849817a0ac0b260) Importer(815301076,1909f56bfc062723c751e8b465ee728b)  -> (artifact id: 'b298c6d502a9f6057a9c149726fa249d') in 0.022483 seconds 
========================================================================
Received Import Request.
  Time since last request: 0.000024 seconds.
  path: Assets/PolygonDungeon/Prefabs/Environments/Walls/SM_Env_Wall_Fireplace_Alcove_01.prefab
  artifactKey: Guid(f54fdd2e465c1ed478d667930d2ce537) Importer(815301076,1909f56bfc062723c751e8b465ee728b)
Start importing Assets/PolygonDungeon/Prefabs/Environments/Walls/SM_Env_Wall_Fireplace_Alcove_01.prefab using Guid(f54fdd2e465c1ed478d667930d2ce537) Importer(815301076,1909f56bfc062723c751e8b465ee728b)  -> (artifact id: 'bc1d74f5ed842f48a21585125a17f187') in 0.012936 seconds 
========================================================================
Received Import Request.
  Time since last request: 0.339314 seconds.
  path: Assets/Toon Fantasy Nature/Prefabs/Props/TFF_Camp_Fire_01A.prefab
  artifactKey: Guid(c277cbe22bc6485408c60bfac1cde71a) Importer(815301076,1909f56bfc062723c751e8b465ee728b)
Start importing Assets/Toon Fantasy Nature/Prefabs/Props/TFF_Camp_Fire_01A.prefab using Guid(c277cbe22bc6485408c60bfac1cde71a) Importer(815301076,1909f56bfc062723c751e8b465ee728b)  -> (artifact id: '2d58ae3b1baba4d3554ad632bee625bd') in 0.042520 seconds 
========================================================================
Received Import Request.
  Time since last request: 0.000028 seconds.
  path: Assets/Toon Fantasy Nature/Particles/Materials/TFF_Fireflies_01A.mat
  artifactKey: Guid(5f2cb9a0c6fd7a04a9d618a58ad3fd24) Importer(815301076,1909f56bfc062723c751e8b465ee728b)
Start importing Assets/Toon Fantasy Nature/Particles/Materials/TFF_Fireflies_01A.mat using Guid(5f2cb9a0c6fd7a04a9d618a58ad3fd24) Importer(815301076,1909f56bfc062723c751e8b465ee728b)  -> (artifact id: '9114af3baf222dbcf407e3b41f5c7432') in 0.020712 seconds 
========================================================================
Received Import Request.
  Time since last request: 0.000039 seconds.
  path: Assets/Toon Fantasy Nature/Particles/TFF_Fire_01A.prefab
  artifactKey: Guid(1524b724e50071f47a7d0b92a6948368) Importer(815301076,1909f56bfc062723c751e8b465ee728b)
Start importing Assets/Toon Fantasy Nature/Particles/TFF_Fire_01A.prefab using Guid(1524b724e50071f47a7d0b92a6948368) Importer(815301076,1909f56bfc062723c751e8b465ee728b)  -> (artifact id: '8c3f54d1ba6c53852db60fe10220fc86') in 0.124988 seconds 
========================================================================
Received Import Request.
  Time since last request: 6.085244 seconds.
  path: Assets/Hovl Studio/Resources/Textures/Crater19.png
  artifactKey: Guid(82c85ba9e7f36664fbc5a47e49fc4b1e) Importer(815301076,1909f56bfc062723c751e8b465ee728b)
Start importing Assets/Hovl Studio/Resources/Textures/Crater19.png using Guid(82c85ba9e7f36664fbc5a47e49fc4b1e) Importer(815301076,1909f56bfc062723c751e8b465ee728b)  -> (artifact id: 'c0b1c884d0191ff298cc9d46d91c1368') in 0.072441 seconds 
========================================================================
Received Import Request.
  Time since last request: 0.000022 seconds.
  path: Assets/Hovl Studio/Resources/Textures/Flare4.png
  artifactKey: Guid(fe05455264c0eda4dabeb02e41d98557) Importer(815301076,1909f56bfc062723c751e8b465ee728b)
Start importing Assets/Hovl Studio/Resources/Textures/Flare4.png using Guid(fe05455264c0eda4dabeb02e41d98557) Importer(815301076,1909f56bfc062723c751e8b465ee728b)  -> (artifact id: 'fd2caeda1a68e398d1180f38ae64257d') in 0.012360 seconds 
========================================================================
Received Import Request.
  Time since last request: 0.000022 seconds.
  path: Assets/Hovl Studio/Resources/Textures/Gold2.png
  artifactKey: Guid(10be3eb66d4b7aa4aa6eaf6c64a7f0dc) Importer(815301076,1909f56bfc062723c751e8b465ee728b)
Start importing Assets/Hovl Studio/Resources/Textures/Gold2.png using Guid(10be3eb66d4b7aa4aa6eaf6c64a7f0dc) Importer(815301076,1909f56bfc062723c751e8b465ee728b)  -> (artifact id: '11d63d229a866065cfcbc3cd488ed907') in 0.011699 seconds 
========================================================================
Received Import Request.
  Time since last request: 0.000035 seconds.
  path: Assets/Hovl Studio/Resources/Textures/Glow1.png
  artifactKey: Guid(7605196420d204945843c4c794c58361) Importer(815301076,1909f56bfc062723c751e8b465ee728b)
Start importing Assets/Hovl Studio/Resources/Textures/Glow1.png using Guid(7605196420d204945843c4c794c58361) Importer(815301076,1909f56bfc062723c751e8b465ee728b)  -> (artifact id: '8a458c54eed05a7630af3f28b776d823') in 0.013847 seconds 
========================================================================
Received Import Request.
  Time since last request: 0.000020 seconds.
  path: Assets/Hovl Studio/Resources/Textures/Flare2.png
  artifactKey: Guid(377f73880c6a5044aa97ceeeedb8ad2d) Importer(815301076,1909f56bfc062723c751e8b465ee728b)
Start importing Assets/Hovl Studio/Resources/Textures/Flare2.png using Guid(377f73880c6a5044aa97ceeeedb8ad2d) Importer(815301076,1909f56bfc062723c751e8b465ee728b)  -> (artifact id: 'd465e4d0971e1383ac39b8a2487a3aea') in 0.013327 seconds 
========================================================================
Received Import Request.
  Time since last request: 0.000021 seconds.
  path: Assets/Hovl Studio/Resources/Textures/Flash18.png
  artifactKey: Guid(81916edcbeb08d545ac57cd728c871a7) Importer(815301076,1909f56bfc062723c751e8b465ee728b)
Start importing Assets/Hovl Studio/Resources/Textures/Flash18.png using Guid(81916edcbeb08d545ac57cd728c871a7) Importer(815301076,1909f56bfc062723c751e8b465ee728b)  -> (artifact id: '8cf4669250fed20de595bc5a2c078840') in 0.013876 seconds 
========================================================================
Received Import Request.
  Time since last request: 0.000017 seconds.
  path: Assets/Hovl Studio/Resources/Textures/Gradient3r.png
  artifactKey: Guid(ed3a5efebe958ba429d350e04f14d1ab) Importer(815301076,1909f56bfc062723c751e8b465ee728b)
Start importing Assets/Hovl Studio/Resources/Textures/Gradient3r.png using Guid(ed3a5efebe958ba429d350e04f14d1ab) Importer(815301076,1909f56bfc062723c751e8b465ee728b)  -> (artifact id: 'fac6ff4da9f6f3a5b25c0d832dc6a562') in 0.011091 seconds 
========================================================================
Received Import Request.
  Time since last request: 26.778919 seconds.
  path: Assets/GrassFlowers/Textures/GrassFlowers/grassFlower02.tga
  artifactKey: Guid(b0601839c4520064bb61d58d088810bc) Importer(815301076,1909f56bfc062723c751e8b465ee728b)
Start importing Assets/GrassFlowers/Textures/GrassFlowers/grassFlower02.tga using Guid(b0601839c4520064bb61d58d088810bc) Importer(815301076,1909f56bfc062723c751e8b465ee728b)  -> (artifact id: 'b69ad0cc4f0d41cef02aa7116715ba10') in 0.116189 seconds 
========================================================================
Received Import Request.
  Time since last request: 0.000026 seconds.
  path: Assets/GrassFlowers/Textures/GrassFlowers/grassFlower08.tga
  artifactKey: Guid(8900a35e436818940b97df26c3a8a1aa) Importer(815301076,1909f56bfc062723c751e8b465ee728b)
Start importing Assets/GrassFlowers/Textures/GrassFlowers/grassFlower08.tga using Guid(8900a35e436818940b97df26c3a8a1aa) Importer(815301076,1909f56bfc062723c751e8b465ee728b)  -> (artifact id: 'd7aa0286a51c047c8e71a4a4e2701732') in 0.042649 seconds 
========================================================================
Received Import Request.
  Time since last request: 53.307179 seconds.
  path: Assets/Toon Fantasy Nature/Particles/TFF_Fog_01A.prefab
  artifactKey: Guid(a838e4fa071a15f49b2f897cccaa5c90) Importer(815301076,1909f56bfc062723c751e8b465ee728b)
Start importing Assets/Toon Fantasy Nature/Particles/TFF_Fog_01A.prefab using Guid(a838e4fa071a15f49b2f897cccaa5c90) Importer(815301076,1909f56bfc062723c751e8b465ee728b)  -> (artifact id: '035b22a13a7626da3eaaa78516ddebbc') in 0.011621 seconds 
Editor requested this worker to shutdown with reason: Scaling down because of idle timeout
AssetImportWorker is now disconnected from the server
Process exiting
Exiting without the bug reporter. Application will terminate with return code 0