Using pre-set license
Built from '2021.3/staging' branch; Version is '2021.3.14f1 (eee1884e7226) revision 15655304'; Using compiler version '192829333'; Build Type 'Release'
OS: 'Windows 11  (10.0.22621) 64bit Professional' Language: 'en' Physical Memory: 24461 MB
BatchMode: 1, IsHumanControllingUs: 0, StartBugReporterOnCrash: 0, Is64bit: 1, IsPro: 1

COMMAND LINE ARGUMENTS:
C:\Program Files\Unity\Hub\Editor\2021.3.14f1\Editor\Unity.exe
-adb2
-batchMode
-noUpm
-name
AssetImportWorker26
-projectPath
G:/Transfer Stuff/GameDev/Unity/FantasyRPG/UnityFantasyRpg
-logFile
Logs/AssetImportWorker26.log
-srvPort
64560
Successfully changed project path to: G:/Transfer Stuff/GameDev/Unity/FantasyRPG/UnityFantasyRpg
G:/Transfer Stuff/GameDev/Unity/FantasyRPG/UnityFantasyRpg
[UnityMemory] Configuration Parameters - Can be set up in boot.config
    "memorysetup-bucket-allocator-granularity=16"
    "memorysetup-bucket-allocator-bucket-count=8"
    "memorysetup-bucket-allocator-block-size=33554432"
    "memorysetup-bucket-allocator-block-count=8"
    "memorysetup-main-allocator-block-size=16777216"
    "memorysetup-thread-allocator-block-size=16777216"
    "memorysetup-gfx-main-allocator-block-size=16777216"
    "memorysetup-gfx-thread-allocator-block-size=16777216"
    "memorysetup-cache-allocator-block-size=4194304"
    "memorysetup-typetree-allocator-block-size=2097152"
    "memorysetup-profiler-bucket-allocator-granularity=16"
    "memorysetup-profiler-bucket-allocator-bucket-count=8"
    "memorysetup-profiler-bucket-allocator-block-size=33554432"
    "memorysetup-profiler-bucket-allocator-block-count=8"
    "memorysetup-profiler-allocator-block-size=16777216"
    "memorysetup-profiler-editor-allocator-block-size=1048576"
    "memorysetup-temp-allocator-size-main=16777216"
    "memorysetup-job-temp-allocator-block-size=2097152"
    "memorysetup-job-temp-allocator-block-size-background=1048576"
    "memorysetup-job-temp-allocator-reduction-small-platforms=262144"
    "memorysetup-temp-allocator-size-background-worker=32768"
    "memorysetup-temp-allocator-size-job-worker=262144"
    "memorysetup-temp-allocator-size-preload-manager=33554432"
    "memorysetup-temp-allocator-size-nav-mesh-worker=65536"
    "memorysetup-temp-allocator-size-audio-worker=65536"
    "memorysetup-temp-allocator-size-cloud-worker=32768"
    "memorysetup-temp-allocator-size-gi-baking-worker=262144"
    "memorysetup-temp-allocator-size-gfx=262144"
Refreshing native plugins compatible for Editor in 80.96 ms, found 3 plugins.
Preloading 0 native plugins for Editor in 0.00 ms.
Initialize engine version: 2021.3.14f1 (eee1884e7226)
[Subsystems] Discovering subsystems at path C:/Program Files/Unity/Hub/Editor/2021.3.14f1/Editor/Data/Resources/UnitySubsystems
[Subsystems] Discovering subsystems at path G:/Transfer Stuff/GameDev/Unity/FantasyRPG/UnityFantasyRpg/Assets
GfxDevice: creating device client; threaded=0; jobified=0
Direct3D:
    Version:  Direct3D 11.0 [level 11.1]
    Renderer: NVIDIA GeForce RTX 3060 (ID=0x2487)
    Vendor:   NVIDIA
    VRAM:     12124 MB
    Driver:   31.0.15.2686
Initialize mono
Mono path[0] = 'C:/Program Files/Unity/Hub/Editor/2021.3.14f1/Editor/Data/Managed'
Mono path[1] = 'C:/Program Files/Unity/Hub/Editor/2021.3.14f1/Editor/Data/MonoBleedingEdge/lib/mono/unityjit-win32'
Mono config path = 'C:/Program Files/Unity/Hub/Editor/2021.3.14f1/Editor/Data/MonoBleedingEdge/etc'
Using monoOptions --debugger-agent=transport=dt_socket,embedding=1,server=y,suspend=n,address=127.0.0.1:56136
Begin MonoManager ReloadAssembly
Registering precompiled unity dll's ...
Register platform support module: C:/Program Files/Unity/Hub/Editor/2021.3.14f1/Editor/Data/PlaybackEngines/WindowsStandaloneSupport/UnityEditor.WindowsStandalone.Extensions.dll
Registered in 0.005784 seconds.
Native extension for WindowsStandalone target not found
Refreshing native plugins compatible for Editor in 75.49 ms, found 3 plugins.
Preloading 0 native plugins for Editor in 0.00 ms.
Mono: successfully reloaded assembly
- Completed reload, in  0.517 seconds
Domain Reload Profiling:
	ReloadAssembly (517ms)
		BeginReloadAssembly (71ms)
			ExecutionOrderSort (0ms)
			DisableScriptedObjects (0ms)
			BackupInstance (0ms)
			ReleaseScriptingObjects (0ms)
			CreateAndSetChildDomain (1ms)
		EndReloadAssembly (354ms)
			LoadAssemblies (67ms)
			RebuildTransferFunctionScriptingTraits (0ms)
			SetupTypeCache (75ms)
			ReleaseScriptCaches (0ms)
			RebuildScriptCaches (20ms)
			SetupLoadedEditorAssemblies (221ms)
				LogAssemblyErrors (0ms)
				InitializePlatformSupportModulesInManaged (6ms)
				SetLoadedEditorAssemblies (0ms)
				RefreshPlugins (76ms)
				BeforeProcessingInitializeOnLoad (1ms)
				ProcessInitializeOnLoadAttributes (105ms)
				ProcessInitializeOnLoadMethodAttributes (34ms)
				AfterProcessingInitializeOnLoad (0ms)
				EditorAssembliesLoaded (0ms)
			ExecutionOrderSort2 (0ms)
			AwakeInstancesAfterBackupRestoration (0ms)
Platform modules already initialized, skipping
Registering precompiled user dll's ...
Registered in 0.003380 seconds.
Begin MonoManager ReloadAssembly
Symbol file LoadedFromMemory doesn't match image G:\Transfer Stuff\GameDev\Unity\FantasyRPG\UnityFantasyRpg\Library\PackageCache\com.unity.visualscripting@1.7.8\Editor\VisualScripting.Core\Dependencies\YamlDotNet\Unity.VisualScripting.YamlDotNet.dll
Symbol file LoadedFromMemory doesn't match image G:\Transfer Stuff\GameDev\Unity\FantasyRPG\UnityFantasyRpg\Library\PackageCache\com.unity.visualscripting@1.7.8\Editor\VisualScripting.Core\Dependencies\DotNetZip\Unity.VisualScripting.IonicZip.dll
Native extension for WindowsStandalone target not found
Refreshing native plugins compatible for Editor in 0.94 ms, found 3 plugins.
Preloading 0 native plugins for Editor in 0.00 ms.
Mono: successfully reloaded assembly
- Completed reload, in  0.755 seconds
Domain Reload Profiling:
	ReloadAssembly (756ms)
		BeginReloadAssembly (95ms)
			ExecutionOrderSort (0ms)
			DisableScriptedObjects (4ms)
			BackupInstance (0ms)
			ReleaseScriptingObjects (0ms)
			CreateAndSetChildDomain (21ms)
		EndReloadAssembly (577ms)
			LoadAssemblies (70ms)
			RebuildTransferFunctionScriptingTraits (0ms)
			SetupTypeCache (180ms)
			ReleaseScriptCaches (1ms)
			RebuildScriptCaches (37ms)
			SetupLoadedEditorAssemblies (269ms)
				LogAssemblyErrors (0ms)
				InitializePlatformSupportModulesInManaged (4ms)
				SetLoadedEditorAssemblies (0ms)
				RefreshPlugins (1ms)
				BeforeProcessingInitializeOnLoad (66ms)
				ProcessInitializeOnLoadAttributes (174ms)
				ProcessInitializeOnLoadMethodAttributes (18ms)
				AfterProcessingInitializeOnLoad (6ms)
				EditorAssembliesLoaded (0ms)
			ExecutionOrderSort2 (0ms)
			AwakeInstancesAfterBackupRestoration (4ms)
Platform modules already initialized, skipping
========================================================================
Worker process is ready to serve import requests
Launched and connected shader compiler UnityShaderCompiler.exe after 0.03 seconds
Refreshing native plugins compatible for Editor in 2.51 ms, found 3 plugins.
Preloading 0 native plugins for Editor in 0.00 ms.
Unloading 3385 Unused Serialized files (Serialized files now loaded: 0)
Unloading 27 unused Assets / (114.2 KB). Loaded Objects now: 3858.
Memory consumption went from 137.3 MB to 137.2 MB.
Total: 5.732500 ms (FindLiveObjects: 0.596400 ms CreateObjectMapping: 0.233600 ms MarkObjects: 4.721400 ms  DeleteObjects: 0.179400 ms)

AssetImportParameters requested are different than current active one (requested -> active):
  custom:video-decoder-ogg-theora: a1e56fd34408186e4bbccfd4996cb3dc -> 
  custom:container-muxer-webm: aa71ff27fc2769a1b78a27578f13a17b -> 
  custom:container-demuxer-webm: 4f35f7cbe854078d1ac9338744f61a02 -> 
  custom:video-encoder-webm-vp8: eb34c28f22e8b96e1ab97ce403110664 -> 
  custom:video-codec-MediaFoundation-h265: 746d11721c4dcdbdad8f713fa42b33f4 -> 
  custom:audio-encoder-webm-vorbis: bf7c407c2cedff20999df2af8eb42d56 -> 
  custom:framework-win-MediaFoundation: 216162199b28c13a410421893ffa2e32 -> 
  custom:container-demuxer-ogg: 62fdf1f143b41e24485cea50d1cbac27 -> 
  custom:video-decoder-webm-vp8: 9c59270c3fd7afecdb556c50c9e8de78 -> 
  custom:audio-decoder-ogg-vorbis: bf7c407c2cedff20999df2af8eb42d56 -> 
========================================================================
Received Import Request.
  Time since last request: 905705.870635 seconds.
  path: Assets/Toon Fantasy Nature/Prefabs/Props/TFF_Twigs_01A.prefab
  artifactKey: Guid(b2469a3119b81d44c8aefcb395e9e073) Importer(815301076,1909f56bfc062723c751e8b465ee728b)
Start importing Assets/Toon Fantasy Nature/Prefabs/Props/TFF_Twigs_01A.prefab using Guid(b2469a3119b81d44c8aefcb395e9e073) Importer(815301076,1909f56bfc062723c751e8b465ee728b)  -> (artifact id: 'c2c441dc472d8c734fbaec33ed668bf6') in 0.108970 seconds 
========================================================================
Received Import Request.
  Time since last request: 5.258388 seconds.
  path: Assets/Toon Fantasy Nature/Prefabs/Rocks/TFF_Rock_Large_06A.prefab
  artifactKey: Guid(3efef0c3914bf95429aeb0141ca3a994) Importer(815301076,1909f56bfc062723c751e8b465ee728b)
Start importing Assets/Toon Fantasy Nature/Prefabs/Rocks/TFF_Rock_Large_06A.prefab using Guid(3efef0c3914bf95429aeb0141ca3a994) Importer(815301076,1909f56bfc062723c751e8b465ee728b)  -> (artifact id: 'd1b05bd1fe12921635d377127c37080f') in 0.031004 seconds 
========================================================================
Received Import Request.
  Time since last request: 0.000018 seconds.
  path: Assets/Toon Fantasy Nature/Prefabs/Rocks/TFF_Rock_Medium_06A.prefab
  artifactKey: Guid(a81763150bed0ad459b6743638ad5be4) Importer(815301076,1909f56bfc062723c751e8b465ee728b)
Start importing Assets/Toon Fantasy Nature/Prefabs/Rocks/TFF_Rock_Medium_06A.prefab using Guid(a81763150bed0ad459b6743638ad5be4) Importer(815301076,1909f56bfc062723c751e8b465ee728b)  -> (artifact id: '5d1c40697cb4eb9ba4d6929e0b7e6974') in 0.013138 seconds 
========================================================================
Received Import Request.
  Time since last request: 0.712859 seconds.
  path: Assets/Toon Fantasy Nature/Prefabs/Structures/TFF_Wooden_Fence_02A.prefab
  artifactKey: Guid(06c3f544f78664041b45dcbd733a1260) Importer(815301076,1909f56bfc062723c751e8b465ee728b)
Start importing Assets/Toon Fantasy Nature/Prefabs/Structures/TFF_Wooden_Fence_02A.prefab using Guid(06c3f544f78664041b45dcbd733a1260) Importer(815301076,1909f56bfc062723c751e8b465ee728b)  -> (artifact id: 'b2d9be093bd9fd8659cd1ba5eb2272c5') in 0.012133 seconds 
========================================================================
Received Import Request.
  Time since last request: 0.000018 seconds.
  path: Assets/Toon Fantasy Nature/Prefabs/Structures/TFF_Wooden_Table_01B.prefab
  artifactKey: Guid(099b31845be60db4cb8ab315ebec9035) Importer(815301076,1909f56bfc062723c751e8b465ee728b)
Start importing Assets/Toon Fantasy Nature/Prefabs/Structures/TFF_Wooden_Table_01B.prefab using Guid(099b31845be60db4cb8ab315ebec9035) Importer(815301076,1909f56bfc062723c751e8b465ee728b)  -> (artifact id: '340e6c88523e9eb3c2ccd40f2fc2fec4') in 0.010777 seconds 
========================================================================
Received Import Request.
  Time since last request: 3.848426 seconds.
  path: Assets/Toon Fantasy Nature/Models/TFF_Bush_01A.fbx
  artifactKey: Guid(b4faa2141c16dce4ca0958f3035745cd) Importer(815301076,1909f56bfc062723c751e8b465ee728b)
Start importing Assets/Toon Fantasy Nature/Models/TFF_Bush_01A.fbx using Guid(b4faa2141c16dce4ca0958f3035745cd) Importer(815301076,1909f56bfc062723c751e8b465ee728b)  -> (artifact id: '804cae32d42920787d28cdc5f35a1a86') in 0.120417 seconds 
========================================================================
Received Import Request.
  Time since last request: 0.000017 seconds.
  path: Assets/Toon Fantasy Nature/Models/TFF_Bush_02B.fbx
  artifactKey: Guid(9efa17c479f3eb24f9ba2f777fc46320) Importer(815301076,1909f56bfc062723c751e8b465ee728b)
Start importing Assets/Toon Fantasy Nature/Models/TFF_Bush_02B.fbx using Guid(9efa17c479f3eb24f9ba2f777fc46320) Importer(815301076,1909f56bfc062723c751e8b465ee728b)  -> (artifact id: '530b2d78db4d857b805bce6c4b1bd648') in 0.076765 seconds 
========================================================================
Received Import Request.
  Time since last request: 3.244090 seconds.
  path: Assets/Toon Fantasy Nature/Particles/TFF_Fog_01A.prefab
  artifactKey: Guid(a838e4fa071a15f49b2f897cccaa5c90) Importer(815301076,1909f56bfc062723c751e8b465ee728b)
Start importing Assets/Toon Fantasy Nature/Particles/TFF_Fog_01A.prefab using Guid(a838e4fa071a15f49b2f897cccaa5c90) Importer(815301076,1909f56bfc062723c751e8b465ee728b)  -> (artifact id: 'c75163cd688b1e115c4256078807f9c9') in 0.054636 seconds 
========================================================================
Received Import Request.
  Time since last request: 20.314963 seconds.
  path: Assets/Toon Fantasy Nature/Skyboxes/Textures/Sunset_1/pz.png
  artifactKey: Guid(7b7895902ec7c7f4d8efba6fbc704b91) Importer(815301076,1909f56bfc062723c751e8b465ee728b)
Start importing Assets/Toon Fantasy Nature/Skyboxes/Textures/Sunset_1/pz.png using Guid(7b7895902ec7c7f4d8efba6fbc704b91) Importer(815301076,1909f56bfc062723c751e8b465ee728b)  -> (artifact id: '8083b759a4859df7a730d684176e4096') in 0.072147 seconds 
Editor requested this worker to shutdown with reason: Scaling down because of idle timeout
AssetImportWorker is now disconnected from the server
Process exiting
Exiting without the bug reporter. Application will terminate with return code 0