Using pre-set license
Built from '2021.3/staging' branch; Version is '2021.3.14f1 (eee1884e7226) revision 15655304'; Using compiler version '192829333'; Build Type 'Release'
OS: 'Windows 11  (10.0.22621) 64bit Professional' Language: 'en' Physical Memory: 24461 MB
BatchMode: 1, IsHumanControllingUs: 0, StartBugReporterOnCrash: 0, Is64bit: 1, IsPro: 1

COMMAND LINE ARGUMENTS:
C:\Program Files\Unity\Hub\Editor\2021.3.14f1\Editor\Unity.exe
-adb2
-batchMode
-noUpm
-name
AssetImportWorker11
-projectPath
G:/Transfer Stuff/GameDev/Unity/FantasyRPG/UnityFantasyRpg
-logFile
Logs/AssetImportWorker11.log
-srvPort
58349
Successfully changed project path to: G:/Transfer Stuff/GameDev/Unity/FantasyRPG/UnityFantasyRpg
G:/Transfer Stuff/GameDev/Unity/FantasyRPG/UnityFantasyRpg
[UnityMemory] Configuration Parameters - Can be set up in boot.config
    "memorysetup-bucket-allocator-granularity=16"
    "memorysetup-bucket-allocator-bucket-count=8"
    "memorysetup-bucket-allocator-block-size=33554432"
    "memorysetup-bucket-allocator-block-count=8"
    "memorysetup-main-allocator-block-size=16777216"
    "memorysetup-thread-allocator-block-size=16777216"
    "memorysetup-gfx-main-allocator-block-size=16777216"
    "memorysetup-gfx-thread-allocator-block-size=16777216"
    "memorysetup-cache-allocator-block-size=4194304"
    "memorysetup-typetree-allocator-block-size=2097152"
    "memorysetup-profiler-bucket-allocator-granularity=16"
    "memorysetup-profiler-bucket-allocator-bucket-count=8"
    "memorysetup-profiler-bucket-allocator-block-size=33554432"
    "memorysetup-profiler-bucket-allocator-block-count=8"
    "memorysetup-profiler-allocator-block-size=16777216"
    "memorysetup-profiler-editor-allocator-block-size=1048576"
    "memorysetup-temp-allocator-size-main=16777216"
    "memorysetup-job-temp-allocator-block-size=2097152"
    "memorysetup-job-temp-allocator-block-size-background=1048576"
    "memorysetup-job-temp-allocator-reduction-small-platforms=262144"
    "memorysetup-temp-allocator-size-background-worker=32768"
    "memorysetup-temp-allocator-size-job-worker=262144"
    "memorysetup-temp-allocator-size-preload-manager=33554432"
    "memorysetup-temp-allocator-size-nav-mesh-worker=65536"
    "memorysetup-temp-allocator-size-audio-worker=65536"
    "memorysetup-temp-allocator-size-cloud-worker=32768"
    "memorysetup-temp-allocator-size-gi-baking-worker=262144"
    "memorysetup-temp-allocator-size-gfx=262144"
Refreshing native plugins compatible for Editor in 83.51 ms, found 3 plugins.
Preloading 0 native plugins for Editor in 0.00 ms.
Initialize engine version: 2021.3.14f1 (eee1884e7226)
[Subsystems] Discovering subsystems at path C:/Program Files/Unity/Hub/Editor/2021.3.14f1/Editor/Data/Resources/UnitySubsystems
[Subsystems] Discovering subsystems at path G:/Transfer Stuff/GameDev/Unity/FantasyRPG/UnityFantasyRpg/Assets
GfxDevice: creating device client; threaded=0; jobified=0
Direct3D:
    Version:  Direct3D 11.0 [level 11.1]
    Renderer: NVIDIA GeForce RTX 3060 (ID=0x2487)
    Vendor:   NVIDIA
    VRAM:     12124 MB
    Driver:   31.0.15.2686
Initialize mono
Mono path[0] = 'C:/Program Files/Unity/Hub/Editor/2021.3.14f1/Editor/Data/Managed'
Mono path[1] = 'C:/Program Files/Unity/Hub/Editor/2021.3.14f1/Editor/Data/MonoBleedingEdge/lib/mono/unityjit-win32'
Mono config path = 'C:/Program Files/Unity/Hub/Editor/2021.3.14f1/Editor/Data/MonoBleedingEdge/etc'
Using monoOptions --debugger-agent=transport=dt_socket,embedding=1,server=y,suspend=n,address=127.0.0.1:56764
Begin MonoManager ReloadAssembly
Registering precompiled unity dll's ...
Register platform support module: C:/Program Files/Unity/Hub/Editor/2021.3.14f1/Editor/Data/PlaybackEngines/WindowsStandaloneSupport/UnityEditor.WindowsStandalone.Extensions.dll
Registered in 0.004206 seconds.
Native extension for WindowsStandalone target not found
Refreshing native plugins compatible for Editor in 79.60 ms, found 3 plugins.
Preloading 0 native plugins for Editor in 0.00 ms.
Mono: successfully reloaded assembly
- Completed reload, in  0.525 seconds
Domain Reload Profiling:
	ReloadAssembly (526ms)
		BeginReloadAssembly (62ms)
			ExecutionOrderSort (0ms)
			DisableScriptedObjects (0ms)
			BackupInstance (0ms)
			ReleaseScriptingObjects (0ms)
			CreateAndSetChildDomain (1ms)
		EndReloadAssembly (383ms)
			LoadAssemblies (60ms)
			RebuildTransferFunctionScriptingTraits (0ms)
			SetupTypeCache (76ms)
			ReleaseScriptCaches (0ms)
			RebuildScriptCaches (20ms)
			SetupLoadedEditorAssemblies (248ms)
				LogAssemblyErrors (0ms)
				InitializePlatformSupportModulesInManaged (6ms)
				SetLoadedEditorAssemblies (0ms)
				RefreshPlugins (98ms)
				BeforeProcessingInitializeOnLoad (1ms)
				ProcessInitializeOnLoadAttributes (108ms)
				ProcessInitializeOnLoadMethodAttributes (34ms)
				AfterProcessingInitializeOnLoad (0ms)
				EditorAssembliesLoaded (0ms)
			ExecutionOrderSort2 (0ms)
			AwakeInstancesAfterBackupRestoration (0ms)
Platform modules already initialized, skipping
Registering precompiled user dll's ...
Registered in 0.003092 seconds.
Begin MonoManager ReloadAssembly
Symbol file LoadedFromMemory doesn't match image G:\Transfer Stuff\GameDev\Unity\FantasyRPG\UnityFantasyRpg\Library\PackageCache\com.unity.visualscripting@1.7.8\Editor\VisualScripting.Core\Dependencies\YamlDotNet\Unity.VisualScripting.YamlDotNet.dll
Symbol file LoadedFromMemory doesn't match image G:\Transfer Stuff\GameDev\Unity\FantasyRPG\UnityFantasyRpg\Library\PackageCache\com.unity.visualscripting@1.7.8\Editor\VisualScripting.Core\Dependencies\DotNetZip\Unity.VisualScripting.IonicZip.dll
Native extension for WindowsStandalone target not found
Refreshing native plugins compatible for Editor in 1.05 ms, found 3 plugins.
Preloading 0 native plugins for Editor in 0.00 ms.
Mono: successfully reloaded assembly
- Completed reload, in  0.817 seconds
Domain Reload Profiling:
	ReloadAssembly (818ms)
		BeginReloadAssembly (103ms)
			ExecutionOrderSort (0ms)
			DisableScriptedObjects (4ms)
			BackupInstance (0ms)
			ReleaseScriptingObjects (0ms)
			CreateAndSetChildDomain (22ms)
		EndReloadAssembly (628ms)
			LoadAssemblies (81ms)
			RebuildTransferFunctionScriptingTraits (0ms)
			SetupTypeCache (187ms)
			ReleaseScriptCaches (1ms)
			RebuildScriptCaches (40ms)
			SetupLoadedEditorAssemblies (306ms)
				LogAssemblyErrors (0ms)
				InitializePlatformSupportModulesInManaged (4ms)
				SetLoadedEditorAssemblies (0ms)
				RefreshPlugins (1ms)
				BeforeProcessingInitializeOnLoad (69ms)
				ProcessInitializeOnLoadAttributes (202ms)
				ProcessInitializeOnLoadMethodAttributes (20ms)
				AfterProcessingInitializeOnLoad (9ms)
				EditorAssembliesLoaded (0ms)
			ExecutionOrderSort2 (0ms)
			AwakeInstancesAfterBackupRestoration (5ms)
Platform modules already initialized, skipping
========================================================================
Worker process is ready to serve import requests
Launched and connected shader compiler UnityShaderCompiler.exe after 0.05 seconds
Refreshing native plugins compatible for Editor in 2.01 ms, found 3 plugins.
Preloading 0 native plugins for Editor in 0.00 ms.
Unloading 3546 Unused Serialized files (Serialized files now loaded: 0)
Unloading 40 unused Assets / (186.0 KB). Loaded Objects now: 4024.
Memory consumption went from 144.0 MB to 143.8 MB.
Total: 3.292700 ms (FindLiveObjects: 0.297400 ms CreateObjectMapping: 0.081600 ms MarkObjects: 2.768600 ms  DeleteObjects: 0.143700 ms)

AssetImportParameters requested are different than current active one (requested -> active):
  custom:video-decoder-ogg-theora: a1e56fd34408186e4bbccfd4996cb3dc -> 
  custom:container-muxer-webm: aa71ff27fc2769a1b78a27578f13a17b -> 
  custom:container-demuxer-webm: 4f35f7cbe854078d1ac9338744f61a02 -> 
  custom:video-encoder-webm-vp8: eb34c28f22e8b96e1ab97ce403110664 -> 
  custom:video-codec-MediaFoundation-h265: 746d11721c4dcdbdad8f713fa42b33f4 -> 
  custom:audio-encoder-webm-vorbis: bf7c407c2cedff20999df2af8eb42d56 -> 
  custom:framework-win-MediaFoundation: 216162199b28c13a410421893ffa2e32 -> 
  custom:container-demuxer-ogg: 62fdf1f143b41e24485cea50d1cbac27 -> 
  custom:video-decoder-webm-vp8: 9c59270c3fd7afecdb556c50c9e8de78 -> 
  custom:audio-decoder-ogg-vorbis: bf7c407c2cedff20999df2af8eb42d56 -> 
========================================================================
Received Import Request.
  Time since last request: 1168501.445883 seconds.
  path: Assets/PolygonDungeon/Prefabs/Environments/Walls/SM_Env_Ceiling_Stone_Curved_02.prefab
  artifactKey: Guid(df71eb9ba610fdf4087431bd6adab96b) Importer(815301076,1909f56bfc062723c751e8b465ee728b)
Start importing Assets/PolygonDungeon/Prefabs/Environments/Walls/SM_Env_Ceiling_Stone_Curved_02.prefab using Guid(df71eb9ba610fdf4087431bd6adab96b) Importer(815301076,1909f56bfc062723c751e8b465ee728b)  -> (artifact id: '1e1e801e37e95e6d03546d6cabc9ab2b') in 0.422368 seconds 
========================================================================
Received Import Request.
  Time since last request: 0.148176 seconds.
  path: Assets/PolygonDungeon/Prefabs/Environments/Walls/SM_Env_Ceiling_Stone_Flat_02.prefab
  artifactKey: Guid(9e2db045424bf654c94d3b0024430884) Importer(815301076,1909f56bfc062723c751e8b465ee728b)
Start importing Assets/PolygonDungeon/Prefabs/Environments/Walls/SM_Env_Ceiling_Stone_Flat_02.prefab using Guid(9e2db045424bf654c94d3b0024430884) Importer(815301076,1909f56bfc062723c751e8b465ee728b)  -> (artifact id: 'cdd370ebc2a45729107e4191b445084f') in 0.393156 seconds 
========================================================================
Received Import Request.
  Time since last request: 0.027521 seconds.
  path: Assets/PolygonDungeon/Prefabs/Environments/Walls/SM_Env_Ceiling_Stone_Flat_06.prefab
  artifactKey: Guid(707e7444a2194ab43a2f2d2bb1eae43c) Importer(815301076,1909f56bfc062723c751e8b465ee728b)
Start importing Assets/PolygonDungeon/Prefabs/Environments/Walls/SM_Env_Ceiling_Stone_Flat_06.prefab using Guid(707e7444a2194ab43a2f2d2bb1eae43c) Importer(815301076,1909f56bfc062723c751e8b465ee728b)  -> (artifact id: '880e4eb80dd1fb4ded5a6a0879427051') in 0.143830 seconds 
========================================================================
Received Import Request.
  Time since last request: 0.057392 seconds.
  path: Assets/PolygonDungeon/Prefabs/Environments/Walls/SM_Env_Door_01.prefab
  artifactKey: Guid(f7f8afc7225502240bc7b70a9419c566) Importer(815301076,1909f56bfc062723c751e8b465ee728b)
Start importing Assets/PolygonDungeon/Prefabs/Environments/Walls/SM_Env_Door_01.prefab using Guid(f7f8afc7225502240bc7b70a9419c566) Importer(815301076,1909f56bfc062723c751e8b465ee728b)  -> (artifact id: 'ac73bb78191615e5bf012b257e98ca36') in 0.078168 seconds 
========================================================================
Received Import Request.
  Time since last request: 0.253180 seconds.
  path: Assets/PolygonDungeon/Prefabs/Environments/Walls/SM_Env_Door_05.prefab
  artifactKey: Guid(1bf3dbbe9f709c54cac0e2d71b64c139) Importer(815301076,1909f56bfc062723c751e8b465ee728b)
Start importing Assets/PolygonDungeon/Prefabs/Environments/Walls/SM_Env_Door_05.prefab using Guid(1bf3dbbe9f709c54cac0e2d71b64c139) Importer(815301076,1909f56bfc062723c751e8b465ee728b)  -> (artifact id: 'cbca8fce095e24bc0d30ffdd2ecc1f90') in 0.069349 seconds 
========================================================================
Received Import Request.
  Time since last request: 0.040325 seconds.
  path: Assets/PolygonDungeon/Prefabs/Environments/Walls/SM_Env_Door_Frame_02.prefab
  artifactKey: Guid(27158b7015c53b545968d0ddc67778ac) Importer(815301076,1909f56bfc062723c751e8b465ee728b)
Start importing Assets/PolygonDungeon/Prefabs/Environments/Walls/SM_Env_Door_Frame_02.prefab using Guid(27158b7015c53b545968d0ddc67778ac) Importer(815301076,1909f56bfc062723c751e8b465ee728b)  -> (artifact id: 'a8652bf30cbdac14782428320b62e52a') in 0.141258 seconds 
========================================================================
Received Import Request.
  Time since last request: 0.181435 seconds.
  path: Assets/PolygonDungeon/Prefabs/Environments/Walls/SM_Env_Door_Large_Stone_01.prefab
  artifactKey: Guid(83bca42b08f07db46a6e240380100f24) Importer(815301076,1909f56bfc062723c751e8b465ee728b)
Start importing Assets/PolygonDungeon/Prefabs/Environments/Walls/SM_Env_Door_Large_Stone_01.prefab using Guid(83bca42b08f07db46a6e240380100f24) Importer(815301076,1909f56bfc062723c751e8b465ee728b)  -> (artifact id: 'b2862697a95cfb3ea6f1cd43bc95f5b5') in 0.053497 seconds 
========================================================================
Received Import Request.
  Time since last request: 0.054764 seconds.
  path: Assets/PolygonDungeon/Prefabs/Environments/Walls/SM_Env_DoorDouble_Flat_01.prefab
  artifactKey: Guid(fbfaefed9c8de504992ea1e44db04aaf) Importer(815301076,1909f56bfc062723c751e8b465ee728b)
Start importing Assets/PolygonDungeon/Prefabs/Environments/Walls/SM_Env_DoorDouble_Flat_01.prefab using Guid(fbfaefed9c8de504992ea1e44db04aaf) Importer(815301076,1909f56bfc062723c751e8b465ee728b)  -> (artifact id: '593a5bc41a263b737dc3d0d77a10ef2b') in 0.074202 seconds 
========================================================================
Received Import Request.
  Time since last request: 0.218360 seconds.
  path: Assets/PolygonDungeon/Prefabs/Environments/Walls/SM_Env_Wall_05.prefab
  artifactKey: Guid(d35aef65f03ae2a4e98cc24bcb5b5cdc) Importer(815301076,1909f56bfc062723c751e8b465ee728b)
Start importing Assets/PolygonDungeon/Prefabs/Environments/Walls/SM_Env_Wall_05.prefab using Guid(d35aef65f03ae2a4e98cc24bcb5b5cdc) Importer(815301076,1909f56bfc062723c751e8b465ee728b)  -> (artifact id: '899d2800c0cc1fb0cae6fea814fcb273') in 0.073486 seconds 
========================================================================
Received Import Request.
  Time since last request: 0.048782 seconds.
  path: Assets/PolygonDungeon/Prefabs/Environments/Walls/SM_Env_Wall_Alcove_Round_02.prefab
  artifactKey: Guid(f4a1749bdb96e574ba3e4aa4de9516a6) Importer(815301076,1909f56bfc062723c751e8b465ee728b)
Start importing Assets/PolygonDungeon/Prefabs/Environments/Walls/SM_Env_Wall_Alcove_Round_02.prefab using Guid(f4a1749bdb96e574ba3e4aa4de9516a6) Importer(815301076,1909f56bfc062723c751e8b465ee728b)  -> (artifact id: '841bd5bfb32faf6ee1e2b05f5e01b624') in 0.092514 seconds 
========================================================================
Received Import Request.
  Time since last request: 0.730664 seconds.
  path: Assets/PolygonDungeon/Prefabs/Environments/Walls/SM_Env_Wall_Archway_01.prefab
  artifactKey: Guid(24ae687c2d5de7245ac5884e42b824e4) Importer(815301076,1909f56bfc062723c751e8b465ee728b)
Start importing Assets/PolygonDungeon/Prefabs/Environments/Walls/SM_Env_Wall_Archway_01.prefab using Guid(24ae687c2d5de7245ac5884e42b824e4) Importer(815301076,1909f56bfc062723c751e8b465ee728b)  -> (artifact id: 'e36b855f7404616a2ebc4d80778dc094') in 0.045785 seconds 
========================================================================
Received Import Request.
  Time since last request: 0.032781 seconds.
  path: Assets/PolygonDungeon/Prefabs/Environments/Walls/SM_Env_Wall_Culled_01.prefab
  artifactKey: Guid(8f8b5d6c623b2fe4a9d00edeb386b528) Importer(815301076,1909f56bfc062723c751e8b465ee728b)
Start importing Assets/PolygonDungeon/Prefabs/Environments/Walls/SM_Env_Wall_Culled_01.prefab using Guid(8f8b5d6c623b2fe4a9d00edeb386b528) Importer(815301076,1909f56bfc062723c751e8b465ee728b)  -> (artifact id: '4c195d895740eb704b9c6ed979355c94') in 0.054453 seconds 
========================================================================
Received Import Request.
  Time since last request: 0.025006 seconds.
  path: Assets/PolygonDungeon/Prefabs/Environments/Walls/SM_Env_Wall_Curved_Roof_01.prefab
  artifactKey: Guid(53a4f63e40e043b429f794be2068b4a7) Importer(815301076,1909f56bfc062723c751e8b465ee728b)
Start importing Assets/PolygonDungeon/Prefabs/Environments/Walls/SM_Env_Wall_Curved_Roof_01.prefab using Guid(53a4f63e40e043b429f794be2068b4a7) Importer(815301076,1909f56bfc062723c751e8b465ee728b)  -> (artifact id: '92207ec68e369e563619e4da2f73289a') in 0.053033 seconds 
========================================================================
Received Import Request.
  Time since last request: 0.029910 seconds.
  path: Assets/PolygonDungeon/Prefabs/Environments/Walls/SM_Env_Wall_DoorFrame_Round_01.prefab
  artifactKey: Guid(ded14b4d6268d2643ae9d947489d4667) Importer(815301076,1909f56bfc062723c751e8b465ee728b)
Start importing Assets/PolygonDungeon/Prefabs/Environments/Walls/SM_Env_Wall_DoorFrame_Round_01.prefab using Guid(ded14b4d6268d2643ae9d947489d4667) Importer(815301076,1909f56bfc062723c751e8b465ee728b)  -> (artifact id: '7ad58231214dc108549b54c9ff4d04ff') in 0.033861 seconds 
========================================================================
Received Import Request.
  Time since last request: 0.002994 seconds.
  path: Assets/PolygonDungeon/Prefabs/Environments/Walls/SM_Env_Wall_Fireplace_Alcove_01.prefab
  artifactKey: Guid(f54fdd2e465c1ed478d667930d2ce537) Importer(815301076,1909f56bfc062723c751e8b465ee728b)
Start importing Assets/PolygonDungeon/Prefabs/Environments/Walls/SM_Env_Wall_Fireplace_Alcove_01.prefab using Guid(f54fdd2e465c1ed478d667930d2ce537) Importer(815301076,1909f56bfc062723c751e8b465ee728b)  -> (artifact id: 'bc1d74f5ed842f48a21585125a17f187') in 0.041413 seconds 
========================================================================
Received Import Request.
  Time since last request: 0.008295 seconds.
  path: Assets/PolygonDungeon/Prefabs/Environments/Walls/SM_Env_Wall_Half_01.prefab
  artifactKey: Guid(ae09c1c5f9a271341ad23e187de16e39) Importer(815301076,1909f56bfc062723c751e8b465ee728b)
Start importing Assets/PolygonDungeon/Prefabs/Environments/Walls/SM_Env_Wall_Half_01.prefab using Guid(ae09c1c5f9a271341ad23e187de16e39) Importer(815301076,1909f56bfc062723c751e8b465ee728b)  -> (artifact id: 'e20488204a5a26c164da799438b5c8f0') in 0.040681 seconds 
========================================================================
Received Import Request.
  Time since last request: 0.017225 seconds.
  path: Assets/PolygonDungeon/Prefabs/Environments/Walls/SM_Env_Wall_Trim_Edge_01.prefab
  artifactKey: Guid(68c36969be1a05e4ba39680b7d1b04b8) Importer(815301076,1909f56bfc062723c751e8b465ee728b)
Start importing Assets/PolygonDungeon/Prefabs/Environments/Walls/SM_Env_Wall_Trim_Edge_01.prefab using Guid(68c36969be1a05e4ba39680b7d1b04b8) Importer(815301076,1909f56bfc062723c751e8b465ee728b)  -> (artifact id: 'd1e97d0e5762b6b4fba7908a791fe33f') in 0.050302 seconds 
========================================================================
Received Import Request.
  Time since last request: 0.046155 seconds.
  path: Assets/PolygonDungeon/Prefabs/Environments/Walls/SM_Env_Wall_Window_01.prefab
  artifactKey: Guid(78466d0b55e39444a95c774fd1461854) Importer(815301076,1909f56bfc062723c751e8b465ee728b)
Start importing Assets/PolygonDungeon/Prefabs/Environments/Walls/SM_Env_Wall_Window_01.prefab using Guid(78466d0b55e39444a95c774fd1461854) Importer(815301076,1909f56bfc062723c751e8b465ee728b)  -> (artifact id: '69e803841afcfd5e9b0ec1b8b9dc26c1') in 0.039361 seconds 
Editor requested this worker to shutdown with reason: Scaling down because of idle timeout
AssetImportWorker is now disconnected from the server
Process exiting
Exiting without the bug reporter. Application will terminate with return code 0